{"total": {"lines":{"total":16383,"covered":15041,"skipped":0,"pct":91.8},"statements":{"total":16383,"covered":15041,"skipped":0,"pct":91.8},"functions":{"total":1668,"covered":1488,"skipped":0,"pct":89.2},"branches":{"total":3495,"covered":2961,"skipped":0,"pct":84.72},"branchesTrue":{"total":0,"covered":0,"skipped":0,"pct":100}}
,"/Users/timcools/_/Lexy/lexy-typescript/jest.config.ts": {"lines":{"total":28,"covered":0,"skipped":0,"pct":0},"functions":{"total":1,"covered":0,"skipped":0,"pct":0},"statements":{"total":28,"covered":0,"skipped":0,"pct":0},"branches":{"total":1,"covered":0,"skipped":0,"pct":0}}
,"/Users/timcools/_/Lexy/lexy-typescript/src/compileCode.ts": {"lines":{"total":18,"covered":12,"skipped":0,"pct":66.66},"functions":{"total":2,"covered":0,"skipped":0,"pct":0},"statements":{"total":18,"covered":12,"skipped":0,"pct":66.66},"branches":{"total":0,"covered":0,"skipped":0,"pct":100}}
,"/Users/timcools/_/Lexy/lexy-typescript/src/index.ts": {"lines":{"total":7,"covered":5,"skipped":0,"pct":71.42},"functions":{"total":5,"covered":3,"skipped":0,"pct":60},"statements":{"total":7,"covered":5,"skipped":0,"pct":71.42},"branches":{"total":23,"covered":8,"skipped":0,"pct":34.78}}
,"/Users/timcools/_/Lexy/lexy-typescript/src/dependencyGraph/dependencies.ts": {"lines":{"total":207,"covered":204,"skipped":0,"pct":98.55},"functions":{"total":21,"covered":21,"skipped":0,"pct":100},"statements":{"total":207,"covered":204,"skipped":0,"pct":98.55},"branches":{"total":57,"covered":54,"skipped":0,"pct":94.73}}
,"/Users/timcools/_/Lexy/lexy-typescript/src/dependencyGraph/dependencyGraphFactory.ts": {"lines":{"total":10,"covered":10,"skipped":0,"pct":100},"functions":{"total":1,"covered":1,"skipped":0,"pct":100},"statements":{"total":10,"covered":10,"skipped":0,"pct":100},"branches":{"total":1,"covered":1,"skipped":0,"pct":100}}
,"/Users/timcools/_/Lexy/lexy-typescript/src/dependencyGraph/dependencyNode.ts": {"lines":{"total":50,"covered":48,"skipped":0,"pct":96},"functions":{"total":9,"covered":8,"skipped":0,"pct":88.88},"statements":{"total":50,"covered":48,"skipped":0,"pct":96},"branches":{"total":11,"covered":11,"skipped":0,"pct":100}}
,"/Users/timcools/_/Lexy/lexy-typescript/src/formatting/formatLine.ts": {"lines":{"total":3,"covered":1,"skipped":0,"pct":33.33},"functions":{"total":1,"covered":0,"skipped":0,"pct":0},"statements":{"total":3,"covered":1,"skipped":0,"pct":33.33},"branches":{"total":0,"covered":0,"skipped":0,"pct":100}}
,"/Users/timcools/_/Lexy/lexy-typescript/src/functionLibraries/libraries.ts": {"lines":{"total":45,"covered":45,"skipped":0,"pct":100},"functions":{"total":6,"covered":6,"skipped":0,"pct":100},"statements":{"total":45,"covered":45,"skipped":0,"pct":100},"branches":{"total":9,"covered":9,"skipped":0,"pct":100}}
,"/Users/timcools/_/Lexy/lexy-typescript/src/functionLibraries/library.ts": {"lines":{"total":50,"covered":48,"skipped":0,"pct":96},"functions":{"total":5,"covered":5,"skipped":0,"pct":100},"statements":{"total":50,"covered":48,"skipped":0,"pct":96},"branches":{"total":8,"covered":6,"skipped":0,"pct":75}}
,"/Users/timcools/_/Lexy/lexy-typescript/src/functionLibraries/libraryFunction.ts": {"lines":{"total":71,"covered":62,"skipped":0,"pct":87.32},"functions":{"total":5,"covered":5,"skipped":0,"pct":100},"statements":{"total":71,"covered":62,"skipped":0,"pct":87.32},"branches":{"total":11,"covered":7,"skipped":0,"pct":63.63}}
,"/Users/timcools/_/Lexy/lexy-typescript/src/functionLibraries/libraryFunctionCall.ts": {"lines":{"total":25,"covered":25,"skipped":0,"pct":100},"functions":{"total":4,"covered":4,"skipped":0,"pct":100},"statements":{"total":25,"covered":25,"skipped":0,"pct":100},"branches":{"total":5,"covered":4,"skipped":0,"pct":80}}
,"/Users/timcools/_/Lexy/lexy-typescript/src/generation/compilerResult.ts": {"lines":{"total":37,"covered":33,"skipped":0,"pct":89.18},"functions":{"total":4,"covered":2,"skipped":0,"pct":50},"statements":{"total":37,"covered":33,"skipped":0,"pct":89.18},"branches":{"total":2,"covered":2,"skipped":0,"pct":100}}
,"/Users/timcools/_/Lexy/lexy-typescript/src/generation/executableFunction.ts": {"lines":{"total":84,"covered":81,"skipped":0,"pct":96.42},"functions":{"total":6,"covered":6,"skipped":0,"pct":100},"statements":{"total":84,"covered":81,"skipped":0,"pct":96.42},"branches":{"total":25,"covered":22,"skipped":0,"pct":88}}
,"/Users/timcools/_/Lexy/lexy-typescript/src/generation/generatedType.ts": {"lines":{"total":22,"covered":22,"skipped":0,"pct":100},"functions":{"total":1,"covered":1,"skipped":0,"pct":100},"statements":{"total":22,"covered":22,"skipped":0,"pct":100},"branches":{"total":2,"covered":2,"skipped":0,"pct":100}}
,"/Users/timcools/_/Lexy/lexy-typescript/src/generation/lexyCompiler.ts": {"lines":{"total":47,"covered":44,"skipped":0,"pct":93.61},"functions":{"total":4,"covered":4,"skipped":0,"pct":100},"statements":{"total":47,"covered":44,"skipped":0,"pct":93.61},"branches":{"total":7,"covered":5,"skipped":0,"pct":71.42}}
,"/Users/timcools/_/Lexy/lexy-typescript/src/generation/javaScript/classNames.ts": {"lines":{"total":36,"covered":36,"skipped":0,"pct":100},"functions":{"total":6,"covered":6,"skipped":0,"pct":100},"statements":{"total":36,"covered":36,"skipped":0,"pct":100},"branches":{"total":9,"covered":7,"skipped":0,"pct":77.77}}
,"/Users/timcools/_/Lexy/lexy-typescript/src/generation/javaScript/codeWriter.ts": {"lines":{"total":110,"covered":107,"skipped":0,"pct":97.27},"functions":{"total":17,"covered":17,"skipped":0,"pct":100},"statements":{"total":110,"covered":107,"skipped":0,"pct":97.27},"branches":{"total":30,"covered":27,"skipped":0,"pct":90}}
,"/Users/timcools/_/Lexy/lexy-typescript/src/generation/javaScript/compilationEnvironment.ts": {"lines":{"total":98,"covered":93,"skipped":0,"pct":94.89},"functions":{"total":6,"covered":6,"skipped":0,"pct":100},"statements":{"total":98,"covered":93,"skipped":0,"pct":94.89},"branches":{"total":14,"covered":12,"skipped":0,"pct":85.71}}
,"/Users/timcools/_/Lexy/lexy-typescript/src/generation/javaScript/generateJavaScriptCode.ts": {"lines":{"total":36,"covered":34,"skipped":0,"pct":94.44},"functions":{"total":1,"covered":1,"skipped":0,"pct":100},"statements":{"total":36,"covered":34,"skipped":0,"pct":94.44},"branches":{"total":9,"covered":6,"skipped":0,"pct":66.66}}
,"/Users/timcools/_/Lexy/lexy-typescript/src/generation/javaScript/lexyCodeConstants.ts": {"lines":{"total":23,"covered":23,"skipped":0,"pct":100},"functions":{"total":1,"covered":1,"skipped":0,"pct":100},"statements":{"total":23,"covered":23,"skipped":0,"pct":100},"branches":{"total":1,"covered":1,"skipped":0,"pct":100}}
,"/Users/timcools/_/Lexy/lexy-typescript/src/generation/javaScript/types.ts": {"lines":{"total":60,"covered":45,"skipped":0,"pct":75},"functions":{"total":2,"covered":2,"skipped":0,"pct":100},"statements":{"total":60,"covered":45,"skipped":0,"pct":75},"branches":{"total":14,"covered":7,"skipped":0,"pct":50}}
,"/Users/timcools/_/Lexy/lexy-typescript/src/generation/javaScript/components/createEnumCode.ts": {"lines":{"total":53,"covered":53,"skipped":0,"pct":100},"functions":{"total":2,"covered":2,"skipped":0,"pct":100},"statements":{"total":53,"covered":53,"skipped":0,"pct":100},"branches":{"total":8,"covered":7,"skipped":0,"pct":87.5}}
,"/Users/timcools/_/Lexy/lexy-typescript/src/generation/javaScript/components/createFunctionCode.ts": {"lines":{"total":125,"covered":125,"skipped":0,"pct":100},"functions":{"total":10,"covered":10,"skipped":0,"pct":100},"statements":{"total":125,"covered":125,"skipped":0,"pct":100},"branches":{"total":16,"covered":15,"skipped":0,"pct":93.75}}
,"/Users/timcools/_/Lexy/lexy-typescript/src/generation/javaScript/components/createTableCode.ts": {"lines":{"total":73,"covered":73,"skipped":0,"pct":100},"functions":{"total":3,"covered":3,"skipped":0,"pct":100},"statements":{"total":73,"covered":73,"skipped":0,"pct":100},"branches":{"total":12,"covered":10,"skipped":0,"pct":83.33}}
,"/Users/timcools/_/Lexy/lexy-typescript/src/generation/javaScript/components/createTypeCode.ts": {"lines":{"total":18,"covered":18,"skipped":0,"pct":100},"functions":{"total":1,"covered":1,"skipped":0,"pct":100},"statements":{"total":18,"covered":18,"skipped":0,"pct":100},"branches":{"total":1,"covered":1,"skipped":0,"pct":100}}
,"/Users/timcools/_/Lexy/lexy-typescript/src/generation/javaScript/expressionStatements/autoMapLexyFunctionStatement.ts": {"lines":{"total":41,"covered":41,"skipped":0,"pct":100},"functions":{"total":3,"covered":3,"skipped":0,"pct":100},"statements":{"total":41,"covered":41,"skipped":0,"pct":100},"branches":{"total":3,"covered":3,"skipped":0,"pct":100}}
,"/Users/timcools/_/Lexy/lexy-typescript/src/generation/javaScript/expressionStatements/extractFunctionStatement.ts": {"lines":{"total":52,"covered":52,"skipped":0,"pct":100},"functions":{"total":4,"covered":4,"skipped":0,"pct":100},"statements":{"total":52,"covered":52,"skipped":0,"pct":100},"branches":{"total":7,"covered":7,"skipped":0,"pct":100}}
,"/Users/timcools/_/Lexy/lexy-typescript/src/generation/javaScript/expressionStatements/fillFunctionStatement.ts": {"lines":{"total":61,"covered":61,"skipped":0,"pct":100},"functions":{"total":3,"covered":3,"skipped":0,"pct":100},"statements":{"total":61,"covered":61,"skipped":0,"pct":100},"branches":{"total":12,"covered":10,"skipped":0,"pct":83.33}}
,"/Users/timcools/_/Lexy/lexy-typescript/src/generation/javaScript/expressionStatements/newFunctionStatement.ts": {"lines":{"total":37,"covered":37,"skipped":0,"pct":100},"functions":{"total":2,"covered":2,"skipped":0,"pct":100},"statements":{"total":37,"covered":37,"skipped":0,"pct":100},"branches":{"total":11,"covered":8,"skipped":0,"pct":72.72}}
,"/Users/timcools/_/Lexy/lexy-typescript/src/generation/javaScript/expressionStatements/renderExpressionStatement.ts": {"lines":{"total":56,"covered":56,"skipped":0,"pct":100},"functions":{"total":6,"covered":6,"skipped":0,"pct":100},"statements":{"total":56,"covered":56,"skipped":0,"pct":100},"branches":{"total":8,"covered":8,"skipped":0,"pct":100}}
,"/Users/timcools/_/Lexy/lexy-typescript/src/generation/javaScript/functionCalls/lexyFunctionCallRenderer.ts": {"lines":{"total":91,"covered":91,"skipped":0,"pct":100},"functions":{"total":5,"covered":5,"skipped":0,"pct":100},"statements":{"total":91,"covered":91,"skipped":0,"pct":100},"branches":{"total":19,"covered":18,"skipped":0,"pct":94.73}}
,"/Users/timcools/_/Lexy/lexy-typescript/src/generation/javaScript/functionCalls/libraryFunctionCallRenderer.ts": {"lines":{"total":40,"covered":40,"skipped":0,"pct":100},"functions":{"total":3,"covered":3,"skipped":0,"pct":100},"statements":{"total":40,"covered":40,"skipped":0,"pct":100},"branches":{"total":4,"covered":4,"skipped":0,"pct":100}}
,"/Users/timcools/_/Lexy/lexy-typescript/src/generation/javaScript/functionCalls/renderFunctionCall.ts": {"lines":{"total":62,"covered":60,"skipped":0,"pct":96.77},"functions":{"total":6,"covered":6,"skipped":0,"pct":100},"statements":{"total":62,"covered":60,"skipped":0,"pct":96.77},"branches":{"total":9,"covered":8,"skipped":0,"pct":88.88}}
,"/Users/timcools/_/Lexy/lexy-typescript/src/generation/javaScript/functionCalls/tableLookUpFunctionCallRenderer.ts": {"lines":{"total":44,"covered":44,"skipped":0,"pct":100},"functions":{"total":2,"covered":2,"skipped":0,"pct":100},"statements":{"total":44,"covered":44,"skipped":0,"pct":100},"branches":{"total":7,"covered":7,"skipped":0,"pct":100}}
,"/Users/timcools/_/Lexy/lexy-typescript/src/generation/javaScript/functionCalls/tableLookUpRowFunctionCallRenderer.ts": {"lines":{"total":43,"covered":43,"skipped":0,"pct":100},"functions":{"total":2,"covered":2,"skipped":0,"pct":100},"statements":{"total":43,"covered":43,"skipped":0,"pct":100},"branches":{"total":7,"covered":7,"skipped":0,"pct":100}}
,"/Users/timcools/_/Lexy/lexy-typescript/src/generation/javaScript/renderers/customVariableIdentifier.ts": {"lines":{"total":28,"covered":20,"skipped":0,"pct":71.42},"functions":{"total":1,"covered":1,"skipped":0,"pct":100},"statements":{"total":28,"covered":20,"skipped":0,"pct":71.42},"branches":{"total":6,"covered":1,"skipped":0,"pct":16.66}}
,"/Users/timcools/_/Lexy/lexy-typescript/src/generation/javaScript/renderers/rendeLogCalls.ts": {"lines":{"total":52,"covered":52,"skipped":0,"pct":100},"functions":{"total":7,"covered":7,"skipped":0,"pct":100},"statements":{"total":52,"covered":52,"skipped":0,"pct":100},"branches":{"total":16,"covered":16,"skipped":0,"pct":100}}
,"/Users/timcools/_/Lexy/lexy-typescript/src/generation/javaScript/renderers/renderExpression.ts": {"lines":{"total":369,"covered":350,"skipped":0,"pct":94.85},"functions":{"total":24,"covered":23,"skipped":0,"pct":95.83},"statements":{"total":369,"covered":350,"skipped":0,"pct":94.85},"branches":{"total":109,"covered":92,"skipped":0,"pct":84.4}}
,"/Users/timcools/_/Lexy/lexy-typescript/src/generation/javaScript/renderers/renderVariableClass.ts": {"lines":{"total":174,"covered":167,"skipped":0,"pct":95.97},"functions":{"total":10,"covered":10,"skipped":0,"pct":100},"statements":{"total":174,"covered":167,"skipped":0,"pct":95.97},"branches":{"total":39,"covered":31,"skipped":0,"pct":79.48}}
,"/Users/timcools/_/Lexy/lexy-typescript/src/generation/javaScript/renderers/renderVariableReference.ts": {"lines":{"total":39,"covered":38,"skipped":0,"pct":97.43},"functions":{"total":2,"covered":2,"skipped":0,"pct":100},"statements":{"total":39,"covered":38,"skipped":0,"pct":97.43},"branches":{"total":10,"covered":7,"skipped":0,"pct":70}}
,"/Users/timcools/_/Lexy/lexy-typescript/src/generation/javaScript/renderers/translateParentVariableClassName.ts": {"lines":{"total":20,"covered":19,"skipped":0,"pct":95},"functions":{"total":1,"covered":1,"skipped":0,"pct":100},"statements":{"total":20,"covered":19,"skipped":0,"pct":95},"branches":{"total":7,"covered":6,"skipped":0,"pct":85.71}}
,"/Users/timcools/_/Lexy/lexy-typescript/src/generation/javaScript/renderers/variableMapping.ts": {"lines":{"total":16,"covered":14,"skipped":0,"pct":87.5},"functions":{"total":1,"covered":1,"skipped":0,"pct":100},"statements":{"total":16,"covered":14,"skipped":0,"pct":87.5},"branches":{"total":7,"covered":6,"skipped":0,"pct":85.71}}
,"/Users/timcools/_/Lexy/lexy-typescript/src/infrastructure/IFileSystem.ts": {"lines":{"total":20,"covered":0,"skipped":0,"pct":0},"functions":{"total":1,"covered":0,"skipped":0,"pct":0},"statements":{"total":20,"covered":0,"skipped":0,"pct":0},"branches":{"total":1,"covered":0,"skipped":0,"pct":0}}
,"/Users/timcools/_/Lexy/lexy-typescript/src/infrastructure/arrayFunctions.ts": {"lines":{"total":143,"covered":102,"skipped":0,"pct":71.32},"functions":{"total":15,"covered":11,"skipped":0,"pct":73.33},"statements":{"total":143,"covered":102,"skipped":0,"pct":71.32},"branches":{"total":37,"covered":34,"skipped":0,"pct":91.89}}
,"/Users/timcools/_/Lexy/lexy-typescript/src/infrastructure/assert.ts": {"lines":{"total":16,"covered":12,"skipped":0,"pct":75},"functions":{"total":2,"covered":2,"skipped":0,"pct":100},"statements":{"total":16,"covered":12,"skipped":0,"pct":75},"branches":{"total":4,"covered":2,"skipped":0,"pct":50}}
,"/Users/timcools/_/Lexy/lexy-typescript/src/infrastructure/deepCopy.ts": {"lines":{"total":33,"covered":30,"skipped":0,"pct":90.9},"functions":{"total":5,"covered":4,"skipped":0,"pct":80},"statements":{"total":33,"covered":30,"skipped":0,"pct":90.9},"branches":{"total":16,"covered":13,"skipped":0,"pct":81.25}}
,"/Users/timcools/_/Lexy/lexy-typescript/src/infrastructure/formatting.ts": {"lines":{"total":28,"covered":17,"skipped":0,"pct":60.71},"functions":{"total":2,"covered":1,"skipped":0,"pct":50},"statements":{"total":28,"covered":17,"skipped":0,"pct":60.71},"branches":{"total":4,"covered":2,"skipped":0,"pct":50}}
,"/Users/timcools/_/Lexy/lexy-typescript/src/infrastructure/logger.ts": {"lines":{"total":31,"covered":23,"skipped":0,"pct":74.19},"functions":{"total":4,"covered":0,"skipped":0,"pct":0},"statements":{"total":31,"covered":23,"skipped":0,"pct":74.19},"branches":{"total":1,"covered":1,"skipped":0,"pct":100}}
,"/Users/timcools/_/Lexy/lexy-typescript/src/infrastructure/nameOf.ts": {"lines":{"total":1,"covered":0,"skipped":0,"pct":0},"functions":{"total":1,"covered":0,"skipped":0,"pct":0},"statements":{"total":1,"covered":0,"skipped":0,"pct":0},"branches":{"total":1,"covered":0,"skipped":0,"pct":0}}
,"/Users/timcools/_/Lexy/lexy-typescript/src/infrastructure/replaceAll.ts": {"lines":{"total":7,"covered":7,"skipped":0,"pct":100},"functions":{"total":2,"covered":2,"skipped":0,"pct":100},"statements":{"total":7,"covered":7,"skipped":0,"pct":100},"branches":{"total":2,"covered":2,"skipped":0,"pct":100}}
,"/Users/timcools/_/Lexy/lexy-typescript/src/infrastructure/stack.ts": {"lines":{"total":26,"covered":26,"skipped":0,"pct":100},"functions":{"total":5,"covered":5,"skipped":0,"pct":100},"statements":{"total":26,"covered":26,"skipped":0,"pct":100},"branches":{"total":7,"covered":7,"skipped":0,"pct":100}}
,"/Users/timcools/_/Lexy/lexy-typescript/src/infrastructure/stringArrayBuilder.ts": {"lines":{"total":34,"covered":1,"skipped":0,"pct":2.94},"functions":{"total":1,"covered":0,"skipped":0,"pct":0},"statements":{"total":34,"covered":1,"skipped":0,"pct":2.94},"branches":{"total":0,"covered":0,"skipped":0,"pct":100}}
,"/Users/timcools/_/Lexy/lexy-typescript/src/infrastructure/validationFunctions.ts": {"lines":{"total":3,"covered":3,"skipped":0,"pct":100},"functions":{"total":1,"covered":1,"skipped":0,"pct":100},"statements":{"total":3,"covered":3,"skipped":0,"pct":100},"branches":{"total":1,"covered":1,"skipped":0,"pct":100}}
,"/Users/timcools/_/Lexy/lexy-typescript/src/language/IHasNodeDependencies.ts": {"lines":{"total":16,"covered":16,"skipped":0,"pct":100},"functions":{"total":2,"covered":2,"skipped":0,"pct":100},"statements":{"total":16,"covered":16,"skipped":0,"pct":100},"branches":{"total":4,"covered":4,"skipped":0,"pct":100}}
,"/Users/timcools/_/Lexy/lexy-typescript/src/language/comments.ts": {"lines":{"total":41,"covered":25,"skipped":0,"pct":60.97},"functions":{"total":5,"covered":2,"skipped":0,"pct":40},"statements":{"total":41,"covered":25,"skipped":0,"pct":60.97},"branches":{"total":2,"covered":2,"skipped":0,"pct":100}}
,"/Users/timcools/_/Lexy/lexy-typescript/src/language/componentNode.ts": {"lines":{"total":27,"covered":27,"skipped":0,"pct":100},"functions":{"total":4,"covered":4,"skipped":0,"pct":100},"statements":{"total":27,"covered":27,"skipped":0,"pct":100},"branches":{"total":6,"covered":6,"skipped":0,"pct":100}}
,"/Users/timcools/_/Lexy/lexy-typescript/src/language/componentNodeList.ts": {"lines":{"total":121,"covered":107,"skipped":0,"pct":88.42},"functions":{"total":15,"covered":11,"skipped":0,"pct":73.33},"statements":{"total":121,"covered":107,"skipped":0,"pct":88.42},"branches":{"total":28,"covered":25,"skipped":0,"pct":89.28}}
,"/Users/timcools/_/Lexy/lexy-typescript/src/language/duplicateChecker.ts": {"lines":{"total":22,"covered":22,"skipped":0,"pct":100},"functions":{"total":1,"covered":1,"skipped":0,"pct":100},"statements":{"total":22,"covered":22,"skipped":0,"pct":100},"branches":{"total":5,"covered":5,"skipped":0,"pct":100}}
,"/Users/timcools/_/Lexy/lexy-typescript/src/language/identifierPath.ts": {"lines":{"total":68,"covered":63,"skipped":0,"pct":92.64},"functions":{"total":13,"covered":12,"skipped":0,"pct":92.3},"statements":{"total":68,"covered":63,"skipped":0,"pct":92.64},"branches":{"total":14,"covered":12,"skipped":0,"pct":85.71}}
,"/Users/timcools/_/Lexy/lexy-typescript/src/language/include.ts": {"lines":{"total":62,"covered":58,"skipped":0,"pct":93.54},"functions":{"total":6,"covered":6,"skipped":0,"pct":100},"statements":{"total":62,"covered":58,"skipped":0,"pct":93.54},"branches":{"total":12,"covered":10,"skipped":0,"pct":83.33}}
,"/Users/timcools/_/Lexy/lexy-typescript/src/language/lexyScriptNode.ts": {"lines":{"total":127,"covered":121,"skipped":0,"pct":95.27},"functions":{"total":12,"covered":10,"skipped":0,"pct":83.33},"statements":{"total":127,"covered":121,"skipped":0,"pct":95.27},"branches":{"total":32,"covered":28,"skipped":0,"pct":87.5}}
,"/Users/timcools/_/Lexy/lexy-typescript/src/language/node.ts": {"lines":{"total":52,"covered":52,"skipped":0,"pct":100},"functions":{"total":5,"covered":5,"skipped":0,"pct":100},"statements":{"total":52,"covered":52,"skipped":0,"pct":100},"branches":{"total":7,"covered":6,"skipped":0,"pct":85.71}}
,"/Users/timcools/_/Lexy/lexy-typescript/src/language/nodeType.ts": {"lines":{"total":60,"covered":60,"skipped":0,"pct":100},"functions":{"total":0,"covered":0,"skipped":0,"pct":100},"statements":{"total":60,"covered":60,"skipped":0,"pct":100},"branches":{"total":1,"covered":1,"skipped":0,"pct":100}}
,"/Users/timcools/_/Lexy/lexy-typescript/src/language/nodesWalker.ts": {"lines":{"total":18,"covered":18,"skipped":0,"pct":100},"functions":{"total":2,"covered":2,"skipped":0,"pct":100},"statements":{"total":18,"covered":18,"skipped":0,"pct":100},"branches":{"total":3,"covered":3,"skipped":0,"pct":100}}
,"/Users/timcools/_/Lexy/lexy-typescript/src/language/parsableNode.ts": {"lines":{"total":28,"covered":28,"skipped":0,"pct":100},"functions":{"total":4,"covered":4,"skipped":0,"pct":100},"statements":{"total":28,"covered":28,"skipped":0,"pct":100},"branches":{"total":6,"covered":6,"skipped":0,"pct":100}}
,"/Users/timcools/_/Lexy/lexy-typescript/src/language/parsableNodeIndex.ts": {"lines":{"total":38,"covered":36,"skipped":0,"pct":94.73},"functions":{"total":6,"covered":6,"skipped":0,"pct":100},"statements":{"total":38,"covered":36,"skipped":0,"pct":94.73},"branches":{"total":11,"covered":10,"skipped":0,"pct":90.9}}
,"/Users/timcools/_/Lexy/lexy-typescript/src/language/variableDefinition.ts": {"lines":{"total":114,"covered":101,"skipped":0,"pct":88.59},"functions":{"total":9,"covered":7,"skipped":0,"pct":77.77},"statements":{"total":114,"covered":101,"skipped":0,"pct":88.59},"branches":{"total":26,"covered":20,"skipped":0,"pct":76.92}}
,"/Users/timcools/_/Lexy/lexy-typescript/src/language/variableReference.ts": {"lines":{"total":22,"covered":22,"skipped":0,"pct":100},"functions":{"total":2,"covered":2,"skipped":0,"pct":100},"statements":{"total":22,"covered":22,"skipped":0,"pct":100},"branches":{"total":2,"covered":2,"skipped":0,"pct":100}}
,"/Users/timcools/_/Lexy/lexy-typescript/src/language/variableSource.ts": {"lines":{"total":7,"covered":7,"skipped":0,"pct":100},"functions":{"total":0,"covered":0,"skipped":0,"pct":100},"statements":{"total":7,"covered":7,"skipped":0,"pct":100},"branches":{"total":1,"covered":1,"skipped":0,"pct":100}}
,"/Users/timcools/_/Lexy/lexy-typescript/src/language/variableTypes.ts": {"lines":{"total":1,"covered":0,"skipped":0,"pct":0},"functions":{"total":1,"covered":0,"skipped":0,"pct":0},"statements":{"total":1,"covered":0,"skipped":0,"pct":0},"branches":{"total":1,"covered":0,"skipped":0,"pct":0}}
,"/Users/timcools/_/Lexy/lexy-typescript/src/language/enums/enumDefinition.ts": {"lines":{"total":70,"covered":70,"skipped":0,"pct":100},"functions":{"total":10,"covered":10,"skipped":0,"pct":100},"statements":{"total":70,"covered":70,"skipped":0,"pct":100},"branches":{"total":19,"covered":19,"skipped":0,"pct":100}}
,"/Users/timcools/_/Lexy/lexy-typescript/src/language/enums/enumMember.ts": {"lines":{"total":95,"covered":83,"skipped":0,"pct":87.36},"functions":{"total":9,"covered":7,"skipped":0,"pct":77.77},"statements":{"total":95,"covered":83,"skipped":0,"pct":87.36},"branches":{"total":28,"covered":20,"skipped":0,"pct":71.42}}
,"/Users/timcools/_/Lexy/lexy-typescript/src/language/enums/enumName.ts": {"lines":{"total":40,"covered":37,"skipped":0,"pct":92.5},"functions":{"total":6,"covered":6,"skipped":0,"pct":100},"statements":{"total":40,"covered":37,"skipped":0,"pct":92.5},"branches":{"total":8,"covered":6,"skipped":0,"pct":75}}
,"/Users/timcools/_/Lexy/lexy-typescript/src/language/expressions/IChildExpression.ts": {"lines":{"total":28,"covered":28,"skipped":0,"pct":100},"functions":{"total":4,"covered":4,"skipped":0,"pct":100},"statements":{"total":28,"covered":28,"skipped":0,"pct":100},"branches":{"total":8,"covered":8,"skipped":0,"pct":100}}
,"/Users/timcools/_/Lexy/lexy-typescript/src/language/expressions/IHasVariableReference.ts": {"lines":{"total":14,"covered":14,"skipped":0,"pct":100},"functions":{"total":2,"covered":2,"skipped":0,"pct":100},"statements":{"total":14,"covered":14,"skipped":0,"pct":100},"branches":{"total":4,"covered":4,"skipped":0,"pct":100}}
,"/Users/timcools/_/Lexy/lexy-typescript/src/language/expressions/argumentList.ts": {"lines":{"total":83,"covered":75,"skipped":0,"pct":90.36},"functions":{"total":4,"covered":4,"skipped":0,"pct":100},"statements":{"total":83,"covered":75,"skipped":0,"pct":90.36},"branches":{"total":28,"covered":23,"skipped":0,"pct":82.14}}
,"/Users/timcools/_/Lexy/lexy-typescript/src/language/expressions/argumentTokenParseResult.ts": {"lines":{"total":27,"covered":22,"skipped":0,"pct":81.48},"functions":{"total":2,"covered":1,"skipped":0,"pct":50},"statements":{"total":27,"covered":22,"skipped":0,"pct":81.48},"branches":{"total":1,"covered":1,"skipped":0,"pct":100}}
,"/Users/timcools/_/Lexy/lexy-typescript/src/language/expressions/assignmentExpression.ts": {"lines":{"total":107,"covered":103,"skipped":0,"pct":96.26},"functions":{"total":10,"covered":9,"skipped":0,"pct":90},"statements":{"total":107,"covered":103,"skipped":0,"pct":96.26},"branches":{"total":22,"covered":18,"skipped":0,"pct":81.81}}
,"/Users/timcools/_/Lexy/lexy-typescript/src/language/expressions/binaryExpression.ts": {"lines":{"total":301,"covered":284,"skipped":0,"pct":94.35},"functions":{"total":17,"covered":17,"skipped":0,"pct":100},"statements":{"total":301,"covered":284,"skipped":0,"pct":94.35},"branches":{"total":69,"covered":59,"skipped":0,"pct":85.5}}
,"/Users/timcools/_/Lexy/lexy-typescript/src/language/expressions/bracketedExpression.ts": {"lines":{"total":93,"covered":88,"skipped":0,"pct":94.62},"functions":{"total":10,"covered":7,"skipped":0,"pct":70},"statements":{"total":93,"covered":88,"skipped":0,"pct":94.62},"branches":{"total":24,"covered":20,"skipped":0,"pct":83.33}}
,"/Users/timcools/_/Lexy/lexy-typescript/src/language/expressions/caseExpression.ts": {"lines":{"total":103,"covered":99,"skipped":0,"pct":96.11},"functions":{"total":12,"covered":12,"skipped":0,"pct":100},"statements":{"total":103,"covered":99,"skipped":0,"pct":96.11},"branches":{"total":29,"covered":23,"skipped":0,"pct":79.31}}
,"/Users/timcools/_/Lexy/lexy-typescript/src/language/expressions/elseExpression.ts": {"lines":{"total":85,"covered":83,"skipped":0,"pct":97.64},"functions":{"total":12,"covered":11,"skipped":0,"pct":91.66},"statements":{"total":85,"covered":83,"skipped":0,"pct":97.64},"branches":{"total":22,"covered":19,"skipped":0,"pct":86.36}}
,"/Users/timcools/_/Lexy/lexy-typescript/src/language/expressions/elseifExpression.ts": {"lines":{"total":104,"covered":98,"skipped":0,"pct":94.23},"functions":{"total":13,"covered":11,"skipped":0,"pct":84.61},"statements":{"total":104,"covered":98,"skipped":0,"pct":94.23},"branches":{"total":21,"covered":14,"skipped":0,"pct":66.66}}
,"/Users/timcools/_/Lexy/lexy-typescript/src/language/expressions/expression.ts": {"lines":{"total":41,"covered":41,"skipped":0,"pct":100},"functions":{"total":6,"covered":6,"skipped":0,"pct":100},"statements":{"total":41,"covered":41,"skipped":0,"pct":100},"branches":{"total":8,"covered":7,"skipped":0,"pct":87.5}}
,"/Users/timcools/_/Lexy/lexy-typescript/src/language/expressions/expressionFactory.ts": {"lines":{"total":61,"covered":61,"skipped":0,"pct":100},"functions":{"total":2,"covered":2,"skipped":0,"pct":100},"statements":{"total":61,"covered":61,"skipped":0,"pct":100},"branches":{"total":5,"covered":5,"skipped":0,"pct":100}}
,"/Users/timcools/_/Lexy/lexy-typescript/src/language/expressions/expressionList.ts": {"lines":{"total":82,"covered":78,"skipped":0,"pct":95.12},"functions":{"total":11,"covered":9,"skipped":0,"pct":81.81},"statements":{"total":82,"covered":78,"skipped":0,"pct":95.12},"branches":{"total":14,"covered":14,"skipped":0,"pct":100}}
,"/Users/timcools/_/Lexy/lexy-typescript/src/language/expressions/expressionOperator.ts": {"lines":{"total":15,"covered":15,"skipped":0,"pct":100},"functions":{"total":0,"covered":0,"skipped":0,"pct":100},"statements":{"total":15,"covered":15,"skipped":0,"pct":100},"branches":{"total":1,"covered":1,"skipped":0,"pct":100}}
,"/Users/timcools/_/Lexy/lexy-typescript/src/language/expressions/expressionSource.ts": {"lines":{"total":27,"covered":27,"skipped":0,"pct":100},"functions":{"total":2,"covered":2,"skipped":0,"pct":100},"statements":{"total":27,"covered":27,"skipped":0,"pct":100},"branches":{"total":4,"covered":2,"skipped":0,"pct":50}}
,"/Users/timcools/_/Lexy/lexy-typescript/src/language/expressions/getReadVariableUsage.ts": {"lines":{"total":37,"covered":37,"skipped":0,"pct":100},"functions":{"total":3,"covered":3,"skipped":0,"pct":100},"statements":{"total":37,"covered":37,"skipped":0,"pct":100},"branches":{"total":9,"covered":8,"skipped":0,"pct":88.88}}
,"/Users/timcools/_/Lexy/lexy-typescript/src/language/expressions/identifierExpression.ts": {"lines":{"total":84,"covered":82,"skipped":0,"pct":97.61},"functions":{"total":12,"covered":11,"skipped":0,"pct":91.66},"statements":{"total":84,"covered":82,"skipped":0,"pct":97.61},"branches":{"total":16,"covered":13,"skipped":0,"pct":81.25}}
,"/Users/timcools/_/Lexy/lexy-typescript/src/language/expressions/ifExpression.ts": {"lines":{"total":114,"covered":110,"skipped":0,"pct":96.49},"functions":{"total":14,"covered":13,"skipped":0,"pct":92.85},"statements":{"total":114,"covered":110,"skipped":0,"pct":96.49},"branches":{"total":24,"covered":17,"skipped":0,"pct":70.83}}
,"/Users/timcools/_/Lexy/lexy-typescript/src/language/expressions/literalExpression.ts": {"lines":{"total":82,"covered":82,"skipped":0,"pct":100},"functions":{"total":10,"covered":10,"skipped":0,"pct":100},"statements":{"total":82,"covered":82,"skipped":0,"pct":100},"branches":{"total":23,"covered":20,"skipped":0,"pct":86.95}}
,"/Users/timcools/_/Lexy/lexy-typescript/src/language/expressions/mapping.ts": {"lines":{"total":45,"covered":42,"skipped":0,"pct":93.33},"functions":{"total":5,"covered":4,"skipped":0,"pct":80},"statements":{"total":45,"covered":42,"skipped":0,"pct":93.33},"branches":{"total":5,"covered":5,"skipped":0,"pct":100}}
,"/Users/timcools/_/Lexy/lexy-typescript/src/language/expressions/memberAccessExpression.ts": {"lines":{"total":93,"covered":93,"skipped":0,"pct":100},"functions":{"total":12,"covered":12,"skipped":0,"pct":100},"statements":{"total":93,"covered":93,"skipped":0,"pct":100},"branches":{"total":20,"covered":18,"skipped":0,"pct":90}}
,"/Users/timcools/_/Lexy/lexy-typescript/src/language/expressions/parenthesizedExpression.ts": {"lines":{"total":86,"covered":86,"skipped":0,"pct":100},"functions":{"total":10,"covered":10,"skipped":0,"pct":100},"statements":{"total":86,"covered":86,"skipped":0,"pct":100},"branches":{"total":26,"covered":23,"skipped":0,"pct":88.46}}
,"/Users/timcools/_/Lexy/lexy-typescript/src/language/expressions/parseExpressionResult.ts": {"lines":{"total":27,"covered":27,"skipped":0,"pct":100},"functions":{"total":2,"covered":2,"skipped":0,"pct":100},"statements":{"total":27,"covered":27,"skipped":0,"pct":100},"branches":{"total":2,"covered":2,"skipped":0,"pct":100}}
,"/Users/timcools/_/Lexy/lexy-typescript/src/language/expressions/parseExpressionsResult.ts": {"lines":{"total":27,"covered":22,"skipped":0,"pct":81.48},"functions":{"total":2,"covered":1,"skipped":0,"pct":50},"statements":{"total":27,"covered":22,"skipped":0,"pct":81.48},"branches":{"total":1,"covered":1,"skipped":0,"pct":100}}
,"/Users/timcools/_/Lexy/lexy-typescript/src/language/expressions/parseFunctionCallExpressionResult.ts": {"lines":{"total":27,"covered":17,"skipped":0,"pct":62.96},"functions":{"total":2,"covered":0,"skipped":0,"pct":0},"statements":{"total":27,"covered":17,"skipped":0,"pct":62.96},"branches":{"total":0,"covered":0,"skipped":0,"pct":100}}
,"/Users/timcools/_/Lexy/lexy-typescript/src/language/expressions/sourceFile.ts": {"lines":{"total":1,"covered":0,"skipped":0,"pct":0},"functions":{"total":1,"covered":0,"skipped":0,"pct":0},"statements":{"total":1,"covered":0,"skipped":0,"pct":0},"branches":{"total":1,"covered":0,"skipped":0,"pct":0}}
,"/Users/timcools/_/Lexy/lexy-typescript/src/language/expressions/spreadAssignmentExpression.ts": {"lines":{"total":84,"covered":80,"skipped":0,"pct":95.23},"functions":{"total":10,"covered":9,"skipped":0,"pct":90},"statements":{"total":84,"covered":80,"skipped":0,"pct":95.23},"branches":{"total":15,"covered":11,"skipped":0,"pct":73.33}}
,"/Users/timcools/_/Lexy/lexy-typescript/src/language/expressions/spreadExpression.ts": {"lines":{"total":59,"covered":57,"skipped":0,"pct":96.61},"functions":{"total":9,"covered":8,"skipped":0,"pct":88.88},"statements":{"total":59,"covered":57,"skipped":0,"pct":96.61},"branches":{"total":10,"covered":9,"skipped":0,"pct":90}}
,"/Users/timcools/_/Lexy/lexy-typescript/src/language/expressions/switchExpression.ts": {"lines":{"total":110,"covered":96,"skipped":0,"pct":87.27},"functions":{"total":10,"covered":9,"skipped":0,"pct":90},"statements":{"total":110,"covered":96,"skipped":0,"pct":87.27},"branches":{"total":22,"covered":14,"skipped":0,"pct":63.63}}
,"/Users/timcools/_/Lexy/lexy-typescript/src/language/expressions/variableAccess.ts": {"lines":{"total":4,"covered":4,"skipped":0,"pct":100},"functions":{"total":0,"covered":0,"skipped":0,"pct":100},"statements":{"total":4,"covered":4,"skipped":0,"pct":100},"branches":{"total":1,"covered":1,"skipped":0,"pct":100}}
,"/Users/timcools/_/Lexy/lexy-typescript/src/language/expressions/variableDeclarationExpression.ts": {"lines":{"total":148,"covered":135,"skipped":0,"pct":91.21},"functions":{"total":11,"covered":10,"skipped":0,"pct":90.9},"statements":{"total":148,"covered":135,"skipped":0,"pct":91.21},"branches":{"total":52,"covered":44,"skipped":0,"pct":84.61}}
,"/Users/timcools/_/Lexy/lexy-typescript/src/language/expressions/variableUsage.ts": {"lines":{"total":23,"covered":19,"skipped":0,"pct":82.6},"functions":{"total":3,"covered":1,"skipped":0,"pct":33.33},"statements":{"total":23,"covered":19,"skipped":0,"pct":82.6},"branches":{"total":1,"covered":1,"skipped":0,"pct":100}}
,"/Users/timcools/_/Lexy/lexy-typescript/src/language/expressions/functions/functionCallExpression.ts": {"lines":{"total":41,"covered":39,"skipped":0,"pct":95.12},"functions":{"total":7,"covered":6,"skipped":0,"pct":85.71},"statements":{"total":41,"covered":39,"skipped":0,"pct":95.12},"branches":{"total":12,"covered":12,"skipped":0,"pct":100}}
,"/Users/timcools/_/Lexy/lexy-typescript/src/language/expressions/functions/functionCallExpressionParser.ts": {"lines":{"total":132,"covered":120,"skipped":0,"pct":90.9},"functions":{"total":8,"covered":8,"skipped":0,"pct":100},"statements":{"total":132,"covered":120,"skipped":0,"pct":90.9},"branches":{"total":28,"covered":20,"skipped":0,"pct":71.42}}
,"/Users/timcools/_/Lexy/lexy-typescript/src/language/expressions/functions/lexyFunctionCallExpression.ts": {"lines":{"total":117,"covered":107,"skipped":0,"pct":91.45},"functions":{"total":11,"covered":10,"skipped":0,"pct":90.9},"statements":{"total":117,"covered":107,"skipped":0,"pct":91.45},"branches":{"total":25,"covered":23,"skipped":0,"pct":92}}
,"/Users/timcools/_/Lexy/lexy-typescript/src/language/expressions/functions/memberFunctionCallExpression.ts": {"lines":{"total":102,"covered":97,"skipped":0,"pct":95.09},"functions":{"total":12,"covered":12,"skipped":0,"pct":100},"statements":{"total":102,"covered":97,"skipped":0,"pct":95.09},"branches":{"total":28,"covered":24,"skipped":0,"pct":85.71}}
,"/Users/timcools/_/Lexy/lexy-typescript/src/language/expressions/functions/parseExpressionFunctionsResult.ts": {"lines":{"total":27,"covered":22,"skipped":0,"pct":81.48},"functions":{"total":2,"covered":1,"skipped":0,"pct":50},"statements":{"total":27,"covered":22,"skipped":0,"pct":81.48},"branches":{"total":1,"covered":1,"skipped":0,"pct":100}}
,"/Users/timcools/_/Lexy/lexy-typescript/src/language/expressions/functions/systemFunctions/extractResultsFunctionExpression.ts": {"lines":{"total":120,"covered":109,"skipped":0,"pct":90.83},"functions":{"total":12,"covered":11,"skipped":0,"pct":91.66},"statements":{"total":120,"covered":109,"skipped":0,"pct":90.83},"branches":{"total":30,"covered":24,"skipped":0,"pct":80}}
,"/Users/timcools/_/Lexy/lexy-typescript/src/language/expressions/functions/systemFunctions/fillParametersFunctionExpression.ts": {"lines":{"total":134,"covered":120,"skipped":0,"pct":89.55},"functions":{"total":14,"covered":12,"skipped":0,"pct":85.71},"statements":{"total":134,"covered":120,"skipped":0,"pct":89.55},"branches":{"total":29,"covered":22,"skipped":0,"pct":75.86}}
,"/Users/timcools/_/Lexy/lexy-typescript/src/language/expressions/functions/systemFunctions/newFunctionExpression.ts": {"lines":{"total":83,"covered":75,"skipped":0,"pct":90.36},"functions":{"total":12,"covered":10,"skipped":0,"pct":83.33},"statements":{"total":83,"covered":75,"skipped":0,"pct":90.36},"branches":{"total":19,"covered":16,"skipped":0,"pct":84.21}}
,"/Users/timcools/_/Lexy/lexy-typescript/src/language/functions/function.ts": {"lines":{"total":251,"covered":248,"skipped":0,"pct":98.8},"functions":{"total":30,"covered":30,"skipped":0,"pct":100},"statements":{"total":251,"covered":248,"skipped":0,"pct":98.8},"branches":{"total":57,"covered":54,"skipped":0,"pct":94.73}}
,"/Users/timcools/_/Lexy/lexy-typescript/src/language/functions/functionCode.ts": {"lines":{"total":42,"covered":42,"skipped":0,"pct":100},"functions":{"total":6,"covered":6,"skipped":0,"pct":100},"statements":{"total":42,"covered":42,"skipped":0,"pct":100},"branches":{"total":10,"covered":10,"skipped":0,"pct":100}}
,"/Users/timcools/_/Lexy/lexy-typescript/src/language/functions/functionName.ts": {"lines":{"total":43,"covered":41,"skipped":0,"pct":95.34},"functions":{"total":7,"covered":7,"skipped":0,"pct":100},"statements":{"total":43,"covered":41,"skipped":0,"pct":95.34},"branches":{"total":9,"covered":7,"skipped":0,"pct":77.77}}
,"/Users/timcools/_/Lexy/lexy-typescript/src/language/functions/functionParameters.ts": {"lines":{"total":39,"covered":39,"skipped":0,"pct":100},"functions":{"total":6,"covered":6,"skipped":0,"pct":100},"statements":{"total":39,"covered":39,"skipped":0,"pct":100},"branches":{"total":7,"covered":7,"skipped":0,"pct":100}}
,"/Users/timcools/_/Lexy/lexy-typescript/src/language/functions/functionResults.ts": {"lines":{"total":46,"covered":46,"skipped":0,"pct":100},"functions":{"total":6,"covered":6,"skipped":0,"pct":100},"statements":{"total":46,"covered":46,"skipped":0,"pct":100},"branches":{"total":9,"covered":8,"skipped":0,"pct":88.88}}
,"/Users/timcools/_/Lexy/lexy-typescript/src/language/functions/functionSignature.ts": {"lines":{"total":32,"covered":30,"skipped":0,"pct":93.75},"functions":{"total":2,"covered":2,"skipped":0,"pct":100},"statements":{"total":32,"covered":30,"skipped":0,"pct":93.75},"branches":{"total":8,"covered":7,"skipped":0,"pct":87.5}}
,"/Users/timcools/_/Lexy/lexy-typescript/src/language/functions/validateFunctionArgumentRsult.ts": {"lines":{"total":54,"covered":54,"skipped":0,"pct":100},"functions":{"total":5,"covered":5,"skipped":0,"pct":100},"statements":{"total":54,"covered":54,"skipped":0,"pct":100},"branches":{"total":9,"covered":9,"skipped":0,"pct":100}}
,"/Users/timcools/_/Lexy/lexy-typescript/src/language/scenarios/assignmentDefinition.ts": {"lines":{"total":106,"covered":96,"skipped":0,"pct":90.56},"functions":{"total":10,"covered":10,"skipped":0,"pct":100},"statements":{"total":106,"covered":96,"skipped":0,"pct":90.56},"branches":{"total":20,"covered":14,"skipped":0,"pct":70}}
,"/Users/timcools/_/Lexy/lexy-typescript/src/language/scenarios/assignmentDefinitionParser.ts": {"lines":{"total":60,"covered":45,"skipped":0,"pct":75},"functions":{"total":1,"covered":1,"skipped":0,"pct":100},"statements":{"total":60,"covered":45,"skipped":0,"pct":75},"branches":{"total":11,"covered":6,"skipped":0,"pct":54.54}}
,"/Users/timcools/_/Lexy/lexy-typescript/src/language/scenarios/constantValue.ts": {"lines":{"total":7,"covered":7,"skipped":0,"pct":100},"functions":{"total":1,"covered":1,"skipped":0,"pct":100},"statements":{"total":7,"covered":7,"skipped":0,"pct":100},"branches":{"total":1,"covered":1,"skipped":0,"pct":100}}
,"/Users/timcools/_/Lexy/lexy-typescript/src/language/scenarios/constantValueParseResult.ts": {"lines":{"total":27,"covered":22,"skipped":0,"pct":81.48},"functions":{"total":2,"covered":1,"skipped":0,"pct":50},"statements":{"total":27,"covered":22,"skipped":0,"pct":81.48},"branches":{"total":1,"covered":1,"skipped":0,"pct":100}}
,"/Users/timcools/_/Lexy/lexy-typescript/src/language/scenarios/constantValueParser.ts": {"lines":{"total":32,"covered":30,"skipped":0,"pct":93.75},"functions":{"total":3,"covered":3,"skipped":0,"pct":100},"statements":{"total":32,"covered":30,"skipped":0,"pct":93.75},"branches":{"total":7,"covered":6,"skipped":0,"pct":85.71}}
,"/Users/timcools/_/Lexy/lexy-typescript/src/language/scenarios/errorsNode.ts": {"lines":{"total":48,"covered":48,"skipped":0,"pct":100},"functions":{"total":7,"covered":7,"skipped":0,"pct":100},"statements":{"total":48,"covered":48,"skipped":0,"pct":100},"branches":{"total":9,"covered":7,"skipped":0,"pct":77.77}}
,"/Users/timcools/_/Lexy/lexy-typescript/src/language/scenarios/executionLog.ts": {"lines":{"total":97,"covered":84,"skipped":0,"pct":86.59},"functions":{"total":10,"covered":8,"skipped":0,"pct":80},"statements":{"total":97,"covered":84,"skipped":0,"pct":86.59},"branches":{"total":17,"covered":12,"skipped":0,"pct":70.58}}
,"/Users/timcools/_/Lexy/lexy-typescript/src/language/scenarios/executionLogging.ts": {"lines":{"total":43,"covered":40,"skipped":0,"pct":93.02},"functions":{"total":7,"covered":5,"skipped":0,"pct":71.42},"statements":{"total":43,"covered":40,"skipped":0,"pct":93.02},"branches":{"total":6,"covered":5,"skipped":0,"pct":83.33}}
,"/Users/timcools/_/Lexy/lexy-typescript/src/language/scenarios/expectComponentErrors.ts": {"lines":{"total":12,"covered":12,"skipped":0,"pct":100},"functions":{"total":2,"covered":2,"skipped":0,"pct":100},"statements":{"total":12,"covered":12,"skipped":0,"pct":100},"branches":{"total":2,"covered":2,"skipped":0,"pct":100}}
,"/Users/timcools/_/Lexy/lexy-typescript/src/language/scenarios/expectErrors.ts": {"lines":{"total":12,"covered":12,"skipped":0,"pct":100},"functions":{"total":2,"covered":2,"skipped":0,"pct":100},"statements":{"total":12,"covered":12,"skipped":0,"pct":100},"branches":{"total":2,"covered":2,"skipped":0,"pct":100}}
,"/Users/timcools/_/Lexy/lexy-typescript/src/language/scenarios/expectExecutionErrors.ts": {"lines":{"total":12,"covered":12,"skipped":0,"pct":100},"functions":{"total":2,"covered":2,"skipped":0,"pct":100},"statements":{"total":12,"covered":12,"skipped":0,"pct":100},"branches":{"total":2,"covered":2,"skipped":0,"pct":100}}
,"/Users/timcools/_/Lexy/lexy-typescript/src/language/scenarios/flattenAssignments.ts": {"lines":{"total":10,"covered":10,"skipped":0,"pct":100},"functions":{"total":1,"covered":1,"skipped":0,"pct":100},"statements":{"total":10,"covered":10,"skipped":0,"pct":100},"branches":{"total":2,"covered":2,"skipped":0,"pct":100}}
,"/Users/timcools/_/Lexy/lexy-typescript/src/language/scenarios/functionName.ts": {"lines":{"total":55,"covered":48,"skipped":0,"pct":87.27},"functions":{"total":9,"covered":8,"skipped":0,"pct":88.88},"statements":{"total":55,"covered":48,"skipped":0,"pct":87.27},"branches":{"total":10,"covered":8,"skipped":0,"pct":80}}
,"/Users/timcools/_/Lexy/lexy-typescript/src/language/scenarios/objectAssignmentDefinition.ts": {"lines":{"total":74,"covered":70,"skipped":0,"pct":94.59},"functions":{"total":9,"covered":9,"skipped":0,"pct":100},"statements":{"total":74,"covered":70,"skipped":0,"pct":94.59},"branches":{"total":18,"covered":15,"skipped":0,"pct":83.33}}
,"/Users/timcools/_/Lexy/lexy-typescript/src/language/scenarios/parameters.ts": {"lines":{"total":45,"covered":45,"skipped":0,"pct":100},"functions":{"total":6,"covered":6,"skipped":0,"pct":100},"statements":{"total":45,"covered":45,"skipped":0,"pct":100},"branches":{"total":9,"covered":8,"skipped":0,"pct":88.88}}
,"/Users/timcools/_/Lexy/lexy-typescript/src/language/scenarios/results.ts": {"lines":{"total":45,"covered":45,"skipped":0,"pct":100},"functions":{"total":6,"covered":6,"skipped":0,"pct":100},"statements":{"total":45,"covered":45,"skipped":0,"pct":100},"branches":{"total":9,"covered":8,"skipped":0,"pct":88.88}}
,"/Users/timcools/_/Lexy/lexy-typescript/src/language/scenarios/scenario.ts": {"lines":{"total":283,"covered":270,"skipped":0,"pct":95.4},"functions":{"total":30,"covered":29,"skipped":0,"pct":96.66},"statements":{"total":283,"covered":270,"skipped":0,"pct":95.4},"branches":{"total":85,"covered":77,"skipped":0,"pct":90.58}}
,"/Users/timcools/_/Lexy/lexy-typescript/src/language/scenarios/scenarioName.ts": {"lines":{"total":43,"covered":41,"skipped":0,"pct":95.34},"functions":{"total":7,"covered":7,"skipped":0,"pct":100},"statements":{"total":43,"covered":41,"skipped":0,"pct":95.34},"branches":{"total":9,"covered":7,"skipped":0,"pct":77.77}}
,"/Users/timcools/_/Lexy/lexy-typescript/src/language/scenarios/validationColumnHeader.ts": {"lines":{"total":41,"covered":37,"skipped":0,"pct":90.24},"functions":{"total":7,"covered":5,"skipped":0,"pct":71.42},"statements":{"total":41,"covered":37,"skipped":0,"pct":90.24},"branches":{"total":6,"covered":6,"skipped":0,"pct":100}}
,"/Users/timcools/_/Lexy/lexy-typescript/src/language/scenarios/validationTable.ts": {"lines":{"total":76,"covered":70,"skipped":0,"pct":92.1},"functions":{"total":8,"covered":8,"skipped":0,"pct":100},"statements":{"total":76,"covered":70,"skipped":0,"pct":92.1},"branches":{"total":14,"covered":10,"skipped":0,"pct":71.42}}
,"/Users/timcools/_/Lexy/lexy-typescript/src/language/scenarios/validationTableHeader.ts": {"lines":{"total":70,"covered":68,"skipped":0,"pct":97.14},"functions":{"total":8,"covered":8,"skipped":0,"pct":100},"statements":{"total":70,"covered":68,"skipped":0,"pct":97.14},"branches":{"total":13,"covered":9,"skipped":0,"pct":69.23}}
,"/Users/timcools/_/Lexy/lexy-typescript/src/language/scenarios/validationTableName.ts": {"lines":{"total":14,"covered":12,"skipped":0,"pct":85.71},"functions":{"total":3,"covered":2,"skipped":0,"pct":66.66},"statements":{"total":14,"covered":12,"skipped":0,"pct":85.71},"branches":{"total":2,"covered":2,"skipped":0,"pct":100}}
,"/Users/timcools/_/Lexy/lexy-typescript/src/language/scenarios/validationTableRow.ts": {"lines":{"total":88,"covered":78,"skipped":0,"pct":88.63},"functions":{"total":7,"covered":7,"skipped":0,"pct":100},"statements":{"total":88,"covered":78,"skipped":0,"pct":88.63},"branches":{"total":14,"covered":8,"skipped":0,"pct":57.14}}
,"/Users/timcools/_/Lexy/lexy-typescript/src/language/scenarios/validationTableValue.ts": {"lines":{"total":45,"covered":45,"skipped":0,"pct":100},"functions":{"total":5,"covered":5,"skipped":0,"pct":100},"statements":{"total":45,"covered":45,"skipped":0,"pct":100},"branches":{"total":9,"covered":8,"skipped":0,"pct":88.88}}
,"/Users/timcools/_/Lexy/lexy-typescript/src/language/scenarios/variablePathExpressionParser.ts": {"lines":{"total":51,"covered":37,"skipped":0,"pct":72.54},"functions":{"total":3,"covered":2,"skipped":0,"pct":66.66},"statements":{"total":51,"covered":37,"skipped":0,"pct":72.54},"branches":{"total":8,"covered":5,"skipped":0,"pct":62.5}}
,"/Users/timcools/_/Lexy/lexy-typescript/src/language/scenarios/variablePathParseResult.ts": {"lines":{"total":27,"covered":22,"skipped":0,"pct":81.48},"functions":{"total":2,"covered":1,"skipped":0,"pct":50},"statements":{"total":27,"covered":22,"skipped":0,"pct":81.48},"branches":{"total":1,"covered":1,"skipped":0,"pct":100}}
,"/Users/timcools/_/Lexy/lexy-typescript/src/language/tables/columnHeader.ts": {"lines":{"total":40,"covered":36,"skipped":0,"pct":90},"functions":{"total":7,"covered":5,"skipped":0,"pct":71.42},"statements":{"total":40,"covered":36,"skipped":0,"pct":90},"branches":{"total":5,"covered":5,"skipped":0,"pct":100}}
,"/Users/timcools/_/Lexy/lexy-typescript/src/language/tables/table.ts": {"lines":{"total":104,"covered":104,"skipped":0,"pct":100},"functions":{"total":13,"covered":13,"skipped":0,"pct":100},"statements":{"total":104,"covered":104,"skipped":0,"pct":100},"branches":{"total":29,"covered":28,"skipped":0,"pct":96.55}}
,"/Users/timcools/_/Lexy/lexy-typescript/src/language/tables/tableHeader.ts": {"lines":{"total":89,"covered":89,"skipped":0,"pct":100},"functions":{"total":10,"covered":10,"skipped":0,"pct":100},"statements":{"total":89,"covered":89,"skipped":0,"pct":100},"branches":{"total":21,"covered":18,"skipped":0,"pct":85.71}}
,"/Users/timcools/_/Lexy/lexy-typescript/src/language/tables/tableName.ts": {"lines":{"total":18,"covered":18,"skipped":0,"pct":100},"functions":{"total":4,"covered":4,"skipped":0,"pct":100},"statements":{"total":18,"covered":18,"skipped":0,"pct":100},"branches":{"total":4,"covered":4,"skipped":0,"pct":100}}
,"/Users/timcools/_/Lexy/lexy-typescript/src/language/tables/tableRow.ts": {"lines":{"total":84,"covered":79,"skipped":0,"pct":94.04},"functions":{"total":7,"covered":7,"skipped":0,"pct":100},"statements":{"total":84,"covered":79,"skipped":0,"pct":94.04},"branches":{"total":19,"covered":16,"skipped":0,"pct":84.21}}
,"/Users/timcools/_/Lexy/lexy-typescript/src/language/tables/tableValue.ts": {"lines":{"total":38,"covered":38,"skipped":0,"pct":100},"functions":{"total":4,"covered":4,"skipped":0,"pct":100},"statements":{"total":38,"covered":38,"skipped":0,"pct":100},"branches":{"total":7,"covered":7,"skipped":0,"pct":100}}
,"/Users/timcools/_/Lexy/lexy-typescript/src/language/types/typeDefinition.ts": {"lines":{"total":84,"covered":84,"skipped":0,"pct":100},"functions":{"total":12,"covered":12,"skipped":0,"pct":100},"statements":{"total":84,"covered":84,"skipped":0,"pct":100},"branches":{"total":18,"covered":18,"skipped":0,"pct":100}}
,"/Users/timcools/_/Lexy/lexy-typescript/src/language/types/typeName.ts": {"lines":{"total":18,"covered":18,"skipped":0,"pct":100},"functions":{"total":4,"covered":4,"skipped":0,"pct":100},"statements":{"total":18,"covered":18,"skipped":0,"pct":100},"branches":{"total":4,"covered":4,"skipped":0,"pct":100}}
,"/Users/timcools/_/Lexy/lexy-typescript/src/language/variableTypes/declaredType.ts": {"lines":{"total":62,"covered":56,"skipped":0,"pct":90.32},"functions":{"total":11,"covered":8,"skipped":0,"pct":72.72},"statements":{"total":62,"covered":56,"skipped":0,"pct":90.32},"branches":{"total":14,"covered":11,"skipped":0,"pct":78.57}}
,"/Users/timcools/_/Lexy/lexy-typescript/src/language/variableTypes/enumType.ts": {"lines":{"total":67,"covered":58,"skipped":0,"pct":86.56},"functions":{"total":12,"covered":8,"skipped":0,"pct":66.66},"statements":{"total":67,"covered":58,"skipped":0,"pct":86.56},"branches":{"total":12,"covered":10,"skipped":0,"pct":83.33}}
,"/Users/timcools/_/Lexy/lexy-typescript/src/language/variableTypes/functionType.ts": {"lines":{"total":67,"covered":51,"skipped":0,"pct":76.11},"functions":{"total":12,"covered":5,"skipped":0,"pct":41.66},"statements":{"total":67,"covered":51,"skipped":0,"pct":76.11},"branches":{"total":11,"covered":8,"skipped":0,"pct":72.72}}
,"/Users/timcools/_/Lexy/lexy-typescript/src/language/variableTypes/generatedType.ts": {"lines":{"total":66,"covered":64,"skipped":0,"pct":96.96},"functions":{"total":10,"covered":9,"skipped":0,"pct":90},"statements":{"total":66,"covered":64,"skipped":0,"pct":96.96},"branches":{"total":15,"covered":15,"skipped":0,"pct":100}}
,"/Users/timcools/_/Lexy/lexy-typescript/src/language/variableTypes/generatedTypeSource.ts": {"lines":{"total":6,"covered":6,"skipped":0,"pct":100},"functions":{"total":0,"covered":0,"skipped":0,"pct":100},"statements":{"total":6,"covered":6,"skipped":0,"pct":100},"branches":{"total":1,"covered":1,"skipped":0,"pct":100}}
,"/Users/timcools/_/Lexy/lexy-typescript/src/language/variableTypes/objectType.ts": {"lines":{"total":67,"covered":63,"skipped":0,"pct":94.02},"functions":{"total":7,"covered":5,"skipped":0,"pct":71.42},"statements":{"total":67,"covered":63,"skipped":0,"pct":94.02},"branches":{"total":16,"covered":16,"skipped":0,"pct":100}}
,"/Users/timcools/_/Lexy/lexy-typescript/src/language/variableTypes/objectTypeFunction.ts": {"lines":{"total":19,"covered":0,"skipped":0,"pct":0},"functions":{"total":1,"covered":0,"skipped":0,"pct":0},"statements":{"total":19,"covered":0,"skipped":0,"pct":0},"branches":{"total":1,"covered":0,"skipped":0,"pct":0}}
,"/Users/timcools/_/Lexy/lexy-typescript/src/language/variableTypes/objectTypeVariable.ts": {"lines":{"total":16,"covered":16,"skipped":0,"pct":100},"functions":{"total":1,"covered":1,"skipped":0,"pct":100},"statements":{"total":16,"covered":16,"skipped":0,"pct":100},"branches":{"total":1,"covered":1,"skipped":0,"pct":100}}
,"/Users/timcools/_/Lexy/lexy-typescript/src/language/variableTypes/primitiveType.ts": {"lines":{"total":55,"covered":54,"skipped":0,"pct":98.18},"functions":{"total":9,"covered":9,"skipped":0,"pct":100},"statements":{"total":55,"covered":54,"skipped":0,"pct":98.18},"branches":{"total":16,"covered":14,"skipped":0,"pct":87.5}}
,"/Users/timcools/_/Lexy/lexy-typescript/src/language/variableTypes/tableType.ts": {"lines":{"total":79,"covered":65,"skipped":0,"pct":82.27},"functions":{"total":12,"covered":6,"skipped":0,"pct":50},"statements":{"total":79,"covered":65,"skipped":0,"pct":82.27},"branches":{"total":17,"covered":15,"skipped":0,"pct":88.23}}
,"/Users/timcools/_/Lexy/lexy-typescript/src/language/variableTypes/typeNames.ts": {"lines":{"total":18,"covered":18,"skipped":0,"pct":100},"functions":{"total":2,"covered":2,"skipped":0,"pct":100},"statements":{"total":18,"covered":18,"skipped":0,"pct":100},"branches":{"total":2,"covered":2,"skipped":0,"pct":100}}
,"/Users/timcools/_/Lexy/lexy-typescript/src/language/variableTypes/validationContextExtensions.ts": {"lines":{"total":128,"covered":103,"skipped":0,"pct":80.46},"functions":{"total":4,"covered":4,"skipped":0,"pct":100},"statements":{"total":128,"covered":103,"skipped":0,"pct":80.46},"branches":{"total":37,"covered":29,"skipped":0,"pct":78.37}}
,"/Users/timcools/_/Lexy/lexy-typescript/src/language/variableTypes/variableType.ts": {"lines":{"total":19,"covered":17,"skipped":0,"pct":89.47},"functions":{"total":2,"covered":1,"skipped":0,"pct":50},"statements":{"total":19,"covered":17,"skipped":0,"pct":89.47},"branches":{"total":1,"covered":1,"skipped":0,"pct":100}}
,"/Users/timcools/_/Lexy/lexy-typescript/src/language/variableTypes/variableTypeName.ts": {"lines":{"total":9,"covered":9,"skipped":0,"pct":100},"functions":{"total":0,"covered":0,"skipped":0,"pct":100},"statements":{"total":9,"covered":9,"skipped":0,"pct":100},"branches":{"total":1,"covered":1,"skipped":0,"pct":100}}
,"/Users/timcools/_/Lexy/lexy-typescript/src/language/variableTypes/voidType.ts": {"lines":{"total":16,"covered":5,"skipped":0,"pct":31.25},"functions":{"total":1,"covered":0,"skipped":0,"pct":0},"statements":{"total":16,"covered":5,"skipped":0,"pct":31.25},"branches":{"total":0,"covered":0,"skipped":0,"pct":100}}
,"/Users/timcools/_/Lexy/lexy-typescript/src/language/variableTypes/declarations/implicitVariableTypeDeclaration.ts": {"lines":{"total":43,"covered":34,"skipped":0,"pct":79.06},"functions":{"total":8,"covered":5,"skipped":0,"pct":62.5},"statements":{"total":43,"covered":34,"skipped":0,"pct":79.06},"branches":{"total":5,"covered":5,"skipped":0,"pct":100}}
,"/Users/timcools/_/Lexy/lexy-typescript/src/language/variableTypes/declarations/objectVariableTypeDeclaration.ts": {"lines":{"total":99,"covered":90,"skipped":0,"pct":90.9},"functions":{"total":10,"covered":9,"skipped":0,"pct":90},"statements":{"total":99,"covered":90,"skipped":0,"pct":90.9},"branches":{"total":24,"covered":22,"skipped":0,"pct":91.66}}
,"/Users/timcools/_/Lexy/lexy-typescript/src/language/variableTypes/declarations/primitiveVariableTypeDeclaration.ts": {"lines":{"total":43,"covered":39,"skipped":0,"pct":90.69},"functions":{"total":8,"covered":6,"skipped":0,"pct":75},"statements":{"total":43,"covered":39,"skipped":0,"pct":90.69},"branches":{"total":8,"covered":8,"skipped":0,"pct":100}}
,"/Users/timcools/_/Lexy/lexy-typescript/src/language/variableTypes/declarations/variableTypeDeclaration.ts": {"lines":{"total":28,"covered":28,"skipped":0,"pct":100},"functions":{"total":5,"covered":5,"skipped":0,"pct":100},"statements":{"total":28,"covered":28,"skipped":0,"pct":100},"branches":{"total":5,"covered":5,"skipped":0,"pct":100}}
,"/Users/timcools/_/Lexy/lexy-typescript/src/language/variableTypes/declarations/variableTypeDeclarationParser.ts": {"lines":{"total":16,"covered":16,"skipped":0,"pct":100},"functions":{"total":1,"covered":1,"skipped":0,"pct":100},"statements":{"total":16,"covered":16,"skipped":0,"pct":100},"branches":{"total":6,"covered":6,"skipped":0,"pct":100}}
,"/Users/timcools/_/Lexy/lexy-typescript/src/language/variableTypes/functions/lookUpFunction.ts": {"lines":{"total":123,"covered":119,"skipped":0,"pct":96.74},"functions":{"total":7,"covered":7,"skipped":0,"pct":100},"statements":{"total":123,"covered":119,"skipped":0,"pct":96.74},"branches":{"total":27,"covered":22,"skipped":0,"pct":81.48}}
,"/Users/timcools/_/Lexy/lexy-typescript/src/language/variableTypes/functions/lookUpFunctionCall.ts": {"lines":{"total":37,"covered":37,"skipped":0,"pct":100},"functions":{"total":4,"covered":4,"skipped":0,"pct":100},"statements":{"total":37,"covered":37,"skipped":0,"pct":100},"branches":{"total":5,"covered":4,"skipped":0,"pct":80}}
,"/Users/timcools/_/Lexy/lexy-typescript/src/language/variableTypes/functions/lookUpRowFunction.ts": {"lines":{"total":111,"covered":103,"skipped":0,"pct":92.79},"functions":{"total":7,"covered":6,"skipped":0,"pct":85.71},"statements":{"total":111,"covered":103,"skipped":0,"pct":92.79},"branches":{"total":20,"covered":15,"skipped":0,"pct":75}}
,"/Users/timcools/_/Lexy/lexy-typescript/src/language/variableTypes/functions/lookUpRowFunctionCall.ts": {"lines":{"total":34,"covered":34,"skipped":0,"pct":100},"functions":{"total":4,"covered":4,"skipped":0,"pct":100},"statements":{"total":34,"covered":34,"skipped":0,"pct":100},"branches":{"total":5,"covered":4,"skipped":0,"pct":80}}
,"/Users/timcools/_/Lexy/lexy-typescript/src/language/variableTypes/functions/memberFunctionCall.ts": {"lines":{"total":9,"covered":9,"skipped":0,"pct":100},"functions":{"total":0,"covered":0,"skipped":0,"pct":100},"statements":{"total":9,"covered":9,"skipped":0,"pct":100},"branches":{"total":1,"covered":1,"skipped":0,"pct":100}}
,"/Users/timcools/_/Lexy/lexy-typescript/src/language/variableTypes/functions/tableFunction.ts": {"lines":{"total":124,"covered":112,"skipped":0,"pct":90.32},"functions":{"total":8,"covered":8,"skipped":0,"pct":100},"statements":{"total":124,"covered":112,"skipped":0,"pct":90.32},"branches":{"total":32,"covered":25,"skipped":0,"pct":78.12}}
,"/Users/timcools/_/Lexy/lexy-typescript/src/language/variableTypes/functions/validateMemberFunctionArgumentsResult.ts": {"lines":{"total":25,"covered":25,"skipped":0,"pct":100},"functions":{"total":2,"covered":2,"skipped":0,"pct":100},"statements":{"total":25,"covered":25,"skipped":0,"pct":100},"branches":{"total":2,"covered":2,"skipped":0,"pct":100}}
,"/Users/timcools/_/Lexy/lexy-typescript/src/parser/ITreeValidationVisitor.ts": {"lines":{"total":6,"covered":0,"skipped":0,"pct":0},"functions":{"total":1,"covered":0,"skipped":0,"pct":0},"statements":{"total":6,"covered":0,"skipped":0,"pct":0},"branches":{"total":1,"covered":0,"skipped":0,"pct":0}}
,"/Users/timcools/_/Lexy/lexy-typescript/src/parser/Keywords.ts": {"lines":{"total":57,"covered":57,"skipped":0,"pct":100},"functions":{"total":2,"covered":2,"skipped":0,"pct":100},"statements":{"total":57,"covered":57,"skipped":0,"pct":100},"branches":{"total":3,"covered":3,"skipped":0,"pct":100}}
,"/Users/timcools/_/Lexy/lexy-typescript/src/parser/ParseLineContext.ts": {"lines":{"total":42,"covered":35,"skipped":0,"pct":83.33},"functions":{"total":3,"covered":2,"skipped":0,"pct":66.66},"statements":{"total":42,"covered":35,"skipped":0,"pct":83.33},"branches":{"total":2,"covered":2,"skipped":0,"pct":100}}
,"/Users/timcools/_/Lexy/lexy-typescript/src/parser/TrackLoggingCurrentNodeVisitor.ts": {"lines":{"total":48,"covered":48,"skipped":0,"pct":100},"functions":{"total":7,"covered":7,"skipped":0,"pct":100},"statements":{"total":48,"covered":48,"skipped":0,"pct":100},"branches":{"total":12,"covered":12,"skipped":0,"pct":100}}
,"/Users/timcools/_/Lexy/lexy-typescript/src/parser/lexyParser.ts": {"lines":{"total":222,"covered":216,"skipped":0,"pct":97.29},"functions":{"total":12,"covered":12,"skipped":0,"pct":100},"statements":{"total":222,"covered":216,"skipped":0,"pct":97.29},"branches":{"total":47,"covered":43,"skipped":0,"pct":91.48}}
,"/Users/timcools/_/Lexy/lexy-typescript/src/parser/lexySourceDocument.ts": {"lines":{"total":5,"covered":5,"skipped":0,"pct":100},"functions":{"total":1,"covered":1,"skipped":0,"pct":100},"statements":{"total":5,"covered":5,"skipped":0,"pct":100},"branches":{"total":1,"covered":1,"skipped":0,"pct":100}}
,"/Users/timcools/_/Lexy/lexy-typescript/src/parser/line.ts": {"lines":{"total":126,"covered":117,"skipped":0,"pct":92.85},"functions":{"total":13,"covered":12,"skipped":0,"pct":92.3},"statements":{"total":126,"covered":117,"skipped":0,"pct":92.85},"branches":{"total":32,"covered":25,"skipped":0,"pct":78.12}}
,"/Users/timcools/_/Lexy/lexy-typescript/src/parser/nodeName.ts": {"lines":{"total":41,"covered":39,"skipped":0,"pct":95.12},"functions":{"total":3,"covered":2,"skipped":0,"pct":66.66},"statements":{"total":41,"covered":39,"skipped":0,"pct":95.12},"branches":{"total":12,"covered":9,"skipped":0,"pct":75}}
,"/Users/timcools/_/Lexy/lexy-typescript/src/parser/nodesLogger.ts": {"lines":{"total":48,"covered":47,"skipped":0,"pct":97.91},"functions":{"total":6,"covered":6,"skipped":0,"pct":100},"statements":{"total":48,"covered":47,"skipped":0,"pct":97.91},"branches":{"total":12,"covered":11,"skipped":0,"pct":91.66}}
,"/Users/timcools/_/Lexy/lexy-typescript/src/parser/parseOptions.ts": {"lines":{"total":4,"covered":0,"skipped":0,"pct":0},"functions":{"total":1,"covered":0,"skipped":0,"pct":0},"statements":{"total":4,"covered":0,"skipped":0,"pct":0},"branches":{"total":1,"covered":0,"skipped":0,"pct":0}}
,"/Users/timcools/_/Lexy/lexy-typescript/src/parser/parserContext.ts": {"lines":{"total":93,"covered":93,"skipped":0,"pct":100},"functions":{"total":11,"covered":11,"skipped":0,"pct":100},"statements":{"total":93,"covered":93,"skipped":0,"pct":100},"branches":{"total":16,"covered":15,"skipped":0,"pct":93.75}}
,"/Users/timcools/_/Lexy/lexy-typescript/src/parser/parserLogger.ts": {"lines":{"total":169,"covered":155,"skipped":0,"pct":91.71},"functions":{"total":23,"covered":19,"skipped":0,"pct":82.6},"statements":{"total":169,"covered":155,"skipped":0,"pct":91.71},"branches":{"total":38,"covered":36,"skipped":0,"pct":94.73}}
,"/Users/timcools/_/Lexy/lexy-typescript/src/parser/parserResult.ts": {"lines":{"total":19,"covered":19,"skipped":0,"pct":100},"functions":{"total":1,"covered":1,"skipped":0,"pct":100},"statements":{"total":19,"covered":19,"skipped":0,"pct":100},"branches":{"total":1,"covered":1,"skipped":0,"pct":100}}
,"/Users/timcools/_/Lexy/lexy-typescript/src/parser/sourceCodeDocument.ts": {"lines":{"total":47,"covered":47,"skipped":0,"pct":100},"functions":{"total":6,"covered":6,"skipped":0,"pct":100},"statements":{"total":47,"covered":47,"skipped":0,"pct":100},"branches":{"total":9,"covered":7,"skipped":0,"pct":77.77}}
,"/Users/timcools/_/Lexy/lexy-typescript/src/parser/sourceFile.ts": {"lines":{"total":7,"covered":7,"skipped":0,"pct":100},"functions":{"total":1,"covered":1,"skipped":0,"pct":100},"statements":{"total":7,"covered":7,"skipped":0,"pct":100},"branches":{"total":1,"covered":1,"skipped":0,"pct":100}}
,"/Users/timcools/_/Lexy/lexy-typescript/src/parser/sourceReference.ts": {"lines":{"total":23,"covered":23,"skipped":0,"pct":100},"functions":{"total":3,"covered":3,"skipped":0,"pct":100},"statements":{"total":23,"covered":23,"skipped":0,"pct":100},"branches":{"total":3,"covered":3,"skipped":0,"pct":100}}
,"/Users/timcools/_/Lexy/lexy-typescript/src/parser/tokenValidator.ts": {"lines":{"total":197,"covered":165,"skipped":0,"pct":83.75},"functions":{"total":20,"covered":19,"skipped":0,"pct":95},"statements":{"total":197,"covered":165,"skipped":0,"pct":83.75},"branches":{"total":43,"covered":29,"skipped":0,"pct":67.44}}
,"/Users/timcools/_/Lexy/lexy-typescript/src/parser/validationContext.ts": {"lines":{"total":85,"covered":77,"skipped":0,"pct":90.58},"functions":{"total":8,"covered":7,"skipped":0,"pct":87.5},"statements":{"total":85,"covered":77,"skipped":0,"pct":90.58},"branches":{"total":12,"covered":11,"skipped":0,"pct":91.66}}
,"/Users/timcools/_/Lexy/lexy-typescript/src/parser/variableContext.ts": {"lines":{"total":171,"covered":171,"skipped":0,"pct":100},"functions":{"total":15,"covered":15,"skipped":0,"pct":100},"statements":{"total":171,"covered":171,"skipped":0,"pct":100},"branches":{"total":65,"covered":61,"skipped":0,"pct":93.84}}
,"/Users/timcools/_/Lexy/lexy-typescript/src/parser/variableEntry.ts": {"lines":{"total":12,"covered":12,"skipped":0,"pct":100},"functions":{"total":1,"covered":1,"skipped":0,"pct":100},"statements":{"total":12,"covered":12,"skipped":0,"pct":100},"branches":{"total":1,"covered":1,"skipped":0,"pct":100}}
,"/Users/timcools/_/Lexy/lexy-typescript/src/parser/tokens/ILiteralToken.ts": {"lines":{"total":14,"covered":0,"skipped":0,"pct":0},"functions":{"total":1,"covered":0,"skipped":0,"pct":0},"statements":{"total":14,"covered":0,"skipped":0,"pct":0},"branches":{"total":1,"covered":0,"skipped":0,"pct":0}}
,"/Users/timcools/_/Lexy/lexy-typescript/src/parser/tokens/booleanLiteralToken.ts": {"lines":{"total":60,"covered":57,"skipped":0,"pct":95},"functions":{"total":10,"covered":9,"skipped":0,"pct":90},"statements":{"total":60,"covered":57,"skipped":0,"pct":95},"branches":{"total":16,"covered":14,"skipped":0,"pct":87.5}}
,"/Users/timcools/_/Lexy/lexy-typescript/src/parser/tokens/buildCommentOrDivisionToken.ts": {"lines":{"total":42,"covered":42,"skipped":0,"pct":100},"functions":{"total":5,"covered":5,"skipped":0,"pct":100},"statements":{"total":42,"covered":42,"skipped":0,"pct":100},"branches":{"total":8,"covered":7,"skipped":0,"pct":87.5}}
,"/Users/timcools/_/Lexy/lexy-typescript/src/parser/tokens/buildLiteralToken.ts": {"lines":{"total":100,"covered":97,"skipped":0,"pct":97},"functions":{"total":6,"covered":6,"skipped":0,"pct":100},"statements":{"total":100,"covered":97,"skipped":0,"pct":97},"branches":{"total":32,"covered":31,"skipped":0,"pct":96.87}}
,"/Users/timcools/_/Lexy/lexy-typescript/src/parser/tokens/character.ts": {"lines":{"total":44,"covered":42,"skipped":0,"pct":95.45},"functions":{"total":5,"covered":5,"skipped":0,"pct":100},"statements":{"total":44,"covered":42,"skipped":0,"pct":95.45},"branches":{"total":17,"covered":13,"skipped":0,"pct":76.47}}
,"/Users/timcools/_/Lexy/lexy-typescript/src/parser/tokens/commentToken.ts": {"lines":{"total":32,"covered":30,"skipped":0,"pct":93.75},"functions":{"total":6,"covered":5,"skipped":0,"pct":83.33},"statements":{"total":32,"covered":30,"skipped":0,"pct":93.75},"branches":{"total":5,"covered":5,"skipped":0,"pct":100}}
,"/Users/timcools/_/Lexy/lexy-typescript/src/parser/tokens/dateTimeLiteralToken.ts": {"lines":{"total":127,"covered":111,"skipped":0,"pct":87.4},"functions":{"total":15,"covered":13,"skipped":0,"pct":86.66},"statements":{"total":127,"covered":111,"skipped":0,"pct":87.4},"branches":{"total":31,"covered":25,"skipped":0,"pct":80.64}}
,"/Users/timcools/_/Lexy/lexy-typescript/src/parser/tokens/keywordToken.ts": {"lines":{"total":24,"covered":20,"skipped":0,"pct":83.33},"functions":{"total":4,"covered":2,"skipped":0,"pct":50},"statements":{"total":24,"covered":20,"skipped":0,"pct":83.33},"branches":{"total":2,"covered":2,"skipped":0,"pct":100}}
,"/Users/timcools/_/Lexy/lexy-typescript/src/parser/tokens/memberAccessLiteralToken.ts": {"lines":{"total":62,"covered":60,"skipped":0,"pct":96.77},"functions":{"total":9,"covered":8,"skipped":0,"pct":88.88},"statements":{"total":62,"covered":60,"skipped":0,"pct":96.77},"branches":{"total":19,"covered":17,"skipped":0,"pct":89.47}}
,"/Users/timcools/_/Lexy/lexy-typescript/src/parser/tokens/numberLiteralToken.ts": {"lines":{"total":109,"covered":107,"skipped":0,"pct":98.16},"functions":{"total":12,"covered":12,"skipped":0,"pct":100},"statements":{"total":109,"covered":107,"skipped":0,"pct":98.16},"branches":{"total":26,"covered":22,"skipped":0,"pct":84.61}}
,"/Users/timcools/_/Lexy/lexy-typescript/src/parser/tokens/operatorToken.ts": {"lines":{"total":200,"covered":197,"skipped":0,"pct":98.5},"functions":{"total":11,"covered":11,"skipped":0,"pct":100},"statements":{"total":200,"covered":197,"skipped":0,"pct":98.5},"branches":{"total":63,"covered":57,"skipped":0,"pct":90.47}}
,"/Users/timcools/_/Lexy/lexy-typescript/src/parser/tokens/operatorType.ts": {"lines":{"total":27,"covered":27,"skipped":0,"pct":100},"functions":{"total":0,"covered":0,"skipped":0,"pct":100},"statements":{"total":27,"covered":27,"skipped":0,"pct":100},"branches":{"total":1,"covered":1,"skipped":0,"pct":100}}
,"/Users/timcools/_/Lexy/lexy-typescript/src/parser/tokens/parsableToken.ts": {"lines":{"total":35,"covered":35,"skipped":0,"pct":100},"functions":{"total":4,"covered":4,"skipped":0,"pct":100},"statements":{"total":35,"covered":35,"skipped":0,"pct":100},"branches":{"total":6,"covered":6,"skipped":0,"pct":100}}
,"/Users/timcools/_/Lexy/lexy-typescript/src/parser/tokens/parsableTokenResult.ts": {"lines":{"total":30,"covered":30,"skipped":0,"pct":100},"functions":{"total":2,"covered":2,"skipped":0,"pct":100},"statements":{"total":30,"covered":30,"skipped":0,"pct":100},"branches":{"total":2,"covered":2,"skipped":0,"pct":100}}
,"/Users/timcools/_/Lexy/lexy-typescript/src/parser/tokens/parseTokenResult.ts": {"lines":{"total":48,"covered":48,"skipped":0,"pct":100},"functions":{"total":3,"covered":3,"skipped":0,"pct":100},"statements":{"total":48,"covered":48,"skipped":0,"pct":100},"branches":{"total":3,"covered":3,"skipped":0,"pct":100}}
,"/Users/timcools/_/Lexy/lexy-typescript/src/parser/tokens/quotedLiteralToken.ts": {"lines":{"total":69,"covered":64,"skipped":0,"pct":92.75},"functions":{"total":9,"covered":8,"skipped":0,"pct":88.88},"statements":{"total":69,"covered":64,"skipped":0,"pct":92.75},"branches":{"total":15,"covered":11,"skipped":0,"pct":73.33}}
,"/Users/timcools/_/Lexy/lexy-typescript/src/parser/tokens/stringLiteralToken.ts": {"lines":{"total":40,"covered":34,"skipped":0,"pct":85},"functions":{"total":7,"covered":4,"skipped":0,"pct":57.14},"statements":{"total":40,"covered":34,"skipped":0,"pct":85},"branches":{"total":6,"covered":6,"skipped":0,"pct":100}}
,"/Users/timcools/_/Lexy/lexy-typescript/src/parser/tokens/tableSeparatorToken.ts": {"lines":{"total":30,"covered":22,"skipped":0,"pct":73.33},"functions":{"total":6,"covered":2,"skipped":0,"pct":33.33},"statements":{"total":30,"covered":22,"skipped":0,"pct":73.33},"branches":{"total":2,"covered":2,"skipped":0,"pct":100}}
,"/Users/timcools/_/Lexy/lexy-typescript/src/parser/tokens/token.ts": {"lines":{"total":29,"covered":29,"skipped":0,"pct":100},"functions":{"total":3,"covered":3,"skipped":0,"pct":100},"statements":{"total":29,"covered":29,"skipped":0,"pct":100},"branches":{"total":4,"covered":3,"skipped":0,"pct":75}}
,"/Users/timcools/_/Lexy/lexy-typescript/src/parser/tokens/tokenCharacter.ts": {"lines":{"total":15,"covered":13,"skipped":0,"pct":86.66},"functions":{"total":3,"covered":2,"skipped":0,"pct":66.66},"statements":{"total":15,"covered":13,"skipped":0,"pct":86.66},"branches":{"total":2,"covered":2,"skipped":0,"pct":100}}
,"/Users/timcools/_/Lexy/lexy-typescript/src/parser/tokens/tokenList.ts": {"lines":{"total":131,"covered":128,"skipped":0,"pct":97.7},"functions":{"total":21,"covered":21,"skipped":0,"pct":100},"statements":{"total":131,"covered":128,"skipped":0,"pct":97.7},"branches":{"total":35,"covered":28,"skipped":0,"pct":80}}
,"/Users/timcools/_/Lexy/lexy-typescript/src/parser/tokens/tokenType.ts": {"lines":{"total":15,"covered":15,"skipped":0,"pct":100},"functions":{"total":0,"covered":0,"skipped":0,"pct":100},"statements":{"total":15,"covered":15,"skipped":0,"pct":100},"branches":{"total":1,"covered":1,"skipped":0,"pct":100}}
,"/Users/timcools/_/Lexy/lexy-typescript/src/parser/tokens/tokenValues.ts": {"lines":{"total":44,"covered":44,"skipped":0,"pct":100},"functions":{"total":2,"covered":2,"skipped":0,"pct":100},"statements":{"total":44,"covered":44,"skipped":0,"pct":100},"branches":{"total":2,"covered":2,"skipped":0,"pct":100}}
,"/Users/timcools/_/Lexy/lexy-typescript/src/parser/tokens/tokenizeResult.ts": {"lines":{"total":30,"covered":30,"skipped":0,"pct":100},"functions":{"total":2,"covered":2,"skipped":0,"pct":100},"statements":{"total":30,"covered":30,"skipped":0,"pct":100},"branches":{"total":2,"covered":2,"skipped":0,"pct":100}}
,"/Users/timcools/_/Lexy/lexy-typescript/src/parser/tokens/tokenizer.ts": {"lines":{"total":147,"covered":140,"skipped":0,"pct":95.23},"functions":{"total":25,"covered":25,"skipped":0,"pct":100},"statements":{"total":147,"covered":140,"skipped":0,"pct":95.23},"branches":{"total":55,"covered":53,"skipped":0,"pct":96.36}}
,"/Users/timcools/_/Lexy/lexy-typescript/src/parser/tokens/whitespaceToken.ts": {"lines":{"total":31,"covered":29,"skipped":0,"pct":93.54},"functions":{"total":6,"covered":5,"skipped":0,"pct":83.33},"statements":{"total":31,"covered":29,"skipped":0,"pct":93.54},"branches":{"total":7,"covered":5,"skipped":0,"pct":71.42}}
,"/Users/timcools/_/Lexy/lexy-typescript/src/runTime/executionContext.ts": {"lines":{"total":117,"covered":115,"skipped":0,"pct":98.29},"functions":{"total":12,"covered":12,"skipped":0,"pct":100},"statements":{"total":117,"covered":115,"skipped":0,"pct":98.29},"branches":{"total":17,"covered":16,"skipped":0,"pct":94.11}}
,"/Users/timcools/_/Lexy/lexy-typescript/src/runTime/executionLogEntry.ts": {"lines":{"total":41,"covered":41,"skipped":0,"pct":100},"functions":{"total":6,"covered":6,"skipped":0,"pct":100},"statements":{"total":41,"covered":41,"skipped":0,"pct":100},"branches":{"total":6,"covered":6,"skipped":0,"pct":100}}
,"/Users/timcools/_/Lexy/lexy-typescript/src/runTime/functionResult.ts": {"lines":{"total":76,"covered":65,"skipped":0,"pct":85.52},"functions":{"total":7,"covered":6,"skipped":0,"pct":85.71},"statements":{"total":76,"covered":65,"skipped":0,"pct":85.52},"branches":{"total":13,"covered":9,"skipped":0,"pct":69.23}}
,"/Users/timcools/_/Lexy/lexy-typescript/src/runTime/systemFunctions.ts": {"lines":{"total":21,"covered":17,"skipped":0,"pct":80.95},"functions":{"total":3,"covered":2,"skipped":0,"pct":66.66},"statements":{"total":21,"covered":17,"skipped":0,"pct":80.95},"branches":{"total":9,"covered":9,"skipped":0,"pct":100}}
,"/Users/timcools/_/Lexy/lexy-typescript/src/runTime/validate.ts": {"lines":{"total":50,"covered":48,"skipped":0,"pct":96},"functions":{"total":5,"covered":5,"skipped":0,"pct":100},"statements":{"total":50,"covered":48,"skipped":0,"pct":96},"branches":{"total":29,"covered":28,"skipped":0,"pct":96.55}}
,"/Users/timcools/_/Lexy/lexy-typescript/src/runTime/libraries/dateLibrary.ts": {"lines":{"total":348,"covered":338,"skipped":0,"pct":97.12},"functions":{"total":34,"covered":33,"skipped":0,"pct":97.05},"statements":{"total":348,"covered":338,"skipped":0,"pct":97.12},"branches":{"total":47,"covered":38,"skipped":0,"pct":80.85}}
,"/Users/timcools/_/Lexy/lexy-typescript/src/runTime/libraries/libraryRuntime.ts": {"lines":{"total":15,"covered":15,"skipped":0,"pct":100},"functions":{"total":0,"covered":0,"skipped":0,"pct":100},"statements":{"total":15,"covered":15,"skipped":0,"pct":100},"branches":{"total":1,"covered":1,"skipped":0,"pct":100}}
,"/Users/timcools/_/Lexy/lexy-typescript/src/runTime/libraries/mathLibrary.ts": {"lines":{"total":35,"covered":35,"skipped":0,"pct":100},"functions":{"total":2,"covered":2,"skipped":0,"pct":100},"statements":{"total":35,"covered":35,"skipped":0,"pct":100},"branches":{"total":4,"covered":4,"skipped":0,"pct":100}}
,"/Users/timcools/_/Lexy/lexy-typescript/src/runTime/libraries/numberLibrary.ts": {"lines":{"total":40,"covered":40,"skipped":0,"pct":100},"functions":{"total":3,"covered":3,"skipped":0,"pct":100},"statements":{"total":40,"covered":40,"skipped":0,"pct":100},"branches":{"total":3,"covered":3,"skipped":0,"pct":100}}
,"/Users/timcools/_/Lexy/lexy-typescript/src/runTime/libraries/tableLibrary.ts": {"lines":{"total":121,"covered":117,"skipped":0,"pct":96.69},"functions":{"total":9,"covered":9,"skipped":0,"pct":100},"statements":{"total":121,"covered":117,"skipped":0,"pct":96.69},"branches":{"total":28,"covered":26,"skipped":0,"pct":92.85}}
,"/Users/timcools/_/Lexy/lexy-typescript/src/specifications/getValues.ts": {"lines":{"total":101,"covered":99,"skipped":0,"pct":98.01},"functions":{"total":9,"covered":9,"skipped":0,"pct":100},"statements":{"total":101,"covered":99,"skipped":0,"pct":98.01},"branches":{"total":24,"covered":20,"skipped":0,"pct":83.33}}
,"/Users/timcools/_/Lexy/lexy-typescript/src/specifications/scenarioRunner.ts": {"lines":{"total":334,"covered":280,"skipped":0,"pct":83.83},"functions":{"total":27,"covered":23,"skipped":0,"pct":85.18},"statements":{"total":334,"covered":280,"skipped":0,"pct":83.83},"branches":{"total":102,"covered":83,"skipped":0,"pct":81.37}}
,"/Users/timcools/_/Lexy/lexy-typescript/src/specifications/specificationFileRunner.ts": {"lines":{"total":112,"covered":101,"skipped":0,"pct":90.17},"functions":{"total":10,"covered":10,"skipped":0,"pct":100},"statements":{"total":112,"covered":101,"skipped":0,"pct":90.17},"branches":{"total":24,"covered":19,"skipped":0,"pct":79.16}}
,"/Users/timcools/_/Lexy/lexy-typescript/src/specifications/specificationRunnerContext.ts": {"lines":{"total":116,"covered":95,"skipped":0,"pct":81.89},"functions":{"total":13,"covered":10,"skipped":0,"pct":76.92},"statements":{"total":116,"covered":95,"skipped":0,"pct":81.89},"branches":{"total":13,"covered":13,"skipped":0,"pct":100}}
,"/Users/timcools/_/Lexy/lexy-typescript/src/specifications/specificationsLogEntry.ts": {"lines":{"total":28,"covered":28,"skipped":0,"pct":100},"functions":{"total":2,"covered":2,"skipped":0,"pct":100},"statements":{"total":28,"covered":28,"skipped":0,"pct":100},"branches":{"total":3,"covered":2,"skipped":0,"pct":66.66}}
,"/Users/timcools/_/Lexy/lexy-typescript/src/specifications/specificationsRunner.ts": {"lines":{"total":104,"covered":95,"skipped":0,"pct":91.34},"functions":{"total":9,"covered":8,"skipped":0,"pct":88.88},"statements":{"total":104,"covered":95,"skipped":0,"pct":91.34},"branches":{"total":15,"covered":11,"skipped":0,"pct":73.33}}
,"/Users/timcools/_/Lexy/lexy-typescript/src/specifications/typeConverter.ts": {"lines":{"total":49,"covered":0,"skipped":0,"pct":0},"functions":{"total":1,"covered":0,"skipped":0,"pct":0},"statements":{"total":49,"covered":0,"skipped":0,"pct":0},"branches":{"total":1,"covered":0,"skipped":0,"pct":0}}
,"/Users/timcools/_/Lexy/lexy-typescript/src/specifications/validateExecutionLogging.ts": {"lines":{"total":112,"covered":94,"skipped":0,"pct":83.92},"functions":{"total":11,"covered":10,"skipped":0,"pct":90.9},"statements":{"total":112,"covered":94,"skipped":0,"pct":83.92},"branches":{"total":38,"covered":24,"skipped":0,"pct":63.15}}
,"/Users/timcools/_/Lexy/lexy-typescript/tests/compileExpression.ts": {"lines":{"total":13,"covered":13,"skipped":0,"pct":100},"functions":{"total":2,"covered":2,"skipped":0,"pct":100},"statements":{"total":13,"covered":13,"skipped":0,"pct":100},"branches":{"total":2,"covered":2,"skipped":0,"pct":100}}
,"/Users/timcools/_/Lexy/lexy-typescript/tests/dummyLogger.ts": {"lines":{"total":17,"covered":13,"skipped":0,"pct":76.47},"functions":{"total":4,"covered":1,"skipped":0,"pct":25},"statements":{"total":17,"covered":13,"skipped":0,"pct":76.47},"branches":{"total":1,"covered":1,"skipped":0,"pct":100}}
,"/Users/timcools/_/Lexy/lexy-typescript/tests/expectSuccess.ts": {"lines":{"total":6,"covered":4,"skipped":0,"pct":66.66},"functions":{"total":1,"covered":1,"skipped":0,"pct":100},"statements":{"total":6,"covered":4,"skipped":0,"pct":66.66},"branches":{"total":2,"covered":1,"skipped":0,"pct":50}}
,"/Users/timcools/_/Lexy/lexy-typescript/tests/loggingConfiguration.ts": {"lines":{"total":183,"covered":136,"skipped":0,"pct":74.31},"functions":{"total":22,"covered":19,"skipped":0,"pct":86.36},"statements":{"total":183,"covered":136,"skipped":0,"pct":74.31},"branches":{"total":25,"covered":22,"skipped":0,"pct":88}}
,"/Users/timcools/_/Lexy/lexy-typescript/tests/nodeFileSystem.ts": {"lines":{"total":100,"covered":83,"skipped":0,"pct":83},"functions":{"total":13,"covered":11,"skipped":0,"pct":84.61},"statements":{"total":100,"covered":83,"skipped":0,"pct":83},"branches":{"total":31,"covered":25,"skipped":0,"pct":80.64}}
,"/Users/timcools/_/Lexy/lexy-typescript/tests/parseFunctions.ts": {"lines":{"total":78,"covered":76,"skipped":0,"pct":97.43},"functions":{"total":8,"covered":8,"skipped":0,"pct":100},"statements":{"total":78,"covered":76,"skipped":0,"pct":97.43},"branches":{"total":11,"covered":9,"skipped":0,"pct":81.81}}
,"/Users/timcools/_/Lexy/lexy-typescript/tests/runScenarios.ts": {"lines":{"total":36,"covered":36,"skipped":0,"pct":100},"functions":{"total":2,"covered":2,"skipped":0,"pct":100},"statements":{"total":36,"covered":36,"skipped":0,"pct":100},"branches":{"total":5,"covered":5,"skipped":0,"pct":100}}
,"/Users/timcools/_/Lexy/lexy-typescript/tests/validateOfType.ts": {"lines":{"total":9,"covered":6,"skipped":0,"pct":66.66},"functions":{"total":1,"covered":1,"skipped":0,"pct":100},"statements":{"total":9,"covered":6,"skipped":0,"pct":66.66},"branches":{"total":2,"covered":1,"skipped":0,"pct":50}}
,"/Users/timcools/_/Lexy/lexy-typescript/tests/verify.ts": {"lines":{"total":228,"covered":143,"skipped":0,"pct":62.71},"functions":{"total":31,"covered":17,"skipped":0,"pct":54.83},"statements":{"total":228,"covered":143,"skipped":0,"pct":62.71},"branches":{"total":25,"covered":20,"skipped":0,"pct":80}}
,"/Users/timcools/_/Lexy/lexy-typescript/tests/compiler/compileFunction.ts": {"lines":{"total":38,"covered":34,"skipped":0,"pct":89.47},"functions":{"total":2,"covered":2,"skipped":0,"pct":100},"statements":{"total":38,"covered":34,"skipped":0,"pct":89.47},"branches":{"total":9,"covered":7,"skipped":0,"pct":77.77}}
,"/Users/timcools/_/Lexy/lexy-typescript/tests/dependencyGraph/buildDependencyGraph.ts": {"lines":{"total":9,"covered":9,"skipped":0,"pct":100},"functions":{"total":1,"covered":1,"skipped":0,"pct":100},"statements":{"total":9,"covered":9,"skipped":0,"pct":100},"branches":{"total":2,"covered":2,"skipped":0,"pct":100}}
,"/Users/timcools/_/Lexy/lexy-typescript/tests/parser/testTokenCharacter.ts": {"lines":{"total":5,"covered":5,"skipped":0,"pct":100},"functions":{"total":1,"covered":1,"skipped":0,"pct":100},"statements":{"total":5,"covered":5,"skipped":0,"pct":100},"branches":{"total":1,"covered":1,"skipped":0,"pct":100}}
,"/Users/timcools/_/Lexy/lexy-typescript/tests/parser/tokenFactory.ts": {"lines":{"total":8,"covered":8,"skipped":0,"pct":100},"functions":{"total":1,"covered":1,"skipped":0,"pct":100},"statements":{"total":8,"covered":8,"skipped":0,"pct":100},"branches":{"total":1,"covered":1,"skipped":0,"pct":100}}
,"/Users/timcools/_/Lexy/lexy-typescript/tests/parser/tokenTestExtensions.ts": {"lines":{"total":7,"covered":7,"skipped":0,"pct":100},"functions":{"total":1,"covered":1,"skipped":0,"pct":100},"statements":{"total":7,"covered":7,"skipped":0,"pct":100},"branches":{"total":2,"covered":2,"skipped":0,"pct":100}}
,"/Users/timcools/_/Lexy/lexy-typescript/tests/parser/variableTypeExtensions.ts": {"lines":{"total":11,"covered":11,"skipped":0,"pct":100},"functions":{"total":1,"covered":1,"skipped":0,"pct":100},"statements":{"total":11,"covered":11,"skipped":0,"pct":100},"branches":{"total":1,"covered":1,"skipped":0,"pct":100}}
,"/Users/timcools/_/Lexy/lexy-typescript/tests/parser/expressionParser/expressionTestExtensions.ts": {"lines":{"total":56,"covered":56,"skipped":0,"pct":100},"functions":{"total":7,"covered":7,"skipped":0,"pct":100},"statements":{"total":56,"covered":56,"skipped":0,"pct":100},"branches":{"total":18,"covered":18,"skipped":0,"pct":100}}
,"/Users/timcools/_/Lexy/lexy-typescript/tests/parser/expressionParser/parseExpression.ts": {"lines":{"total":42,"covered":36,"skipped":0,"pct":85.71},"functions":{"total":2,"covered":2,"skipped":0,"pct":100},"statements":{"total":42,"covered":36,"skipped":0,"pct":85.71},"branches":{"total":5,"covered":2,"skipped":0,"pct":40}}
,"/Users/timcools/_/Lexy/lexy-typescript/tests/specifications/createRunner.ts": {"lines":{"total":17,"covered":17,"skipped":0,"pct":100},"functions":{"total":1,"covered":1,"skipped":0,"pct":100},"statements":{"total":17,"covered":17,"skipped":0,"pct":100},"branches":{"total":1,"covered":1,"skipped":0,"pct":100}}
,"/Users/timcools/_/Lexy/lexy-typescript/tests/tokenizer/tokenize.ts": {"lines":{"total":42,"covered":38,"skipped":0,"pct":90.47},"functions":{"total":2,"covered":2,"skipped":0,"pct":100},"statements":{"total":42,"covered":38,"skipped":0,"pct":90.47},"branches":{"total":4,"covered":2,"skipped":0,"pct":50}}
}
