{"total": {"lines":{"total":16049,"covered":8504,"skipped":0,"pct":52.98},"statements":{"total":16049,"covered":8504,"skipped":0,"pct":52.98},"functions":{"total":1199,"covered":620,"skipped":0,"pct":51.7},"branches":{"total":1320,"covered":839,"skipped":0,"pct":63.56},"branchesTrue":{"total":0,"covered":0,"skipped":0,"pct":100}}
,"/Users/timcools/_/Lexy/lexy-typescript/jest.config.ts": {"lines":{"total":28,"covered":0,"skipped":0,"pct":0},"functions":{"total":1,"covered":0,"skipped":0,"pct":0},"statements":{"total":28,"covered":0,"skipped":0,"pct":0},"branches":{"total":1,"covered":0,"skipped":0,"pct":0}}
,"/Users/timcools/_/Lexy/lexy-typescript/src/compileCode.ts": {"lines":{"total":18,"covered":12,"skipped":0,"pct":66.66},"functions":{"total":2,"covered":0,"skipped":0,"pct":0},"statements":{"total":18,"covered":12,"skipped":0,"pct":66.66},"branches":{"total":0,"covered":0,"skipped":0,"pct":100}}
,"/Users/timcools/_/Lexy/lexy-typescript/src/index.ts": {"lines":{"total":7,"covered":4,"skipped":0,"pct":57.14},"functions":{"total":5,"covered":2,"skipped":0,"pct":40},"statements":{"total":7,"covered":4,"skipped":0,"pct":57.14},"branches":{"total":22,"covered":7,"skipped":0,"pct":31.81}}
,"/Users/timcools/_/Lexy/lexy-typescript/src/dependencyGraph/dependencies.ts": {"lines":{"total":176,"covered":159,"skipped":0,"pct":90.34},"functions":{"total":20,"covered":17,"skipped":0,"pct":85},"statements":{"total":176,"covered":159,"skipped":0,"pct":90.34},"branches":{"total":43,"covered":36,"skipped":0,"pct":83.72}}
,"/Users/timcools/_/Lexy/lexy-typescript/src/dependencyGraph/dependencyGraphFactory.ts": {"lines":{"total":10,"covered":10,"skipped":0,"pct":100},"functions":{"total":1,"covered":1,"skipped":0,"pct":100},"statements":{"total":10,"covered":10,"skipped":0,"pct":100},"branches":{"total":1,"covered":1,"skipped":0,"pct":100}}
,"/Users/timcools/_/Lexy/lexy-typescript/src/dependencyGraph/dependencyNode.ts": {"lines":{"total":26,"covered":26,"skipped":0,"pct":100},"functions":{"total":5,"covered":5,"skipped":0,"pct":100},"statements":{"total":26,"covered":26,"skipped":0,"pct":100},"branches":{"total":5,"covered":5,"skipped":0,"pct":100}}
,"/Users/timcools/_/Lexy/lexy-typescript/src/formatting/formatLine.ts": {"lines":{"total":3,"covered":1,"skipped":0,"pct":33.33},"functions":{"total":1,"covered":0,"skipped":0,"pct":0},"statements":{"total":3,"covered":1,"skipped":0,"pct":33.33},"branches":{"total":0,"covered":0,"skipped":0,"pct":100}}
,"/Users/timcools/_/Lexy/lexy-typescript/src/functionLibraries/libraries.ts": {"lines":{"total":45,"covered":43,"skipped":0,"pct":95.55},"functions":{"total":6,"covered":5,"skipped":0,"pct":83.33},"statements":{"total":45,"covered":43,"skipped":0,"pct":95.55},"branches":{"total":6,"covered":6,"skipped":0,"pct":100}}
,"/Users/timcools/_/Lexy/lexy-typescript/src/functionLibraries/library.ts": {"lines":{"total":50,"covered":46,"skipped":0,"pct":92},"functions":{"total":5,"covered":4,"skipped":0,"pct":80},"statements":{"total":50,"covered":46,"skipped":0,"pct":92},"branches":{"total":6,"covered":5,"skipped":0,"pct":83.33}}
,"/Users/timcools/_/Lexy/lexy-typescript/src/functionLibraries/libraryFunction.ts": {"lines":{"total":71,"covered":42,"skipped":0,"pct":59.15},"functions":{"total":5,"covered":2,"skipped":0,"pct":40},"statements":{"total":71,"covered":42,"skipped":0,"pct":59.15},"branches":{"total":3,"covered":3,"skipped":0,"pct":100}}
,"/Users/timcools/_/Lexy/lexy-typescript/src/functionLibraries/libraryFunctionCall.ts": {"lines":{"total":25,"covered":8,"skipped":0,"pct":32},"functions":{"total":3,"covered":0,"skipped":0,"pct":0},"statements":{"total":25,"covered":8,"skipped":0,"pct":32},"branches":{"total":1,"covered":0,"skipped":0,"pct":0}}
,"/Users/timcools/_/Lexy/lexy-typescript/src/generation/compilerResult.ts": {"lines":{"total":37,"covered":33,"skipped":0,"pct":89.18},"functions":{"total":4,"covered":2,"skipped":0,"pct":50},"statements":{"total":37,"covered":33,"skipped":0,"pct":89.18},"branches":{"total":2,"covered":2,"skipped":0,"pct":100}}
,"/Users/timcools/_/Lexy/lexy-typescript/src/generation/executableFunction.ts": {"lines":{"total":79,"covered":68,"skipped":0,"pct":86.07},"functions":{"total":6,"covered":6,"skipped":0,"pct":100},"statements":{"total":79,"covered":68,"skipped":0,"pct":86.07},"branches":{"total":12,"covered":7,"skipped":0,"pct":58.33}}
,"/Users/timcools/_/Lexy/lexy-typescript/src/generation/generatedType.ts": {"lines":{"total":22,"covered":22,"skipped":0,"pct":100},"functions":{"total":1,"covered":1,"skipped":0,"pct":100},"statements":{"total":22,"covered":22,"skipped":0,"pct":100},"branches":{"total":2,"covered":2,"skipped":0,"pct":100}}
,"/Users/timcools/_/Lexy/lexy-typescript/src/generation/lexyCompiler.ts": {"lines":{"total":47,"covered":44,"skipped":0,"pct":93.61},"functions":{"total":4,"covered":4,"skipped":0,"pct":100},"statements":{"total":47,"covered":44,"skipped":0,"pct":93.61},"branches":{"total":7,"covered":5,"skipped":0,"pct":71.42}}
,"/Users/timcools/_/Lexy/lexy-typescript/src/generation/javaScript/classNames.ts": {"lines":{"total":36,"covered":30,"skipped":0,"pct":83.33},"functions":{"total":6,"covered":3,"skipped":0,"pct":50},"statements":{"total":36,"covered":30,"skipped":0,"pct":83.33},"branches":{"total":6,"covered":4,"skipped":0,"pct":66.66}}
,"/Users/timcools/_/Lexy/lexy-typescript/src/generation/javaScript/codeWriter.ts": {"lines":{"total":110,"covered":82,"skipped":0,"pct":74.54},"functions":{"total":17,"covered":11,"skipped":0,"pct":64.7},"statements":{"total":110,"covered":82,"skipped":0,"pct":74.54},"branches":{"total":19,"covered":17,"skipped":0,"pct":89.47}}
,"/Users/timcools/_/Lexy/lexy-typescript/src/generation/javaScript/compilationEnvironment.ts": {"lines":{"total":98,"covered":84,"skipped":0,"pct":85.71},"functions":{"total":6,"covered":6,"skipped":0,"pct":100},"statements":{"total":98,"covered":84,"skipped":0,"pct":85.71},"branches":{"total":12,"covered":7,"skipped":0,"pct":58.33}}
,"/Users/timcools/_/Lexy/lexy-typescript/src/generation/javaScript/generateJavaScriptCode.ts": {"lines":{"total":36,"covered":30,"skipped":0,"pct":83.33},"functions":{"total":1,"covered":1,"skipped":0,"pct":100},"statements":{"total":36,"covered":30,"skipped":0,"pct":83.33},"branches":{"total":8,"covered":1,"skipped":0,"pct":12.5}}
,"/Users/timcools/_/Lexy/lexy-typescript/src/generation/javaScript/lexyCodeConstants.ts": {"lines":{"total":23,"covered":23,"skipped":0,"pct":100},"functions":{"total":1,"covered":1,"skipped":0,"pct":100},"statements":{"total":23,"covered":23,"skipped":0,"pct":100},"branches":{"total":1,"covered":1,"skipped":0,"pct":100}}
,"/Users/timcools/_/Lexy/lexy-typescript/src/generation/javaScript/types.ts": {"lines":{"total":60,"covered":14,"skipped":0,"pct":23.33},"functions":{"total":2,"covered":0,"skipped":0,"pct":0},"statements":{"total":60,"covered":14,"skipped":0,"pct":23.33},"branches":{"total":0,"covered":0,"skipped":0,"pct":100}}
,"/Users/timcools/_/Lexy/lexy-typescript/src/generation/javaScript/components/createEnumCode.ts": {"lines":{"total":53,"covered":9,"skipped":0,"pct":16.98},"functions":{"total":2,"covered":0,"skipped":0,"pct":0},"statements":{"total":53,"covered":9,"skipped":0,"pct":16.98},"branches":{"total":0,"covered":0,"skipped":0,"pct":100}}
,"/Users/timcools/_/Lexy/lexy-typescript/src/generation/javaScript/components/createFunctionCode.ts": {"lines":{"total":117,"covered":117,"skipped":0,"pct":100},"functions":{"total":9,"covered":9,"skipped":0,"pct":100},"statements":{"total":117,"covered":117,"skipped":0,"pct":100},"branches":{"total":10,"covered":9,"skipped":0,"pct":90}}
,"/Users/timcools/_/Lexy/lexy-typescript/src/generation/javaScript/components/createTableCode.ts": {"lines":{"total":73,"covered":12,"skipped":0,"pct":16.43},"functions":{"total":3,"covered":0,"skipped":0,"pct":0},"statements":{"total":73,"covered":12,"skipped":0,"pct":16.43},"branches":{"total":0,"covered":0,"skipped":0,"pct":100}}
,"/Users/timcools/_/Lexy/lexy-typescript/src/generation/javaScript/components/createTypeCode.ts": {"lines":{"total":18,"covered":8,"skipped":0,"pct":44.44},"functions":{"total":1,"covered":0,"skipped":0,"pct":0},"statements":{"total":18,"covered":8,"skipped":0,"pct":44.44},"branches":{"total":0,"covered":0,"skipped":0,"pct":100}}
,"/Users/timcools/_/Lexy/lexy-typescript/src/generation/javaScript/expressionStatements/autoMapLexyFunctionStatement.ts": {"lines":{"total":41,"covered":23,"skipped":0,"pct":56.09},"functions":{"total":3,"covered":1,"skipped":0,"pct":33.33},"statements":{"total":41,"covered":23,"skipped":0,"pct":56.09},"branches":{"total":1,"covered":1,"skipped":0,"pct":100}}
,"/Users/timcools/_/Lexy/lexy-typescript/src/generation/javaScript/expressionStatements/extractFunctionStatement.ts": {"lines":{"total":52,"covered":29,"skipped":0,"pct":55.76},"functions":{"total":4,"covered":1,"skipped":0,"pct":25},"statements":{"total":52,"covered":29,"skipped":0,"pct":55.76},"branches":{"total":2,"covered":1,"skipped":0,"pct":50}}
,"/Users/timcools/_/Lexy/lexy-typescript/src/generation/javaScript/expressionStatements/fillFunctionStatement.ts": {"lines":{"total":61,"covered":29,"skipped":0,"pct":47.54},"functions":{"total":3,"covered":1,"skipped":0,"pct":33.33},"statements":{"total":61,"covered":29,"skipped":0,"pct":47.54},"branches":{"total":2,"covered":1,"skipped":0,"pct":50}}
,"/Users/timcools/_/Lexy/lexy-typescript/src/generation/javaScript/expressionStatements/newFunctionStatement.ts": {"lines":{"total":37,"covered":18,"skipped":0,"pct":48.64},"functions":{"total":2,"covered":1,"skipped":0,"pct":50},"statements":{"total":37,"covered":18,"skipped":0,"pct":48.64},"branches":{"total":2,"covered":1,"skipped":0,"pct":50}}
,"/Users/timcools/_/Lexy/lexy-typescript/src/generation/javaScript/expressionStatements/renderExpressionStatement.ts": {"lines":{"total":56,"covered":54,"skipped":0,"pct":96.42},"functions":{"total":6,"covered":5,"skipped":0,"pct":83.33},"statements":{"total":56,"covered":54,"skipped":0,"pct":96.42},"branches":{"total":6,"covered":6,"skipped":0,"pct":100}}
,"/Users/timcools/_/Lexy/lexy-typescript/src/generation/javaScript/functionCalls/lexyFunctionCallRenderer.ts": {"lines":{"total":91,"covered":31,"skipped":0,"pct":34.06},"functions":{"total":5,"covered":0,"skipped":0,"pct":0},"statements":{"total":91,"covered":31,"skipped":0,"pct":34.06},"branches":{"total":0,"covered":0,"skipped":0,"pct":100}}
,"/Users/timcools/_/Lexy/lexy-typescript/src/generation/javaScript/functionCalls/libraryFunctionCallRenderer.ts": {"lines":{"total":40,"covered":20,"skipped":0,"pct":50},"functions":{"total":3,"covered":0,"skipped":0,"pct":0},"statements":{"total":40,"covered":20,"skipped":0,"pct":50},"branches":{"total":0,"covered":0,"skipped":0,"pct":100}}
,"/Users/timcools/_/Lexy/lexy-typescript/src/generation/javaScript/functionCalls/renderFunctionCall.ts": {"lines":{"total":62,"covered":27,"skipped":0,"pct":43.54},"functions":{"total":5,"covered":0,"skipped":0,"pct":0},"statements":{"total":62,"covered":27,"skipped":0,"pct":43.54},"branches":{"total":0,"covered":0,"skipped":0,"pct":100}}
,"/Users/timcools/_/Lexy/lexy-typescript/src/generation/javaScript/functionCalls/tableLookUpFunctionCallRenderer.ts": {"lines":{"total":44,"covered":20,"skipped":0,"pct":45.45},"functions":{"total":2,"covered":0,"skipped":0,"pct":0},"statements":{"total":44,"covered":20,"skipped":0,"pct":45.45},"branches":{"total":0,"covered":0,"skipped":0,"pct":100}}
,"/Users/timcools/_/Lexy/lexy-typescript/src/generation/javaScript/functionCalls/tableLookUpRowFunctionCallRenderer.ts": {"lines":{"total":43,"covered":20,"skipped":0,"pct":46.51},"functions":{"total":2,"covered":0,"skipped":0,"pct":0},"statements":{"total":43,"covered":20,"skipped":0,"pct":46.51},"branches":{"total":0,"covered":0,"skipped":0,"pct":100}}
,"/Users/timcools/_/Lexy/lexy-typescript/src/generation/javaScript/renderers/customVariableIdentifier.ts": {"lines":{"total":28,"covered":9,"skipped":0,"pct":32.14},"functions":{"total":1,"covered":0,"skipped":0,"pct":0},"statements":{"total":28,"covered":9,"skipped":0,"pct":32.14},"branches":{"total":0,"covered":0,"skipped":0,"pct":100}}
,"/Users/timcools/_/Lexy/lexy-typescript/src/generation/javaScript/renderers/rendeLogCalls.ts": {"lines":{"total":52,"covered":50,"skipped":0,"pct":96.15},"functions":{"total":7,"covered":7,"skipped":0,"pct":100},"statements":{"total":52,"covered":50,"skipped":0,"pct":96.15},"branches":{"total":11,"covered":9,"skipped":0,"pct":81.81}}
,"/Users/timcools/_/Lexy/lexy-typescript/src/generation/javaScript/renderers/renderExpression.ts": {"lines":{"total":369,"covered":170,"skipped":0,"pct":46.07},"functions":{"total":23,"covered":10,"skipped":0,"pct":43.47},"statements":{"total":369,"covered":170,"skipped":0,"pct":46.07},"branches":{"total":47,"covered":14,"skipped":0,"pct":29.78}}
,"/Users/timcools/_/Lexy/lexy-typescript/src/generation/javaScript/renderers/renderVariableClass.ts": {"lines":{"total":174,"covered":126,"skipped":0,"pct":72.41},"functions":{"total":10,"covered":9,"skipped":0,"pct":90},"statements":{"total":174,"covered":126,"skipped":0,"pct":72.41},"branches":{"total":23,"covered":9,"skipped":0,"pct":39.13}}
,"/Users/timcools/_/Lexy/lexy-typescript/src/generation/javaScript/renderers/renderVariableReference.ts": {"lines":{"total":39,"covered":33,"skipped":0,"pct":84.61},"functions":{"total":2,"covered":2,"skipped":0,"pct":100},"statements":{"total":39,"covered":33,"skipped":0,"pct":84.61},"branches":{"total":10,"covered":4,"skipped":0,"pct":40}}
,"/Users/timcools/_/Lexy/lexy-typescript/src/generation/javaScript/renderers/translateParentVariableClassName.ts": {"lines":{"total":20,"covered":16,"skipped":0,"pct":80},"functions":{"total":1,"covered":1,"skipped":0,"pct":100},"statements":{"total":20,"covered":16,"skipped":0,"pct":80},"branches":{"total":6,"covered":1,"skipped":0,"pct":16.66}}
,"/Users/timcools/_/Lexy/lexy-typescript/src/generation/javaScript/renderers/variableMapping.ts": {"lines":{"total":16,"covered":6,"skipped":0,"pct":37.5},"functions":{"total":1,"covered":0,"skipped":0,"pct":0},"statements":{"total":16,"covered":6,"skipped":0,"pct":37.5},"branches":{"total":0,"covered":0,"skipped":0,"pct":100}}
,"/Users/timcools/_/Lexy/lexy-typescript/src/infrastructure/IFileSystem.ts": {"lines":{"total":20,"covered":0,"skipped":0,"pct":0},"functions":{"total":1,"covered":0,"skipped":0,"pct":0},"statements":{"total":20,"covered":0,"skipped":0,"pct":0},"branches":{"total":1,"covered":0,"skipped":0,"pct":0}}
,"/Users/timcools/_/Lexy/lexy-typescript/src/infrastructure/arrayFunctions.ts": {"lines":{"total":143,"covered":64,"skipped":0,"pct":44.75},"functions":{"total":15,"covered":5,"skipped":0,"pct":33.33},"statements":{"total":143,"covered":64,"skipped":0,"pct":44.75},"branches":{"total":16,"covered":13,"skipped":0,"pct":81.25}}
,"/Users/timcools/_/Lexy/lexy-typescript/src/infrastructure/assert.ts": {"lines":{"total":16,"covered":12,"skipped":0,"pct":75},"functions":{"total":2,"covered":2,"skipped":0,"pct":100},"statements":{"total":16,"covered":12,"skipped":0,"pct":75},"branches":{"total":4,"covered":2,"skipped":0,"pct":50}}
,"/Users/timcools/_/Lexy/lexy-typescript/src/infrastructure/deepCopy.ts": {"lines":{"total":33,"covered":27,"skipped":0,"pct":81.81},"functions":{"total":5,"covered":3,"skipped":0,"pct":60},"statements":{"total":33,"covered":27,"skipped":0,"pct":81.81},"branches":{"total":13,"covered":8,"skipped":0,"pct":61.53}}
,"/Users/timcools/_/Lexy/lexy-typescript/src/infrastructure/formatting.ts": {"lines":{"total":28,"covered":3,"skipped":0,"pct":10.71},"functions":{"total":2,"covered":0,"skipped":0,"pct":0},"statements":{"total":28,"covered":3,"skipped":0,"pct":10.71},"branches":{"total":0,"covered":0,"skipped":0,"pct":100}}
,"/Users/timcools/_/Lexy/lexy-typescript/src/infrastructure/logger.ts": {"lines":{"total":31,"covered":23,"skipped":0,"pct":74.19},"functions":{"total":4,"covered":0,"skipped":0,"pct":0},"statements":{"total":31,"covered":23,"skipped":0,"pct":74.19},"branches":{"total":1,"covered":1,"skipped":0,"pct":100}}
,"/Users/timcools/_/Lexy/lexy-typescript/src/infrastructure/nameOf.ts": {"lines":{"total":1,"covered":0,"skipped":0,"pct":0},"functions":{"total":1,"covered":0,"skipped":0,"pct":0},"statements":{"total":1,"covered":0,"skipped":0,"pct":0},"branches":{"total":1,"covered":0,"skipped":0,"pct":0}}
,"/Users/timcools/_/Lexy/lexy-typescript/src/infrastructure/replaceAll.ts": {"lines":{"total":7,"covered":7,"skipped":0,"pct":100},"functions":{"total":2,"covered":2,"skipped":0,"pct":100},"statements":{"total":7,"covered":7,"skipped":0,"pct":100},"branches":{"total":2,"covered":2,"skipped":0,"pct":100}}
,"/Users/timcools/_/Lexy/lexy-typescript/src/infrastructure/stack.ts": {"lines":{"total":26,"covered":26,"skipped":0,"pct":100},"functions":{"total":5,"covered":5,"skipped":0,"pct":100},"statements":{"total":26,"covered":26,"skipped":0,"pct":100},"branches":{"total":7,"covered":7,"skipped":0,"pct":100}}
,"/Users/timcools/_/Lexy/lexy-typescript/src/infrastructure/stringArrayBuilder.ts": {"lines":{"total":34,"covered":0,"skipped":0,"pct":0},"functions":{"total":1,"covered":0,"skipped":0,"pct":0},"statements":{"total":34,"covered":0,"skipped":0,"pct":0},"branches":{"total":1,"covered":0,"skipped":0,"pct":0}}
,"/Users/timcools/_/Lexy/lexy-typescript/src/infrastructure/validationFunctions.ts": {"lines":{"total":3,"covered":3,"skipped":0,"pct":100},"functions":{"total":1,"covered":1,"skipped":0,"pct":100},"statements":{"total":3,"covered":3,"skipped":0,"pct":100},"branches":{"total":1,"covered":1,"skipped":0,"pct":100}}
,"/Users/timcools/_/Lexy/lexy-typescript/src/language/IHasNodeDependencies.ts": {"lines":{"total":15,"covered":15,"skipped":0,"pct":100},"functions":{"total":2,"covered":2,"skipped":0,"pct":100},"statements":{"total":15,"covered":15,"skipped":0,"pct":100},"branches":{"total":4,"covered":4,"skipped":0,"pct":100}}
,"/Users/timcools/_/Lexy/lexy-typescript/src/language/comments.ts": {"lines":{"total":41,"covered":25,"skipped":0,"pct":60.97},"functions":{"total":5,"covered":2,"skipped":0,"pct":40},"statements":{"total":41,"covered":25,"skipped":0,"pct":60.97},"branches":{"total":2,"covered":2,"skipped":0,"pct":100}}
,"/Users/timcools/_/Lexy/lexy-typescript/src/language/componentNode.ts": {"lines":{"total":27,"covered":27,"skipped":0,"pct":100},"functions":{"total":4,"covered":4,"skipped":0,"pct":100},"statements":{"total":27,"covered":27,"skipped":0,"pct":100},"branches":{"total":6,"covered":6,"skipped":0,"pct":100}}
,"/Users/timcools/_/Lexy/lexy-typescript/src/language/componentNodeList.ts": {"lines":{"total":121,"covered":76,"skipped":0,"pct":62.8},"functions":{"total":15,"covered":4,"skipped":0,"pct":26.66},"statements":{"total":121,"covered":76,"skipped":0,"pct":62.8},"branches":{"total":6,"covered":4,"skipped":0,"pct":66.66}}
,"/Users/timcools/_/Lexy/lexy-typescript/src/language/duplicateChecker.ts": {"lines":{"total":22,"covered":20,"skipped":0,"pct":90.9},"functions":{"total":1,"covered":1,"skipped":0,"pct":100},"statements":{"total":22,"covered":20,"skipped":0,"pct":90.9},"branches":{"total":2,"covered":1,"skipped":0,"pct":50}}
,"/Users/timcools/_/Lexy/lexy-typescript/src/language/identifierPath.ts": {"lines":{"total":68,"covered":49,"skipped":0,"pct":72.05},"functions":{"total":13,"covered":7,"skipped":0,"pct":53.84},"statements":{"total":68,"covered":49,"skipped":0,"pct":72.05},"branches":{"total":8,"covered":7,"skipped":0,"pct":87.5}}
,"/Users/timcools/_/Lexy/lexy-typescript/src/language/include.ts": {"lines":{"total":62,"covered":12,"skipped":0,"pct":19.35},"functions":{"total":2,"covered":1,"skipped":0,"pct":50},"statements":{"total":62,"covered":12,"skipped":0,"pct":19.35},"branches":{"total":2,"covered":1,"skipped":0,"pct":50}}
,"/Users/timcools/_/Lexy/lexy-typescript/src/language/lexyScriptNode.ts": {"lines":{"total":127,"covered":105,"skipped":0,"pct":82.67},"functions":{"total":12,"covered":9,"skipped":0,"pct":75},"statements":{"total":127,"covered":105,"skipped":0,"pct":82.67},"branches":{"total":22,"covered":12,"skipped":0,"pct":54.54}}
,"/Users/timcools/_/Lexy/lexy-typescript/src/language/node.ts": {"lines":{"total":52,"covered":52,"skipped":0,"pct":100},"functions":{"total":5,"covered":5,"skipped":0,"pct":100},"statements":{"total":52,"covered":52,"skipped":0,"pct":100},"branches":{"total":7,"covered":6,"skipped":0,"pct":85.71}}
,"/Users/timcools/_/Lexy/lexy-typescript/src/language/nodeType.ts": {"lines":{"total":60,"covered":60,"skipped":0,"pct":100},"functions":{"total":0,"covered":0,"skipped":0,"pct":100},"statements":{"total":60,"covered":60,"skipped":0,"pct":100},"branches":{"total":1,"covered":1,"skipped":0,"pct":100}}
,"/Users/timcools/_/Lexy/lexy-typescript/src/language/nodesWalker.ts": {"lines":{"total":18,"covered":18,"skipped":0,"pct":100},"functions":{"total":2,"covered":2,"skipped":0,"pct":100},"statements":{"total":18,"covered":18,"skipped":0,"pct":100},"branches":{"total":3,"covered":3,"skipped":0,"pct":100}}
,"/Users/timcools/_/Lexy/lexy-typescript/src/language/parsableNode.ts": {"lines":{"total":28,"covered":28,"skipped":0,"pct":100},"functions":{"total":4,"covered":4,"skipped":0,"pct":100},"statements":{"total":28,"covered":28,"skipped":0,"pct":100},"branches":{"total":5,"covered":4,"skipped":0,"pct":80}}
,"/Users/timcools/_/Lexy/lexy-typescript/src/language/parsableNodeIndex.ts": {"lines":{"total":38,"covered":36,"skipped":0,"pct":94.73},"functions":{"total":6,"covered":6,"skipped":0,"pct":100},"statements":{"total":38,"covered":36,"skipped":0,"pct":94.73},"branches":{"total":10,"covered":9,"skipped":0,"pct":90}}
,"/Users/timcools/_/Lexy/lexy-typescript/src/language/variableDefinition.ts": {"lines":{"total":114,"covered":88,"skipped":0,"pct":77.19},"functions":{"total":9,"covered":7,"skipped":0,"pct":77.77},"statements":{"total":114,"covered":88,"skipped":0,"pct":77.19},"branches":{"total":16,"covered":7,"skipped":0,"pct":43.75}}
,"/Users/timcools/_/Lexy/lexy-typescript/src/language/variableReference.ts": {"lines":{"total":22,"covered":20,"skipped":0,"pct":90.9},"functions":{"total":2,"covered":1,"skipped":0,"pct":50},"statements":{"total":22,"covered":20,"skipped":0,"pct":90.9},"branches":{"total":1,"covered":1,"skipped":0,"pct":100}}
,"/Users/timcools/_/Lexy/lexy-typescript/src/language/variableSource.ts": {"lines":{"total":7,"covered":7,"skipped":0,"pct":100},"functions":{"total":0,"covered":0,"skipped":0,"pct":100},"statements":{"total":7,"covered":7,"skipped":0,"pct":100},"branches":{"total":1,"covered":1,"skipped":0,"pct":100}}
,"/Users/timcools/_/Lexy/lexy-typescript/src/language/variableTypes.ts": {"lines":{"total":1,"covered":0,"skipped":0,"pct":0},"functions":{"total":1,"covered":0,"skipped":0,"pct":0},"statements":{"total":1,"covered":0,"skipped":0,"pct":0},"branches":{"total":1,"covered":0,"skipped":0,"pct":0}}
,"/Users/timcools/_/Lexy/lexy-typescript/src/language/enums/enumDefinition.ts": {"lines":{"total":70,"covered":41,"skipped":0,"pct":58.57},"functions":{"total":10,"covered":2,"skipped":0,"pct":20},"statements":{"total":70,"covered":41,"skipped":0,"pct":58.57},"branches":{"total":2,"covered":2,"skipped":0,"pct":100}}
,"/Users/timcools/_/Lexy/lexy-typescript/src/language/enums/enumMember.ts": {"lines":{"total":95,"covered":15,"skipped":0,"pct":15.78},"functions":{"total":3,"covered":0,"skipped":0,"pct":0},"statements":{"total":95,"covered":15,"skipped":0,"pct":15.78},"branches":{"total":1,"covered":0,"skipped":0,"pct":0}}
,"/Users/timcools/_/Lexy/lexy-typescript/src/language/enums/enumName.ts": {"lines":{"total":40,"covered":30,"skipped":0,"pct":75},"functions":{"total":6,"covered":3,"skipped":0,"pct":50},"statements":{"total":40,"covered":30,"skipped":0,"pct":75},"branches":{"total":3,"covered":3,"skipped":0,"pct":100}}
,"/Users/timcools/_/Lexy/lexy-typescript/src/language/expressions/IChildExpression.ts": {"lines":{"total":28,"covered":24,"skipped":0,"pct":85.71},"functions":{"total":4,"covered":2,"skipped":0,"pct":50},"statements":{"total":28,"covered":24,"skipped":0,"pct":85.71},"branches":{"total":3,"covered":2,"skipped":0,"pct":66.66}}
,"/Users/timcools/_/Lexy/lexy-typescript/src/language/expressions/IHasVariableReference.ts": {"lines":{"total":14,"covered":14,"skipped":0,"pct":100},"functions":{"total":2,"covered":2,"skipped":0,"pct":100},"statements":{"total":14,"covered":14,"skipped":0,"pct":100},"branches":{"total":4,"covered":4,"skipped":0,"pct":100}}
,"/Users/timcools/_/Lexy/lexy-typescript/src/language/expressions/argumentList.ts": {"lines":{"total":83,"covered":20,"skipped":0,"pct":24.09},"functions":{"total":4,"covered":0,"skipped":0,"pct":0},"statements":{"total":83,"covered":20,"skipped":0,"pct":24.09},"branches":{"total":1,"covered":0,"skipped":0,"pct":0}}
,"/Users/timcools/_/Lexy/lexy-typescript/src/language/expressions/argumentTokenParseResult.ts": {"lines":{"total":27,"covered":17,"skipped":0,"pct":62.96},"functions":{"total":2,"covered":0,"skipped":0,"pct":0},"statements":{"total":27,"covered":17,"skipped":0,"pct":62.96},"branches":{"total":0,"covered":0,"skipped":0,"pct":100}}
,"/Users/timcools/_/Lexy/lexy-typescript/src/language/expressions/assignmentExpression.ts": {"lines":{"total":107,"covered":97,"skipped":0,"pct":90.65},"functions":{"total":10,"covered":9,"skipped":0,"pct":90},"statements":{"total":107,"covered":97,"skipped":0,"pct":90.65},"branches":{"total":19,"covered":11,"skipped":0,"pct":57.89}}
,"/Users/timcools/_/Lexy/lexy-typescript/src/language/expressions/binaryExpression.ts": {"lines":{"total":301,"covered":268,"skipped":0,"pct":89.03},"functions":{"total":17,"covered":17,"skipped":0,"pct":100},"statements":{"total":301,"covered":268,"skipped":0,"pct":89.03},"branches":{"total":56,"covered":35,"skipped":0,"pct":62.5}}
,"/Users/timcools/_/Lexy/lexy-typescript/src/language/expressions/bracketedExpression.ts": {"lines":{"total":93,"covered":25,"skipped":0,"pct":26.88},"functions":{"total":4,"covered":1,"skipped":0,"pct":25},"statements":{"total":93,"covered":25,"skipped":0,"pct":26.88},"branches":{"total":4,"covered":3,"skipped":0,"pct":75}}
,"/Users/timcools/_/Lexy/lexy-typescript/src/language/expressions/caseExpression.ts": {"lines":{"total":103,"covered":24,"skipped":0,"pct":23.3},"functions":{"total":4,"covered":1,"skipped":0,"pct":25},"statements":{"total":103,"covered":24,"skipped":0,"pct":23.3},"branches":{"total":2,"covered":1,"skipped":0,"pct":50}}
,"/Users/timcools/_/Lexy/lexy-typescript/src/language/expressions/elseExpression.ts": {"lines":{"total":85,"covered":24,"skipped":0,"pct":28.23},"functions":{"total":4,"covered":1,"skipped":0,"pct":25},"statements":{"total":85,"covered":24,"skipped":0,"pct":28.23},"branches":{"total":2,"covered":1,"skipped":0,"pct":50}}
,"/Users/timcools/_/Lexy/lexy-typescript/src/language/expressions/elseifExpression.ts": {"lines":{"total":104,"covered":28,"skipped":0,"pct":26.92},"functions":{"total":4,"covered":1,"skipped":0,"pct":25},"statements":{"total":104,"covered":28,"skipped":0,"pct":26.92},"branches":{"total":2,"covered":1,"skipped":0,"pct":50}}
,"/Users/timcools/_/Lexy/lexy-typescript/src/language/expressions/expression.ts": {"lines":{"total":41,"covered":32,"skipped":0,"pct":78.04},"functions":{"total":6,"covered":4,"skipped":0,"pct":66.66},"statements":{"total":41,"covered":32,"skipped":0,"pct":78.04},"branches":{"total":5,"covered":4,"skipped":0,"pct":80}}
,"/Users/timcools/_/Lexy/lexy-typescript/src/language/expressions/expressionFactory.ts": {"lines":{"total":61,"covered":58,"skipped":0,"pct":95.08},"functions":{"total":2,"covered":2,"skipped":0,"pct":100},"statements":{"total":61,"covered":58,"skipped":0,"pct":95.08},"branches":{"total":5,"covered":4,"skipped":0,"pct":80}}
,"/Users/timcools/_/Lexy/lexy-typescript/src/language/expressions/expressionList.ts": {"lines":{"total":82,"covered":59,"skipped":0,"pct":71.95},"functions":{"total":11,"covered":5,"skipped":0,"pct":45.45},"statements":{"total":82,"covered":59,"skipped":0,"pct":71.95},"branches":{"total":7,"covered":5,"skipped":0,"pct":71.42}}
,"/Users/timcools/_/Lexy/lexy-typescript/src/language/expressions/expressionOperator.ts": {"lines":{"total":15,"covered":15,"skipped":0,"pct":100},"functions":{"total":0,"covered":0,"skipped":0,"pct":100},"statements":{"total":15,"covered":15,"skipped":0,"pct":100},"branches":{"total":1,"covered":1,"skipped":0,"pct":100}}
,"/Users/timcools/_/Lexy/lexy-typescript/src/language/expressions/expressionSource.ts": {"lines":{"total":27,"covered":27,"skipped":0,"pct":100},"functions":{"total":2,"covered":2,"skipped":0,"pct":100},"statements":{"total":27,"covered":27,"skipped":0,"pct":100},"branches":{"total":4,"covered":2,"skipped":0,"pct":50}}
,"/Users/timcools/_/Lexy/lexy-typescript/src/language/expressions/getReadVariableUsage.ts": {"lines":{"total":37,"covered":30,"skipped":0,"pct":81.08},"functions":{"total":3,"covered":2,"skipped":0,"pct":66.66},"statements":{"total":37,"covered":30,"skipped":0,"pct":81.08},"branches":{"total":6,"covered":5,"skipped":0,"pct":83.33}}
,"/Users/timcools/_/Lexy/lexy-typescript/src/language/expressions/identifierExpression.ts": {"lines":{"total":85,"covered":81,"skipped":0,"pct":95.29},"functions":{"total":12,"covered":11,"skipped":0,"pct":91.66},"statements":{"total":85,"covered":81,"skipped":0,"pct":95.29},"branches":{"total":16,"covered":12,"skipped":0,"pct":75}}
,"/Users/timcools/_/Lexy/lexy-typescript/src/language/expressions/ifExpression.ts": {"lines":{"total":114,"covered":30,"skipped":0,"pct":26.31},"functions":{"total":4,"covered":1,"skipped":0,"pct":25},"statements":{"total":114,"covered":30,"skipped":0,"pct":26.31},"branches":{"total":2,"covered":1,"skipped":0,"pct":50}}
,"/Users/timcools/_/Lexy/lexy-typescript/src/language/expressions/literalExpression.ts": {"lines":{"total":82,"covered":69,"skipped":0,"pct":84.14},"functions":{"total":10,"covered":9,"skipped":0,"pct":90},"statements":{"total":82,"covered":69,"skipped":0,"pct":84.14},"branches":{"total":19,"covered":13,"skipped":0,"pct":68.42}}
,"/Users/timcools/_/Lexy/lexy-typescript/src/language/expressions/mapping.ts": {"lines":{"total":45,"covered":19,"skipped":0,"pct":42.22},"functions":{"total":3,"covered":0,"skipped":0,"pct":0},"statements":{"total":45,"covered":19,"skipped":0,"pct":42.22},"branches":{"total":1,"covered":0,"skipped":0,"pct":0}}
,"/Users/timcools/_/Lexy/lexy-typescript/src/language/expressions/memberAccessExpression.ts": {"lines":{"total":93,"covered":32,"skipped":0,"pct":34.4},"functions":{"total":4,"covered":3,"skipped":0,"pct":75},"statements":{"total":93,"covered":32,"skipped":0,"pct":34.4},"branches":{"total":6,"covered":4,"skipped":0,"pct":66.66}}
,"/Users/timcools/_/Lexy/lexy-typescript/src/language/expressions/parenthesizedExpression.ts": {"lines":{"total":86,"covered":22,"skipped":0,"pct":25.58},"functions":{"total":4,"covered":1,"skipped":0,"pct":25},"statements":{"total":86,"covered":22,"skipped":0,"pct":25.58},"branches":{"total":2,"covered":1,"skipped":0,"pct":50}}
,"/Users/timcools/_/Lexy/lexy-typescript/src/language/expressions/parseExpressionResult.ts": {"lines":{"total":27,"covered":22,"skipped":0,"pct":81.48},"functions":{"total":2,"covered":1,"skipped":0,"pct":50},"statements":{"total":27,"covered":22,"skipped":0,"pct":81.48},"branches":{"total":1,"covered":1,"skipped":0,"pct":100}}
,"/Users/timcools/_/Lexy/lexy-typescript/src/language/expressions/parseExpressionsResult.ts": {"lines":{"total":27,"covered":17,"skipped":0,"pct":62.96},"functions":{"total":2,"covered":0,"skipped":0,"pct":0},"statements":{"total":27,"covered":17,"skipped":0,"pct":62.96},"branches":{"total":0,"covered":0,"skipped":0,"pct":100}}
,"/Users/timcools/_/Lexy/lexy-typescript/src/language/expressions/parseFunctionCallExpressionResult.ts": {"lines":{"total":27,"covered":17,"skipped":0,"pct":62.96},"functions":{"total":2,"covered":0,"skipped":0,"pct":0},"statements":{"total":27,"covered":17,"skipped":0,"pct":62.96},"branches":{"total":0,"covered":0,"skipped":0,"pct":100}}
,"/Users/timcools/_/Lexy/lexy-typescript/src/language/expressions/sourceFile.ts": {"lines":{"total":1,"covered":0,"skipped":0,"pct":0},"functions":{"total":1,"covered":0,"skipped":0,"pct":0},"statements":{"total":1,"covered":0,"skipped":0,"pct":0},"branches":{"total":1,"covered":0,"skipped":0,"pct":0}}
,"/Users/timcools/_/Lexy/lexy-typescript/src/language/expressions/spreadAssignmentExpression.ts": {"lines":{"total":84,"covered":29,"skipped":0,"pct":34.52},"functions":{"total":4,"covered":2,"skipped":0,"pct":50},"statements":{"total":84,"covered":29,"skipped":0,"pct":34.52},"branches":{"total":5,"covered":3,"skipped":0,"pct":60}}
,"/Users/timcools/_/Lexy/lexy-typescript/src/language/expressions/spreadExpression.ts": {"lines":{"total":59,"covered":23,"skipped":0,"pct":38.98},"functions":{"total":4,"covered":1,"skipped":0,"pct":25},"statements":{"total":59,"covered":23,"skipped":0,"pct":38.98},"branches":{"total":3,"covered":2,"skipped":0,"pct":66.66}}
,"/Users/timcools/_/Lexy/lexy-typescript/src/language/expressions/switchExpression.ts": {"lines":{"total":110,"covered":24,"skipped":0,"pct":21.81},"functions":{"total":4,"covered":1,"skipped":0,"pct":25},"statements":{"total":110,"covered":24,"skipped":0,"pct":21.81},"branches":{"total":2,"covered":1,"skipped":0,"pct":50}}
,"/Users/timcools/_/Lexy/lexy-typescript/src/language/expressions/variableAccess.ts": {"lines":{"total":4,"covered":4,"skipped":0,"pct":100},"functions":{"total":0,"covered":0,"skipped":0,"pct":100},"statements":{"total":4,"covered":4,"skipped":0,"pct":100},"branches":{"total":1,"covered":1,"skipped":0,"pct":100}}
,"/Users/timcools/_/Lexy/lexy-typescript/src/language/expressions/variableDeclarationExpression.ts": {"lines":{"total":148,"covered":44,"skipped":0,"pct":29.72},"functions":{"total":4,"covered":3,"skipped":0,"pct":75},"statements":{"total":148,"covered":44,"skipped":0,"pct":29.72},"branches":{"total":17,"covered":6,"skipped":0,"pct":35.29}}
,"/Users/timcools/_/Lexy/lexy-typescript/src/language/expressions/variableUsage.ts": {"lines":{"total":23,"covered":19,"skipped":0,"pct":82.6},"functions":{"total":3,"covered":1,"skipped":0,"pct":33.33},"statements":{"total":23,"covered":19,"skipped":0,"pct":82.6},"branches":{"total":1,"covered":1,"skipped":0,"pct":100}}
,"/Users/timcools/_/Lexy/lexy-typescript/src/language/expressions/functions/functionCallExpression.ts": {"lines":{"total":41,"covered":18,"skipped":0,"pct":43.9},"functions":{"total":3,"covered":2,"skipped":0,"pct":66.66},"statements":{"total":41,"covered":18,"skipped":0,"pct":43.9},"branches":{"total":4,"covered":2,"skipped":0,"pct":50}}
,"/Users/timcools/_/Lexy/lexy-typescript/src/language/expressions/functions/functionCallExpressionParser.ts": {"lines":{"total":132,"covered":52,"skipped":0,"pct":39.39},"functions":{"total":8,"covered":2,"skipped":0,"pct":25},"statements":{"total":132,"covered":52,"skipped":0,"pct":39.39},"branches":{"total":2,"covered":2,"skipped":0,"pct":100}}
,"/Users/timcools/_/Lexy/lexy-typescript/src/language/expressions/functions/lexyFunctionCallExpression.ts": {"lines":{"total":115,"covered":28,"skipped":0,"pct":24.34},"functions":{"total":3,"covered":0,"skipped":0,"pct":0},"statements":{"total":115,"covered":28,"skipped":0,"pct":24.34},"branches":{"total":1,"covered":0,"skipped":0,"pct":0}}
,"/Users/timcools/_/Lexy/lexy-typescript/src/language/expressions/functions/memberFunctionCallExpression.ts": {"lines":{"total":102,"covered":22,"skipped":0,"pct":21.56},"functions":{"total":3,"covered":0,"skipped":0,"pct":0},"statements":{"total":102,"covered":22,"skipped":0,"pct":21.56},"branches":{"total":1,"covered":0,"skipped":0,"pct":0}}
,"/Users/timcools/_/Lexy/lexy-typescript/src/language/expressions/functions/parseExpressionFunctionsResult.ts": {"lines":{"total":27,"covered":17,"skipped":0,"pct":62.96},"functions":{"total":2,"covered":0,"skipped":0,"pct":0},"statements":{"total":27,"covered":17,"skipped":0,"pct":62.96},"branches":{"total":0,"covered":0,"skipped":0,"pct":100}}
,"/Users/timcools/_/Lexy/lexy-typescript/src/language/expressions/functions/systemFunctions/extractResultsFunctionExpression.ts": {"lines":{"total":120,"covered":22,"skipped":0,"pct":18.33},"functions":{"total":4,"covered":1,"skipped":0,"pct":25},"statements":{"total":120,"covered":22,"skipped":0,"pct":18.33},"branches":{"total":2,"covered":1,"skipped":0,"pct":50}}
,"/Users/timcools/_/Lexy/lexy-typescript/src/language/expressions/functions/systemFunctions/fillParametersFunctionExpression.ts": {"lines":{"total":134,"covered":26,"skipped":0,"pct":19.4},"functions":{"total":4,"covered":1,"skipped":0,"pct":25},"statements":{"total":134,"covered":26,"skipped":0,"pct":19.4},"branches":{"total":2,"covered":1,"skipped":0,"pct":50}}
,"/Users/timcools/_/Lexy/lexy-typescript/src/language/expressions/functions/systemFunctions/newFunctionExpression.ts": {"lines":{"total":83,"covered":21,"skipped":0,"pct":25.3},"functions":{"total":4,"covered":1,"skipped":0,"pct":25},"statements":{"total":83,"covered":21,"skipped":0,"pct":25.3},"branches":{"total":2,"covered":1,"skipped":0,"pct":50}}
,"/Users/timcools/_/Lexy/lexy-typescript/src/language/functions/function.ts": {"lines":{"total":251,"covered":170,"skipped":0,"pct":67.72},"functions":{"total":30,"covered":16,"skipped":0,"pct":53.33},"statements":{"total":251,"covered":170,"skipped":0,"pct":67.72},"branches":{"total":24,"covered":22,"skipped":0,"pct":91.66}}
,"/Users/timcools/_/Lexy/lexy-typescript/src/language/functions/functionCode.ts": {"lines":{"total":42,"covered":42,"skipped":0,"pct":100},"functions":{"total":6,"covered":6,"skipped":0,"pct":100},"statements":{"total":42,"covered":42,"skipped":0,"pct":100},"branches":{"total":8,"covered":6,"skipped":0,"pct":75}}
,"/Users/timcools/_/Lexy/lexy-typescript/src/language/functions/functionName.ts": {"lines":{"total":43,"covered":39,"skipped":0,"pct":90.69},"functions":{"total":7,"covered":6,"skipped":0,"pct":85.71},"statements":{"total":43,"covered":39,"skipped":0,"pct":90.69},"branches":{"total":8,"covered":6,"skipped":0,"pct":75}}
,"/Users/timcools/_/Lexy/lexy-typescript/src/language/functions/functionParameters.ts": {"lines":{"total":39,"covered":39,"skipped":0,"pct":100},"functions":{"total":6,"covered":6,"skipped":0,"pct":100},"statements":{"total":39,"covered":39,"skipped":0,"pct":100},"branches":{"total":6,"covered":6,"skipped":0,"pct":100}}
,"/Users/timcools/_/Lexy/lexy-typescript/src/language/functions/functionResults.ts": {"lines":{"total":46,"covered":42,"skipped":0,"pct":91.3},"functions":{"total":6,"covered":6,"skipped":0,"pct":100},"statements":{"total":46,"covered":42,"skipped":0,"pct":91.3},"branches":{"total":8,"covered":6,"skipped":0,"pct":75}}
,"/Users/timcools/_/Lexy/lexy-typescript/src/language/functions/functionSignature.ts": {"lines":{"total":32,"covered":11,"skipped":0,"pct":34.37},"functions":{"total":2,"covered":0,"skipped":0,"pct":0},"statements":{"total":32,"covered":11,"skipped":0,"pct":34.37},"branches":{"total":0,"covered":0,"skipped":0,"pct":100}}
,"/Users/timcools/_/Lexy/lexy-typescript/src/language/functions/validateFunctionArgumentRsult.ts": {"lines":{"total":54,"covered":32,"skipped":0,"pct":59.25},"functions":{"total":5,"covered":0,"skipped":0,"pct":0},"statements":{"total":54,"covered":32,"skipped":0,"pct":59.25},"branches":{"total":0,"covered":0,"skipped":0,"pct":100}}
,"/Users/timcools/_/Lexy/lexy-typescript/src/language/scenarios/assignmentDefinition.ts": {"lines":{"total":106,"covered":71,"skipped":0,"pct":66.98},"functions":{"total":10,"covered":4,"skipped":0,"pct":40},"statements":{"total":106,"covered":71,"skipped":0,"pct":66.98},"branches":{"total":7,"covered":4,"skipped":0,"pct":57.14}}
,"/Users/timcools/_/Lexy/lexy-typescript/src/language/scenarios/assignmentDefinitionParser.ts": {"lines":{"total":60,"covered":41,"skipped":0,"pct":68.33},"functions":{"total":1,"covered":1,"skipped":0,"pct":100},"statements":{"total":60,"covered":41,"skipped":0,"pct":68.33},"branches":{"total":8,"covered":1,"skipped":0,"pct":12.5}}
,"/Users/timcools/_/Lexy/lexy-typescript/src/language/scenarios/constantValue.ts": {"lines":{"total":7,"covered":7,"skipped":0,"pct":100},"functions":{"total":1,"covered":1,"skipped":0,"pct":100},"statements":{"total":7,"covered":7,"skipped":0,"pct":100},"branches":{"total":1,"covered":1,"skipped":0,"pct":100}}
,"/Users/timcools/_/Lexy/lexy-typescript/src/language/scenarios/constantValueParseResult.ts": {"lines":{"total":27,"covered":22,"skipped":0,"pct":81.48},"functions":{"total":2,"covered":1,"skipped":0,"pct":50},"statements":{"total":27,"covered":22,"skipped":0,"pct":81.48},"branches":{"total":1,"covered":1,"skipped":0,"pct":100}}
,"/Users/timcools/_/Lexy/lexy-typescript/src/language/scenarios/constantValueParser.ts": {"lines":{"total":32,"covered":24,"skipped":0,"pct":75},"functions":{"total":3,"covered":2,"skipped":0,"pct":66.66},"statements":{"total":32,"covered":24,"skipped":0,"pct":75},"branches":{"total":3,"covered":2,"skipped":0,"pct":66.66}}
,"/Users/timcools/_/Lexy/lexy-typescript/src/language/scenarios/errorsNode.ts": {"lines":{"total":48,"covered":10,"skipped":0,"pct":20.83},"functions":{"total":1,"covered":0,"skipped":0,"pct":0},"statements":{"total":48,"covered":10,"skipped":0,"pct":20.83},"branches":{"total":1,"covered":0,"skipped":0,"pct":0}}
,"/Users/timcools/_/Lexy/lexy-typescript/src/language/scenarios/executionLog.ts": {"lines":{"total":97,"covered":14,"skipped":0,"pct":14.43},"functions":{"total":1,"covered":0,"skipped":0,"pct":0},"statements":{"total":97,"covered":14,"skipped":0,"pct":14.43},"branches":{"total":1,"covered":0,"skipped":0,"pct":0}}
,"/Users/timcools/_/Lexy/lexy-typescript/src/language/scenarios/executionLogging.ts": {"lines":{"total":43,"covered":10,"skipped":0,"pct":23.25},"functions":{"total":1,"covered":0,"skipped":0,"pct":0},"statements":{"total":43,"covered":10,"skipped":0,"pct":23.25},"branches":{"total":1,"covered":0,"skipped":0,"pct":0}}
,"/Users/timcools/_/Lexy/lexy-typescript/src/language/scenarios/expectComponentErrors.ts": {"lines":{"total":12,"covered":5,"skipped":0,"pct":41.66},"functions":{"total":1,"covered":0,"skipped":0,"pct":0},"statements":{"total":12,"covered":5,"skipped":0,"pct":41.66},"branches":{"total":1,"covered":0,"skipped":0,"pct":0}}
,"/Users/timcools/_/Lexy/lexy-typescript/src/language/scenarios/expectErrors.ts": {"lines":{"total":12,"covered":5,"skipped":0,"pct":41.66},"functions":{"total":1,"covered":0,"skipped":0,"pct":0},"statements":{"total":12,"covered":5,"skipped":0,"pct":41.66},"branches":{"total":1,"covered":0,"skipped":0,"pct":0}}
,"/Users/timcools/_/Lexy/lexy-typescript/src/language/scenarios/expectExecutionErrors.ts": {"lines":{"total":12,"covered":5,"skipped":0,"pct":41.66},"functions":{"total":1,"covered":0,"skipped":0,"pct":0},"statements":{"total":12,"covered":5,"skipped":0,"pct":41.66},"branches":{"total":1,"covered":0,"skipped":0,"pct":0}}
,"/Users/timcools/_/Lexy/lexy-typescript/src/language/scenarios/flattenAssignments.ts": {"lines":{"total":10,"covered":4,"skipped":0,"pct":40},"functions":{"total":1,"covered":0,"skipped":0,"pct":0},"statements":{"total":10,"covered":4,"skipped":0,"pct":40},"branches":{"total":0,"covered":0,"skipped":0,"pct":100}}
,"/Users/timcools/_/Lexy/lexy-typescript/src/language/scenarios/functionName.ts": {"lines":{"total":55,"covered":10,"skipped":0,"pct":18.18},"functions":{"total":1,"covered":0,"skipped":0,"pct":0},"statements":{"total":55,"covered":10,"skipped":0,"pct":18.18},"branches":{"total":1,"covered":0,"skipped":0,"pct":0}}
,"/Users/timcools/_/Lexy/lexy-typescript/src/language/scenarios/objectAssignmentDefinition.ts": {"lines":{"total":74,"covered":19,"skipped":0,"pct":25.67},"functions":{"total":3,"covered":0,"skipped":0,"pct":0},"statements":{"total":74,"covered":19,"skipped":0,"pct":25.67},"branches":{"total":1,"covered":0,"skipped":0,"pct":0}}
,"/Users/timcools/_/Lexy/lexy-typescript/src/language/scenarios/parameters.ts": {"lines":{"total":45,"covered":41,"skipped":0,"pct":91.11},"functions":{"total":6,"covered":5,"skipped":0,"pct":83.33},"statements":{"total":45,"covered":41,"skipped":0,"pct":91.11},"branches":{"total":7,"covered":5,"skipped":0,"pct":71.42}}
,"/Users/timcools/_/Lexy/lexy-typescript/src/language/scenarios/results.ts": {"lines":{"total":45,"covered":41,"skipped":0,"pct":91.11},"functions":{"total":6,"covered":5,"skipped":0,"pct":83.33},"statements":{"total":45,"covered":41,"skipped":0,"pct":91.11},"branches":{"total":7,"covered":5,"skipped":0,"pct":71.42}}
,"/Users/timcools/_/Lexy/lexy-typescript/src/language/scenarios/scenario.ts": {"lines":{"total":283,"covered":222,"skipped":0,"pct":78.44},"functions":{"total":30,"covered":23,"skipped":0,"pct":76.66},"statements":{"total":283,"covered":222,"skipped":0,"pct":78.44},"branches":{"total":59,"covered":28,"skipped":0,"pct":47.45}}
,"/Users/timcools/_/Lexy/lexy-typescript/src/language/scenarios/scenarioName.ts": {"lines":{"total":43,"covered":39,"skipped":0,"pct":90.69},"functions":{"total":7,"covered":6,"skipped":0,"pct":85.71},"statements":{"total":43,"covered":39,"skipped":0,"pct":90.69},"branches":{"total":8,"covered":6,"skipped":0,"pct":75}}
,"/Users/timcools/_/Lexy/lexy-typescript/src/language/scenarios/validationColumnHeader.ts": {"lines":{"total":41,"covered":12,"skipped":0,"pct":29.26},"functions":{"total":3,"covered":0,"skipped":0,"pct":0},"statements":{"total":41,"covered":12,"skipped":0,"pct":29.26},"branches":{"total":1,"covered":0,"skipped":0,"pct":0}}
,"/Users/timcools/_/Lexy/lexy-typescript/src/language/scenarios/validationTable.ts": {"lines":{"total":76,"covered":13,"skipped":0,"pct":17.1},"functions":{"total":1,"covered":0,"skipped":0,"pct":0},"statements":{"total":76,"covered":13,"skipped":0,"pct":17.1},"branches":{"total":1,"covered":0,"skipped":0,"pct":0}}
,"/Users/timcools/_/Lexy/lexy-typescript/src/language/scenarios/validationTableHeader.ts": {"lines":{"total":70,"covered":11,"skipped":0,"pct":15.71},"functions":{"total":1,"covered":0,"skipped":0,"pct":0},"statements":{"total":70,"covered":11,"skipped":0,"pct":15.71},"branches":{"total":1,"covered":0,"skipped":0,"pct":0}}
,"/Users/timcools/_/Lexy/lexy-typescript/src/language/scenarios/validationTableName.ts": {"lines":{"total":14,"covered":3,"skipped":0,"pct":21.42},"functions":{"total":1,"covered":0,"skipped":0,"pct":0},"statements":{"total":14,"covered":3,"skipped":0,"pct":21.42},"branches":{"total":1,"covered":0,"skipped":0,"pct":0}}
,"/Users/timcools/_/Lexy/lexy-typescript/src/language/scenarios/validationTableRow.ts": {"lines":{"total":88,"covered":15,"skipped":0,"pct":17.04},"functions":{"total":1,"covered":0,"skipped":0,"pct":0},"statements":{"total":88,"covered":15,"skipped":0,"pct":17.04},"branches":{"total":1,"covered":0,"skipped":0,"pct":0}}
,"/Users/timcools/_/Lexy/lexy-typescript/src/language/scenarios/validationTableValue.ts": {"lines":{"total":45,"covered":12,"skipped":0,"pct":26.66},"functions":{"total":1,"covered":0,"skipped":0,"pct":0},"statements":{"total":45,"covered":12,"skipped":0,"pct":26.66},"branches":{"total":1,"covered":0,"skipped":0,"pct":0}}
,"/Users/timcools/_/Lexy/lexy-typescript/src/language/scenarios/variablePathExpressionParser.ts": {"lines":{"total":51,"covered":30,"skipped":0,"pct":58.82},"functions":{"total":3,"covered":1,"skipped":0,"pct":33.33},"statements":{"total":51,"covered":30,"skipped":0,"pct":58.82},"branches":{"total":4,"covered":1,"skipped":0,"pct":25}}
,"/Users/timcools/_/Lexy/lexy-typescript/src/language/scenarios/variablePathParseResult.ts": {"lines":{"total":27,"covered":22,"skipped":0,"pct":81.48},"functions":{"total":2,"covered":1,"skipped":0,"pct":50},"statements":{"total":27,"covered":22,"skipped":0,"pct":81.48},"branches":{"total":1,"covered":1,"skipped":0,"pct":100}}
,"/Users/timcools/_/Lexy/lexy-typescript/src/language/tables/columnHeader.ts": {"lines":{"total":40,"covered":13,"skipped":0,"pct":32.5},"functions":{"total":3,"covered":0,"skipped":0,"pct":0},"statements":{"total":40,"covered":13,"skipped":0,"pct":32.5},"branches":{"total":1,"covered":0,"skipped":0,"pct":0}}
,"/Users/timcools/_/Lexy/lexy-typescript/src/language/tables/table.ts": {"lines":{"total":104,"covered":20,"skipped":0,"pct":19.23},"functions":{"total":4,"covered":1,"skipped":0,"pct":25},"statements":{"total":104,"covered":20,"skipped":0,"pct":19.23},"branches":{"total":2,"covered":1,"skipped":0,"pct":50}}
,"/Users/timcools/_/Lexy/lexy-typescript/src/language/tables/tableHeader.ts": {"lines":{"total":89,"covered":15,"skipped":0,"pct":16.85},"functions":{"total":1,"covered":0,"skipped":0,"pct":0},"statements":{"total":89,"covered":15,"skipped":0,"pct":16.85},"branches":{"total":1,"covered":0,"skipped":0,"pct":0}}
,"/Users/timcools/_/Lexy/lexy-typescript/src/language/tables/tableName.ts": {"lines":{"total":18,"covered":3,"skipped":0,"pct":16.66},"functions":{"total":1,"covered":0,"skipped":0,"pct":0},"statements":{"total":18,"covered":3,"skipped":0,"pct":16.66},"branches":{"total":1,"covered":0,"skipped":0,"pct":0}}
,"/Users/timcools/_/Lexy/lexy-typescript/src/language/tables/tableRow.ts": {"lines":{"total":84,"covered":14,"skipped":0,"pct":16.66},"functions":{"total":1,"covered":0,"skipped":0,"pct":0},"statements":{"total":84,"covered":14,"skipped":0,"pct":16.66},"branches":{"total":1,"covered":0,"skipped":0,"pct":0}}
,"/Users/timcools/_/Lexy/lexy-typescript/src/language/tables/tableValue.ts": {"lines":{"total":38,"covered":9,"skipped":0,"pct":23.68},"functions":{"total":1,"covered":0,"skipped":0,"pct":0},"statements":{"total":38,"covered":9,"skipped":0,"pct":23.68},"branches":{"total":1,"covered":0,"skipped":0,"pct":0}}
,"/Users/timcools/_/Lexy/lexy-typescript/src/language/types/typeDefinition.ts": {"lines":{"total":84,"covered":25,"skipped":0,"pct":29.76},"functions":{"total":3,"covered":0,"skipped":0,"pct":0},"statements":{"total":84,"covered":25,"skipped":0,"pct":29.76},"branches":{"total":1,"covered":0,"skipped":0,"pct":0}}
,"/Users/timcools/_/Lexy/lexy-typescript/src/language/types/typeName.ts": {"lines":{"total":18,"covered":3,"skipped":0,"pct":16.66},"functions":{"total":1,"covered":0,"skipped":0,"pct":0},"statements":{"total":18,"covered":3,"skipped":0,"pct":16.66},"branches":{"total":1,"covered":0,"skipped":0,"pct":0}}
,"/Users/timcools/_/Lexy/lexy-typescript/src/language/variableTypes/declaredType.ts": {"lines":{"total":62,"covered":16,"skipped":0,"pct":25.8},"functions":{"total":3,"covered":0,"skipped":0,"pct":0},"statements":{"total":62,"covered":16,"skipped":0,"pct":25.8},"branches":{"total":1,"covered":0,"skipped":0,"pct":0}}
,"/Users/timcools/_/Lexy/lexy-typescript/src/language/variableTypes/enumType.ts": {"lines":{"total":67,"covered":48,"skipped":0,"pct":71.64},"functions":{"total":12,"covered":3,"skipped":0,"pct":25},"statements":{"total":67,"covered":48,"skipped":0,"pct":71.64},"branches":{"total":3,"covered":3,"skipped":0,"pct":100}}
,"/Users/timcools/_/Lexy/lexy-typescript/src/language/variableTypes/functionType.ts": {"lines":{"total":67,"covered":15,"skipped":0,"pct":22.38},"functions":{"total":3,"covered":0,"skipped":0,"pct":0},"statements":{"total":67,"covered":15,"skipped":0,"pct":22.38},"branches":{"total":1,"covered":0,"skipped":0,"pct":0}}
,"/Users/timcools/_/Lexy/lexy-typescript/src/language/variableTypes/generatedType.ts": {"lines":{"total":66,"covered":16,"skipped":0,"pct":24.24},"functions":{"total":3,"covered":0,"skipped":0,"pct":0},"statements":{"total":66,"covered":16,"skipped":0,"pct":24.24},"branches":{"total":1,"covered":0,"skipped":0,"pct":0}}
,"/Users/timcools/_/Lexy/lexy-typescript/src/language/variableTypes/generatedTypeSource.ts": {"lines":{"total":6,"covered":6,"skipped":0,"pct":100},"functions":{"total":0,"covered":0,"skipped":0,"pct":100},"statements":{"total":6,"covered":6,"skipped":0,"pct":100},"branches":{"total":1,"covered":1,"skipped":0,"pct":100}}
,"/Users/timcools/_/Lexy/lexy-typescript/src/language/variableTypes/objectType.ts": {"lines":{"total":67,"covered":39,"skipped":0,"pct":58.2},"functions":{"total":7,"covered":1,"skipped":0,"pct":14.28},"statements":{"total":67,"covered":39,"skipped":0,"pct":58.2},"branches":{"total":1,"covered":1,"skipped":0,"pct":100}}
,"/Users/timcools/_/Lexy/lexy-typescript/src/language/variableTypes/objectTypeFunction.ts": {"lines":{"total":19,"covered":0,"skipped":0,"pct":0},"functions":{"total":1,"covered":0,"skipped":0,"pct":0},"statements":{"total":19,"covered":0,"skipped":0,"pct":0},"branches":{"total":1,"covered":0,"skipped":0,"pct":0}}
,"/Users/timcools/_/Lexy/lexy-typescript/src/language/variableTypes/objectTypeVariable.ts": {"lines":{"total":16,"covered":13,"skipped":0,"pct":81.25},"functions":{"total":1,"covered":0,"skipped":0,"pct":0},"statements":{"total":16,"covered":13,"skipped":0,"pct":81.25},"branches":{"total":0,"covered":0,"skipped":0,"pct":100}}
,"/Users/timcools/_/Lexy/lexy-typescript/src/language/variableTypes/primitiveType.ts": {"lines":{"total":55,"covered":49,"skipped":0,"pct":89.09},"functions":{"total":9,"covered":7,"skipped":0,"pct":77.77},"statements":{"total":55,"covered":49,"skipped":0,"pct":89.09},"branches":{"total":13,"covered":10,"skipped":0,"pct":76.92}}
,"/Users/timcools/_/Lexy/lexy-typescript/src/language/variableTypes/tableType.ts": {"lines":{"total":79,"covered":18,"skipped":0,"pct":22.78},"functions":{"total":3,"covered":0,"skipped":0,"pct":0},"statements":{"total":79,"covered":18,"skipped":0,"pct":22.78},"branches":{"total":1,"covered":0,"skipped":0,"pct":0}}
,"/Users/timcools/_/Lexy/lexy-typescript/src/language/variableTypes/typeNames.ts": {"lines":{"total":18,"covered":18,"skipped":0,"pct":100},"functions":{"total":2,"covered":2,"skipped":0,"pct":100},"statements":{"total":18,"covered":18,"skipped":0,"pct":100},"branches":{"total":2,"covered":2,"skipped":0,"pct":100}}
,"/Users/timcools/_/Lexy/lexy-typescript/src/language/variableTypes/validationContextExtensions.ts": {"lines":{"total":128,"covered":42,"skipped":0,"pct":32.81},"functions":{"total":4,"covered":2,"skipped":0,"pct":50},"statements":{"total":128,"covered":42,"skipped":0,"pct":32.81},"branches":{"total":9,"covered":2,"skipped":0,"pct":22.22}}
,"/Users/timcools/_/Lexy/lexy-typescript/src/language/variableTypes/variableType.ts": {"lines":{"total":20,"covered":18,"skipped":0,"pct":90},"functions":{"total":2,"covered":1,"skipped":0,"pct":50},"statements":{"total":20,"covered":18,"skipped":0,"pct":90},"branches":{"total":1,"covered":1,"skipped":0,"pct":100}}
,"/Users/timcools/_/Lexy/lexy-typescript/src/language/variableTypes/variableTypeName.ts": {"lines":{"total":9,"covered":9,"skipped":0,"pct":100},"functions":{"total":0,"covered":0,"skipped":0,"pct":100},"statements":{"total":9,"covered":9,"skipped":0,"pct":100},"branches":{"total":1,"covered":1,"skipped":0,"pct":100}}
,"/Users/timcools/_/Lexy/lexy-typescript/src/language/variableTypes/voidType.ts": {"lines":{"total":16,"covered":5,"skipped":0,"pct":31.25},"functions":{"total":1,"covered":0,"skipped":0,"pct":0},"statements":{"total":16,"covered":5,"skipped":0,"pct":31.25},"branches":{"total":1,"covered":0,"skipped":0,"pct":0}}
,"/Users/timcools/_/Lexy/lexy-typescript/src/language/variableTypes/declarations/implicitVariableTypeDeclaration.ts": {"lines":{"total":43,"covered":13,"skipped":0,"pct":30.23},"functions":{"total":3,"covered":0,"skipped":0,"pct":0},"statements":{"total":43,"covered":13,"skipped":0,"pct":30.23},"branches":{"total":1,"covered":0,"skipped":0,"pct":0}}
,"/Users/timcools/_/Lexy/lexy-typescript/src/language/variableTypes/declarations/objectVariableTypeDeclaration.ts": {"lines":{"total":99,"covered":27,"skipped":0,"pct":27.27},"functions":{"total":3,"covered":2,"skipped":0,"pct":66.66},"statements":{"total":99,"covered":27,"skipped":0,"pct":27.27},"branches":{"total":4,"covered":2,"skipped":0,"pct":50}}
,"/Users/timcools/_/Lexy/lexy-typescript/src/language/variableTypes/declarations/primitiveVariableTypeDeclaration.ts": {"lines":{"total":43,"covered":39,"skipped":0,"pct":90.69},"functions":{"total":8,"covered":6,"skipped":0,"pct":75},"statements":{"total":43,"covered":39,"skipped":0,"pct":90.69},"branches":{"total":7,"covered":6,"skipped":0,"pct":85.71}}
,"/Users/timcools/_/Lexy/lexy-typescript/src/language/variableTypes/declarations/variableTypeDeclaration.ts": {"lines":{"total":28,"covered":26,"skipped":0,"pct":92.85},"functions":{"total":5,"covered":4,"skipped":0,"pct":80},"statements":{"total":28,"covered":26,"skipped":0,"pct":92.85},"branches":{"total":4,"covered":4,"skipped":0,"pct":100}}
,"/Users/timcools/_/Lexy/lexy-typescript/src/language/variableTypes/declarations/variableTypeDeclarationParser.ts": {"lines":{"total":16,"covered":13,"skipped":0,"pct":81.25},"functions":{"total":1,"covered":1,"skipped":0,"pct":100},"statements":{"total":16,"covered":13,"skipped":0,"pct":81.25},"branches":{"total":3,"covered":1,"skipped":0,"pct":33.33}}
,"/Users/timcools/_/Lexy/lexy-typescript/src/language/variableTypes/functions/lookUpFunction.ts": {"lines":{"total":123,"covered":47,"skipped":0,"pct":38.21},"functions":{"total":7,"covered":1,"skipped":0,"pct":14.28},"statements":{"total":123,"covered":47,"skipped":0,"pct":38.21},"branches":{"total":1,"covered":1,"skipped":0,"pct":100}}
,"/Users/timcools/_/Lexy/lexy-typescript/src/language/variableTypes/functions/lookUpFunctionCall.ts": {"lines":{"total":37,"covered":8,"skipped":0,"pct":21.62},"functions":{"total":3,"covered":0,"skipped":0,"pct":0},"statements":{"total":37,"covered":8,"skipped":0,"pct":21.62},"branches":{"total":1,"covered":0,"skipped":0,"pct":0}}
,"/Users/timcools/_/Lexy/lexy-typescript/src/language/variableTypes/functions/lookUpRowFunction.ts": {"lines":{"total":111,"covered":46,"skipped":0,"pct":41.44},"functions":{"total":7,"covered":1,"skipped":0,"pct":14.28},"statements":{"total":111,"covered":46,"skipped":0,"pct":41.44},"branches":{"total":1,"covered":1,"skipped":0,"pct":100}}
,"/Users/timcools/_/Lexy/lexy-typescript/src/language/variableTypes/functions/lookUpRowFunctionCall.ts": {"lines":{"total":34,"covered":8,"skipped":0,"pct":23.52},"functions":{"total":3,"covered":0,"skipped":0,"pct":0},"statements":{"total":34,"covered":8,"skipped":0,"pct":23.52},"branches":{"total":1,"covered":0,"skipped":0,"pct":0}}
,"/Users/timcools/_/Lexy/lexy-typescript/src/language/variableTypes/functions/memberFunctionCall.ts": {"lines":{"total":9,"covered":9,"skipped":0,"pct":100},"functions":{"total":0,"covered":0,"skipped":0,"pct":100},"statements":{"total":9,"covered":9,"skipped":0,"pct":100},"branches":{"total":1,"covered":1,"skipped":0,"pct":100}}
,"/Users/timcools/_/Lexy/lexy-typescript/src/language/variableTypes/functions/tableFunction.ts": {"lines":{"total":124,"covered":47,"skipped":0,"pct":37.9},"functions":{"total":8,"covered":0,"skipped":0,"pct":0},"statements":{"total":124,"covered":47,"skipped":0,"pct":37.9},"branches":{"total":0,"covered":0,"skipped":0,"pct":100}}
,"/Users/timcools/_/Lexy/lexy-typescript/src/language/variableTypes/functions/validateMemberFunctionArgumentsResult.ts": {"lines":{"total":25,"covered":16,"skipped":0,"pct":64},"functions":{"total":2,"covered":0,"skipped":0,"pct":0},"statements":{"total":25,"covered":16,"skipped":0,"pct":64},"branches":{"total":0,"covered":0,"skipped":0,"pct":100}}
,"/Users/timcools/_/Lexy/lexy-typescript/src/parser/ITreeValidationVisitor.ts": {"lines":{"total":6,"covered":0,"skipped":0,"pct":0},"functions":{"total":1,"covered":0,"skipped":0,"pct":0},"statements":{"total":6,"covered":0,"skipped":0,"pct":0},"branches":{"total":1,"covered":0,"skipped":0,"pct":0}}
,"/Users/timcools/_/Lexy/lexy-typescript/src/parser/Keywords.ts": {"lines":{"total":57,"covered":57,"skipped":0,"pct":100},"functions":{"total":2,"covered":2,"skipped":0,"pct":100},"statements":{"total":57,"covered":57,"skipped":0,"pct":100},"branches":{"total":3,"covered":3,"skipped":0,"pct":100}}
,"/Users/timcools/_/Lexy/lexy-typescript/src/parser/ParseLineContext.ts": {"lines":{"total":42,"covered":35,"skipped":0,"pct":83.33},"functions":{"total":3,"covered":2,"skipped":0,"pct":66.66},"statements":{"total":42,"covered":35,"skipped":0,"pct":83.33},"branches":{"total":2,"covered":2,"skipped":0,"pct":100}}
,"/Users/timcools/_/Lexy/lexy-typescript/src/parser/TrackLoggingCurrentNodeVisitor.ts": {"lines":{"total":48,"covered":48,"skipped":0,"pct":100},"functions":{"total":7,"covered":7,"skipped":0,"pct":100},"statements":{"total":48,"covered":48,"skipped":0,"pct":100},"branches":{"total":12,"covered":12,"skipped":0,"pct":100}}
,"/Users/timcools/_/Lexy/lexy-typescript/src/parser/lexyParser.ts": {"lines":{"total":222,"covered":171,"skipped":0,"pct":77.02},"functions":{"total":12,"covered":10,"skipped":0,"pct":83.33},"statements":{"total":222,"covered":171,"skipped":0,"pct":77.02},"branches":{"total":26,"covered":14,"skipped":0,"pct":53.84}}
,"/Users/timcools/_/Lexy/lexy-typescript/src/parser/lexySourceDocument.ts": {"lines":{"total":5,"covered":5,"skipped":0,"pct":100},"functions":{"total":1,"covered":1,"skipped":0,"pct":100},"statements":{"total":5,"covered":5,"skipped":0,"pct":100},"branches":{"total":1,"covered":1,"skipped":0,"pct":100}}
,"/Users/timcools/_/Lexy/lexy-typescript/src/parser/line.ts": {"lines":{"total":126,"covered":100,"skipped":0,"pct":79.36},"functions":{"total":13,"covered":10,"skipped":0,"pct":76.92},"statements":{"total":126,"covered":100,"skipped":0,"pct":79.36},"branches":{"total":26,"covered":18,"skipped":0,"pct":69.23}}
,"/Users/timcools/_/Lexy/lexy-typescript/src/parser/nodeName.ts": {"lines":{"total":41,"covered":39,"skipped":0,"pct":95.12},"functions":{"total":3,"covered":2,"skipped":0,"pct":66.66},"statements":{"total":41,"covered":39,"skipped":0,"pct":95.12},"branches":{"total":8,"covered":4,"skipped":0,"pct":50}}
,"/Users/timcools/_/Lexy/lexy-typescript/src/parser/nodesLogger.ts": {"lines":{"total":48,"covered":47,"skipped":0,"pct":97.91},"functions":{"total":6,"covered":6,"skipped":0,"pct":100},"statements":{"total":48,"covered":47,"skipped":0,"pct":97.91},"branches":{"total":12,"covered":11,"skipped":0,"pct":91.66}}
,"/Users/timcools/_/Lexy/lexy-typescript/src/parser/parseOptions.ts": {"lines":{"total":4,"covered":0,"skipped":0,"pct":0},"functions":{"total":1,"covered":0,"skipped":0,"pct":0},"statements":{"total":4,"covered":0,"skipped":0,"pct":0},"branches":{"total":1,"covered":0,"skipped":0,"pct":0}}
,"/Users/timcools/_/Lexy/lexy-typescript/src/parser/parserContext.ts": {"lines":{"total":93,"covered":79,"skipped":0,"pct":84.94},"functions":{"total":10,"covered":8,"skipped":0,"pct":80},"statements":{"total":93,"covered":79,"skipped":0,"pct":84.94},"branches":{"total":10,"covered":8,"skipped":0,"pct":80}}
,"/Users/timcools/_/Lexy/lexy-typescript/src/parser/parserLogger.ts": {"lines":{"total":169,"covered":125,"skipped":0,"pct":73.96},"functions":{"total":23,"covered":9,"skipped":0,"pct":39.13},"statements":{"total":169,"covered":125,"skipped":0,"pct":73.96},"branches":{"total":11,"covered":9,"skipped":0,"pct":81.81}}
,"/Users/timcools/_/Lexy/lexy-typescript/src/parser/parserResult.ts": {"lines":{"total":19,"covered":19,"skipped":0,"pct":100},"functions":{"total":1,"covered":1,"skipped":0,"pct":100},"statements":{"total":19,"covered":19,"skipped":0,"pct":100},"branches":{"total":1,"covered":1,"skipped":0,"pct":100}}
,"/Users/timcools/_/Lexy/lexy-typescript/src/parser/sourceCodeDocument.ts": {"lines":{"total":47,"covered":47,"skipped":0,"pct":100},"functions":{"total":6,"covered":6,"skipped":0,"pct":100},"statements":{"total":47,"covered":47,"skipped":0,"pct":100},"branches":{"total":9,"covered":7,"skipped":0,"pct":77.77}}
,"/Users/timcools/_/Lexy/lexy-typescript/src/parser/sourceFile.ts": {"lines":{"total":7,"covered":7,"skipped":0,"pct":100},"functions":{"total":1,"covered":1,"skipped":0,"pct":100},"statements":{"total":7,"covered":7,"skipped":0,"pct":100},"branches":{"total":1,"covered":1,"skipped":0,"pct":100}}
,"/Users/timcools/_/Lexy/lexy-typescript/src/parser/sourceReference.ts": {"lines":{"total":23,"covered":23,"skipped":0,"pct":100},"functions":{"total":3,"covered":3,"skipped":0,"pct":100},"statements":{"total":23,"covered":23,"skipped":0,"pct":100},"branches":{"total":3,"covered":3,"skipped":0,"pct":100}}
,"/Users/timcools/_/Lexy/lexy-typescript/src/parser/tokenValidator.ts": {"lines":{"total":197,"covered":94,"skipped":0,"pct":47.71},"functions":{"total":20,"covered":7,"skipped":0,"pct":35},"statements":{"total":197,"covered":94,"skipped":0,"pct":47.71},"branches":{"total":13,"covered":7,"skipped":0,"pct":53.84}}
,"/Users/timcools/_/Lexy/lexy-typescript/src/parser/validationContext.ts": {"lines":{"total":85,"covered":75,"skipped":0,"pct":88.23},"functions":{"total":8,"covered":7,"skipped":0,"pct":87.5},"statements":{"total":85,"covered":75,"skipped":0,"pct":88.23},"branches":{"total":11,"covered":8,"skipped":0,"pct":72.72}}
,"/Users/timcools/_/Lexy/lexy-typescript/src/parser/variableContext.ts": {"lines":{"total":171,"covered":120,"skipped":0,"pct":70.17},"functions":{"total":15,"covered":12,"skipped":0,"pct":80},"statements":{"total":171,"covered":120,"skipped":0,"pct":70.17},"branches":{"total":24,"covered":12,"skipped":0,"pct":50}}
,"/Users/timcools/_/Lexy/lexy-typescript/src/parser/variableEntry.ts": {"lines":{"total":12,"covered":12,"skipped":0,"pct":100},"functions":{"total":1,"covered":1,"skipped":0,"pct":100},"statements":{"total":12,"covered":12,"skipped":0,"pct":100},"branches":{"total":1,"covered":1,"skipped":0,"pct":100}}
,"/Users/timcools/_/Lexy/lexy-typescript/src/parser/tokens/ILiteralToken.ts": {"lines":{"total":14,"covered":0,"skipped":0,"pct":0},"functions":{"total":1,"covered":0,"skipped":0,"pct":0},"statements":{"total":14,"covered":0,"skipped":0,"pct":0},"branches":{"total":1,"covered":0,"skipped":0,"pct":0}}
,"/Users/timcools/_/Lexy/lexy-typescript/src/parser/tokens/booleanLiteralToken.ts": {"lines":{"total":60,"covered":17,"skipped":0,"pct":28.33},"functions":{"total":4,"covered":1,"skipped":0,"pct":25},"statements":{"total":60,"covered":17,"skipped":0,"pct":28.33},"branches":{"total":2,"covered":1,"skipped":0,"pct":50}}
,"/Users/timcools/_/Lexy/lexy-typescript/src/parser/tokens/buildCommentOrDivisionToken.ts": {"lines":{"total":42,"covered":15,"skipped":0,"pct":35.71},"functions":{"total":1,"covered":0,"skipped":0,"pct":0},"statements":{"total":42,"covered":15,"skipped":0,"pct":35.71},"branches":{"total":1,"covered":0,"skipped":0,"pct":0}}
,"/Users/timcools/_/Lexy/lexy-typescript/src/parser/tokens/buildLiteralToken.ts": {"lines":{"total":100,"covered":78,"skipped":0,"pct":78},"functions":{"total":6,"covered":6,"skipped":0,"pct":100},"statements":{"total":100,"covered":78,"skipped":0,"pct":78},"branches":{"total":22,"covered":15,"skipped":0,"pct":68.18}}
,"/Users/timcools/_/Lexy/lexy-typescript/src/parser/tokens/character.ts": {"lines":{"total":44,"covered":42,"skipped":0,"pct":95.45},"functions":{"total":5,"covered":5,"skipped":0,"pct":100},"statements":{"total":44,"covered":42,"skipped":0,"pct":95.45},"branches":{"total":16,"covered":10,"skipped":0,"pct":62.5}}
,"/Users/timcools/_/Lexy/lexy-typescript/src/parser/tokens/commentToken.ts": {"lines":{"total":32,"covered":12,"skipped":0,"pct":37.5},"functions":{"total":3,"covered":1,"skipped":0,"pct":33.33},"statements":{"total":32,"covered":12,"skipped":0,"pct":37.5},"branches":{"total":2,"covered":1,"skipped":0,"pct":50}}
,"/Users/timcools/_/Lexy/lexy-typescript/src/parser/tokens/dateTimeLiteralToken.ts": {"lines":{"total":127,"covered":25,"skipped":0,"pct":19.68},"functions":{"total":4,"covered":1,"skipped":0,"pct":25},"statements":{"total":127,"covered":25,"skipped":0,"pct":19.68},"branches":{"total":2,"covered":1,"skipped":0,"pct":50}}
,"/Users/timcools/_/Lexy/lexy-typescript/src/parser/tokens/keywordToken.ts": {"lines":{"total":24,"covered":20,"skipped":0,"pct":83.33},"functions":{"total":4,"covered":2,"skipped":0,"pct":50},"statements":{"total":24,"covered":20,"skipped":0,"pct":83.33},"branches":{"total":2,"covered":2,"skipped":0,"pct":100}}
,"/Users/timcools/_/Lexy/lexy-typescript/src/parser/tokens/memberAccessLiteralToken.ts": {"lines":{"total":62,"covered":16,"skipped":0,"pct":25.8},"functions":{"total":3,"covered":0,"skipped":0,"pct":0},"statements":{"total":62,"covered":16,"skipped":0,"pct":25.8},"branches":{"total":1,"covered":0,"skipped":0,"pct":0}}
,"/Users/timcools/_/Lexy/lexy-typescript/src/parser/tokens/numberLiteralToken.ts": {"lines":{"total":109,"covered":88,"skipped":0,"pct":80.73},"functions":{"total":12,"covered":8,"skipped":0,"pct":66.66},"statements":{"total":109,"covered":88,"skipped":0,"pct":80.73},"branches":{"total":12,"covered":8,"skipped":0,"pct":66.66}}
,"/Users/timcools/_/Lexy/lexy-typescript/src/parser/tokens/operatorToken.ts": {"lines":{"total":200,"covered":150,"skipped":0,"pct":75},"functions":{"total":11,"covered":7,"skipped":0,"pct":63.63},"statements":{"total":200,"covered":150,"skipped":0,"pct":75},"branches":{"total":32,"covered":19,"skipped":0,"pct":59.37}}
,"/Users/timcools/_/Lexy/lexy-typescript/src/parser/tokens/operatorType.ts": {"lines":{"total":27,"covered":27,"skipped":0,"pct":100},"functions":{"total":0,"covered":0,"skipped":0,"pct":100},"statements":{"total":27,"covered":27,"skipped":0,"pct":100},"branches":{"total":1,"covered":1,"skipped":0,"pct":100}}
,"/Users/timcools/_/Lexy/lexy-typescript/src/parser/tokens/parsableToken.ts": {"lines":{"total":35,"covered":33,"skipped":0,"pct":94.28},"functions":{"total":4,"covered":3,"skipped":0,"pct":75},"statements":{"total":35,"covered":33,"skipped":0,"pct":94.28},"branches":{"total":4,"covered":3,"skipped":0,"pct":75}}
,"/Users/timcools/_/Lexy/lexy-typescript/src/parser/tokens/parsableTokenResult.ts": {"lines":{"total":30,"covered":24,"skipped":0,"pct":80},"functions":{"total":2,"covered":1,"skipped":0,"pct":50},"statements":{"total":30,"covered":24,"skipped":0,"pct":80},"branches":{"total":1,"covered":1,"skipped":0,"pct":100}}
,"/Users/timcools/_/Lexy/lexy-typescript/src/parser/tokens/parseTokenResult.ts": {"lines":{"total":48,"covered":42,"skipped":0,"pct":87.5},"functions":{"total":3,"covered":2,"skipped":0,"pct":66.66},"statements":{"total":48,"covered":42,"skipped":0,"pct":87.5},"branches":{"total":2,"covered":2,"skipped":0,"pct":100}}
,"/Users/timcools/_/Lexy/lexy-typescript/src/parser/tokens/quotedLiteralToken.ts": {"lines":{"total":69,"covered":21,"skipped":0,"pct":30.43},"functions":{"total":3,"covered":0,"skipped":0,"pct":0},"statements":{"total":69,"covered":21,"skipped":0,"pct":30.43},"branches":{"total":1,"covered":0,"skipped":0,"pct":0}}
,"/Users/timcools/_/Lexy/lexy-typescript/src/parser/tokens/stringLiteralToken.ts": {"lines":{"total":40,"covered":30,"skipped":0,"pct":75},"functions":{"total":7,"covered":2,"skipped":0,"pct":28.57},"statements":{"total":40,"covered":30,"skipped":0,"pct":75},"branches":{"total":2,"covered":2,"skipped":0,"pct":100}}
,"/Users/timcools/_/Lexy/lexy-typescript/src/parser/tokens/tableSeparatorToken.ts": {"lines":{"total":30,"covered":10,"skipped":0,"pct":33.33},"functions":{"total":3,"covered":0,"skipped":0,"pct":0},"statements":{"total":30,"covered":10,"skipped":0,"pct":33.33},"branches":{"total":1,"covered":0,"skipped":0,"pct":0}}
,"/Users/timcools/_/Lexy/lexy-typescript/src/parser/tokens/token.ts": {"lines":{"total":29,"covered":25,"skipped":0,"pct":86.2},"functions":{"total":3,"covered":1,"skipped":0,"pct":33.33},"statements":{"total":29,"covered":25,"skipped":0,"pct":86.2},"branches":{"total":1,"covered":1,"skipped":0,"pct":100}}
,"/Users/timcools/_/Lexy/lexy-typescript/src/parser/tokens/tokenCharacter.ts": {"lines":{"total":15,"covered":13,"skipped":0,"pct":86.66},"functions":{"total":3,"covered":2,"skipped":0,"pct":66.66},"statements":{"total":15,"covered":13,"skipped":0,"pct":86.66},"branches":{"total":2,"covered":2,"skipped":0,"pct":100}}
,"/Users/timcools/_/Lexy/lexy-typescript/src/parser/tokens/tokenList.ts": {"lines":{"total":131,"covered":110,"skipped":0,"pct":83.96},"functions":{"total":21,"covered":17,"skipped":0,"pct":80.95},"statements":{"total":131,"covered":110,"skipped":0,"pct":83.96},"branches":{"total":28,"covered":21,"skipped":0,"pct":75}}
,"/Users/timcools/_/Lexy/lexy-typescript/src/parser/tokens/tokenType.ts": {"lines":{"total":15,"covered":15,"skipped":0,"pct":100},"functions":{"total":0,"covered":0,"skipped":0,"pct":100},"statements":{"total":15,"covered":15,"skipped":0,"pct":100},"branches":{"total":1,"covered":1,"skipped":0,"pct":100}}
,"/Users/timcools/_/Lexy/lexy-typescript/src/parser/tokens/tokenValues.ts": {"lines":{"total":44,"covered":44,"skipped":0,"pct":100},"functions":{"total":2,"covered":2,"skipped":0,"pct":100},"statements":{"total":44,"covered":44,"skipped":0,"pct":100},"branches":{"total":2,"covered":2,"skipped":0,"pct":100}}
,"/Users/timcools/_/Lexy/lexy-typescript/src/parser/tokens/tokenizeResult.ts": {"lines":{"total":30,"covered":24,"skipped":0,"pct":80},"functions":{"total":2,"covered":1,"skipped":0,"pct":50},"statements":{"total":30,"covered":24,"skipped":0,"pct":80},"branches":{"total":1,"covered":1,"skipped":0,"pct":100}}
,"/Users/timcools/_/Lexy/lexy-typescript/src/parser/tokens/tokenizer.ts": {"lines":{"total":147,"covered":125,"skipped":0,"pct":85.03},"functions":{"total":25,"covered":9,"skipped":0,"pct":36},"statements":{"total":147,"covered":125,"skipped":0,"pct":85.03},"branches":{"total":28,"covered":22,"skipped":0,"pct":78.57}}
,"/Users/timcools/_/Lexy/lexy-typescript/src/parser/tokens/whitespaceToken.ts": {"lines":{"total":31,"covered":27,"skipped":0,"pct":87.09},"functions":{"total":6,"covered":4,"skipped":0,"pct":66.66},"statements":{"total":31,"covered":27,"skipped":0,"pct":87.09},"branches":{"total":6,"covered":4,"skipped":0,"pct":66.66}}
,"/Users/timcools/_/Lexy/lexy-typescript/src/runTime/executionContext.ts": {"lines":{"total":117,"covered":99,"skipped":0,"pct":84.61},"functions":{"total":12,"covered":9,"skipped":0,"pct":75},"statements":{"total":117,"covered":99,"skipped":0,"pct":84.61},"branches":{"total":13,"covered":13,"skipped":0,"pct":100}}
,"/Users/timcools/_/Lexy/lexy-typescript/src/runTime/executionLogEntry.ts": {"lines":{"total":41,"covered":37,"skipped":0,"pct":90.24},"functions":{"total":6,"covered":4,"skipped":0,"pct":66.66},"statements":{"total":41,"covered":37,"skipped":0,"pct":90.24},"branches":{"total":4,"covered":4,"skipped":0,"pct":100}}
,"/Users/timcools/_/Lexy/lexy-typescript/src/runTime/functionResult.ts": {"lines":{"total":53,"covered":31,"skipped":0,"pct":58.49},"functions":{"total":7,"covered":2,"skipped":0,"pct":28.57},"statements":{"total":53,"covered":31,"skipped":0,"pct":58.49},"branches":{"total":2,"covered":2,"skipped":0,"pct":100}}
,"/Users/timcools/_/Lexy/lexy-typescript/src/runTime/systemFunctions.ts": {"lines":{"total":21,"covered":17,"skipped":0,"pct":80.95},"functions":{"total":3,"covered":2,"skipped":0,"pct":66.66},"statements":{"total":21,"covered":17,"skipped":0,"pct":80.95},"branches":{"total":7,"covered":6,"skipped":0,"pct":85.71}}
,"/Users/timcools/_/Lexy/lexy-typescript/src/runTime/validate.ts": {"lines":{"total":50,"covered":21,"skipped":0,"pct":42},"functions":{"total":5,"covered":2,"skipped":0,"pct":40},"statements":{"total":50,"covered":21,"skipped":0,"pct":42},"branches":{"total":7,"covered":2,"skipped":0,"pct":28.57}}
,"/Users/timcools/_/Lexy/lexy-typescript/src/runTime/libraries/dateLibrary.ts": {"lines":{"total":348,"covered":111,"skipped":0,"pct":31.89},"functions":{"total":34,"covered":0,"skipped":0,"pct":0},"statements":{"total":348,"covered":111,"skipped":0,"pct":31.89},"branches":{"total":0,"covered":0,"skipped":0,"pct":100}}
,"/Users/timcools/_/Lexy/lexy-typescript/src/runTime/libraries/libraryRuntime.ts": {"lines":{"total":15,"covered":15,"skipped":0,"pct":100},"functions":{"total":0,"covered":0,"skipped":0,"pct":100},"statements":{"total":15,"covered":15,"skipped":0,"pct":100},"branches":{"total":1,"covered":1,"skipped":0,"pct":100}}
,"/Users/timcools/_/Lexy/lexy-typescript/src/runTime/libraries/mathLibrary.ts": {"lines":{"total":35,"covered":24,"skipped":0,"pct":68.57},"functions":{"total":2,"covered":0,"skipped":0,"pct":0},"statements":{"total":35,"covered":24,"skipped":0,"pct":68.57},"branches":{"total":0,"covered":0,"skipped":0,"pct":100}}
,"/Users/timcools/_/Lexy/lexy-typescript/src/runTime/libraries/numberLibrary.ts": {"lines":{"total":40,"covered":30,"skipped":0,"pct":75},"functions":{"total":3,"covered":0,"skipped":0,"pct":0},"statements":{"total":40,"covered":30,"skipped":0,"pct":75},"branches":{"total":0,"covered":0,"skipped":0,"pct":100}}
,"/Users/timcools/_/Lexy/lexy-typescript/src/runTime/libraries/tableLibrary.ts": {"lines":{"total":121,"covered":19,"skipped":0,"pct":15.7},"functions":{"total":7,"covered":0,"skipped":0,"pct":0},"statements":{"total":121,"covered":19,"skipped":0,"pct":15.7},"branches":{"total":0,"covered":0,"skipped":0,"pct":100}}
,"/Users/timcools/_/Lexy/lexy-typescript/src/specifications/getValues.ts": {"lines":{"total":101,"covered":0,"skipped":0,"pct":0},"functions":{"total":1,"covered":0,"skipped":0,"pct":0},"statements":{"total":101,"covered":0,"skipped":0,"pct":0},"branches":{"total":1,"covered":0,"skipped":0,"pct":0}}
,"/Users/timcools/_/Lexy/lexy-typescript/src/specifications/scenarioRunner.ts": {"lines":{"total":334,"covered":0,"skipped":0,"pct":0},"functions":{"total":1,"covered":0,"skipped":0,"pct":0},"statements":{"total":334,"covered":0,"skipped":0,"pct":0},"branches":{"total":1,"covered":0,"skipped":0,"pct":0}}
,"/Users/timcools/_/Lexy/lexy-typescript/src/specifications/specificationFileRunner.ts": {"lines":{"total":110,"covered":0,"skipped":0,"pct":0},"functions":{"total":1,"covered":0,"skipped":0,"pct":0},"statements":{"total":110,"covered":0,"skipped":0,"pct":0},"branches":{"total":1,"covered":0,"skipped":0,"pct":0}}
,"/Users/timcools/_/Lexy/lexy-typescript/src/specifications/specificationRunnerContext.ts": {"lines":{"total":116,"covered":0,"skipped":0,"pct":0},"functions":{"total":1,"covered":0,"skipped":0,"pct":0},"statements":{"total":116,"covered":0,"skipped":0,"pct":0},"branches":{"total":1,"covered":0,"skipped":0,"pct":0}}
,"/Users/timcools/_/Lexy/lexy-typescript/src/specifications/specificationsLogEntry.ts": {"lines":{"total":28,"covered":0,"skipped":0,"pct":0},"functions":{"total":1,"covered":0,"skipped":0,"pct":0},"statements":{"total":28,"covered":0,"skipped":0,"pct":0},"branches":{"total":1,"covered":0,"skipped":0,"pct":0}}
,"/Users/timcools/_/Lexy/lexy-typescript/src/specifications/specificationsRunner.ts": {"lines":{"total":104,"covered":0,"skipped":0,"pct":0},"functions":{"total":1,"covered":0,"skipped":0,"pct":0},"statements":{"total":104,"covered":0,"skipped":0,"pct":0},"branches":{"total":1,"covered":0,"skipped":0,"pct":0}}
,"/Users/timcools/_/Lexy/lexy-typescript/src/specifications/typeConverter.ts": {"lines":{"total":49,"covered":0,"skipped":0,"pct":0},"functions":{"total":1,"covered":0,"skipped":0,"pct":0},"statements":{"total":49,"covered":0,"skipped":0,"pct":0},"branches":{"total":1,"covered":0,"skipped":0,"pct":0}}
,"/Users/timcools/_/Lexy/lexy-typescript/src/specifications/validateExecutionLogging.ts": {"lines":{"total":112,"covered":0,"skipped":0,"pct":0},"functions":{"total":1,"covered":0,"skipped":0,"pct":0},"statements":{"total":112,"covered":0,"skipped":0,"pct":0},"branches":{"total":1,"covered":0,"skipped":0,"pct":0}}
,"/Users/timcools/_/Lexy/lexy-typescript/tests/dummyLogger.ts": {"lines":{"total":17,"covered":0,"skipped":0,"pct":0},"functions":{"total":1,"covered":0,"skipped":0,"pct":0},"statements":{"total":17,"covered":0,"skipped":0,"pct":0},"branches":{"total":1,"covered":0,"skipped":0,"pct":0}}
,"/Users/timcools/_/Lexy/lexy-typescript/tests/expectSuccess.ts": {"lines":{"total":6,"covered":0,"skipped":0,"pct":0},"functions":{"total":1,"covered":0,"skipped":0,"pct":0},"statements":{"total":6,"covered":0,"skipped":0,"pct":0},"branches":{"total":1,"covered":0,"skipped":0,"pct":0}}
,"/Users/timcools/_/Lexy/lexy-typescript/tests/loggingConfiguration.ts": {"lines":{"total":183,"covered":129,"skipped":0,"pct":70.49},"functions":{"total":22,"covered":16,"skipped":0,"pct":72.72},"statements":{"total":183,"covered":129,"skipped":0,"pct":70.49},"branches":{"total":21,"covered":18,"skipped":0,"pct":85.71}}
,"/Users/timcools/_/Lexy/lexy-typescript/tests/nodeFileSystem.ts": {"lines":{"total":100,"covered":37,"skipped":0,"pct":37},"functions":{"total":13,"covered":2,"skipped":0,"pct":15.38},"statements":{"total":100,"covered":37,"skipped":0,"pct":37},"branches":{"total":2,"covered":2,"skipped":0,"pct":100}}
,"/Users/timcools/_/Lexy/lexy-typescript/tests/parseFunctions.ts": {"lines":{"total":78,"covered":51,"skipped":0,"pct":65.38},"functions":{"total":8,"covered":3,"skipped":0,"pct":37.5},"statements":{"total":78,"covered":51,"skipped":0,"pct":65.38},"branches":{"total":4,"covered":3,"skipped":0,"pct":75}}
,"/Users/timcools/_/Lexy/lexy-typescript/tests/runScenarios.ts": {"lines":{"total":37,"covered":0,"skipped":0,"pct":0},"functions":{"total":1,"covered":0,"skipped":0,"pct":0},"statements":{"total":37,"covered":0,"skipped":0,"pct":0},"branches":{"total":1,"covered":0,"skipped":0,"pct":0}}
,"/Users/timcools/_/Lexy/lexy-typescript/tests/validateOfType.ts": {"lines":{"total":9,"covered":0,"skipped":0,"pct":0},"functions":{"total":1,"covered":0,"skipped":0,"pct":0},"statements":{"total":9,"covered":0,"skipped":0,"pct":0},"branches":{"total":1,"covered":0,"skipped":0,"pct":0}}
,"/Users/timcools/_/Lexy/lexy-typescript/tests/compiler/compileFunction.ts": {"lines":{"total":38,"covered":34,"skipped":0,"pct":89.47},"functions":{"total":2,"covered":2,"skipped":0,"pct":100},"statements":{"total":38,"covered":34,"skipped":0,"pct":89.47},"branches":{"total":5,"covered":2,"skipped":0,"pct":40}}
,"/Users/timcools/_/Lexy/lexy-typescript/tests/dependencyGraph/buildDependencyGraph.ts": {"lines":{"total":9,"covered":0,"skipped":0,"pct":0},"functions":{"total":1,"covered":0,"skipped":0,"pct":0},"statements":{"total":9,"covered":0,"skipped":0,"pct":0},"branches":{"total":1,"covered":0,"skipped":0,"pct":0}}
,"/Users/timcools/_/Lexy/lexy-typescript/tests/parser/testTokenCharacter.ts": {"lines":{"total":5,"covered":0,"skipped":0,"pct":0},"functions":{"total":1,"covered":0,"skipped":0,"pct":0},"statements":{"total":5,"covered":0,"skipped":0,"pct":0},"branches":{"total":1,"covered":0,"skipped":0,"pct":0}}
,"/Users/timcools/_/Lexy/lexy-typescript/tests/parser/tokenFactory.ts": {"lines":{"total":8,"covered":0,"skipped":0,"pct":0},"functions":{"total":1,"covered":0,"skipped":0,"pct":0},"statements":{"total":8,"covered":0,"skipped":0,"pct":0},"branches":{"total":1,"covered":0,"skipped":0,"pct":0}}
,"/Users/timcools/_/Lexy/lexy-typescript/tests/parser/tokenTestExtensions.ts": {"lines":{"total":7,"covered":0,"skipped":0,"pct":0},"functions":{"total":1,"covered":0,"skipped":0,"pct":0},"statements":{"total":7,"covered":0,"skipped":0,"pct":0},"branches":{"total":1,"covered":0,"skipped":0,"pct":0}}
,"/Users/timcools/_/Lexy/lexy-typescript/tests/parser/variableTypeExtensions.ts": {"lines":{"total":11,"covered":0,"skipped":0,"pct":0},"functions":{"total":1,"covered":0,"skipped":0,"pct":0},"statements":{"total":11,"covered":0,"skipped":0,"pct":0},"branches":{"total":1,"covered":0,"skipped":0,"pct":0}}
,"/Users/timcools/_/Lexy/lexy-typescript/tests/parser/expressionParser/expressionTestExtensions.ts": {"lines":{"total":56,"covered":0,"skipped":0,"pct":0},"functions":{"total":1,"covered":0,"skipped":0,"pct":0},"statements":{"total":56,"covered":0,"skipped":0,"pct":0},"branches":{"total":1,"covered":0,"skipped":0,"pct":0}}
,"/Users/timcools/_/Lexy/lexy-typescript/tests/parser/expressionParser/parseExpression.ts": {"lines":{"total":42,"covered":0,"skipped":0,"pct":0},"functions":{"total":1,"covered":0,"skipped":0,"pct":0},"statements":{"total":42,"covered":0,"skipped":0,"pct":0},"branches":{"total":1,"covered":0,"skipped":0,"pct":0}}
,"/Users/timcools/_/Lexy/lexy-typescript/tests/specifications/createRunner.ts": {"lines":{"total":17,"covered":0,"skipped":0,"pct":0},"functions":{"total":1,"covered":0,"skipped":0,"pct":0},"statements":{"total":17,"covered":0,"skipped":0,"pct":0},"branches":{"total":1,"covered":0,"skipped":0,"pct":0}}
,"/Users/timcools/_/Lexy/lexy-typescript/tests/tokenizer/tokenize.ts": {"lines":{"total":42,"covered":0,"skipped":0,"pct":0},"functions":{"total":1,"covered":0,"skipped":0,"pct":0},"statements":{"total":42,"covered":0,"skipped":0,"pct":0},"branches":{"total":1,"covered":0,"skipped":0,"pct":0}}
}
