TN:
SF:jest.config.ts
FN:1,(empty-report)
FNF:1
FNH:0
FNDA:0,(empty-report)
DA:1,0
DA:2,0
DA:3,0
DA:4,0
DA:5,0
DA:6,0
DA:7,0
DA:8,0
DA:9,0
DA:10,0
DA:11,0
DA:12,0
DA:13,0
DA:14,0
DA:15,0
DA:16,0
DA:17,0
DA:18,0
DA:19,0
DA:20,0
DA:21,0
DA:22,0
DA:23,0
DA:24,0
DA:25,0
DA:26,0
DA:27,0
DA:28,0
LF:28
LH:0
BRDA:1,0,0,0
BRF:1
BRH:0
end_of_record
TN:
SF:src/compileCode.ts
FN:1,(empty-report)
FNF:1
FNH:0
FNDA:0,(empty-report)
DA:1,0
DA:2,0
DA:3,0
DA:4,0
DA:5,0
DA:6,0
DA:7,0
DA:8,0
DA:9,0
DA:10,0
DA:11,0
DA:12,0
DA:13,0
DA:14,0
DA:15,0
DA:16,0
LF:16
LH:0
BRDA:1,0,0,0
BRF:1
BRH:0
end_of_record
TN:
SF:src/index.ts
FN:1,(empty-report)
FNF:1
FNH:0
FNDA:0,(empty-report)
DA:1,0
DA:2,0
DA:3,0
DA:4,0
DA:5,0
DA:6,0
DA:7,0
LF:7
LH:0
BRDA:1,0,0,0
BRF:1
BRH:0
end_of_record
TN:
SF:src/compiler/IRootTokenWriter.ts
FN:1,(empty-report)
FNF:1
FNH:0
FNDA:0,(empty-report)
DA:1,0
DA:2,0
DA:3,0
DA:4,0
DA:5,0
DA:6,0
LF:6
LH:0
BRDA:1,0,0,0
BRF:1
BRH:0
end_of_record
TN:
SF:src/compiler/compilerResult.ts
FN:15,CompilerResult
FN:23,getFunction
FN:27,getEnumType
FN:31,createContext
FNF:4
FNH:2
FNDA:268,CompilerResult
FNDA:268,getFunction
FNDA:0,getEnumType
FNDA:0,createContext
DA:1,1
DA:2,1
DA:3,1
DA:4,1
DA:5,1
DA:6,1
DA:7,1
DA:8,1
DA:9,1
DA:10,1
DA:11,1
DA:12,1
DA:13,1
DA:14,1
DA:15,1
DA:16,268
DA:17,268
DA:18,268
DA:19,268
DA:20,268
DA:21,268
DA:22,1
DA:23,1
DA:24,268
DA:25,268
DA:26,1
DA:27,1
DA:28,0
DA:29,0
DA:30,1
DA:31,1
DA:32,0
DA:33,0
DA:34,1
LF:34
LH:30
BRDA:15,0,0,268
BRDA:23,1,0,268
BRF:2
BRH:2
end_of_record
TN:
SF:src/compiler/executableFunction.ts
FN:14,ExecutableFunction
FN:20,run
FN:27,getParameters
FN:41,getParameterSetter
FN:52,create
FN:65,changeType
FNF:6
FNH:6
FNDA:298,ExecutableFunction
FNDA:319,run
FNDA:319,getParameters
FNDA:305,getParameterSetter
FNDA:298,create
FNDA:361,changeType
DA:1,1
DA:2,1
DA:3,1
DA:4,1
DA:5,1
DA:6,1
DA:7,1
DA:8,1
DA:9,1
DA:10,1
DA:11,1
DA:12,1
DA:13,1
DA:14,1
DA:15,298
DA:16,298
DA:17,298
DA:18,298
DA:19,1
DA:20,1
DA:21,319
DA:22,319
DA:23,319
DA:24,319
DA:25,319
DA:26,1
DA:27,1
DA:28,319
DA:29,319
DA:30,319
DA:31,309
DA:32,309
DA:33,305
DA:34,305
DA:35,305
DA:36,305
DA:37,305
DA:38,309
DA:39,309
DA:40,1
DA:41,1
DA:42,305
DA:43,305
DA:44,305
DA:45,0
DA:46,0
DA:47,0
DA:48,305
DA:49,305
DA:50,305
DA:51,1
DA:52,1
DA:53,298
DA:54,298
DA:55,298
DA:56,298
DA:57,298
DA:58,298
DA:59,298
DA:60,298
DA:61,298
DA:62,298
DA:63,298
DA:64,1
DA:65,1
DA:66,361
DA:67,361
DA:68,361
DA:69,360
DA:70,26
DA:71,26
DA:72,56
DA:73,56
DA:74,26
DA:75,26
DA:76,26
DA:77,1
LF:77
LH:74
BRDA:14,0,0,298
BRDA:20,1,0,319
BRDA:27,2,0,319
BRDA:30,3,0,10
BRDA:30,4,0,309
BRDA:32,5,0,305
BRDA:41,6,0,305
BRDA:44,7,0,0
BRDA:49,8,0,305
BRDA:52,9,0,298
BRDA:65,10,0,361
BRDA:66,11,0,20
BRDA:66,12,0,341
BRDA:67,13,0,156
BRDA:67,14,0,360
BRDA:67,15,0,185
BRDA:68,16,0,26
BRDA:68,17,0,360
BRDA:68,18,0,159
BRDA:68,19,0,26
BRDA:69,20,0,0
BRDA:69,21,0,26
BRDA:71,22,0,56
BRDA:72,23,0,0
BRF:24
BRH:21
end_of_record
TN:
SF:src/compiler/generatedType.ts
FN:16,GeneratedType
FNF:1
FNH:1
FNDA:444,GeneratedType
DA:1,1
DA:2,1
DA:3,1
DA:4,1
DA:5,1
DA:6,1
DA:7,1
DA:8,1
DA:9,1
DA:10,1
DA:11,1
DA:12,1
DA:13,1
DA:14,1
DA:15,1
DA:16,1
DA:17,444
DA:18,444
DA:19,444
DA:20,444
DA:21,444
DA:22,1
LF:22
LH:22
BRDA:3,0,0,5
BRDA:16,1,0,444
BRF:2
BRH:2
end_of_record
TN:
SF:src/compiler/lexyCompiler.ts
FN:16,LexyCompiler
FN:21,compile
FN:33,generateCode
FN:37,generateType
FNF:4
FNH:4
FNDA:14,LexyCompiler
FNDA:268,compile
FNDA:268,generateCode
FNDA:444,generateType
DA:1,1
DA:2,1
DA:3,1
DA:4,1
DA:5,1
DA:6,1
DA:7,1
DA:8,1
DA:9,1
DA:10,1
DA:11,1
DA:12,1
DA:13,1
DA:14,1
DA:15,1
DA:16,1
DA:17,14
DA:18,14
DA:19,14
DA:20,1
DA:21,1
DA:22,268
DA:23,268
DA:24,268
DA:25,268
DA:26,268
DA:27,268
DA:28,0
DA:29,0
DA:30,0
DA:31,268
DA:32,1
DA:33,1
DA:34,268
DA:35,268
DA:36,1
DA:37,1
DA:38,444
DA:39,444
DA:40,444
DA:41,444
DA:42,444
DA:43,1
LF:43
LH:40
BRDA:16,0,0,14
BRDA:21,1,0,268
BRDA:27,2,0,0
BRDA:33,3,0,268
BRDA:34,4,0,444
BRDA:37,5,0,444
BRDA:39,6,0,0
BRF:7
BRH:5
end_of_record
TN:
SF:src/compiler/javaScript/classNames.ts
FN:6,functionClassName
FN:10,tableClassName
FN:14,enumClassName
FN:18,typeClassName
FN:22,normalize
FN:34,validCharacter
FNF:6
FNH:6
FNDA:370,functionClassName
FNDA:148,tableClassName
FNDA:299,enumClassName
FNDA:109,typeClassName
FNDA:926,normalize
FNDA:14147,validCharacter
DA:1,1
DA:2,1
DA:3,1
DA:4,1
DA:5,1
DA:6,1
DA:7,370
DA:8,370
DA:9,1
DA:10,1
DA:11,148
DA:12,148
DA:13,1
DA:14,1
DA:15,299
DA:16,299
DA:17,1
DA:18,1
DA:19,109
DA:20,109
DA:21,1
DA:22,1
DA:23,926
DA:24,926
DA:25,14147
DA:26,14147
DA:27,14147
DA:28,14147
DA:29,14147
DA:30,926
DA:31,926
DA:32,926
DA:33,1
DA:34,14147
DA:35,14147
DA:36,14147
LF:36
LH:36
BRDA:6,0,0,370
BRDA:10,1,0,148
BRDA:14,2,0,299
BRDA:18,3,0,109
BRDA:22,4,0,926
BRDA:23,5,0,0
BRDA:24,6,0,14147
BRDA:34,7,0,14147
BRDA:35,8,0,0
BRF:9
BRH:7
end_of_record
TN:
SF:src/compiler/javaScript/compilationEnvironment.ts
FN:21,<instance_members_initializer>
FN:31,CompilationEnvironment
FN:44,initialize
FN:50,addType
FN:54,result
FN:58,initializeType
FNF:6
FNH:6
FNDA:268,<instance_members_initializer>
FNDA:268,CompilationEnvironment
FNDA:268,initialize
FNDA:444,addType
FNDA:268,result
FNDA:444,initializeType
DA:1,1
DA:2,1
DA:3,1
DA:4,1
DA:5,1
DA:6,1
DA:7,1
DA:8,1
DA:9,1
DA:10,1
DA:11,1
DA:12,1
DA:13,1
DA:14,1
DA:15,1
DA:16,1
DA:17,1
DA:18,1
DA:19,1
DA:20,1
DA:21,1
DA:22,268
DA:23,268
DA:24,268
DA:25,1
DA:26,1
DA:27,1
DA:28,1
DA:29,1
DA:30,1
DA:31,1
DA:32,268
DA:33,268
DA:34,268
DA:35,268
DA:36,268
DA:37,268
DA:38,268
DA:39,268
DA:40,268
DA:41,268
DA:42,268
DA:43,1
DA:44,1
DA:45,268
DA:46,444
DA:47,444
DA:48,268
DA:49,1
DA:50,1
DA:51,444
DA:52,444
DA:53,1
DA:54,1
DA:55,268
DA:56,268
DA:57,1
DA:58,1
DA:59,444
DA:60,444
DA:61,444
DA:62,444
DA:63,444
DA:64,444
DA:65,444
DA:66,444
DA:67,444
DA:68,0
DA:69,0
DA:70,0
DA:71,444
DA:72,444
DA:73,444
DA:74,298
DA:75,298
DA:76,298
DA:77,298
DA:78,444
DA:79,51
DA:80,51
DA:81,51
DA:82,444
DA:83,64
DA:84,64
DA:85,64
DA:86,444
DA:87,31
DA:88,31
DA:89,31
DA:90,444
DA:91,0
DA:92,0
DA:93,444
DA:94,444
DA:95,1
LF:95
LH:90
BRDA:21,0,0,268
BRDA:31,1,0,268
BRDA:44,2,0,268
BRDA:45,3,0,444
BRDA:50,4,0,444
BRDA:54,5,0,268
BRDA:58,6,0,444
BRDA:67,7,0,0
BRDA:73,8,0,298
BRDA:78,9,0,51
BRDA:82,10,0,64
BRDA:86,11,0,31
BRDA:90,12,0,0
BRF:13
BRH:11
end_of_record
TN:
SF:src/compiler/javaScript/javaScriptCode.ts
FN:13,getWriter
FNF:1
FNH:1
FNDA:444,getWriter
DA:1,1
DA:2,1
DA:3,1
DA:4,1
DA:5,1
DA:6,1
DA:7,1
DA:8,1
DA:9,1
DA:10,1
DA:11,1
DA:12,1
DA:13,1
DA:14,444
DA:15,444
DA:16,298
DA:17,444
DA:18,444
DA:19,51
DA:20,444
DA:21,444
DA:22,64
DA:23,444
DA:24,444
DA:25,31
DA:26,444
DA:27,444
DA:28,0
DA:29,0
DA:30,0
DA:31,0
DA:32,0
DA:33,444
DA:34,0
DA:35,444
DA:36,0
DA:37,1
LF:37
LH:30
BRDA:13,0,0,444
BRDA:15,1,0,298
BRDA:18,2,0,51
BRDA:21,3,0,64
BRDA:24,4,0,31
BRDA:27,5,0,0
BRDA:33,6,0,0
BRDA:35,7,0,0
BRF:8
BRH:5
end_of_record
TN:
SF:src/compiler/javaScript/lexyCodeConstants.ts
FN:3,<static_initializer>
FNF:1
FNH:1
FNDA:5,<static_initializer>
DA:1,1
DA:2,1
DA:3,1
DA:4,5
DA:5,5
DA:6,5
DA:7,5
DA:8,5
DA:9,5
DA:10,5
DA:11,5
DA:12,5
DA:13,5
DA:14,5
DA:15,5
DA:16,5
DA:17,5
DA:18,5
DA:19,5
DA:20,5
DA:21,1
DA:22,1
LF:22
LH:22
BRDA:3,0,0,5
BRF:1
BRH:1
end_of_record
TN:
SF:src/compiler/javaScript/types.ts
FN:59,translateType
FN:92,translateComplexType
FNF:2
FNH:2
FNDA:107,translateType
FNDA:62,translateComplexType
DA:1,1
DA:2,1
DA:3,1
DA:4,1
DA:5,1
DA:6,1
DA:7,1
DA:8,1
DA:9,1
DA:10,1
DA:11,1
DA:12,1
DA:13,1
DA:14,1
DA:15,1
DA:16,1
DA:17,1
DA:18,1
DA:19,1
DA:20,1
DA:21,1
DA:22,1
DA:23,1
DA:24,1
DA:25,1
DA:26,1
DA:27,1
DA:28,1
DA:29,1
DA:30,1
DA:31,1
DA:32,1
DA:33,1
DA:34,1
DA:35,1
DA:36,1
DA:37,1
DA:38,1
DA:39,1
DA:40,1
DA:41,1
DA:42,1
DA:43,1
DA:44,1
DA:45,1
DA:46,1
DA:47,1
DA:48,1
DA:49,1
DA:50,1
DA:51,1
DA:52,1
DA:53,1
DA:54,1
DA:55,1
DA:56,1
DA:57,1
DA:58,1
DA:59,1
DA:60,107
DA:61,107
DA:62,107
DA:63,0
DA:64,0
DA:65,0
DA:66,0
DA:67,107
DA:68,77
DA:69,77
DA:70,77
DA:71,77
DA:72,107
DA:73,0
DA:74,0
DA:75,0
DA:76,0
DA:77,107
DA:78,30
DA:79,30
DA:80,30
DA:81,30
DA:82,107
DA:83,0
DA:84,0
DA:85,0
DA:86,0
DA:87,107
DA:88,0
DA:89,107
DA:90,107
DA:91,1
DA:92,1
DA:93,62
DA:94,62
DA:95,29
DA:96,29
DA:97,62
DA:98,16
DA:99,16
DA:100,62
DA:101,17
DA:102,17
DA:103,62
DA:104,0
DA:105,0
DA:106,62
DA:107,62
LF:107
LH:92
BRDA:59,0,0,107
BRDA:62,1,0,0
BRDA:67,2,0,77
BRDA:69,3,0,0
BRDA:72,4,0,0
BRDA:77,5,0,30
BRDA:79,6,0,0
BRDA:82,7,0,0
BRDA:87,8,0,0
BRDA:92,9,0,62
BRDA:94,10,0,29
BRDA:97,11,0,16
BRDA:100,12,0,17
BRDA:103,13,0,0
BRF:14
BRH:7
end_of_record
TN:
SF:src/compiler/javaScript/builtInFunctions/absFunctionCall.ts
FN:5,<instance_members_initializer>
FNF:1
FNH:1
FNDA:2,<instance_members_initializer>
DA:1,1
DA:2,1
DA:3,1
DA:4,1
DA:5,1
DA:6,1
DA:7,1
LF:7
LH:7
BRDA:5,0,0,2
BRF:1
BRH:1
end_of_record
TN:
SF:src/compiler/javaScript/builtInFunctions/createFunctionCall.ts
FN:28,renderFunctionCall
FN:34,createFunctionCall
FNF:2
FNH:2
FNDA:101,renderFunctionCall
FNDA:101,createFunctionCall
DA:1,1
DA:2,1
DA:3,1
DA:4,1
DA:5,1
DA:6,1
DA:7,1
DA:8,1
DA:9,1
DA:10,1
DA:11,1
DA:12,1
DA:13,1
DA:14,1
DA:15,1
DA:16,1
DA:17,1
DA:18,1
DA:19,1
DA:20,1
DA:21,1
DA:22,1
DA:23,1
DA:24,1
DA:25,1
DA:26,1
DA:27,1
DA:28,1
DA:29,101
DA:30,101
DA:31,101
DA:32,101
DA:33,1
DA:34,101
DA:35,101
DA:36,101
DA:37,101
DA:38,28
DA:39,101
DA:40,21
DA:41,101
DA:42,101
DA:43,5
DA:44,101
DA:45,5
DA:46,101
DA:47,101
DA:48,3
DA:49,101
DA:50,2
DA:51,101
DA:52,3
DA:53,101
DA:54,5
DA:55,101
DA:56,101
DA:57,2
DA:58,101
DA:59,2
DA:60,101
DA:61,101
DA:62,3
DA:63,101
DA:64,1
DA:65,101
DA:66,1
DA:67,101
DA:68,1
DA:69,101
DA:70,1
DA:71,101
DA:72,1
DA:73,101
DA:74,101
DA:75,1
DA:76,101
DA:77,1
DA:78,101
DA:79,1
DA:80,101
DA:81,2
DA:82,101
DA:83,2
DA:84,101
DA:85,4
DA:86,101
DA:87,101
DA:88,6
DA:89,101
DA:90,101
DA:91,0
DA:92,101
DA:93,101
LF:93
LH:92
BRDA:28,0,0,101
BRDA:30,1,0,0
BRDA:34,2,0,101
BRDA:37,3,0,28
BRDA:39,4,0,21
BRDA:42,5,0,5
BRDA:44,6,0,5
BRDA:47,7,0,3
BRDA:49,8,0,2
BRDA:51,9,0,3
BRDA:53,10,0,5
BRDA:56,11,0,2
BRDA:58,12,0,2
BRDA:61,13,0,3
BRDA:63,14,0,1
BRDA:65,15,0,1
BRDA:67,16,0,1
BRDA:69,17,0,1
BRDA:71,18,0,1
BRDA:74,19,0,1
BRDA:76,20,0,1
BRDA:78,21,0,1
BRDA:80,22,0,2
BRDA:82,23,0,2
BRDA:84,24,0,4
BRDA:87,25,0,6
BRDA:90,26,0,0
BRF:27
BRH:25
end_of_record
TN:
SF:src/compiler/javaScript/builtInFunctions/dayFunctionCall.ts
FN:5,<instance_members_initializer>
FNF:1
FNH:1
FNDA:1,<instance_members_initializer>
DA:1,1
DA:2,1
DA:3,1
DA:4,1
DA:5,1
DA:6,1
DA:7,1
LF:7
LH:7
BRDA:5,0,0,1
BRF:1
BRH:1
end_of_record
TN:
SF:src/compiler/javaScript/builtInFunctions/daysFunctionCall.ts
FN:5,<instance_members_initializer>
FNF:1
FNH:1
FNDA:1,<instance_members_initializer>
DA:1,1
DA:2,1
DA:3,1
DA:4,1
DA:5,1
DA:6,1
DA:7,1
LF:7
LH:7
BRDA:5,0,0,1
BRF:1
BRH:1
end_of_record
TN:
SF:src/compiler/javaScript/builtInFunctions/endStartDateFunctionCall.ts
FN:8,renderArguments
FNF:1
FNH:1
FNDA:11,renderArguments
DA:1,1
DA:2,1
DA:3,1
DA:4,1
DA:5,1
DA:6,1
DA:7,1
DA:8,1
DA:9,11
DA:10,11
DA:11,11
DA:12,11
DA:13,1
LF:13
LH:13
BRDA:8,0,0,11
BRF:1
BRH:1
end_of_record
TN:
SF:src/compiler/javaScript/builtInFunctions/functionCall.ts
FNF:0
FNH:0
DA:1,1
DA:2,1
DA:3,1
DA:4,1
DA:5,1
DA:6,1
LF:6
LH:6
BRF:0
BRH:0
end_of_record
TN:
SF:src/compiler/javaScript/builtInFunctions/hourFunctionCall.ts
FN:5,<instance_members_initializer>
FNF:1
FNH:1
FNDA:1,<instance_members_initializer>
DA:1,1
DA:2,1
DA:3,1
DA:4,1
DA:5,1
DA:6,1
DA:7,1
LF:7
LH:7
BRDA:5,0,0,1
BRF:1
BRH:1
end_of_record
TN:
SF:src/compiler/javaScript/builtInFunctions/hoursFunctionCall.ts
FN:5,<instance_members_initializer>
FNF:1
FNH:1
FNDA:2,<instance_members_initializer>
DA:1,1
DA:2,1
DA:3,1
DA:4,1
DA:5,1
DA:6,1
DA:7,1
LF:7
LH:7
BRDA:5,0,0,2
BRF:1
BRH:1
end_of_record
TN:
SF:src/compiler/javaScript/builtInFunctions/intFunctionCall.ts
FN:5,<instance_members_initializer>
FNF:1
FNH:1
FNDA:3,<instance_members_initializer>
DA:1,1
DA:2,1
DA:3,1
DA:4,1
DA:5,1
DA:6,1
DA:7,1
LF:7
LH:7
BRDA:5,0,0,3
BRF:1
BRH:1
end_of_record
TN:
SF:src/compiler/javaScript/builtInFunctions/lexyFunctionCall.ts
FN:9,renderExpression
FN:16,renderFunction
FNF:2
FNH:2
FNDA:6,renderExpression
FNDA:15,renderFunction
DA:1,1
DA:2,1
DA:3,1
DA:4,1
DA:5,1
DA:6,1
DA:7,1
DA:8,1
DA:9,1
DA:10,6
DA:11,6
DA:12,6
DA:13,6
DA:14,6
DA:15,1
DA:16,1
DA:17,15
DA:18,15
DA:19,15
DA:20,1
LF:20
LH:20
BRDA:9,0,0,6
BRDA:16,1,0,15
BRF:2
BRH:2
end_of_record
TN:
SF:src/compiler/javaScript/builtInFunctions/lookUpByFunctionCall.ts
FN:9,renderExpression
FNF:1
FNH:1
FNDA:5,renderExpression
DA:1,1
DA:2,1
DA:3,1
DA:4,1
DA:5,1
DA:6,1
DA:7,1
DA:8,1
DA:9,1
DA:10,5
DA:11,5
DA:12,5
DA:13,5
DA:14,5
DA:15,5
DA:16,5
DA:17,5
DA:18,5
DA:19,5
DA:20,5
DA:21,1
LF:21
LH:21
BRDA:9,0,0,5
BRF:1
BRH:1
end_of_record
TN:
SF:src/compiler/javaScript/builtInFunctions/lookUpFunctionCall.ts
FN:8,renderExpression
FNF:1
FNH:1
FNDA:28,renderExpression
DA:1,1
DA:2,1
DA:3,1
DA:4,1
DA:5,1
DA:6,1
DA:7,1
DA:8,1
DA:9,28
DA:10,28
DA:11,28
DA:12,28
DA:13,28
DA:14,28
DA:15,28
DA:16,28
DA:17,1
LF:17
LH:17
BRDA:8,0,0,28
BRF:1
BRH:1
end_of_record
TN:
SF:src/compiler/javaScript/builtInFunctions/lookUpRowByFunctionCall.ts
FN:8,renderExpression
FNF:1
FNH:1
FNDA:5,renderExpression
DA:1,1
DA:2,1
DA:3,1
DA:4,1
DA:5,1
DA:6,1
DA:7,1
DA:8,1
DA:9,5
DA:10,5
DA:11,5
DA:12,5
DA:13,5
DA:14,5
DA:15,5
DA:16,5
DA:17,5
DA:18,5
DA:19,5
DA:20,1
LF:20
LH:20
BRDA:8,0,0,5
BRF:1
BRH:1
end_of_record
TN:
SF:src/compiler/javaScript/builtInFunctions/lookUpRowFunctionCall.ts
FN:8,renderExpression
FNF:1
FNH:1
FNDA:21,renderExpression
DA:1,1
DA:2,1
DA:3,1
DA:4,1
DA:5,1
DA:6,1
DA:7,1
DA:8,1
DA:9,21
DA:10,21
DA:11,21
DA:12,21
DA:13,21
DA:14,21
DA:15,21
DA:16,21
DA:17,1
LF:17
LH:17
BRDA:8,0,0,21
BRF:1
BRH:1
end_of_record
TN:
SF:src/compiler/javaScript/builtInFunctions/methodFunctionCall.ts
FN:11,renderExpression
FNF:1
FNH:1
FNDA:32,renderExpression
DA:1,1
DA:2,1
DA:3,1
DA:4,1
DA:5,1
DA:6,1
DA:7,1
DA:8,1
DA:9,1
DA:10,1
DA:11,1
DA:12,32
DA:13,32
DA:14,32
DA:15,32
DA:16,32
DA:17,1
DA:18,1
DA:19,1
LF:19
LH:19
BRDA:11,0,0,32
BRF:1
BRH:1
end_of_record
TN:
SF:src/compiler/javaScript/builtInFunctions/minuteFunctionCall.ts
FN:5,<instance_members_initializer>
FNF:1
FNH:1
FNDA:1,<instance_members_initializer>
DA:1,1
DA:2,1
DA:3,1
DA:4,1
DA:5,1
DA:6,1
DA:7,1
LF:7
LH:7
BRDA:5,0,0,1
BRF:1
BRH:1
end_of_record
TN:
SF:src/compiler/javaScript/builtInFunctions/minutesFunctionCall.ts
FN:5,<instance_members_initializer>
FNF:1
FNH:1
FNDA:2,<instance_members_initializer>
DA:1,1
DA:2,1
DA:3,1
DA:4,1
DA:5,1
DA:6,1
DA:7,1
LF:7
LH:7
BRDA:5,0,0,2
BRF:1
BRH:1
end_of_record
TN:
SF:src/compiler/javaScript/builtInFunctions/monthFunctionCall.ts
FN:5,<instance_members_initializer>
FNF:1
FNH:1
FNDA:1,<instance_members_initializer>
DA:1,1
DA:2,1
DA:3,1
DA:4,1
DA:5,1
DA:6,1
DA:7,1
LF:7
LH:7
BRDA:5,0,0,1
BRF:1
BRH:1
end_of_record
TN:
SF:src/compiler/javaScript/builtInFunctions/monthsFunctionCall.ts
FN:5,<instance_members_initializer>
FNF:1
FNH:1
FNDA:1,<instance_members_initializer>
DA:1,1
DA:2,1
DA:3,1
DA:4,1
DA:5,1
DA:6,1
DA:7,1
LF:7
LH:7
BRDA:5,0,0,1
BRF:1
BRH:1
end_of_record
TN:
SF:src/compiler/javaScript/builtInFunctions/noArgumentFunctionCall.ts
FN:11,renderExpression
FNF:1
FNH:1
FNDA:4,renderExpression
DA:1,1
DA:2,1
DA:3,1
DA:4,1
DA:5,1
DA:6,1
DA:7,1
DA:8,1
DA:9,1
DA:10,1
DA:11,1
DA:12,4
DA:13,4
DA:14,4
DA:15,1
LF:15
LH:15
BRDA:11,0,0,4
BRF:1
BRH:1
end_of_record
TN:
SF:src/compiler/javaScript/builtInFunctions/nowFunctionCall.ts
FN:6,<instance_members_initializer>
FNF:1
FNH:1
FNDA:2,<instance_members_initializer>
DA:1,1
DA:2,1
DA:3,1
DA:4,1
DA:5,1
DA:6,1
DA:7,1
DA:8,1
LF:8
LH:8
BRDA:6,0,0,2
BRF:1
BRH:1
end_of_record
TN:
SF:src/compiler/javaScript/builtInFunctions/powerFunctionCall.ts
FN:7,<instance_members_initializer>
FN:10,renderArguments
FNF:2
FNH:2
FNDA:3,<instance_members_initializer>
FNDA:3,renderArguments
DA:1,1
DA:2,1
DA:3,1
DA:4,1
DA:5,1
DA:6,1
DA:7,1
DA:8,1
DA:9,1
DA:10,1
DA:11,3
DA:12,3
DA:13,3
DA:14,3
DA:15,1
LF:15
LH:15
BRDA:7,0,0,3
BRDA:10,1,0,3
BRF:2
BRH:2
end_of_record
TN:
SF:src/compiler/javaScript/builtInFunctions/roundFunctionCall.ts
FN:7,<instance_members_initializer>
FN:10,renderArguments
FNF:2
FNH:2
FNDA:5,<instance_members_initializer>
FNDA:5,renderArguments
DA:1,1
DA:2,1
DA:3,1
DA:4,1
DA:5,1
DA:6,1
DA:7,1
DA:8,1
DA:9,1
DA:10,1
DA:11,5
DA:12,5
DA:13,5
DA:14,5
DA:15,1
LF:15
LH:15
BRDA:7,0,0,5
BRDA:10,1,0,5
BRF:2
BRH:2
end_of_record
TN:
SF:src/compiler/javaScript/builtInFunctions/secondFunctionCall.ts
FN:5,<instance_members_initializer>
FNF:1
FNH:1
FNDA:1,<instance_members_initializer>
DA:1,1
DA:2,1
DA:3,1
DA:4,1
DA:5,1
DA:6,1
DA:7,1
LF:7
LH:7
BRDA:5,0,0,1
BRF:1
BRH:1
end_of_record
TN:
SF:src/compiler/javaScript/builtInFunctions/secondsFunctionCall.ts
FN:5,<instance_members_initializer>
FNF:1
FNH:1
FNDA:4,<instance_members_initializer>
DA:1,1
DA:2,1
DA:3,1
DA:4,1
DA:5,1
DA:6,1
DA:7,1
LF:7
LH:7
BRDA:5,0,0,4
BRF:1
BRH:1
end_of_record
TN:
SF:src/compiler/javaScript/builtInFunctions/singleArgumentFunctionCall.ts
FN:9,renderArguments
FNF:1
FNH:1
FNDA:13,renderArguments
DA:1,1
DA:2,1
DA:3,1
DA:4,1
DA:5,1
DA:6,1
DA:7,1
DA:8,1
DA:9,1
DA:10,13
DA:11,13
DA:12,1
LF:12
LH:12
BRDA:9,0,0,13
BRF:1
BRH:1
end_of_record
TN:
SF:src/compiler/javaScript/builtInFunctions/todayFunctionCall.ts
FN:5,<instance_members_initializer>
FNF:1
FNH:1
FNDA:2,<instance_members_initializer>
DA:1,1
DA:2,1
DA:3,1
DA:4,1
DA:5,1
DA:6,1
DA:7,1
LF:7
LH:7
BRDA:5,0,0,2
BRF:1
BRH:1
end_of_record
TN:
SF:src/compiler/javaScript/builtInFunctions/yearFunctionCall.ts
FN:5,<instance_members_initializer>
FNF:1
FNH:1
FNDA:3,<instance_members_initializer>
DA:1,1
DA:2,1
DA:3,1
DA:4,1
DA:5,1
DA:6,1
DA:7,1
LF:7
LH:7
BRDA:5,0,0,3
BRF:1
BRH:1
end_of_record
TN:
SF:src/compiler/javaScript/builtInFunctions/yearsFunctionCall.ts
FN:5,<instance_members_initializer>
FNF:1
FNH:1
FNDA:1,<instance_members_initializer>
DA:1,1
DA:2,1
DA:3,1
DA:4,1
DA:5,1
DA:6,1
DA:7,1
LF:7
LH:7
BRDA:5,0,0,1
BRF:1
BRH:1
end_of_record
TN:
SF:src/compiler/javaScript/lineExpressionExceptions/ILineExpressionException.ts
FN:1,(empty-report)
FNF:1
FNH:0
FNDA:0,(empty-report)
DA:1,0
DA:2,0
DA:3,0
DA:4,0
DA:5,0
DA:6,0
DA:7,0
LF:7
LH:0
BRDA:1,0,0,0
BRF:1
BRH:0
end_of_record
TN:
SF:src/compiler/javaScript/lineExpressionExceptions/extractFunctionExpressionStatementException.ts
FN:18,matches
FN:25,render
FN:36,renderExtract
FN:42,renderMapping
FNF:4
FNH:4
FNDA:732,matches
FNDA:6,render
FNDA:15,renderExtract
FNDA:21,renderMapping
DA:1,1
DA:2,1
DA:3,1
DA:4,1
DA:5,1
DA:6,1
DA:7,1
DA:8,1
DA:9,1
DA:10,1
DA:11,1
DA:12,1
DA:13,1
DA:14,1
DA:15,1
DA:16,1
DA:17,1
DA:18,1
DA:19,732
DA:20,732
DA:21,15
DA:22,15
DA:23,15
DA:24,1
DA:25,1
DA:26,6
DA:27,6
DA:28,6
DA:29,6
DA:30,6
DA:31,6
DA:32,6
DA:33,6
DA:34,6
DA:35,1
DA:36,1
DA:37,15
DA:38,21
DA:39,21
DA:40,15
DA:41,1
DA:42,1
DA:43,21
DA:44,21
DA:45,2
DA:46,21
DA:47,19
DA:48,19
DA:49,0
DA:50,0
DA:51,0
DA:52,0
DA:53,21
DA:54,21
DA:55,21
DA:56,21
DA:57,1
LF:57
LH:53
BRDA:18,0,0,732
BRDA:20,1,0,717
BRDA:20,2,0,15
BRDA:25,3,0,6
BRDA:27,4,0,0
BRDA:30,5,0,0
BRDA:31,6,0,0
BRDA:36,7,0,15
BRDA:37,8,0,21
BRDA:42,9,0,21
BRDA:44,10,0,2
BRDA:46,11,0,19
BRDA:48,12,0,0
BRF:13
BRH:9
end_of_record
TN:
SF:src/compiler/javaScript/lineExpressionExceptions/fillFunctionExpressionStatementException.ts
FN:18,matches
FN:28,render
FN:41,renderFill
FNF:3
FNH:3
FNDA:739,matches
FNDA:7,render
FNDA:16,renderFill
DA:1,1
DA:2,1
DA:3,1
DA:4,1
DA:5,1
DA:6,1
DA:7,1
DA:8,1
DA:9,1
DA:10,1
DA:11,1
DA:12,1
DA:13,1
DA:14,1
DA:15,1
DA:16,1
DA:17,1
DA:18,1
DA:19,739
DA:20,739
DA:21,117
DA:22,117
DA:23,724
DA:24,35
DA:25,35
DA:26,35
DA:27,1
DA:28,1
DA:29,7
DA:30,7
DA:31,7
DA:32,7
DA:33,7
DA:34,7
DA:35,7
DA:36,7
DA:37,7
DA:38,7
DA:39,7
DA:40,1
DA:41,1
DA:42,16
DA:43,16
DA:44,16
DA:45,16
DA:46,16
DA:47,18
DA:48,18
DA:49,18
DA:50,1
DA:51,18
DA:52,0
DA:53,17
DA:54,17
DA:55,17
DA:56,0
DA:57,0
DA:58,18
DA:59,18
DA:60,18
DA:61,16
DA:62,1
LF:62
LH:59
BRDA:18,0,0,739
BRDA:20,1,0,622
BRDA:20,2,0,736
BRDA:20,3,0,724
BRDA:20,4,0,117
BRDA:23,5,0,82
BRDA:23,6,0,35
BRDA:28,7,0,7
BRDA:30,8,0,0
BRDA:33,9,0,0
BRDA:36,10,0,0
BRDA:41,11,0,16
BRDA:46,12,0,18
BRDA:49,13,0,1
BRDA:51,14,0,17
BRDA:51,15,0,0
BRDA:55,16,0,0
BRF:17
BRH:12
end_of_record
TN:
SF:src/compiler/javaScript/lineExpressionExceptions/matchesLineExpressionException.ts
FN:16,matchesLineExpressionException
FNF:1
FNH:1
FNDA:746,matchesLineExpressionException
DA:1,1
DA:2,1
DA:3,1
DA:4,1
DA:5,1
DA:6,1
DA:7,1
DA:8,1
DA:9,1
DA:10,1
DA:11,1
DA:12,1
DA:13,1
DA:14,1
DA:15,1
DA:16,1
DA:17,746
DA:18,746
LF:18
LH:18
BRDA:16,0,0,746
BRDA:17,1,0,2943
BRF:2
BRH:2
end_of_record
TN:
SF:src/compiler/javaScript/lineExpressionExceptions/newFunctionExpressionStatementException.ts
FN:12,matches
FN:23,render
FNF:2
FNH:2
FNDA:746,matches
FNDA:7,render
DA:1,1
DA:2,1
DA:3,1
DA:4,1
DA:5,1
DA:6,1
DA:7,1
DA:8,1
DA:9,1
DA:10,1
DA:11,1
DA:12,1
DA:13,746
DA:14,746
DA:15,124
DA:16,124
DA:17,731
DA:18,42
DA:19,42
DA:20,42
DA:21,1
DA:22,1
DA:23,1
DA:24,7
DA:25,7
DA:26,7
DA:27,7
DA:28,7
DA:29,7
DA:30,7
DA:31,7
DA:32,7
DA:33,7
DA:34,7
DA:35,7
DA:36,7
DA:37,7
DA:38,7
DA:39,1
LF:39
LH:39
BRDA:12,0,0,746
BRDA:14,1,0,622
BRDA:14,2,0,743
BRDA:14,3,0,731
BRDA:14,4,0,124
BRDA:17,5,0,82
BRDA:17,6,0,42
BRDA:23,7,0,7
BRDA:25,8,0,0
BRDA:26,9,0,0
BRDA:29,10,0,0
BRDA:32,11,0,0
BRF:12
BRH:8
end_of_record
TN:
SF:src/compiler/javaScript/lineExpressionExceptions/simpleLexyFunctionFunctionExpressionStatementException.ts
FN:18,matches
FN:26,render
FN:50,renderRunFunction
FNF:3
FNH:3
FNDA:726,matches
FNDA:9,render
FNDA:9,renderRunFunction
DA:1,1
DA:2,1
DA:3,1
DA:4,1
DA:5,1
DA:6,1
DA:7,1
DA:8,1
DA:9,1
DA:10,1
DA:11,1
DA:12,1
DA:13,1
DA:14,1
DA:15,1
DA:16,1
DA:17,1
DA:18,1
DA:19,726
DA:20,726
DA:21,9
DA:22,9
DA:23,9
DA:24,9
DA:25,1
DA:26,1
DA:27,9
DA:28,9
DA:29,9
DA:30,9
DA:31,9
DA:32,9
DA:33,9
DA:34,9
DA:35,9
DA:36,9
DA:37,9
DA:38,9
DA:39,9
DA:40,9
DA:41,9
DA:42,9
DA:43,9
DA:44,9
DA:45,9
DA:46,9
DA:47,9
DA:48,9
DA:49,1
DA:50,1
DA:51,9
DA:52,9
DA:53,9
DA:54,9
DA:55,9
DA:56,9
DA:57,9
DA:58,1
LF:58
LH:58
BRDA:18,0,0,726
BRDA:20,1,0,717
BRDA:20,2,0,9
BRDA:26,3,0,9
BRDA:28,4,0,0
BRDA:31,5,0,0
BRDA:50,6,0,9
BRF:7
BRH:5
end_of_record
TN:
SF:src/compiler/javaScript/renderers/customVariableIdentifier.ts
FN:9,customVariableIdentifier
FNF:1
FNH:1
FNDA:40,customVariableIdentifier
DA:1,1
DA:2,1
DA:3,1
DA:4,1
DA:5,1
DA:6,1
DA:7,1
DA:8,1
DA:9,1
DA:10,40
DA:11,40
DA:12,40
DA:13,40
DA:14,40
DA:15,0
DA:16,0
DA:17,0
DA:18,40
DA:19,0
DA:20,0
DA:21,0
DA:22,40
DA:23,40
DA:24,40
DA:25,40
DA:26,40
DA:27,0
DA:28,0
LF:28
LH:20
BRDA:9,0,0,40
BRDA:10,1,0,0
BRDA:14,2,0,0
BRDA:18,3,0,0
BRDA:24,4,0,0
BRDA:26,5,0,0
BRF:6
BRH:1
end_of_record
TN:
SF:src/compiler/javaScript/renderers/rendeLogCalls.ts
FN:10,getUsedVariables
FN:15,getReadVariables
FN:19,getWriteVariables
FN:23,renderLogVariablesParameter
FN:31,renderLogVariablesParameters
FN:39,logLineAndVariables
FN:47,logAssignmentVariables
FNF:7
FNH:7
FNDA:1590,getUsedVariables
FNDA:844,getReadVariables
FNDA:746,getWriteVariables
FNDA:1151,renderLogVariablesParameter
FNDA:1590,renderLogVariablesParameters
FNDA:844,logLineAndVariables
FNDA:746,logAssignmentVariables
DA:1,1
DA:2,1
DA:3,1
DA:4,1
DA:5,1
DA:6,1
DA:7,1
DA:8,1
DA:9,1
DA:10,1590
DA:11,1590
DA:12,1590
DA:13,1590
DA:14,1
DA:15,844
DA:16,844
DA:17,844
DA:18,1
DA:19,746
DA:20,746
DA:21,746
DA:22,1
DA:23,1151
DA:24,1151
DA:25,1151
DA:26,1151
DA:27,53
DA:28,53
DA:29,1151
DA:30,1
DA:31,1590
DA:32,1590
DA:33,1581
DA:34,1151
DA:35,1151
DA:36,1151
DA:37,1098
DA:38,1
DA:39,1
DA:40,844
DA:41,844
DA:42,844
DA:43,844
DA:44,844
DA:45,844
DA:46,1
DA:47,1
DA:48,746
DA:49,746
DA:50,746
DA:51,746
DA:52,746
LF:52
LH:52
BRDA:10,0,0,1590
BRDA:12,1,0,2308
BRDA:12,2,0,1154
BRDA:15,3,0,844
BRDA:19,4,0,746
BRDA:23,5,0,1151
BRDA:26,6,0,53
BRDA:31,7,0,1590
BRDA:32,8,0,1588
BRDA:32,9,0,492
BRDA:32,10,0,1581
BRDA:32,11,0,1098
BRDA:33,12,0,1151
BRDA:36,13,0,1098
BRDA:39,14,0,844
BRDA:47,15,0,746
BRF:16
BRH:16
end_of_record
TN:
SF:src/compiler/javaScript/renderers/renderExpression.ts
FN:39,renderExpressionLine
FN:57,renderExpressions
FN:70,renderValueExpression
FN:72,render
FN:93,renderExpression
FN:95,render
FN:141,renderMemberAccessExpression
FN:146,renderIdentifierExpression
FN:151,renderLiteralExpression
FN:152,format
FN:174,renderAssignmentExpression
FN:180,numberOperationFunctionName
FN:209,renderNumberOperationExpression
FN:226,renderBinaryExpression
FN:251,operatorString
FN:285,renderBracketedExpression
FN:292,renderIfExpression
FN:313,renderElseExpression
FN:319,renderElseifExpression
FN:326,renderParenthesizedExpression
FN:332,renderCaseExpression
FN:348,renderRawExpression
FN:355,renderSwitchExpression
FN:365,renderVariableDeclarationExpression
FN:375,renderFunctionCallExpression
FNF:25
FNH:24
FNDA:746,renderExpressionLine
FNDA:457,renderExpressions
FNDA:1100,renderValueExpression
FNDA:1100,render
FNDA:2394,renderExpression
FNDA:2394,render
FNDA:172,renderMemberAccessExpression
FNDA:896,renderIdentifierExpression
FNDA:1512,renderLiteralExpression
FNDA:1692,format
FNDA:538,renderAssignmentExpression
FNDA:59,numberOperationFunctionName
FNDA:59,renderNumberOperationExpression
FNDA:93,renderBinaryExpression
FNDA:34,operatorString
FNDA:0,renderBracketedExpression
FNDA:50,renderIfExpression
FNDA:38,renderElseExpression
FNDA:11,renderElseifExpression
FNDA:3,renderParenthesizedExpression
FNDA:60,renderCaseExpression
FNDA:64,renderRawExpression
FNDA:19,renderSwitchExpression
FNDA:110,renderVariableDeclarationExpression
FNDA:101,renderFunctionCallExpression
DA:1,1
DA:2,1
DA:3,1
DA:4,1
DA:5,1
DA:6,1
DA:7,1
DA:8,1
DA:9,1
DA:10,1
DA:11,1
DA:12,1
DA:13,1
DA:14,1
DA:15,1
DA:16,1
DA:17,1
DA:18,1
DA:19,1
DA:20,1
DA:21,1
DA:22,1
DA:23,1
DA:24,1
DA:25,1
DA:26,1
DA:27,1
DA:28,1
DA:29,1
DA:30,1
DA:31,1
DA:32,1
DA:33,1
DA:34,1
DA:35,1
DA:36,1
DA:37,1
DA:38,1
DA:39,746
DA:40,746
DA:41,746
DA:42,746
DA:43,746
DA:44,746
DA:45,746
DA:46,29
DA:47,746
DA:48,717
DA:49,717
DA:50,648
DA:51,648
DA:52,717
DA:53,746
DA:54,746
DA:55,746
DA:56,1
DA:57,1
DA:58,457
DA:59,457
DA:60,159
DA:61,159
DA:62,457
DA:63,746
DA:64,746
DA:65,457
DA:66,159
DA:67,159
DA:68,457
DA:69,1
DA:70,1
DA:71,1100
DA:72,1100
DA:73,1100
DA:74,1100
DA:75,1100
DA:76,1100
DA:77,1100
DA:78,1100
DA:79,1100
DA:80,1075
DA:81,1100
DA:82,1100
DA:83,0
DA:84,1100
DA:85,1100
DA:86,25
DA:87,1100
DA:88,1100
DA:89,0
DA:90,1100
DA:91,1100
DA:92,1
DA:93,1
DA:94,2394
DA:95,2394
DA:96,2394
DA:97,2394
DA:98,2394
DA:99,2394
DA:100,2394
DA:101,2394
DA:102,2394
DA:103,538
DA:104,2394
DA:105,2394
DA:106,93
DA:107,2394
DA:108,2394
DA:109,0
DA:110,2394
DA:111,2394
DA:112,50
DA:113,2394
DA:114,2394
DA:115,437
DA:116,2394
DA:117,2394
DA:118,896
DA:119,2394
DA:120,2394
DA:121,3
DA:122,2394
DA:123,2394
DA:124,19
DA:125,2394
DA:126,2394
DA:127,147
DA:128,2394
DA:129,2394
DA:130,110
DA:131,2394
DA:132,101
DA:133,101
DA:134,101
DA:135,101
DA:136,101
DA:137,0
DA:138,0
DA:139,0
DA:140,1
DA:141,172
DA:142,172
DA:143,172
DA:144,172
DA:145,1
DA:146,896
DA:147,896
DA:148,896
DA:149,896
DA:150,1
DA:151,1512
DA:152,1512
DA:153,1692
DA:154,1692
DA:155,90
DA:156,90
DA:157,1692
DA:158,1692
DA:159,1512
DA:160,1512
DA:161,402
DA:162,1512
DA:163,282
DA:164,282
DA:165,282
DA:166,282
DA:167,1110
DA:168,602
DA:169,828
DA:170,226
DA:171,226
DA:172,1512
DA:173,1
DA:174,538
DA:175,538
DA:176,538
DA:177,538
DA:178,538
DA:179,1
DA:180,59
DA:181,59
DA:182,59
DA:183,9
DA:184,59
DA:185,4
DA:186,59
DA:187,18
DA:188,59
DA:189,4
DA:190,59
DA:191,3
DA:192,59
DA:193,3
DA:194,59
DA:195,2
DA:196,59
DA:197,10
DA:198,59
DA:199,2
DA:200,59
DA:201,2
DA:202,59
DA:203,2
DA:204,59
DA:205,0
DA:206,59
DA:207,59
DA:208,1
DA:209,59
DA:210,59
DA:211,59
DA:212,59
DA:213,0
DA:214,0
DA:215,59
DA:216,59
DA:217,2
DA:218,2
DA:219,59
DA:220,59
DA:221,59
DA:222,59
DA:223,59
DA:224,59
DA:225,1
DA:226,93
DA:227,93
DA:228,59
DA:229,59
DA:230,59
DA:231,59
DA:232,34
DA:233,93
DA:234,6
DA:235,6
DA:236,34
DA:237,34
DA:238,34
DA:239,93
DA:240,1
DA:241,1
DA:242,1
DA:243,93
DA:244,33
DA:245,33
DA:246,6
DA:247,6
DA:248,33
DA:249,93
DA:250,1
DA:251,34
DA:252,34
DA:253,34
DA:254,6
DA:255,34
DA:256,0
DA:257,34
DA:258,0
DA:259,34
DA:260,0
DA:261,34
DA:262,0
DA:263,34
DA:264,2
DA:265,34
DA:266,2
DA:267,34
DA:268,2
DA:269,34
DA:270,2
DA:271,34
DA:272,4
DA:273,34
DA:274,4
DA:275,34
DA:276,8
DA:277,34
DA:278,4
DA:279,34
DA:280,34
DA:281,0
DA:282,34
DA:283,34
DA:284,1
DA:285,0
DA:286,0
DA:287,0
DA:288,0
DA:289,0
DA:290,1
DA:291,1
DA:292,50
DA:293,50
DA:294,50
DA:295,50
DA:296,50
DA:297,50
DA:298,50
DA:299,49
DA:300,49
DA:301,38
DA:302,38
DA:303,38
DA:304,11
DA:305,11
DA:306,11
DA:307,11
DA:308,49
DA:309,50
DA:310,50
DA:311,50
DA:312,1
DA:313,38
DA:314,38
DA:315,38
DA:316,38
DA:317,38
DA:318,1
DA:319,11
DA:320,11
DA:321,11
DA:322,11
DA:323,11
DA:324,11
DA:325,1
DA:326,3
DA:327,3
DA:328,3
DA:329,3
DA:330,3
DA:331,1
DA:332,60
DA:333,60
DA:334,60
DA:335,15
DA:336,60
DA:337,45
DA:338,45
DA:339,45
DA:340,45
DA:341,60
DA:342,60
DA:343,60
DA:344,60
DA:345,60
DA:346,60
DA:347,1
DA:348,64
DA:349,64
DA:350,64
DA:351,6
DA:352,6
DA:353,64
DA:354,1
DA:355,19
DA:356,19
DA:357,19
DA:358,19
DA:359,19
DA:360,60
DA:361,60
DA:362,19
DA:363,19
DA:364,1
DA:365,110
DA:366,110
DA:367,110
DA:368,70
DA:369,110
DA:370,40
DA:371,40
DA:372,110
DA:373,1
DA:374,1
DA:375,101
DA:376,101
DA:377,101
LF:377
LH:358
BRDA:39,0,0,746
BRDA:45,1,0,29
BRDA:47,2,0,717
BRDA:49,3,0,648
BRDA:57,4,0,457
BRDA:58,5,0,5
BRDA:58,6,0,452
BRDA:59,7,0,159
BRDA:61,8,0,452
BRDA:62,9,0,746
BRDA:64,10,0,452
BRDA:65,11,0,159
BRDA:70,12,0,1100
BRDA:79,13,0,1075
BRDA:82,14,0,0
BRDA:85,15,0,25
BRDA:88,16,0,0
BRDA:72,17,0,1100
BRDA:74,18,0,0
BRDA:93,19,0,2394
BRDA:102,20,0,538
BRDA:105,21,0,93
BRDA:108,22,0,0
BRDA:111,23,0,50
BRDA:114,24,0,437
BRDA:117,25,0,896
BRDA:120,26,0,3
BRDA:123,27,0,19
BRDA:126,28,0,147
BRDA:129,29,0,110
BRDA:131,30,0,2351
BRDA:131,31,0,101
BRDA:136,32,0,0
BRDA:95,33,0,2394
BRDA:97,34,0,0
BRDA:141,35,0,172
BRDA:142,36,0,0
BRDA:146,37,0,896
BRDA:147,38,0,0
BRDA:151,39,0,1512
BRDA:160,40,0,402
BRDA:162,41,0,1110
BRDA:162,42,0,282
BRDA:165,43,0,0
BRDA:167,44,0,828
BRDA:167,45,0,602
BRDA:169,46,0,226
BRDA:152,47,0,1692
BRDA:154,48,0,90
BRDA:174,49,0,538
BRDA:180,50,0,59
BRDA:182,51,0,9
BRDA:184,52,0,4
BRDA:186,53,0,18
BRDA:188,54,0,4
BRDA:190,55,0,3
BRDA:192,56,0,3
BRDA:194,57,0,2
BRDA:196,58,0,10
BRDA:198,59,0,2
BRDA:200,60,0,2
BRDA:202,61,0,2
BRDA:204,62,0,0
BRDA:209,63,0,59
BRDA:212,64,0,0
BRDA:216,65,0,2
BRDA:226,66,0,93
BRDA:227,67,0,59
BRDA:227,68,0,59
BRDA:231,69,0,34
BRDA:233,70,0,6
BRDA:235,71,0,34
BRDA:239,72,0,12
BRDA:239,73,0,1
BRDA:243,74,0,33
BRDA:245,75,0,6
BRDA:251,76,0,34
BRDA:253,77,0,6
BRDA:255,78,0,0
BRDA:257,79,0,0
BRDA:259,80,0,0
BRDA:261,81,0,0
BRDA:263,82,0,2
BRDA:265,83,0,2
BRDA:267,84,0,2
BRDA:269,85,0,2
BRDA:271,86,0,4
BRDA:273,87,0,4
BRDA:275,88,0,8
BRDA:277,89,0,4
BRDA:280,90,0,0
BRDA:292,91,0,50
BRDA:298,92,0,49
BRDA:300,93,0,38
BRDA:303,94,0,11
BRDA:313,95,0,38
BRDA:319,96,0,11
BRDA:326,97,0,3
BRDA:332,98,0,60
BRDA:334,99,0,15
BRDA:336,100,0,45
BRDA:348,101,0,64
BRDA:350,102,0,6
BRDA:355,103,0,19
BRDA:359,104,0,60
BRDA:365,105,0,110
BRDA:367,106,0,70
BRDA:369,107,0,40
BRDA:375,108,0,101
BRF:109
BRH:93
end_of_record
TN:
SF:src/compiler/javaScript/renderers/renderVariableClass.ts
FN:24,createVariableClass
FN:41,renderVariableDefinition
FN:48,renderDefaultExpression
FN:58,renderTypeDefaultExpression
FN:74,renderPrimitiveTypeDefaultExpression
FN:98,renderDefaultExpressionSyntax
FN:121,renderValidationFunction
FN:135,renderResultValidation
FN:159,renderResultsPrimitiveTypeValidation
FN:164,validatePrimitiveTypeMethodName
FNF:10
FNH:10
FNDA:627,createVariableClass
FNDA:863,renderVariableDefinition
FNDA:863,renderDefaultExpression
FNDA:1081,renderTypeDefaultExpression
FNDA:944,renderPrimitiveTypeDefaultExpression
FNDA:137,renderDefaultExpressionSyntax
FNDA:627,renderValidationFunction
FNDA:863,renderResultValidation
FNDA:735,renderResultsPrimitiveTypeValidation
FNDA:735,validatePrimitiveTypeMethodName
DA:1,1
DA:2,1
DA:3,1
DA:4,1
DA:5,1
DA:6,1
DA:7,1
DA:8,1
DA:9,1
DA:10,1
DA:11,1
DA:12,1
DA:13,1
DA:14,1
DA:15,1
DA:16,1
DA:17,1
DA:18,1
DA:19,1
DA:20,1
DA:21,1
DA:22,1
DA:23,1
DA:24,1
DA:25,627
DA:26,627
DA:27,627
DA:28,627
DA:29,627
DA:30,627
DA:31,563
DA:32,863
DA:33,863
DA:34,563
DA:35,627
DA:36,627
DA:37,627
DA:38,627
DA:39,627
DA:40,1
DA:41,863
DA:42,863
DA:43,863
DA:44,863
DA:45,863
DA:46,863
DA:47,1
DA:48,863
DA:49,863
DA:50,863
DA:51,863
DA:52,97
DA:53,862
DA:54,766
DA:55,766
DA:56,863
DA:57,1
DA:58,1
DA:59,1081
DA:60,1081
DA:61,1081
DA:62,1081
DA:63,944
DA:64,944
DA:65,944
DA:66,137
DA:67,137
DA:68,137
DA:69,137
DA:70,137
DA:71,0
DA:72,0
DA:73,1
DA:74,944
DA:75,944
DA:76,944
DA:77,944
DA:78,440
DA:79,440
DA:80,944
DA:81,944
DA:82,167
DA:83,167
DA:84,944
DA:85,944
DA:86,214
DA:87,214
DA:88,944
DA:89,944
DA:90,123
DA:91,123
DA:92,944
DA:93,944
DA:94,0
DA:95,944
DA:96,944
DA:97,1
DA:98,137
DA:99,137
DA:100,137
DA:101,137
DA:102,40
DA:103,40
DA:104,137
DA:105,77
DA:106,77
DA:107,77
DA:108,77
DA:109,137
DA:110,20
DA:111,20
DA:112,20
DA:113,20
DA:114,20
DA:115,20
DA:116,137
DA:117,0
DA:118,137
DA:119,0
DA:120,1
DA:121,627
DA:122,627
DA:123,627
DA:124,627
DA:125,627
DA:126,563
DA:127,863
DA:128,863
DA:129,863
DA:130,563
DA:131,627
DA:132,627
DA:133,627
DA:134,1
DA:135,863
DA:136,863
DA:137,863
DA:138,863
DA:139,38
DA:140,38
DA:141,38
DA:142,863
DA:143,78
DA:144,78
DA:145,78
DA:146,863
DA:147,735
DA:148,735
DA:149,735
DA:150,863
DA:151,12
DA:152,12
DA:153,12
DA:154,863
DA:155,0
DA:156,863
DA:157,863
DA:158,1
DA:159,735
DA:160,735
DA:161,735
DA:162,735
DA:163,1
DA:164,735
DA:165,735
DA:166,735
DA:167,735
DA:168,735
DA:169,735
DA:170,735
DA:171,735
DA:172,0
DA:173,735
DA:174,735
LF:174
LH:167
BRDA:24,0,0,627
BRDA:30,1,0,563
BRDA:31,2,0,863
BRDA:41,3,0,863
BRDA:48,4,0,863
BRDA:51,5,0,862
BRDA:51,6,0,97
BRDA:53,7,0,766
BRDA:58,8,0,1081
BRDA:62,9,0,944
BRDA:65,10,0,1080
BRDA:65,11,0,137
BRDA:70,12,0,0
BRDA:74,13,0,944
BRDA:77,14,0,440
BRDA:81,15,0,167
BRDA:85,16,0,214
BRDA:89,17,0,123
BRDA:93,18,0,0
BRDA:98,19,0,137
BRDA:101,20,0,40
BRDA:104,21,0,77
BRDA:106,22,0,0
BRDA:109,23,0,20
BRDA:111,24,0,0
BRDA:116,25,0,0
BRDA:118,26,0,0
BRDA:121,27,0,627
BRDA:125,28,0,563
BRDA:126,29,0,863
BRDA:135,30,0,863
BRDA:138,31,0,38
BRDA:142,32,0,78
BRDA:146,33,0,735
BRDA:150,34,0,12
BRDA:154,35,0,0
BRDA:159,36,0,735
BRDA:164,37,0,735
BRDA:166,38,0,150
BRDA:167,39,0,288
BRDA:168,40,0,387
BRDA:171,41,0,0
BRF:42
BRH:34
end_of_record
TN:
SF:src/compiler/javaScript/renderers/renderVariableReference.ts
FN:7,renderVariableReference
FN:23,fromSource
FNF:2
FNH:2
FNDA:2219,renderVariableReference
FNDA:2219,fromSource
DA:1,1
DA:2,1
DA:3,1
DA:4,1
DA:5,1
DA:6,1
DA:7,1
DA:8,2219
DA:9,2219
DA:10,2219
DA:11,2219
DA:12,2219
DA:13,2219
DA:14,2219
DA:15,2219
DA:16,2219
DA:17,311
DA:18,311
DA:19,311
DA:20,311
DA:21,2219
DA:22,1
DA:23,2219
DA:24,2219
DA:25,2219
DA:26,617
DA:27,2219
DA:28,2219
DA:29,925
DA:30,2219
DA:31,2219
DA:32,2219
DA:33,677
DA:34,2219
DA:35,2219
DA:36,2219
DA:37,0
DA:38,2219
DA:39,2219
LF:39
LH:38
BRDA:7,0,0,2219
BRDA:8,1,0,0
BRDA:16,2,0,311
BRDA:23,3,0,2219
BRDA:25,4,0,617
BRDA:28,5,0,925
BRDA:31,6,0,564
BRDA:32,7,0,677
BRDA:35,8,0,0
BRDA:36,9,0,0
BRF:10
BRH:7
end_of_record
TN:
SF:src/compiler/javaScript/renderers/translateParentVariableClassName.ts
FN:6,translateParentVariableClassName
FNF:1
FNH:1
FNDA:2219,translateParentVariableClassName
DA:1,1
DA:2,1
DA:3,1
DA:4,1
DA:5,1
DA:6,1
DA:7,2219
DA:8,2219
DA:9,2219
DA:10,0
DA:11,2219
DA:12,93
DA:13,2219
DA:14,12
DA:15,2219
DA:16,8
DA:17,2219
DA:18,2106
DA:19,2219
DA:20,2219
LF:20
LH:19
BRDA:6,0,0,2219
BRDA:8,1,0,113
BRDA:9,2,0,0
BRDA:11,3,0,93
BRDA:13,4,0,12
BRDA:15,5,0,8
BRDA:17,6,0,2106
BRF:7
BRH:6
end_of_record
TN:
SF:src/compiler/javaScript/writers/codeWriter.ts
FN:12,<instance_members_initializer>
FN:17,get currentLine
FN:21,CodeWriter
FN:25,startLine
FN:33,endLine
FN:42,writeLine
FN:51,write
FN:55,writeEnvironment
FN:63,openScope
FN:72,openInlineScope
FN:77,closeScope
FN:86,openBrackets
FN:91,closeBrackets
FN:100,toString
FN:104,indentString
FN:108,identifierFromEnvironment
FN:113,renderExpression
FNF:17
FNH:17
FNDA:444,<instance_members_initializer>
FNDA:1481,get currentLine
FNDA:444,CodeWriter
FNDA:3895,startLine
FNDA:3871,endLine
FNDA:15767,writeLine
FNDA:9231,write
FNDA:289,writeEnvironment
FNDA:2990,openScope
FNDA:178,openInlineScope
FNDA:3168,closeScope
FNDA:64,openBrackets
FNDA:64,closeBrackets
FNDA:444,toString
FNDA:17395,indentString
FNDA:153,identifierFromEnvironment
FNDA:217,renderExpression
DA:1,1
DA:2,1
DA:3,1
DA:4,1
DA:5,1
DA:6,1
DA:7,1
DA:8,1
DA:9,1
DA:10,1
DA:11,1
DA:12,1
DA:13,444
DA:14,444
DA:15,1
DA:16,1
DA:17,1
DA:18,1481
DA:19,1481
DA:20,1
DA:21,1
DA:22,444
DA:23,444
DA:24,1
DA:25,1
DA:26,3895
DA:27,3149
DA:28,3895
DA:29,746
DA:30,746
DA:31,3895
DA:32,1
DA:33,1
DA:34,3871
DA:35,3871
DA:36,3871
DA:37,0
DA:38,0
DA:39,3871
DA:40,3871
DA:41,1
DA:42,1
DA:43,15767
DA:44,2267
DA:45,15767
DA:46,13500
DA:47,13500
DA:48,15767
DA:49,15767
DA:50,1
DA:51,1
DA:52,9231
DA:53,9231
DA:54,1
DA:55,1
DA:56,289
DA:57,227
DA:58,289
DA:59,62
DA:60,62
DA:61,289
DA:62,1
DA:63,1
DA:64,2990
DA:65,2939
DA:66,2990
DA:67,51
DA:68,51
DA:69,2990
DA:70,2990
DA:71,1
DA:72,1
DA:73,178
DA:74,178
DA:75,178
DA:76,1
DA:77,1
DA:78,3168
DA:79,3168
DA:80,457
DA:81,3168
DA:82,2711
DA:83,2711
DA:84,3168
DA:85,1
DA:86,1
DA:87,64
DA:88,64
DA:89,64
DA:90,1
DA:91,1
DA:92,64
DA:93,64
DA:94,0
DA:95,64
DA:96,64
DA:97,64
DA:98,64
DA:99,1
DA:100,1
DA:101,444
DA:102,444
DA:103,1
DA:104,1
DA:105,17395
DA:106,17395
DA:107,1
DA:108,1
DA:109,153
DA:110,153
DA:111,153
DA:112,1
DA:113,1
DA:114,217
DA:115,217
DA:116,1
LF:116
LH:113
BRDA:12,0,0,444
BRDA:17,1,0,1481
BRDA:21,2,0,444
BRDA:25,3,0,3895
BRDA:26,4,0,3149
BRDA:28,5,0,746
BRDA:33,6,0,3871
BRDA:36,7,0,0
BRDA:42,8,0,15767
BRDA:43,9,0,2267
BRDA:45,10,0,13500
BRDA:51,11,0,9231
BRDA:55,12,0,289
BRDA:56,13,0,227
BRDA:58,14,0,62
BRDA:63,15,0,2990
BRDA:64,16,0,2939
BRDA:66,17,0,51
BRDA:72,18,0,178
BRDA:77,19,0,3168
BRDA:79,20,0,457
BRDA:81,21,0,2711
BRDA:86,22,0,64
BRDA:91,23,0,64
BRDA:93,24,0,0
BRDA:100,25,0,444
BRDA:104,26,0,17395
BRDA:108,27,0,153
BRDA:109,28,0,0
BRDA:113,29,0,217
BRF:30
BRH:27
end_of_record
TN:
SF:src/compiler/javaScript/writers/enumWriter.ts
FN:12,createCode
FN:29,renderValidationFunction
FNF:2
FNH:2
FNDA:51,createCode
FNDA:51,renderValidationFunction
DA:1,1
DA:2,1
DA:3,1
DA:4,1
DA:5,1
DA:6,1
DA:7,1
DA:8,1
DA:9,1
DA:10,1
DA:11,1
DA:12,1
DA:13,51
DA:14,51
DA:15,51
DA:16,51
DA:17,51
DA:18,51
DA:19,51
DA:20,51
DA:21,157
DA:22,157
DA:23,51
DA:24,51
DA:25,51
DA:26,51
DA:27,51
DA:28,1
DA:29,1
DA:30,51
DA:31,51
DA:32,51
DA:33,51
DA:34,51
DA:35,51
DA:36,51
DA:37,51
DA:38,51
DA:39,51
DA:40,51
DA:41,51
DA:42,51
DA:43,51
DA:44,51
DA:45,51
DA:46,157
DA:47,157
DA:48,106
DA:49,156
DA:50,51
DA:51,51
DA:52,157
DA:53,51
DA:54,51
DA:55,51
DA:56,51
DA:57,51
DA:58,51
DA:59,1
LF:59
LH:59
BRDA:12,0,0,51
BRDA:14,1,0,0
BRDA:20,2,0,157
BRDA:29,3,0,51
BRDA:45,4,0,157
BRDA:47,5,0,156
BRDA:47,6,0,106
BRDA:49,7,0,51
BRF:8
BRH:7
end_of_record
TN:
SF:src/compiler/javaScript/writers/functionWriter.ts
FN:14,createCode
FN:23,createFunction
FN:47,renderRunFunction
FN:68,renderCode
FN:72,renderResults
FN:76,renderValidateParametersMethod
FNF:6
FNH:6
FNDA:298,createCode
FNDA:298,createFunction
FNDA:298,renderRunFunction
FNDA:298,renderCode
FNDA:298,renderResults
FNDA:298,renderValidateParametersMethod
DA:1,1
DA:2,1
DA:3,1
DA:4,1
DA:5,1
DA:6,1
DA:7,1
DA:8,1
DA:9,1
DA:10,1
DA:11,1
DA:12,1
DA:13,1
DA:14,1
DA:15,298
DA:16,298
DA:17,298
DA:18,298
DA:19,298
DA:20,298
DA:21,298
DA:22,1
DA:23,1
DA:24,298
DA:25,298
DA:26,298
DA:27,298
DA:28,298
DA:29,298
DA:30,298
DA:31,298
DA:32,298
DA:33,298
DA:34,298
DA:35,298
DA:36,298
DA:37,298
DA:38,298
DA:39,298
DA:40,298
DA:41,298
DA:42,298
DA:43,298
DA:44,298
DA:45,298
DA:46,1
DA:47,1
DA:48,298
DA:49,298
DA:50,298
DA:51,298
DA:52,298
DA:53,298
DA:54,298
DA:55,298
DA:56,298
DA:57,298
DA:58,298
DA:59,298
DA:60,298
DA:61,298
DA:62,298
DA:63,298
DA:64,298
DA:65,298
DA:66,298
DA:67,1
DA:68,1
DA:69,298
DA:70,298
DA:71,1
DA:72,1
DA:73,298
DA:74,298
DA:75,1
DA:76,1
DA:77,298
DA:78,298
DA:79,298
DA:80,298
DA:81,298
DA:82,298
DA:83,298
DA:84,298
DA:85,298
DA:86,1
LF:86
LH:86
BRDA:14,0,0,298
BRDA:16,1,0,0
BRDA:23,2,0,298
BRDA:33,3,0,235
BRDA:34,4,0,297
BRDA:47,5,0,298
BRDA:54,6,0,235
BRDA:59,7,0,297
BRDA:68,8,0,298
BRDA:69,9,0,293
BRDA:72,10,0,298
BRDA:76,11,0,298
BRF:12
BRH:11
end_of_record
TN:
SF:src/compiler/javaScript/writers/tableWriter.ts
FN:15,createCode
FN:38,renderRowClass
FN:64,renderValues
FNF:3
FNH:3
FNDA:64,createCode
FNDA:64,renderRowClass
FNDA:64,renderValues
DA:1,1
DA:2,1
DA:3,1
DA:4,1
DA:5,1
DA:6,1
DA:7,1
DA:8,1
DA:9,1
DA:10,1
DA:11,1
DA:12,1
DA:13,1
DA:14,1
DA:15,1
DA:16,64
DA:17,64
DA:18,64
DA:19,64
DA:20,64
DA:21,64
DA:22,64
DA:23,64
DA:24,64
DA:25,64
DA:26,64
DA:27,64
DA:28,64
DA:29,64
DA:30,64
DA:31,64
DA:32,64
DA:33,64
DA:34,64
DA:35,64
DA:36,64
DA:37,1
DA:38,1
DA:39,64
DA:40,64
DA:41,64
DA:42,64
DA:43,275
DA:44,275
DA:45,275
DA:46,275
DA:47,64
DA:48,64
DA:49,275
DA:50,275
DA:51,275
DA:52,211
DA:53,211
DA:54,275
DA:55,64
DA:56,64
DA:57,275
DA:58,275
DA:59,64
DA:60,64
DA:61,64
DA:62,64
DA:63,1
DA:64,1
DA:65,64
DA:66,64
DA:67,253
DA:68,253
DA:69,1100
DA:70,1100
DA:71,1100
DA:72,847
DA:73,847
DA:74,1100
DA:75,253
DA:76,253
DA:77,64
DA:78,64
DA:79,1
LF:79
LH:79
BRDA:15,0,0,64
BRDA:17,1,0,0
BRDA:38,2,0,64
BRDA:42,3,0,275
BRDA:48,4,0,275
BRDA:50,5,0,0
BRDA:51,6,0,211
BRDA:56,7,0,275
BRDA:64,8,0,64
BRDA:66,9,0,253
BRDA:68,10,0,1100
BRDA:71,11,0,847
BRF:12
BRH:10
end_of_record
TN:
SF:src/compiler/javaScript/writers/typeWriter.ts
FN:13,createCode
FNF:1
FNH:1
FNDA:31,createCode
DA:1,1
DA:2,1
DA:3,1
DA:4,1
DA:5,1
DA:6,1
DA:7,1
DA:8,1
DA:9,1
DA:10,1
DA:11,1
DA:12,1
DA:13,1
DA:14,31
DA:15,31
DA:16,31
DA:17,31
DA:18,31
DA:19,31
DA:20,31
DA:21,31
DA:22,31
DA:23,31
DA:24,31
DA:25,1
LF:25
LH:25
BRDA:13,0,0,31
BRF:1
BRH:1
end_of_record
TN:
SF:src/dependencyGraph/dependencies.ts
FN:13,<instance_members_initializer>
FN:21,get sortedNodes
FN:25,get dependencyNodes
FN:29,get hasCircularReferences
FN:33,get circularReferences
FN:37,Dependencies
FN:42,build
FN:48,nodeAndDependencies
FN:54,processNodes
FN:64,processNode
FN:69,increaseOccurrence
FN:79,newDependencyNode
FN:84,getDependencies
FN:90,processDependencies
FN:99,validateDependency
FN:110,checkCircularDependencies
FN:119,isCircular
FN:131,flatten
FN:137,flattenNodes
FN:146,topologicalSort
FNF:20
FNH:20
FNDA:735,<instance_members_initializer>
FNDA:732,get sortedNodes
FNDA:36100,get dependencyNodes
FNDA:861,get hasCircularReferences
FNDA:873,get circularReferences
FNDA:735,Dependencies
FNDA:735,build
FNDA:594,nodeAndDependencies
FNDA:735,processNodes
FNDA:11496,processNode
FNDA:20285,increaseOccurrence
FNDA:11496,newDependencyNode
FNDA:11496,getDependencies
FNDA:216890,processDependencies
FNDA:11410,validateDependency
FNDA:735,checkCircularDependencies
FNDA:23392,isCircular
FNDA:594,flatten
FNDA:966,flattenNodes
FNDA:735,topologicalSort
DA:1,1
DA:2,1
DA:3,1
DA:4,1
DA:5,1
DA:6,1
DA:7,1
DA:8,1
DA:9,1
DA:10,1
DA:11,1
DA:12,1
DA:13,1
DA:14,735
DA:15,735
DA:16,735
DA:17,735
DA:18,735
DA:19,1
DA:20,1
DA:21,1
DA:22,732
DA:23,732
DA:24,1
DA:25,1
DA:26,36100
DA:27,36100
DA:28,1
DA:29,1
DA:30,861
DA:31,861
DA:32,1
DA:33,1
DA:34,873
DA:35,873
DA:36,1
DA:37,1
DA:38,735
DA:39,735
DA:40,735
DA:41,1
DA:42,1
DA:43,735
DA:44,735
DA:45,735
DA:46,735
DA:47,1
DA:48,1
DA:49,594
DA:50,594
DA:51,594
DA:52,594
DA:53,1
DA:54,1
DA:55,735
DA:56,11496
DA:57,11496
DA:58,11496
DA:59,11496
DA:60,11496
DA:61,11496
DA:62,735
DA:63,1
DA:64,1
DA:65,11496
DA:66,11496
DA:67,11496
DA:68,1
DA:69,1
DA:70,20285
DA:71,20285
DA:72,20285
DA:73,8793
DA:74,20284
DA:75,11492
DA:76,11492
DA:77,20285
DA:78,1
DA:79,1
DA:80,11496
DA:81,11496
DA:82,11496
DA:83,1
DA:84,1
DA:85,11496
DA:86,11496
DA:87,11496
DA:88,11496
DA:89,1
DA:90,1
DA:91,216890
DA:92,216890
DA:93,38166
DA:94,216850
DA:95,11410
DA:96,11410
DA:97,38166
DA:98,1
DA:99,1
DA:100,11410
DA:101,8789
DA:102,11410
DA:103,3285
DA:104,3285
DA:105,8789
DA:106,8789
DA:107,8789
DA:108,8789
DA:109,1
DA:110,1
DA:111,735
DA:112,11496
DA:113,11496
DA:114,14
DA:115,14
DA:116,11496
DA:117,735
DA:118,1
DA:119,1
DA:120,23392
DA:121,519422
DA:122,11910
DA:123,11910
DA:124,11910
DA:125,519410
DA:126,519410
DA:127,519422
DA:128,23364
DA:129,23364
DA:130,1
DA:131,1
DA:132,594
DA:133,594
DA:134,594
DA:135,594
DA:136,1
DA:137,1
DA:138,966
DA:139,413
DA:140,413
DA:141,372
DA:142,372
DA:143,372
DA:144,966
DA:145,1
DA:146,1
DA:147,735
DA:148,735
DA:149,728
DA:150,728
DA:151,728
DA:152,728
DA:153,11474
DA:154,6058
DA:155,6058
DA:156,728
DA:157,728
DA:158,735
DA:159,11470
DA:160,11470
DA:161,11470
DA:162,11470
DA:163,11470
DA:164,11470
DA:165,11470
DA:166,8770
DA:167,8770
DA:168,8770
DA:169,8770
DA:170,8770
DA:171,8770
DA:172,8770
DA:173,5412
DA:174,5412
DA:175,11470
DA:176,11470
DA:177,728
DA:178,728
DA:179,1
LF:179
LH:179
BRDA:13,0,0,735
BRDA:21,1,0,732
BRDA:25,2,0,36100
BRDA:29,3,0,861
BRDA:33,4,0,873
BRDA:37,5,0,735
BRDA:42,6,0,735
BRDA:48,7,0,594
BRDA:50,8,0,0
BRDA:54,9,0,735
BRDA:55,10,0,11496
BRDA:64,11,0,11496
BRDA:69,12,0,20285
BRDA:72,13,0,20284
BRDA:72,14,0,8793
BRDA:74,15,0,11492
BRDA:79,16,0,11496
BRDA:84,17,0,11496
BRDA:86,18,0,216890
BRDA:90,19,0,216890
BRDA:91,20,0,38166
BRDA:92,21,0,178724
BRDA:92,22,0,216850
BRDA:92,23,0,38166
BRDA:94,24,0,11410
BRDA:96,25,0,38166
BRDA:99,26,0,11410
BRDA:100,27,0,11403
BRDA:100,28,0,2621
BRDA:100,29,0,11252
BRDA:100,30,0,8789
BRDA:102,31,0,8653
BRDA:102,32,0,3285
BRDA:104,33,0,8789
BRDA:110,34,0,735
BRDA:111,35,0,11496
BRDA:112,36,0,0
BRDA:113,37,0,14
BRDA:119,38,0,23392
BRDA:120,39,0,519422
BRDA:121,40,0,496044
BRDA:121,41,0,507512
BRDA:121,42,0,519410
BRDA:121,43,0,11910
BRDA:125,44,0,14
BRDA:125,45,0,11896
BRDA:126,46,0,14
BRDA:127,47,0,23364
BRDA:124,48,0,105564
BRDA:131,49,0,594
BRDA:134,50,0,10664
BRDA:137,51,0,966
BRDA:138,52,0,413
BRDA:140,53,0,41
BRDA:140,54,0,372
BRDA:146,55,0,735
BRDA:148,56,0,7
BRDA:149,57,0,728
BRDA:158,58,0,11470
BRDA:176,59,0,728
BRDA:152,60,0,11474
BRDA:153,61,0,6058
BRDA:165,62,0,8770
BRDA:167,63,0,0
BRDA:172,64,0,5412
BRF:65
BRH:62
end_of_record
TN:
SF:src/dependencyGraph/dependencyGraphFactory.ts
FN:6,create
FN:12,nodeAndDependencies
FNF:2
FNH:2
FNDA:141,create
FNDA:594,nodeAndDependencies
DA:1,1
DA:2,1
DA:3,1
DA:4,1
DA:5,1
DA:6,1
DA:7,141
DA:8,141
DA:9,141
DA:10,141
DA:11,1
DA:12,1
DA:13,594
DA:14,594
DA:15,594
DA:16,594
DA:17,1
LF:17
LH:17
BRDA:6,0,0,141
BRDA:12,1,0,594
BRF:2
BRH:2
end_of_record
TN:
SF:src/dependencyGraph/dependencyNode.ts
FN:4,<instance_members_initializer>
FN:9,get dependencies
FN:13,get node
FN:17,DependencyNode
FN:23,hasDependency
FNF:5
FNH:5
FNDA:11496,<instance_members_initializer>
FNDA:12464,get dependencies
FNDA:12295,get node
FNDA:11496,DependencyNode
FNDA:496044,hasDependency
DA:1,1
DA:2,1
DA:3,1
DA:4,1
DA:5,1
DA:6,1
DA:7,1
DA:8,1
DA:9,1
DA:10,12464
DA:11,12464
DA:12,1
DA:13,1
DA:14,12295
DA:15,12295
DA:16,1
DA:17,1
DA:18,11496
DA:19,11496
DA:20,11496
DA:21,11496
DA:22,1
DA:23,1
DA:24,496044
DA:25,496044
DA:26,1
LF:26
LH:26
BRDA:4,0,0,11496
BRDA:9,1,0,12464
BRDA:13,2,0,12295
BRDA:17,3,0,11496
BRDA:23,4,0,496044
BRF:5
BRH:5
end_of_record
TN:
SF:src/formatting/formatLine.ts
FN:1,formatLine
FNF:1
FNH:0
FNDA:0,formatLine
DA:1,1
DA:2,0
DA:3,0
LF:3
LH:1
BRF:0
BRH:0
end_of_record
TN:
SF:src/infrastructure/IFileSystem.ts
FN:1,(empty-report)
FNF:1
FNH:0
FNDA:0,(empty-report)
DA:1,0
DA:2,0
DA:3,0
DA:4,0
DA:5,0
DA:6,0
DA:7,0
DA:8,0
DA:9,0
DA:10,0
DA:11,0
DA:12,0
DA:13,0
DA:14,0
DA:15,0
DA:16,0
DA:17,0
DA:18,0
DA:19,0
DA:20,0
LF:20
LH:0
BRDA:1,0,0,0
BRF:1
BRH:0
end_of_record
TN:
SF:src/infrastructure/arrayFunctions.ts
FN:1,any
FN:8,firstOrDefault
FN:18,singleOrDefault
FN:36,lastOrDefault
FN:47,forEach
FN:54,contains
FN:61,where
FN:71,whereSelect
FN:82,count
FN:92,sum
FN:101,unique
FN:114,selectMany
FNF:12
FNH:9
FNDA:1384,any
FNDA:29440,firstOrDefault
FNDA:0,singleOrDefault
FNDA:147,lastOrDefault
FNDA:0,forEach
FNDA:689,contains
FNDA:2499,where
FNDA:30,whereSelect
FNDA:0,count
FNDA:83,sum
FNDA:1590,unique
FNDA:120,selectMany
DA:1,1
DA:2,1384
DA:3,18078
DA:4,18078
DA:5,582
DA:6,582
DA:7,1
DA:8,1
DA:9,29440
DA:10,29440
DA:11,29349
DA:12,29426
DA:13,195358
DA:14,195358
DA:15,3549
DA:16,3549
DA:17,1
DA:18,1
DA:19,0
DA:20,0
DA:21,0
DA:22,0
DA:23,0
DA:24,0
DA:25,0
DA:26,0
DA:27,0
DA:28,0
DA:29,0
DA:30,0
DA:31,0
DA:32,0
DA:33,0
DA:34,0
DA:35,1
DA:36,1
DA:37,147
DA:38,147
DA:39,0
DA:40,0
DA:41,0
DA:42,0
DA:43,0
DA:44,0
DA:45,0
DA:46,1
DA:47,1
DA:48,0
DA:49,0
DA:50,0
DA:51,0
DA:52,0
DA:53,1
DA:54,1
DA:55,689
DA:56,3017
DA:57,3017
DA:58,680
DA:59,680
DA:60,1
DA:61,1
DA:62,2499
DA:63,2499
DA:64,194097
DA:65,1701
DA:66,1701
DA:67,194097
DA:68,2499
DA:69,2499
DA:70,1
DA:71,1
DA:72,30
DA:73,30
DA:74,12
DA:75,12
DA:76,12
DA:77,12
DA:78,12
DA:79,30
DA:80,30
DA:81,1
DA:82,1
DA:83,0
DA:84,0
DA:85,0
DA:86,0
DA:87,0
DA:88,0
DA:89,0
DA:90,0
DA:91,1
DA:92,1
DA:93,83
DA:94,83
DA:95,343
DA:96,343
DA:97,343
DA:98,83
DA:99,83
DA:100,1
DA:101,1
DA:102,1590
DA:103,1590
DA:104,1590
DA:105,1154
DA:106,1154
DA:107,1151
DA:108,1151
DA:109,1151
DA:110,1154
DA:111,1590
DA:112,1590
DA:113,1
DA:114,1
DA:115,120
DA:116,120
DA:117,366
DA:118,366
DA:119,366
DA:120,120
DA:121,120
LF:121
LH:85
BRDA:1,0,0,1384
BRDA:2,1,0,18078
BRDA:3,2,0,802
BRDA:4,3,0,582
BRDA:8,4,0,29440
BRDA:10,5,0,91
BRDA:10,6,0,0
BRDA:10,7,0,29426
BRDA:10,8,0,29349
BRDA:12,9,0,195358
BRDA:13,10,0,25800
BRDA:14,11,0,3549
BRDA:36,12,0,147
BRDA:38,13,0,91
BRDA:38,14,0,56
BRDA:38,15,0,0
BRDA:54,16,0,689
BRDA:55,17,0,688
BRDA:55,18,0,3017
BRDA:56,19,0,9
BRDA:57,20,0,680
BRDA:61,21,0,2499
BRDA:63,22,0,194097
BRDA:64,23,0,1701
BRDA:71,24,0,30
BRDA:73,25,0,12
BRDA:92,26,0,83
BRDA:94,27,0,343
BRDA:101,28,0,1590
BRDA:104,29,0,1154
BRDA:106,30,0,1151
BRDA:114,31,0,120
BRDA:116,32,0,366
BRDA:118,33,0,42
BRF:34
BRH:32
end_of_record
TN:
SF:src/infrastructure/assert.ts
FN:2,notNull
FNF:1
FNH:1
FNDA:189379,notNull
DA:1,1
DA:2,1
DA:3,189379
DA:4,0
DA:5,0
DA:6,189379
DA:7,189379
DA:8,1
LF:8
LH:6
BRDA:2,0,0,189379
BRDA:3,1,0,0
BRF:2
BRH:1
end_of_record
TN:
SF:src/infrastructure/formatting.ts
FN:1,format
FN:18,formatLine
FNF:2
FNH:1
FNDA:3,format
FNDA:0,formatLine
DA:1,1
DA:2,3
DA:3,3
DA:4,3
DA:5,3
DA:6,3
DA:7,3
DA:8,0
DA:9,3
DA:10,3
DA:11,477
DA:12,477
DA:13,3
DA:14,3
DA:15,3
DA:16,3
DA:17,1
DA:18,1
DA:19,0
DA:20,0
DA:21,0
DA:22,0
DA:23,0
DA:24,0
DA:25,0
DA:26,0
DA:27,0
DA:28,0
LF:28
LH:17
BRDA:1,0,0,3
BRDA:3,1,0,0
BRDA:7,2,0,0
BRDA:10,3,0,477
BRF:4
BRH:2
end_of_record
TN:
SF:src/infrastructure/logger.ts
FN:16,isEnabled
FN:20,logDebug
FN:24,logError
FN:28,logInformation
FNF:4
FNH:0
FNDA:0,isEnabled
FNDA:0,logDebug
FNDA:0,logError
FNDA:0,logInformation
DA:1,1
DA:2,1
DA:3,1
DA:4,1
DA:5,1
DA:6,1
DA:7,1
DA:8,1
DA:9,1
DA:10,1
DA:11,1
DA:12,1
DA:13,1
DA:14,1
DA:15,1
DA:16,1
DA:17,0
DA:18,0
DA:19,1
DA:20,1
DA:21,0
DA:22,0
DA:23,1
DA:24,1
DA:25,0
DA:26,0
DA:27,1
DA:28,1
DA:29,0
DA:30,0
DA:31,1
LF:31
LH:23
BRDA:1,0,0,26
BRF:1
BRH:1
end_of_record
TN:
SF:src/infrastructure/nameOf.ts
FN:1,(empty-report)
FNF:1
FNH:0
FNDA:0,(empty-report)
DA:1,0
LF:1
LH:0
BRDA:1,0,0,0
BRF:1
BRH:0
end_of_record
TN:
SF:src/infrastructure/replaceAll.ts
FN:1,escapeRegExp
FN:5,replaceAll
FNF:2
FNH:2
FNDA:844,escapeRegExp
FNDA:844,replaceAll
DA:1,1
DA:2,844
DA:3,844
DA:4,1
DA:5,1
DA:6,844
DA:7,844
LF:7
LH:7
BRDA:1,0,0,844
BRDA:5,1,0,844
BRF:2
BRH:2
end_of_record
TN:
SF:src/infrastructure/stack.ts
FN:9,<instance_members_initializer>
FN:11,Stack
FN:13,push
FN:20,pop
FN:24,peek
FN:28,size
FNF:6
FNH:5
FNDA:456,<instance_members_initializer>
FNDA:456,Stack
FNDA:547,push
FNDA:1963,pop
FNDA:0,peek
FNDA:4669,size
DA:1,1
DA:2,1
DA:3,1
DA:4,1
DA:5,1
DA:6,1
DA:7,1
DA:8,1
DA:9,1
DA:10,1
DA:11,1
DA:12,1
DA:13,1
DA:14,547
DA:15,0
DA:16,0
DA:17,547
DA:18,547
DA:19,1
DA:20,1
DA:21,1963
DA:22,1963
DA:23,1
DA:24,1
DA:25,0
DA:26,0
DA:27,1
DA:28,1
DA:29,4669
DA:30,4669
DA:31,1
LF:31
LH:27
BRDA:9,0,0,456
BRDA:11,1,0,456
BRDA:13,2,0,547
BRDA:14,3,0,0
BRDA:20,4,0,1963
BRDA:28,5,0,4669
BRF:6
BRH:5
end_of_record
TN:
SF:src/infrastructure/stringArrayBuilder.ts
FN:2,<instance_members_initializer>
FN:4,StringArrayBuilder
FN:8,add
FN:14,indentString
FN:18,list
FN:27,array
FN:31,new
FNF:7
FNH:0
FNDA:0,<instance_members_initializer>
FNDA:0,StringArrayBuilder
FNDA:0,add
FNDA:0,indentString
FNDA:0,list
FNDA:0,array
FNDA:0,new
DA:1,1
DA:2,1
DA:3,1
DA:4,1
DA:5,0
DA:6,0
DA:7,1
DA:8,1
DA:9,0
DA:10,0
DA:11,0
DA:12,0
DA:13,1
DA:14,1
DA:15,0
DA:16,0
DA:17,1
DA:18,1
DA:19,0
DA:20,0
DA:21,0
DA:22,0
DA:23,0
DA:24,0
DA:25,0
DA:26,1
DA:27,1
DA:28,0
DA:29,0
DA:30,1
DA:31,1
DA:32,0
DA:33,0
DA:34,1
LF:34
LH:15
BRF:0
BRH:0
end_of_record
TN:
SF:src/language/IHasNodeDependencies.ts
FN:4,instanceOfHasNodeDependencies
FN:8,asHasNodeDependencies
FNF:2
FNH:2
FNDA:233796,instanceOfHasNodeDependencies
FNDA:233796,asHasNodeDependencies
DA:1,1
DA:2,1
DA:3,1
DA:4,1
DA:5,233796
DA:6,233796
DA:7,1
DA:8,1
DA:9,233796
DA:10,233796
DA:11,1
DA:12,1
DA:13,1
DA:14,1
DA:15,1
LF:15
LH:15
BRDA:4,0,0,233796
BRDA:8,1,0,233796
BRDA:9,2,0,39763
BRDA:9,3,0,194033
BRF:4
BRH:4
end_of_record
TN:
SF:src/language/comments.ts
FN:11,<instance_members_initializer>
FN:15,Comments
FN:19,parse
FN:34,getChildren
FN:38,validate
FNF:5
FNH:2
FNDA:126,<instance_members_initializer>
FNDA:126,Comments
FNDA:0,parse
FNDA:0,getChildren
FNDA:0,validate
DA:1,1
DA:2,1
DA:3,1
DA:4,1
DA:5,1
DA:6,1
DA:7,1
DA:8,1
DA:9,1
DA:10,1
DA:11,1
DA:12,126
DA:13,1
DA:14,1
DA:15,1
DA:16,126
DA:17,126
DA:18,1
DA:19,1
DA:20,0
DA:21,0
DA:22,0
DA:23,0
DA:24,0
DA:25,0
DA:26,0
DA:27,0
DA:28,0
DA:29,0
DA:30,0
DA:31,0
DA:32,0
DA:33,1
DA:34,1
DA:35,0
DA:36,0
DA:37,1
DA:38,1
DA:39,0
DA:40,1
DA:41,1
LF:41
LH:25
BRDA:11,0,0,126
BRDA:15,1,0,126
BRF:2
BRH:2
end_of_record
TN:
SF:src/language/duplicateChecker.ts
FN:8,validate
FNF:1
FNH:1
FNDA:153,validate
DA:1,1
DA:2,1
DA:3,1
DA:4,1
DA:5,1
DA:6,1
DA:7,1
DA:8,1
DA:9,153
DA:10,153
DA:11,153
DA:12,153
DA:13,674
DA:14,674
DA:15,5
DA:16,5
DA:17,673
DA:18,669
DA:19,669
DA:20,674
DA:21,153
DA:22,1
LF:22
LH:22
BRDA:8,0,0,153
BRDA:12,1,0,674
BRDA:14,2,0,673
BRDA:14,3,0,5
BRDA:17,4,0,669
BRF:5
BRH:5
end_of_record
TN:
SF:src/language/include.ts
FN:11,<instance_members_initializer>
FN:16,get isProcessed
FN:20,Include
FN:25,isValid
FN:29,parse
FN:44,process
FNF:6
FNH:6
FNDA:15,<instance_members_initializer>
FNDA:33,get isProcessed
FNDA:15,Include
FNDA:618,isValid
FNDA:15,parse
FNDA:17,process
DA:1,1
DA:2,1
DA:3,1
DA:4,1
DA:5,1
DA:6,1
DA:7,1
DA:8,1
DA:9,1
DA:10,1
DA:11,1
DA:12,1
DA:13,1
DA:14,1
DA:15,1
DA:16,1
DA:17,33
DA:18,33
DA:19,1
DA:20,1
DA:21,15
DA:22,15
DA:23,15
DA:24,1
DA:25,1
DA:26,618
DA:27,618
DA:28,1
DA:29,1
DA:30,15
DA:31,15
DA:32,15
DA:33,0
DA:34,0
DA:35,0
DA:36,0
DA:37,15
DA:38,15
DA:39,15
DA:40,15
DA:41,15
DA:42,15
DA:43,1
DA:44,1
DA:45,17
DA:46,17
DA:47,1
DA:48,1
DA:49,1
DA:50,16
DA:51,16
DA:52,16
DA:53,16
DA:54,16
DA:55,17
DA:56,1
DA:57,1
DA:58,1
DA:59,15
DA:60,15
DA:61,15
DA:62,1
LF:62
LH:58
BRDA:11,0,0,15
BRDA:16,1,0,33
BRDA:20,2,0,15
BRDA:25,3,0,618
BRDA:29,4,0,15
BRDA:32,5,0,0
BRDA:39,6,0,0
BRDA:44,7,0,17
BRDA:46,8,0,1
BRDA:49,9,0,16
BRDA:55,10,0,1
BRDA:58,11,0,15
BRF:12
BRH:10
end_of_record
TN:
SF:src/language/node.ts
FN:20,get reference
FN:24,Node
FN:28,validateTree
FN:40,validateNodeTree
FNF:4
FNH:4
FNDA:5272,get reference
FNDA:12729,Node
FNDA:11211,validateTree
FNDA:7772,validateNodeTree
DA:1,1
DA:2,1
DA:3,1
DA:4,1
DA:5,1
DA:6,1
DA:7,1
DA:8,1
DA:9,1
DA:10,1
DA:11,1
DA:12,1
DA:13,1
DA:14,1
DA:15,1
DA:16,1
DA:17,1
DA:18,1
DA:19,1
DA:20,1
DA:21,5272
DA:22,5272
DA:23,1
DA:24,1
DA:25,12729
DA:26,12729
DA:27,1
DA:28,1
DA:29,11211
DA:30,11211
DA:31,11211
DA:32,11211
DA:33,11211
DA:34,11211
DA:35,1
DA:36,1
DA:37,1
DA:38,1
DA:39,1
DA:40,1
DA:41,7772
DA:42,7772
DA:43,7772
DA:44,1
DA:45,1
DA:46,1
LF:46
LH:46
BRDA:20,0,0,5272
BRDA:24,1,0,12729
BRDA:28,2,0,11211
BRDA:31,3,0,11089
BRDA:40,4,0,7772
BRDA:41,5,0,0
BRF:6
BRH:5
end_of_record
TN:
SF:src/language/nodeType.ts
FNF:0
FNH:0
DA:1,1
DA:2,1
DA:3,1
DA:4,1
DA:5,1
DA:6,1
DA:7,1
DA:8,1
DA:9,1
DA:10,1
DA:11,1
DA:12,1
DA:13,1
DA:14,1
DA:15,1
DA:16,1
DA:17,1
DA:18,1
DA:19,1
DA:20,1
DA:21,1
DA:22,1
DA:23,1
DA:24,1
DA:25,1
DA:26,1
DA:27,1
DA:28,1
DA:29,1
DA:30,1
DA:31,1
DA:32,1
DA:33,1
DA:34,1
DA:35,1
DA:36,1
DA:37,1
DA:38,1
DA:39,1
DA:40,1
DA:41,1
DA:42,1
DA:43,1
DA:44,1
DA:45,1
DA:46,1
DA:47,1
DA:48,1
DA:49,1
DA:50,1
DA:51,1
DA:52,1
DA:53,1
DA:54,1
DA:55,1
DA:56,1
DA:57,1
DA:58,1
DA:59,1
DA:60,1
DA:61,1
DA:62,1
DA:63,1
DA:64,1
DA:65,1
DA:66,1
DA:67,1
DA:68,1
DA:69,1
DA:70,1
DA:71,1
DA:72,1
DA:73,1
DA:74,1
DA:75,1
DA:76,1
DA:77,1
DA:78,1
DA:79,1
DA:80,1
LF:80
LH:80
BRDA:1,0,0,35
BRF:1
BRH:1
end_of_record
TN:
SF:src/language/nodesWalker.ts
FN:5,walkNodes
FN:11,walk
FN:19,walkWithBoolean
FN:31,walkWithResult
FN:39,walkWithResultNode
FN:48,walkWithResultNodes
FNF:6
FNH:2
FNDA:218906,walkNodes
FNDA:218876,walk
FNDA:0,walkWithBoolean
FNDA:0,walkWithResult
FNDA:0,walkWithResultNode
FNDA:0,walkWithResultNodes
DA:1,1
DA:2,1
DA:3,1
DA:4,1
DA:5,1
DA:6,218906
DA:7,206036
DA:8,206036
DA:9,218906
DA:10,1
DA:11,1
DA:12,218876
DA:13,218876
DA:14,218876
DA:15,218876
DA:16,218876
DA:17,218876
DA:18,1
DA:19,1
DA:20,0
DA:21,0
DA:22,0
DA:23,0
DA:24,0
DA:25,0
DA:26,0
DA:27,0
DA:28,0
DA:29,0
DA:30,1
DA:31,1
DA:32,0
DA:33,0
DA:34,0
DA:35,0
DA:36,0
DA:37,0
DA:38,1
DA:39,1
DA:40,0
DA:41,0
DA:42,0
DA:43,0
DA:44,0
DA:45,0
DA:46,0
DA:47,1
DA:48,1
DA:49,0
DA:50,0
DA:51,0
DA:52,0
DA:53,1
LF:53
LH:26
BRDA:5,0,0,218906
BRDA:6,1,0,206036
BRDA:11,2,0,218876
BRF:3
BRH:3
end_of_record
TN:
SF:src/language/parsableNode.ts
FN:7,instanceOfParsableNode
FN:11,asParsableNode
FN:21,ParsableNode
FN:25,<instance_members_initializer>
FNF:4
FNH:4
FNDA:1426,instanceOfParsableNode
FNDA:806,asParsableNode
FNDA:2696,ParsableNode
FNDA:2696,<instance_members_initializer>
DA:1,1
DA:2,1
DA:3,1
DA:4,1
DA:5,1
DA:6,1
DA:7,1
DA:8,1426
DA:9,1426
DA:10,1
DA:11,1
DA:12,806
DA:13,806
DA:14,1
DA:15,1
DA:16,1
DA:17,1
DA:18,1
DA:19,1
DA:20,1
DA:21,1
DA:22,2696
DA:23,2696
DA:24,1
DA:25,1
DA:26,1
DA:27,1
LF:27
LH:27
BRDA:7,0,0,1426
BRDA:11,1,0,806
BRDA:12,2,0,82
BRDA:12,3,0,724
BRDA:21,4,0,2696
BRDA:25,5,0,2696
BRF:6
BRH:6
end_of_record
TN:
SF:src/language/parsableNodeArray.ts
FN:5,<instance_members_initializer>
FN:7,ParsableNodeArray
FN:11,get
FN:22,set
FN:30,resize
FNF:5
FNH:4
FNDA:137,<instance_members_initializer>
FNDA:137,ParsableNodeArray
FNDA:5218,get
FNDA:5218,set
FNDA:0,resize
DA:1,1
DA:2,1
DA:3,1
DA:4,1
DA:5,1
DA:6,1
DA:7,1
DA:8,137
DA:9,137
DA:10,1
DA:11,1
DA:12,5218
DA:13,5218
DA:14,10039
DA:15,4831
DA:16,4831
DA:17,4831
DA:18,5218
DA:19,5218
DA:20,5218
DA:21,1
DA:22,1
DA:23,5218
DA:24,0
DA:25,0
DA:26,5218
DA:27,5218
DA:28,5218
DA:29,1
DA:30,1
DA:31,0
DA:32,0
DA:33,0
DA:34,1
LF:34
LH:29
BRDA:5,0,0,137
BRDA:7,1,0,137
BRDA:11,2,0,5218
BRDA:13,3,0,10039
BRDA:14,4,0,5208
BRDA:14,5,0,4831
BRDA:22,6,0,5218
BRDA:23,7,0,0
BRF:8
BRH:7
end_of_record
TN:
SF:src/language/rootNode.ts
FN:8,instanceOfRootNode
FN:12,asRootNode
FN:23,<instance_members_initializer>
FN:26,RootNode
FN:30,validateNodeTree
FNF:5
FNH:5
FNDA:6634,instanceOfRootNode
FNDA:6634,asRootNode
FNDA:1104,<instance_members_initializer>
FNDA:1104,RootNode
FNDA:3317,validateNodeTree
DA:1,1
DA:2,1
DA:3,1
DA:4,1
DA:5,1
DA:6,1
DA:7,1
DA:8,1
DA:9,6634
DA:10,6634
DA:11,1
DA:12,1
DA:13,6634
DA:14,6634
DA:15,1
DA:16,1
DA:17,1
DA:18,1
DA:19,1
DA:20,1
DA:21,1
DA:22,1
DA:23,1
DA:24,1
DA:25,1
DA:26,1
DA:27,1104
DA:28,1104
DA:29,1
DA:30,1
DA:31,3317
DA:32,3317
DA:33,3317
DA:34,3317
DA:35,784
DA:36,784
DA:37,3317
DA:38,3317
DA:39,3317
DA:40,3317
DA:41,3317
DA:42,3317
DA:43,3317
DA:44,3317
DA:45,1
LF:45
LH:45
BRDA:8,0,0,6634
BRDA:12,1,0,6634
BRDA:13,2,0,4101
BRDA:13,3,0,2533
BRDA:23,4,0,1104
BRDA:26,5,0,1104
BRDA:30,6,0,3317
BRDA:31,7,0,0
BRDA:34,8,0,784
BRF:9
BRH:8
end_of_record
TN:
SF:src/language/rootNodeList.ts
FN:38,RootNodeList
FN:42,get length
FN:46,asArray
FN:50,add
FN:54,containsEnum
FN:58,getNode
FN:63,contains
FN:67,getFunction
FN:72,getTable
FN:77,getCustomType
FN:82,getScenarios
FN:87,getEnum
FN:93,addIfNew
FN:97,first
FN:101,getType
FNF:15
FNH:11
FNDA:141,RootNodeList
FNDA:14,get length
FNDA:1001,asArray
FNDA:602,add
FNDA:0,containsEnum
FNDA:9806,getNode
FNDA:0,contains
FNDA:3980,getFunction
FNDA:610,getTable
FNDA:0,getCustomType
FNDA:83,getScenarios
FNDA:1429,getEnum
FNDA:0,addIfNew
FNDA:14,first
FNDA:4268,getType
DA:1,1
DA:2,1
DA:3,1
DA:4,1
DA:5,1
DA:6,1
DA:7,1
DA:8,1
DA:9,1
DA:10,1
DA:11,1
DA:12,1
DA:13,1
DA:14,1
DA:15,1
DA:16,1
DA:17,1
DA:18,1
DA:19,1
DA:20,1
DA:21,1
DA:22,1
DA:23,1
DA:24,1
DA:25,1
DA:26,1
DA:27,1
DA:28,1
DA:29,1
DA:30,1
DA:31,1
DA:32,1
DA:33,1
DA:34,1
DA:35,1
DA:36,1
DA:37,1
DA:38,1
DA:39,141
DA:40,141
DA:41,1
DA:42,1
DA:43,14
DA:44,14
DA:45,1
DA:46,1
DA:47,1001
DA:48,1001
DA:49,1
DA:50,1
DA:51,602
DA:52,602
DA:53,1
DA:54,1
DA:55,0
DA:56,0
DA:57,1
DA:58,1
DA:59,9806
DA:60,9806
DA:61,9806
DA:62,1
DA:63,1
DA:64,0
DA:65,0
DA:66,1
DA:67,1
DA:68,3980
DA:69,3980
DA:70,3980
DA:71,1
DA:72,1
DA:73,610
DA:74,610
DA:75,610
DA:76,1
DA:77,1
DA:78,0
DA:79,0
DA:80,0
DA:81,1
DA:82,1
DA:83,83
DA:84,83
DA:85,83
DA:86,1
DA:87,1
DA:88,1429
DA:89,1429
DA:90,1429
DA:91,1429
DA:92,1
DA:93,1
DA:94,0
DA:95,0
DA:96,1
DA:97,1
DA:98,14
DA:99,14
DA:100,1
DA:101,1
DA:102,4268
DA:103,4268
DA:104,4268
DA:105,4268
DA:106,4178
DA:107,4178
DA:108,4264
DA:109,3686
DA:110,3686
DA:111,4264
DA:112,834
DA:113,834
DA:114,4254
DA:115,236
DA:116,236
DA:117,236
DA:118,1
LF:118
LH:109
BRDA:38,0,0,141
BRDA:39,1,0,0
BRDA:42,2,0,14
BRDA:46,3,0,1001
BRDA:50,4,0,602
BRDA:58,5,0,9806
BRDA:59,6,0,0
BRDA:60,7,0,41938
BRDA:67,8,0,3980
BRDA:69,9,0,36816
BRDA:69,10,0,13137
BRDA:72,11,0,610
BRDA:74,12,0,967
BRDA:74,13,0,643
BRDA:82,14,0,83
BRDA:83,15,0,531
BRDA:84,16,0,343
BRDA:87,17,0,1429
BRDA:90,18,0,5354
BRDA:90,19,0,1230
BRDA:97,20,0,14
BRDA:101,21,0,4268
BRDA:105,22,0,90
BRDA:105,23,0,4264
BRDA:105,24,0,4178
BRDA:108,25,0,492
BRDA:108,26,0,3686
BRDA:111,27,0,2852
BRDA:111,28,0,4254
BRDA:111,29,0,834
BRDA:114,30,0,598
BRDA:114,31,0,236
BRF:32
BRH:30
end_of_record
TN:
SF:src/language/sourceCodeNode.ts
FN:27,<instance_members_initializer>
FN:37,SourceCodeNode
FN:43,parse
FN:56,parseRootNode
FN:90,invalidNode
FN:95,getChildren
FN:99,validate
FN:108,getDueIncludes
FN:112,sortByDependency
FN:116,withoutScenarioInlineNode
FNF:10
FNH:9
FNDA:126,<instance_members_initializer>
FNDA:126,SourceCodeNode
FNDA:618,parse
FNDA:618,parseRootNode
FNDA:0,invalidNode
FNDA:122,getChildren
FNDA:122,validate
FNDA:137,getDueIncludes
FNDA:122,sortByDependency
FNDA:122,withoutScenarioInlineNode
DA:1,1
DA:2,1
DA:3,1
DA:4,1
DA:5,1
DA:6,1
DA:7,1
DA:8,1
DA:9,1
DA:10,1
DA:11,1
DA:12,1
DA:13,1
DA:14,1
DA:15,1
DA:16,1
DA:17,1
DA:18,1
DA:19,1
DA:20,1
DA:21,1
DA:22,1
DA:23,1
DA:24,1
DA:25,1
DA:26,1
DA:27,1
DA:28,126
DA:29,126
DA:30,126
DA:31,126
DA:32,126
DA:33,126
DA:34,126
DA:35,1
DA:36,1
DA:37,1
DA:38,126
DA:39,126
DA:40,126
DA:41,126
DA:42,1
DA:43,1
DA:44,618
DA:45,618
DA:46,618
DA:47,618
DA:48,618
DA:49,618
DA:50,602
DA:51,602
DA:52,602
DA:53,602
DA:54,602
DA:55,1
DA:56,1
DA:57,618
DA:58,15
DA:59,15
DA:60,15
DA:61,15
DA:62,15
DA:63,15
DA:64,603
DA:65,603
DA:66,603
DA:67,603
DA:68,618
DA:69,1
DA:70,1
DA:71,1
DA:72,1
DA:73,602
DA:74,602
DA:75,618
DA:76,159
DA:77,618
DA:78,31
DA:79,618
DA:80,353
DA:81,618
DA:82,32
DA:83,618
DA:84,27
DA:85,618
DA:86,0
DA:87,618
DA:88,618
DA:89,1
DA:90,1
DA:91,0
DA:92,0
DA:93,0
DA:94,1
DA:95,1
DA:96,122
DA:97,122
DA:98,1
DA:99,1
DA:100,122
DA:101,122
DA:102,122
DA:103,122
DA:104,122
DA:105,122
DA:106,122
DA:107,1
DA:108,1
DA:109,137
DA:110,137
DA:111,1
DA:112,1
DA:113,122
DA:114,122
DA:115,1
DA:116,1
DA:117,122
DA:118,122
DA:119,1
LF:119
LH:115
BRDA:27,0,0,126
BRDA:37,1,0,126
BRDA:43,2,0,618
BRDA:46,3,0,0
BRDA:49,4,0,16
BRDA:49,5,0,602
BRDA:56,6,0,618
BRDA:57,7,0,15
BRDA:63,8,0,603
BRDA:68,9,0,602
BRDA:68,10,0,1
BRDA:69,11,0,0
BRDA:72,12,0,602
BRDA:75,13,0,159
BRDA:77,14,0,31
BRDA:79,15,0,353
BRDA:81,16,0,32
BRDA:83,17,0,27
BRDA:85,18,0,0
BRDA:95,19,0,122
BRDA:96,20,0,0
BRDA:99,21,0,122
BRDA:102,22,0,4
BRDA:103,23,0,592
BRDA:104,24,0,4
BRDA:108,25,0,137
BRDA:109,26,0,33
BRDA:112,27,0,122
BRDA:116,28,0,122
BRDA:117,29,0,777
BRF:30
BRH:26
end_of_record
TN:
SF:src/language/variableDefinition.ts
FN:22,instanceOfVariableDefinition
FN:26,asVariableDefinition
FN:32,<instance_members_initializer>
FN:41,get variableType
FN:45,VariableDefinition
FN:54,getDependencies
FN:59,parse
FN:103,getChildren
FN:107,validate
FNF:9
FNH:7
FNDA:0,instanceOfVariableDefinition
FNDA:0,asVariableDefinition
FNDA:804,<instance_members_initializer>
FNDA:1726,get variableType
FNDA:804,VariableDefinition
FNDA:16540,getDependencies
FNDA:805,parse
FNDA:18123,getChildren
FNDA:780,validate
DA:1,1
DA:2,1
DA:3,1
DA:4,1
DA:5,1
DA:6,1
DA:7,1
DA:8,1
DA:9,1
DA:10,1
DA:11,1
DA:12,1
DA:13,1
DA:14,1
DA:15,1
DA:16,1
DA:17,1
DA:18,1
DA:19,1
DA:20,1
DA:21,1
DA:22,1
DA:23,0
DA:24,0
DA:25,1
DA:26,1
DA:27,0
DA:28,0
DA:29,1
DA:30,1
DA:31,1
DA:32,1
DA:33,804
DA:34,804
DA:35,804
DA:36,804
DA:37,804
DA:38,804
DA:39,1
DA:40,1
DA:41,1
DA:42,1726
DA:43,1726
DA:44,1
DA:45,1
DA:46,804
DA:47,804
DA:48,804
DA:49,804
DA:50,804
DA:51,804
DA:52,804
DA:53,1
DA:54,1
DA:55,16540
DA:56,16540
DA:57,16540
DA:58,1
DA:59,1
DA:60,805
DA:61,805
DA:62,805
DA:63,805
DA:64,805
DA:65,805
DA:66,805
DA:67,805
DA:68,805
DA:69,805
DA:70,0
DA:71,0
DA:72,0
DA:73,805
DA:74,805
DA:75,805
DA:76,805
DA:77,805
DA:78,805
DA:79,805
DA:80,805
DA:81,805
DA:82,92
DA:83,805
DA:84,0
DA:85,0
DA:86,0
DA:87,92
DA:88,672
DA:89,1
DA:90,1
DA:91,1
DA:92,1
DA:93,91
DA:94,91
DA:95,672
DA:96,0
DA:97,0
DA:98,0
DA:99,91
DA:100,91
DA:101,91
DA:102,1
DA:103,1
DA:104,18123
DA:105,18123
DA:106,1
DA:107,1
DA:108,780
DA:109,780
DA:110,780
DA:111,780
DA:112,780
DA:113,780
DA:114,1
LF:114
LH:101
BRDA:32,0,0,804
BRDA:41,1,0,1726
BRDA:45,2,0,804
BRDA:54,3,0,16540
BRDA:56,4,0,1509
BRDA:56,5,0,15031
BRDA:59,6,0,805
BRDA:67,7,0,0
BRDA:69,8,0,9
BRDA:69,9,0,0
BRDA:76,10,0,0
BRDA:79,11,0,0
BRDA:81,12,0,804
BRDA:81,13,0,713
BRDA:81,14,0,92
BRDA:83,15,0,672
BRDA:83,16,0,0
BRDA:86,17,0,92
BRDA:88,18,0,1
BRDA:92,19,0,91
BRDA:95,20,0,0
BRDA:98,21,0,91
BRDA:103,22,0,18123
BRDA:104,23,0,3342
BRDA:104,24,0,14781
BRDA:107,25,0,780
BRF:26
BRH:20
end_of_record
TN:
SF:src/language/variablePath.ts
FN:7,get parentIdentifier
FN:11,get hasChildIdentifiers
FN:15,get parts
FN:19,VariablePath
FN:23,fullPath
FN:27,lastPart
FN:31,toString
FN:35,childrenReference
FN:40,append
FNF:9
FNH:9
FNDA:10423,get parentIdentifier
FNDA:7001,get hasChildIdentifiers
FNDA:2657,get parts
FNDA:4911,VariablePath
FNDA:2496,fullPath
FNDA:183,lastPart
FNDA:19,toString
FNDA:974,childrenReference
FNDA:53,append
DA:1,1
DA:2,1
DA:3,1
DA:4,1
DA:5,1
DA:6,1
DA:7,1
DA:8,10423
DA:9,10423
DA:10,1
DA:11,1
DA:12,7001
DA:13,7001
DA:14,1
DA:15,1
DA:16,2657
DA:17,2657
DA:18,1
DA:19,1
DA:20,4911
DA:21,4911
DA:22,1
DA:23,1
DA:24,2496
DA:25,2496
DA:26,1
DA:27,1
DA:28,183
DA:29,183
DA:30,1
DA:31,1
DA:32,19
DA:33,19
DA:34,1
DA:35,1
DA:36,974
DA:37,974
DA:38,974
DA:39,1
DA:40,1
DA:41,53
DA:42,53
DA:43,53
DA:44,1
LF:44
LH:44
BRDA:7,0,0,10423
BRDA:11,1,0,7001
BRDA:15,2,0,2657
BRDA:19,3,0,4911
BRDA:23,4,0,2496
BRDA:27,5,0,183
BRDA:31,6,0,19
BRDA:35,7,0,974
BRDA:40,8,0,53
BRF:9
BRH:9
end_of_record
TN:
SF:src/language/variableReference.ts
FN:11,VariableReference
FN:19,toString
FNF:2
FNH:2
FNDA:4028,VariableReference
FNDA:2,toString
DA:1,1
DA:2,1
DA:3,1
DA:4,1
DA:5,1
DA:6,1
DA:7,1
DA:8,1
DA:9,1
DA:10,1
DA:11,1
DA:12,4028
DA:13,4028
DA:14,4028
DA:15,4028
DA:16,4028
DA:17,4028
DA:18,1
DA:19,1
DA:20,2
DA:21,2
DA:22,1
LF:22
LH:22
BRDA:11,0,0,4028
BRDA:19,1,0,2
BRF:2
BRH:2
end_of_record
TN:
SF:src/language/variableSource.ts
FNF:0
FNH:0
DA:1,1
DA:2,1
DA:3,1
DA:4,1
DA:5,1
DA:6,1
DA:7,1
LF:7
LH:7
BRDA:1,0,0,35
BRF:1
BRH:1
end_of_record
TN:
SF:src/language/variableTypes.ts
FN:1,(empty-report)
FNF:1
FNH:0
FNDA:0,(empty-report)
DA:1,0
LF:1
LH:0
BRDA:1,0,0,0
BRF:1
BRH:0
end_of_record
TN:
SF:src/language/enums/enumDefinition.ts
FN:14,instanceOfEnumDefinition
FN:18,asEnumDefinition
FN:26,<instance_members_initializer>
FN:29,get nodeName
FN:33,EnumDefinition
FN:38,parse
FN:42,parse
FN:49,getChildren
FN:53,validate
FN:67,containsMember
FNF:10
FNH:10
FNDA:10522,instanceOfEnumDefinition
FNDA:5168,asEnumDefinition
FNDA:209,<instance_members_initializer>
FNDA:16823,get nodeName
FNDA:209,EnumDefinition
FNDA:34,parse
FNDA:85,parse
FNDA:347,getChildren
FNDA:32,validate
FNDA:7,containsMember
DA:1,1
DA:2,1
DA:3,1
DA:4,1
DA:5,1
DA:6,1
DA:7,1
DA:8,1
DA:9,1
DA:10,1
DA:11,1
DA:12,1
DA:13,1
DA:14,1
DA:15,10522
DA:16,10522
DA:17,1
DA:18,1
DA:19,5168
DA:20,5168
DA:21,1
DA:22,1
DA:23,1
DA:24,1
DA:25,1
DA:26,1
DA:27,1
DA:28,1
DA:29,1
DA:30,16823
DA:31,16823
DA:32,1
DA:33,1
DA:34,209
DA:35,209
DA:36,209
DA:37,1
DA:38,1
DA:39,34
DA:40,34
DA:41,1
DA:42,1
DA:43,85
DA:44,85
DA:45,85
DA:46,85
DA:47,85
DA:48,1
DA:49,1
DA:50,347
DA:51,347
DA:52,1
DA:53,1
DA:54,32
DA:55,1
DA:56,1
DA:57,1
DA:58,31
DA:59,31
DA:60,31
DA:61,31
DA:62,31
DA:63,31
DA:64,31
DA:65,31
DA:66,1
DA:67,1
DA:68,7
DA:69,7
DA:70,1
LF:70
LH:70
BRDA:14,0,0,10522
BRDA:15,1,0,9963
BRDA:18,2,0,5168
BRDA:19,3,0,4011
BRDA:19,4,0,1157
BRDA:26,5,0,209
BRDA:29,6,0,16823
BRDA:33,7,0,209
BRDA:38,8,0,34
BRDA:42,9,0,85
BRDA:43,10,0,52
BRDA:43,11,0,33
BRDA:45,12,0,84
BRDA:49,13,0,347
BRDA:53,14,0,32
BRDA:54,15,0,1
BRDA:57,16,0,31
BRDA:61,17,0,1
BRDA:62,18,0,82
BRDA:63,19,0,1
BRDA:67,20,0,7
BRDA:68,21,0,15
BRF:22
BRH:22
end_of_record
TN:
SF:src/language/enums/enumMember.ts
FN:11,instanceOfEnumMember
FN:15,asEnumMember
FN:21,<instance_members_initializer>
FN:26,EnumMember
FN:33,parse
FN:67,getChildren
FN:71,validate
FN:76,validateMemberName
FN:84,validateMemberValues
FNF:9
FNH:7
FNDA:0,instanceOfEnumMember
FNDA:0,asEnumMember
FNDA:84,<instance_members_initializer>
FNDA:84,EnumMember
FNDA:85,parse
FNDA:860,getChildren
FNDA:82,validate
FNDA:82,validateMemberName
FNDA:82,validateMemberValues
DA:1,1
DA:2,1
DA:3,1
DA:4,1
DA:5,1
DA:6,1
DA:7,1
DA:8,1
DA:9,1
DA:10,1
DA:11,1
DA:12,0
DA:13,0
DA:14,1
DA:15,1
DA:16,0
DA:17,0
DA:18,1
DA:19,1
DA:20,1
DA:21,1
DA:22,1
DA:23,1
DA:24,1
DA:25,1
DA:26,1
DA:27,84
DA:28,84
DA:29,84
DA:30,84
DA:31,84
DA:32,1
DA:33,1
DA:34,85
DA:35,85
DA:36,85
DA:37,85
DA:38,85
DA:39,85
DA:40,85
DA:41,85
DA:42,85
DA:43,85
DA:44,85
DA:45,85
DA:46,85
DA:47,85
DA:48,85
DA:49,12
DA:50,85
DA:51,1
DA:52,1
DA:53,1
DA:54,11
DA:55,11
DA:56,11
DA:57,11
DA:58,11
DA:59,71
DA:60,11
DA:61,11
DA:62,71
DA:63,11
DA:64,11
DA:65,11
DA:66,1
DA:67,1
DA:68,860
DA:69,860
DA:70,1
DA:71,1
DA:72,82
DA:73,82
DA:74,82
DA:75,1
DA:76,1
DA:77,82
DA:78,0
DA:79,82
DA:80,0
DA:81,0
DA:82,82
DA:83,1
DA:84,1
DA:85,82
DA:86,9
DA:87,82
DA:88,0
DA:89,0
DA:90,9
DA:91,68
DA:92,1
DA:93,1
DA:94,82
DA:95,1
LF:95
LH:86
BRDA:21,0,0,84
BRDA:26,1,0,84
BRDA:33,2,0,85
BRDA:39,3,0,0
BRDA:44,4,0,0
BRDA:48,5,0,83
BRDA:48,6,0,73
BRDA:48,7,0,12
BRDA:50,8,0,71
BRDA:50,9,0,1
BRDA:53,10,0,11
BRDA:59,11,0,0
BRDA:59,12,0,11
BRDA:62,13,0,0
BRDA:62,14,0,11
BRDA:67,15,0,860
BRDA:71,16,0,82
BRDA:76,17,0,82
BRDA:77,18,0,0
BRDA:79,19,0,0
BRDA:84,20,0,82
BRDA:85,21,0,80
BRDA:85,22,0,73
BRDA:85,23,0,9
BRDA:87,24,0,68
BRDA:87,25,0,0
BRDA:89,26,0,9
BRDA:91,27,0,1
BRF:28
BRH:21
end_of_record
TN:
SF:src/language/enums/enumName.ts
FN:11,<instance_members_initializer>
FN:15,get value
FN:19,EnumName
FN:24,getChildren
FN:28,validate
FN:36,parseName
FNF:6
FNH:6
FNDA:209,<instance_members_initializer>
FNDA:17407,get value
FNDA:209,EnumName
FNDA:347,getChildren
FNDA:32,validate
FNDA:209,parseName
DA:1,1
DA:2,1
DA:3,1
DA:4,1
DA:5,1
DA:6,1
DA:7,1
DA:8,1
DA:9,1
DA:10,1
DA:11,1
DA:12,209
DA:13,1
DA:14,1
DA:15,1
DA:16,17407
DA:17,17407
DA:18,1
DA:19,1
DA:20,209
DA:21,209
DA:22,209
DA:23,1
DA:24,1
DA:25,347
DA:26,347
DA:27,1
DA:28,1
DA:29,32
DA:30,0
DA:31,32
DA:32,0
DA:33,0
DA:34,32
DA:35,1
DA:36,1
DA:37,209
DA:38,209
DA:39,1
LF:39
LH:36
BRDA:11,0,0,209
BRDA:15,1,0,17407
BRDA:19,2,0,209
BRDA:24,3,0,347
BRDA:28,4,0,32
BRDA:29,5,0,0
BRDA:31,6,0,0
BRDA:36,7,0,209
BRF:8
BRH:6
end_of_record
TN:
SF:src/language/expressions/IChildExpression.ts
FN:4,instanceOfChildExpression
FN:8,asChildExpression
FN:17,instanceOfParentExpression
FN:21,asParentExpression
FNF:4
FNH:4
FNDA:806,instanceOfChildExpression
FNDA:806,asChildExpression
FNDA:33,instanceOfParentExpression
FNDA:33,asParentExpression
DA:1,1
DA:2,1
DA:3,1
DA:4,1
DA:5,806
DA:6,806
DA:7,1
DA:8,1
DA:9,806
DA:10,806
DA:11,1
DA:12,1
DA:13,1
DA:14,1
DA:15,1
DA:16,1
DA:17,1
DA:18,33
DA:19,33
DA:20,1
DA:21,1
DA:22,33
DA:23,33
DA:24,1
DA:25,1
DA:26,1
DA:27,1
DA:28,1
LF:28
LH:28
BRDA:4,0,0,806
BRDA:8,1,0,806
BRDA:9,2,0,33
BRDA:9,3,0,773
BRDA:17,4,0,33
BRDA:21,5,0,33
BRDA:22,6,0,29
BRDA:22,7,0,4
BRF:8
BRH:8
end_of_record
TN:
SF:src/language/expressions/IHasVariableReference.ts
FN:3,instanceOfHasVariableReference
FN:7,asHasVariableReference
FNF:2
FNH:2
FNDA:3553,instanceOfHasVariableReference
FNDA:3553,asHasVariableReference
DA:1,1
DA:2,1
DA:3,1
DA:4,3553
DA:5,3553
DA:6,1
DA:7,1
DA:8,3553
DA:9,3553
DA:10,1
DA:11,1
DA:12,1
DA:13,1
DA:14,1
LF:14
LH:14
BRDA:3,0,0,3553
BRDA:7,1,0,3553
BRDA:8,2,0,2489
BRDA:8,3,0,1064
BRF:4
BRH:4
end_of_record
TN:
SF:src/language/expressions/argumentList.ts
FN:12,parse
FNF:1
FNH:1
FNDA:150,parse
DA:1,1
DA:2,1
DA:3,1
DA:4,1
DA:5,1
DA:6,1
DA:7,1
DA:8,1
DA:9,1
DA:10,1
DA:11,1
DA:12,1
DA:13,150
DA:14,127
DA:15,127
DA:16,127
DA:17,127
DA:18,127
DA:19,127
DA:20,127
DA:21,150
DA:22,468
DA:23,468
DA:24,175
DA:25,175
DA:26,175
DA:27,5
DA:28,5
DA:29,175
DA:30,5
DA:31,5
DA:32,175
DA:33,0
DA:34,0
DA:35,175
DA:36,0
DA:37,0
DA:38,175
DA:39,175
DA:40,175
DA:41,154
DA:42,0
DA:43,0
DA:44,154
DA:45,154
DA:46,154
DA:47,175
DA:48,21
DA:49,21
DA:50,468
DA:51,293
DA:52,293
DA:53,468
DA:54,127
DA:55,150
DA:56,0
DA:57,0
DA:58,127
DA:59,127
DA:60,127
DA:61,127
DA:62,127
DA:63,1
LF:63
LH:55
BRDA:12,0,0,150
BRDA:13,1,0,145
BRDA:13,2,0,23
BRDA:13,3,0,127
BRDA:21,4,0,468
BRDA:23,5,0,175
BRDA:26,6,0,5
BRDA:29,7,0,5
BRDA:32,8,0,0
BRDA:35,9,0,0
BRDA:40,10,0,164
BRDA:40,11,0,164
BRDA:40,12,0,154
BRDA:41,13,0,0
BRDA:47,14,0,21
BRDA:50,15,0,293
BRDA:53,16,0,127
BRDA:55,17,0,0
BRDA:57,18,0,127
BRF:19
BRH:15
end_of_record
TN:
SF:src/language/expressions/argumentTokenParseResult.ts
FN:8,newArgumentTokenParseFailed
FN:20,newArgumentTokenParseSuccess
FNF:2
FNH:1
FNDA:0,newArgumentTokenParseFailed
FNDA:150,newArgumentTokenParseSuccess
DA:1,1
DA:2,1
DA:3,1
DA:4,1
DA:5,1
DA:6,1
DA:7,1
DA:8,1
DA:9,0
DA:10,0
DA:11,0
DA:12,0
DA:13,0
DA:14,1
DA:15,1
DA:16,1
DA:17,1
DA:18,1
DA:19,1
DA:20,1
DA:21,150
DA:22,150
DA:23,150
DA:24,150
DA:25,150
DA:26,1
DA:27,1
LF:27
LH:22
BRDA:20,0,0,150
BRF:1
BRH:1
end_of_record
TN:
SF:src/language/expressions/assignmentExpression.ts
FN:21,instanceOfAssignmentExpression
FN:25,asAssignmentExpression
FN:30,<instance_members_initializer>
FN:34,AssignmentExpression
FN:41,parse
FN:58,isValid
FN:65,getChildren
FN:72,validate
FN:88,deriveType
FN:92,usedVariables
FNF:10
FNH:9
FNDA:543,instanceOfAssignmentExpression
FNDA:543,asAssignmentExpression
FNDA:502,<instance_members_initializer>
FNDA:502,AssignmentExpression
FNDA:505,parse
FNDA:5020,isValid
FNDA:12627,getChildren
FNDA:491,validate
FNDA:0,deriveType
FNDA:1076,usedVariables
DA:1,1
DA:2,1
DA:3,1
DA:4,1
DA:5,1
DA:6,1
DA:7,1
DA:8,1
DA:9,1
DA:10,1
DA:11,1
DA:12,1
DA:13,1
DA:14,1
DA:15,1
DA:16,1
DA:17,1
DA:18,1
DA:19,1
DA:20,1
DA:21,1
DA:22,543
DA:23,543
DA:24,1
DA:25,1
DA:26,543
DA:27,543
DA:28,1
DA:29,1
DA:30,1
DA:31,1
DA:32,1
DA:33,1
DA:34,1
DA:35,502
DA:36,502
DA:37,502
DA:38,502
DA:39,502
DA:40,1
DA:41,1
DA:42,505
DA:43,505
DA:44,505
DA:45,505
DA:46,505
DA:47,505
DA:48,505
DA:49,505
DA:50,502
DA:51,502
DA:52,502
DA:53,502
DA:54,502
DA:55,502
DA:56,502
DA:57,1
DA:58,1
DA:59,5020
DA:60,1383
DA:61,1383
DA:62,5020
DA:63,5020
DA:64,1
DA:65,1
DA:66,12627
DA:67,12627
DA:68,12627
DA:69,12627
DA:70,12627
DA:71,1
DA:72,1
DA:73,491
DA:74,491
DA:75,491
DA:76,2
DA:77,2
DA:78,2
DA:79,489
DA:80,489
DA:81,489
DA:82,491
DA:83,2
DA:84,2
DA:85,2
DA:86,491
DA:87,1
DA:88,1
DA:89,0
DA:90,0
DA:91,1
DA:92,1
DA:93,1076
DA:94,1076
DA:95,1076
DA:96,1076
DA:97,1076
DA:98,1076
DA:99,1076
DA:100,1
LF:100
LH:98
BRDA:21,0,0,543
BRDA:25,1,0,543
BRDA:26,2,0,0
BRDA:30,3,0,502
BRDA:34,4,0,502
BRDA:41,5,0,505
BRDA:43,6,0,0
BRDA:46,7,0,0
BRDA:49,8,0,3
BRDA:49,9,0,502
BRDA:58,10,0,5020
BRDA:60,11,0,1383
BRDA:61,12,0,225
BRDA:62,13,0,1254
BRDA:65,14,0,12627
BRDA:72,15,0,491
BRDA:75,16,0,2
BRDA:78,17,0,489
BRDA:82,18,0,472
BRDA:82,19,0,2
BRDA:92,20,0,1076
BRDA:94,21,0,0
BRF:22
BRH:18
end_of_record
TN:
SF:src/language/expressions/binaryExpression.ts
FN:29,OperatorEntry
FN:40,TokenIndex
FN:47,instanceOfBinaryExpression
FN:51,asBinaryExpression
FN:57,<static_initializer>
FN:130,<instance_members_initializer>
FN:137,BinaryExpression
FN:145,parse
FN:177,getLowestPriorityOperation
FN:191,isValid
FN:196,getCurrentLevelSupportedTokens
FN:230,isSupported
FN:240,getChildren
FN:247,validate
FN:262,isAllowedOperation
FN:284,deriveType
FNF:16
FNH:16
FNDA:455,OperatorEntry
FNDA:436,TokenIndex
FNDA:127,instanceOfBinaryExpression
FNDA:127,asBinaryExpression
FNDA:35,<static_initializer>
FNDA:206,<instance_members_initializer>
FNDA:206,BinaryExpression
FNDA:207,parse
FNDA:207,getLowestPriorityOperation
FNDA:359,isValid
FNDA:566,getCurrentLevelSupportedTokens
FNDA:600,isSupported
FNDA:5689,getChildren
FNDA:166,validate
FNDA:166,isAllowedOperation
FNDA:179,deriveType
DA:1,1
DA:2,1
DA:3,1
DA:4,1
DA:5,1
DA:6,1
DA:7,1
DA:8,1
DA:9,1
DA:10,1
DA:11,1
DA:12,1
DA:13,1
DA:14,1
DA:15,1
DA:16,1
DA:17,1
DA:18,1
DA:19,1
DA:20,1
DA:21,1
DA:22,1
DA:23,1
DA:24,1
DA:25,1
DA:26,1
DA:27,1
DA:28,1
DA:29,1
DA:30,455
DA:31,455
DA:32,455
DA:33,1
DA:34,1
DA:35,1
DA:36,1
DA:37,1
DA:38,1
DA:39,1
DA:40,1
DA:41,436
DA:42,436
DA:43,436
DA:44,436
DA:45,1
DA:46,1
DA:47,1
DA:48,127
DA:49,127
DA:50,1
DA:51,1
DA:52,127
DA:53,127
DA:54,1
DA:55,1
DA:56,1
DA:57,1
DA:58,35
DA:59,35
DA:60,35
DA:61,35
DA:62,35
DA:63,35
DA:64,35
DA:65,35
DA:66,35
DA:67,35
DA:68,35
DA:69,35
DA:70,35
DA:71,35
DA:72,35
DA:73,35
DA:74,35
DA:75,35
DA:76,35
DA:77,35
DA:78,35
DA:79,35
DA:80,35
DA:81,35
DA:82,35
DA:83,35
DA:84,35
DA:85,35
DA:86,35
DA:87,35
DA:88,35
DA:89,35
DA:90,35
DA:91,35
DA:92,35
DA:93,35
DA:94,35
DA:95,35
DA:96,35
DA:97,35
DA:98,35
DA:99,35
DA:100,35
DA:101,35
DA:102,35
DA:103,35
DA:104,35
DA:105,35
DA:106,35
DA:107,35
DA:108,35
DA:109,35
DA:110,35
DA:111,35
DA:112,35
DA:113,35
DA:114,35
DA:115,35
DA:116,35
DA:117,35
DA:118,35
DA:119,35
DA:120,35
DA:121,35
DA:122,35
DA:123,35
DA:124,35
DA:125,35
DA:126,35
DA:127,35
DA:128,1
DA:129,1
DA:130,1
DA:131,206
DA:132,206
DA:133,206
DA:134,206
DA:135,1
DA:136,1
DA:137,1
DA:138,206
DA:139,206
DA:140,206
DA:141,206
DA:142,206
DA:143,206
DA:144,1
DA:145,1
DA:146,207
DA:147,207
DA:148,207
DA:149,207
DA:150,207
DA:151,207
DA:152,207
DA:153,207
DA:154,0
DA:155,0
DA:156,0
DA:157,207
DA:158,207
DA:159,207
DA:160,1
DA:161,1
DA:162,1
DA:163,206
DA:164,206
DA:165,207
DA:166,206
DA:167,206
DA:168,207
DA:169,206
DA:170,206
DA:171,206
DA:172,206
DA:173,206
DA:174,206
DA:175,206
DA:176,1
DA:177,1
DA:178,207
DA:179,1507
DA:180,1507
DA:181,1589
DA:182,1589
DA:183,207
DA:184,207
DA:185,1589
DA:186,1300
DA:187,0
DA:188,0
DA:189,0
DA:190,1
DA:191,1
DA:192,359
DA:193,359
DA:194,359
DA:195,1
DA:196,1
DA:197,566
DA:198,566
DA:199,566
DA:200,566
DA:201,2266
DA:202,2266
DA:203,959
DA:204,959
DA:205,2266
DA:206,172
DA:207,172
DA:208,2266
DA:209,170
DA:210,170
DA:211,2266
DA:212,0
DA:213,0
DA:214,2266
DA:215,0
DA:216,0
DA:217,2266
DA:218,959
DA:219,2266
DA:220,600
DA:221,600
DA:222,2266
DA:223,436
DA:224,436
DA:225,2266
DA:226,566
DA:227,566
DA:228,566
DA:229,1
DA:230,1
DA:231,600
DA:232,5360
DA:233,5360
DA:234,436
DA:235,436
DA:236,5360
DA:237,164
DA:238,164
DA:239,1
DA:240,1
DA:241,5689
DA:242,5689
DA:243,5689
DA:244,5689
DA:245,5689
DA:246,1
DA:247,1
DA:248,166
DA:249,166
DA:250,166
DA:251,0
DA:252,0
DA:253,0
DA:254,0
DA:255,166
DA:256,166
DA:257,64
DA:258,64
DA:259,64
DA:260,166
DA:261,1
DA:262,1
DA:263,166
DA:264,4038
DA:265,472
DA:266,472
DA:267,472
DA:268,472
DA:269,472
DA:270,472
DA:271,4038
DA:272,45
DA:273,45
DA:274,4038
DA:275,0
DA:276,427
DA:277,16
DA:278,427
DA:279,411
DA:280,411
DA:281,166
DA:282,166
DA:283,1
DA:284,1
DA:285,179
DA:286,82
DA:287,82
DA:288,97
DA:289,97
DA:290,97
DA:291,97
DA:292,179
DA:293,179
DA:294,1
LF:294
LH:279
BRDA:29,0,0,455
BRDA:40,1,0,436
BRDA:47,2,0,127
BRDA:51,3,0,127
BRDA:52,4,0,0
BRDA:57,5,0,35
BRDA:130,6,0,206
BRDA:137,7,0,206
BRDA:145,8,0,207
BRDA:150,9,0,0
BRDA:153,10,0,0
BRDA:159,11,0,1
BRDA:162,12,0,206
BRDA:165,13,0,0
BRDA:165,14,0,206
BRDA:168,15,0,0
BRDA:168,16,0,206
BRDA:177,17,0,207
BRDA:178,18,0,1507
BRDA:180,19,0,1589
BRDA:182,20,0,207
BRDA:185,21,0,1300
BRDA:186,22,0,0
BRDA:191,23,0,359
BRDA:196,24,0,566
BRDA:200,25,0,2266
BRDA:202,26,0,2235
[...]
BRDA:71,8,0,85
BRDA:71,9,0,257
BRDA:77,10,0,18
BRDA:79,11,0,239
BRDA:85,12,0,18
BRDA:86,13,0,0
BRDA:87,14,0,69
BRDA:93,15,0,308
BRDA:96,16,0,3
BRDA:96,17,0,305
BRDA:98,18,0,0
BRDA:98,19,0,305
BRDA:101,20,0,0
BRDA:103,21,0,305
BRDA:104,22,0,69
BRDA:108,23,0,343
BRDA:109,24,0,186
BRDA:111,25,0,342
BRDA:111,26,0,157
BRDA:112,27,0,142
BRDA:112,28,0,342
BRDA:112,29,0,142
BRDA:114,30,0,0
BRDA:118,31,0,15
BRDA:122,32,0,308
BRDA:125,33,0,3
BRDA:126,34,0,0
BRDA:133,35,0,257
BRDA:136,36,0,0
BRDA:150,37,0,305
BRDA:152,38,0,69
BRDA:155,39,0,232
BRDA:161,40,0,232
BRDA:162,41,0,327
BRDA:167,42,0,327
BRDA:169,43,0,0
BRDA:173,44,0,0
BRDA:179,45,0,69
BRDA:180,46,0,249
BRDA:182,47,0,0
BRDA:185,48,0,123
BRDA:185,49,0,126
BRDA:192,50,0,249
BRDA:193,51,0,1
BRDA:193,52,0,248
BRDA:194,53,0,394
BRDA:197,54,0,126
BRDA:202,55,0,0
BRDA:208,56,0,337
BRDA:210,57,0,10
BRDA:211,58,0,10
BRDA:212,59,0,7
BRDA:213,60,0,0
BRDA:222,61,0,343
BRDA:224,62,0,341
BRDA:224,63,0,2
BRDA:229,64,0,1
BRDA:235,65,0,0
BRDA:237,66,0,1
BRDA:240,67,0,342
BRDA:241,68,0,6
BRDA:241,69,0,6
BRDA:241,70,0,336
BRDA:244,71,0,0
BRDA:244,72,0,336
BRDA:247,73,0,79
BRDA:250,74,0,6
BRDA:255,75,0,3
BRDA:259,76,0,346
BRDA:263,77,0,89
BRDA:263,78,0,0
BRDA:270,79,0,89
BRDA:270,80,0,257
BRDA:272,81,0,328
BRDA:272,82,0,89
BRDA:274,83,0,0
BRDA:279,84,0,89
BRDA:283,85,0,201
BRDA:287,86,0,0
BRDA:290,87,0,89
BRDA:292,88,0,328
BRDA:292,89,0,0
BRDA:297,90,0,89
BRDA:284,91,0,203
BRDA:286,92,0,853
BRDA:315,93,0,305
BRDA:316,94,0,299
BRDA:316,95,0,254
BRDA:316,96,0,6
BRDA:318,97,0,0
BRDA:321,98,0,6
BRDA:325,99,0,453
BRDA:326,100,0,27
BRDA:326,101,0,27
BRDA:328,102,0,426
BRF:103
BRH:85
end_of_record
TN:
SF:src/specifications/specificationFileRunner.ts
FN:27,<instance_members_initializer>
FN:31,get scenarioRunners
FN:35,SpecificationFileRunner
FN:42,initialize
FN:57,run
FN:69,getScenarioRunner
FN:77,countScenarioRunners
FN:81,validateHasScenarioCheckingRootErrors
FNF:8
FNH:8
FNDA:83,<instance_members_initializer>
FNDA:241,get scenarioRunners
FNDA:83,SpecificationFileRunner
FNDA:83,initialize
FNDA:83,run
FNDA:343,getScenarioRunner
FNDA:83,countScenarioRunners
FNDA:83,validateHasScenarioCheckingRootErrors
DA:1,1
DA:2,1
DA:3,1
DA:4,1
DA:5,1
DA:6,1
DA:7,1
DA:8,1
DA:9,1
DA:10,1
DA:11,1
DA:12,1
DA:13,1
DA:14,1
DA:15,1
DA:16,1
DA:17,1
DA:18,1
DA:19,1
DA:20,1
DA:21,1
DA:22,1
DA:23,1
DA:24,1
DA:25,1
DA:26,1
DA:27,1
DA:28,83
DA:29,1
DA:30,1
DA:31,1
DA:32,241
DA:33,241
DA:34,1
DA:35,1
DA:36,83
DA:37,83
DA:38,83
DA:39,83
DA:40,83
DA:41,1
DA:42,1
DA:43,83
DA:44,83
DA:45,83
DA:46,83
DA:47,0
DA:48,0
DA:49,83
DA:50,83
DA:51,83
DA:52,83
DA:53,83
DA:54,83
DA:55,83
DA:56,1
DA:57,1
DA:58,83
DA:59,83
DA:60,83
DA:61,83
DA:62,83
DA:63,72
DA:64,72
DA:65,72
DA:66,72
DA:67,72
DA:68,1
DA:69,1
DA:70,343
DA:71,343
DA:72,343
DA:73,0
DA:74,0
DA:75,343
DA:76,1
DA:77,1
DA:78,83
DA:79,83
DA:80,1
DA:81,1
DA:82,83
DA:83,3
DA:84,3
DA:85,3
DA:86,3
DA:87,71
DA:88,0
DA:89,0
DA:90,0
DA:91,0
DA:92,83
DA:93,1
LF:93
LH:85
BRDA:27,0,0,83
BRDA:31,1,0,241
BRDA:35,2,0,83
BRDA:42,3,0,83
BRDA:46,4,0,0
BRDA:53,5,0,343
BRDA:57,6,0,83
BRDA:58,7,0,0
BRDA:62,8,0,11
BRDA:62,9,0,72
BRDA:66,10,0,343
BRDA:69,11,0,343
BRDA:72,12,0,0
BRDA:77,13,0,83
BRDA:78,14,0,343
BRDA:81,15,0,83
BRDA:82,16,0,80
BRDA:82,17,0,71
BRDA:82,18,0,3
BRDA:87,19,0,0
BRDA:85,20,0,3
BRF:21
BRH:17
end_of_record
TN:
SF:src/specifications/specificationRunnerContext.ts
FN:33,<instance_members_initializer>
FN:40,get logEntries
FN:44,SpecificationRunnerContext
FN:49,get failed
FN:53,get fileRunners
FN:57,fail
FN:70,logGlobal
FN:76,logTimeSpent
FN:86,success
FN:93,add
FN:97,failedScenariosRunners
FN:106,countScenarios
FN:112,formatGlobalLog
FNF:13
FNH:10
FNDA:3,<instance_members_initializer>
FNDA:3,get logEntries
FNDA:3,SpecificationRunnerContext
FNDA:6,get failed
FNDA:89,get fileRunners
FNDA:0,fail
FNDA:80,logGlobal
FNDA:3,logTimeSpent
FNDA:394,success
FNDA:83,add
FNDA:0,failedScenariosRunners
FNDA:3,countScenarios
FNDA:0,formatGlobalLog
DA:1,1
DA:2,1
DA:3,1
DA:4,1
DA:5,1
DA:6,1
DA:7,1
DA:8,1
DA:9,1
DA:10,1
DA:11,1
DA:12,1
DA:13,1
DA:14,1
DA:15,1
DA:16,1
DA:17,1
DA:18,1
DA:19,1
DA:20,1
DA:21,1
DA:22,1
DA:23,1
DA:24,1
DA:25,1
DA:26,1
DA:27,1
DA:28,1
DA:29,1
DA:30,1
DA:31,1
DA:32,1
DA:33,1
DA:34,3
DA:35,3
DA:36,3
DA:37,3
DA:38,1
DA:39,1
DA:40,1
DA:41,3
DA:42,3
DA:43,1
DA:44,1
DA:45,3
DA:46,3
DA:47,3
DA:48,1
DA:49,1
DA:50,6
DA:51,6
DA:52,1
DA:53,1
DA:54,89
DA:55,89
DA:56,1
DA:57,1
DA:58,0
DA:59,0
DA:60,0
DA:61,0
DA:62,0
DA:63,0
DA:64,0
DA:65,0
DA:66,0
DA:67,0
DA:68,0
DA:69,1
DA:70,1
DA:71,80
DA:72,80
DA:73,80
DA:74,80
DA:75,1
DA:76,1
DA:77,3
DA:78,3
DA:79,3
DA:80,3
DA:81,3
DA:82,3
DA:83,3
DA:84,3
DA:85,1
DA:86,1
DA:87,394
DA:88,394
DA:89,394
DA:90,394
DA:91,394
DA:92,1
DA:93,1
DA:94,83
DA:95,83
DA:96,1
DA:97,1
DA:98,0
DA:99,0
DA:100,0
DA:101,0
DA:102,0
DA:103,0
DA:104,0
DA:105,1
DA:106,1
DA:107,3
DA:108,3
DA:109,3
DA:110,3
DA:111,1
DA:112,1
DA:113,0
DA:114,0
DA:115,1
LF:115
LH:95
BRDA:33,0,0,3
BRDA:40,1,0,3
BRDA:44,2,0,3
BRDA:49,3,0,6
BRDA:53,4,0,89
BRDA:70,5,0,80
BRDA:76,6,0,3
BRDA:86,7,0,394
BRDA:87,8,0,69
BRDA:87,9,0,325
BRDA:93,10,0,83
BRDA:106,11,0,3
BRDA:108,12,0,83
BRF:13
BRH:13
end_of_record
TN:
SF:src/specifications/specificationsLogEntry.ts
FN:13,SpecificationsLogEntry
FN:23,toString
FNF:2
FNH:2
FNDA:477,SpecificationsLogEntry
FNDA:477,toString
DA:1,1
DA:2,1
DA:3,1
DA:4,1
DA:5,1
DA:6,1
DA:7,1
DA:8,1
DA:9,1
DA:10,1
DA:11,1
DA:12,1
DA:13,1
DA:14,477
DA:15,477
DA:16,477
DA:17,477
DA:18,477
DA:19,477
DA:20,477
DA:21,477
DA:22,1
DA:23,1
DA:24,477
DA:25,477
DA:26,477
DA:27,477
DA:28,1
LF:28
LH:28
BRDA:13,0,0,477
BRDA:23,1,0,477
BRDA:26,2,0,0
BRF:3
BRH:2
end_of_record
TN:
SF:src/specifications/specificationsRunner.ts
FN:23,SpecificationsRunner
FN:30,run
FN:36,runAll
FN:42,runScenarios
FN:58,failed
FN:66,getRunners
FN:74,addFolder
FN:86,createFileRunner
FN:92,getAbsoluteFolder
FNF:9
FNH:8
FNDA:3,SpecificationsRunner
FNDA:1,run
FNDA:2,runAll
FNDA:3,runScenarios
FNDA:0,failed
FNDA:2,getRunners
FNDA:12,addFolder
FNDA:83,createFileRunner
FNDA:2,getAbsoluteFolder
DA:1,1
DA:2,1
DA:3,1
DA:4,1
DA:5,1
DA:6,1
DA:7,1
DA:8,1
DA:9,1
DA:10,1
DA:11,1
DA:12,1
DA:13,1
DA:14,1
DA:15,1
DA:16,1
DA:17,1
DA:18,1
DA:19,1
DA:20,1
DA:21,1
DA:22,1
DA:23,1
DA:24,3
DA:25,3
DA:26,3
DA:27,3
DA:28,3
DA:29,1
DA:30,1
DA:31,1
DA:32,1
DA:33,1
DA:34,1
DA:35,1
DA:36,1
DA:37,2
DA:38,2
DA:39,2
DA:40,2
DA:41,1
DA:42,1
DA:43,3
DA:44,3
DA:45,3
DA:46,3
DA:47,3
DA:48,3
DA:49,3
DA:50,3
DA:51,3
DA:52,3
DA:53,3
DA:54,3
DA:55,3
DA:56,3
DA:57,1
DA:58,1
DA:59,0
DA:60,0
DA:61,0
DA:62,0
DA:63,0
DA:64,0
DA:65,1
DA:66,1
DA:67,2
DA:68,2
DA:69,2
DA:70,2
DA:71,2
DA:72,2
DA:73,1
DA:74,1
DA:75,12
DA:76,12
DA:77,12
DA:78,12
DA:79,12
DA:80,12
DA:81,12
DA:82,12
DA:83,12
DA:84,12
DA:85,1
DA:86,1
DA:87,83
DA:88,83
DA:89,83
DA:90,83
DA:91,1
DA:92,1
DA:93,2
DA:94,0
DA:95,2
DA:96,2
DA:97,0
DA:98,0
DA:99,2
DA:100,2
DA:101,2
DA:102,1
LF:102
LH:93
BRDA:23,0,0,3
BRDA:30,1,0,1
BRDA:36,2,0,2
BRDA:42,3,0,3
BRDA:46,4,0,0
BRDA:55,5,0,0
BRDA:48,6,0,83
BRDA:66,7,0,2
BRDA:74,8,0,12
BRDA:79,9,0,82
BRDA:83,10,0,10
BRDA:86,11,0,83
BRDA:92,12,0,2
BRDA:94,13,0,0
BRDA:96,14,0,0
BRF:15
BRH:11
end_of_record
TN:
SF:src/specifications/typeConverter.ts
FN:1,(empty-report)
FNF:1
FNH:0
FNDA:0,(empty-report)
DA:1,0
DA:2,0
DA:3,0
DA:4,0
DA:5,0
DA:6,0
DA:7,0
DA:8,0
DA:9,0
DA:10,0
DA:11,0
DA:12,0
DA:13,0
DA:14,0
DA:15,0
DA:16,0
DA:17,0
DA:18,0
DA:19,0
DA:20,0
DA:21,0
DA:22,0
DA:23,0
DA:24,0
DA:25,0
DA:26,0
DA:27,0
DA:28,0
DA:29,0
DA:30,0
DA:31,0
DA:32,0
DA:33,0
DA:34,0
DA:35,0
DA:36,0
DA:37,0
DA:38,0
DA:39,0
DA:40,0
DA:41,0
DA:42,0
DA:43,0
DA:44,0
DA:45,0
DA:46,0
DA:47,0
DA:48,0
DA:49,0
LF:49
LH:0
BRDA:1,0,0,0
BRF:1
BRH:0
end_of_record
TN:
SF:src/specifications/validateExecutionLogging.ts
FN:9,validateEntry
FN:11,addLog
FN:15,getName
FN:25,validateEntryMessage
FN:34,validateVariable
FN:35,notEqual
FN:48,validateValueVariable
FN:67,getActualValue
FN:75,validateVariables
FN:99,validateEntries
FN:108,validateExecutionLogging
FNF:11
FNH:10
FNDA:43,validateEntry
FNDA:0,addLog
FNDA:59,getName
FNDA:43,validateEntryMessage
FNDA:59,validateVariable
FNDA:54,notEqual
FNDA:54,validateValueVariable
FNDA:59,getActualValue
FNDA:48,validateVariables
FNDA:49,validateEntries
FNDA:6,validateExecutionLogging
DA:1,1
DA:2,1
DA:3,1
DA:4,1
DA:5,1
DA:6,1
DA:7,1
DA:8,1
DA:9,43
DA:10,43
DA:11,43
DA:12,0
DA:13,0
DA:14,43
DA:15,43
DA:16,59
DA:17,59
DA:18,5
DA:19,5
DA:20,54
DA:21,54
DA:22,59
DA:23,59
DA:24,43
DA:25,43
DA:26,43
DA:27,0
DA:28,0
DA:29,0
DA:30,0
DA:31,0
DA:32,43
DA:33,43
DA:34,43
DA:35,59
DA:36,54
DA:37,6
DA:38,0
DA:39,0
DA:40,6
DA:41,6
DA:42,54
DA:43,0
DA:44,0
DA:45,48
DA:46,48
DA:47,59
DA:48,59
DA:49,54
DA:50,54
DA:51,54
DA:52,54
DA:53,0
DA:54,0
DA:55,0
DA:56,0
DA:57,54
DA:58,59
DA:59,59
DA:60,59
DA:61,5
DA:62,59
DA:63,54
DA:64,54
DA:65,59
DA:66,43
DA:67,43
DA:68,59
DA:69,59
DA:70,41
DA:71,41
DA:72,59
DA:73,59
DA:74,43
DA:75,43
DA:76,48
DA:77,59
DA:78,59
DA:79,59
DA:80,59
DA:81,0
DA:82,59
DA:83,59
DA:84,59
DA:85,59
DA:86,48
DA:87,43
DA:88,43
DA:89,0
DA:90,43
DA:91,0
DA:92,43
DA:93,43
DA:94,43
DA:95,43
DA:96,43
DA:97,43
DA:98,1
DA:99,49
DA:100,49
DA:101,49
DA:102,43
DA:103,43
DA:104,43
DA:105,43
DA:106,49
DA:107,1
DA:108,1
DA:109,6
DA:110,6
DA:111,6
DA:112,6
LF:112
LH:94
BRDA:9,0,0,43
BRDA:88,1,0,0
BRDA:88,2,0,0
BRDA:90,3,0,0
BRDA:15,4,0,59
BRDA:17,5,0,5
BRDA:18,6,0,0
BRDA:19,7,0,54
BRDA:22,8,0,13
BRDA:22,9,0,41
BRDA:25,10,0,43
BRDA:26,11,0,0
BRDA:34,12,0,59
BRDA:60,13,0,5
BRDA:62,14,0,54
BRDA:35,15,0,54
BRDA:36,16,0,6
BRDA:37,17,0,0
BRDA:41,18,0,48
BRDA:42,19,0,0
BRDA:44,20,0,48
BRDA:48,21,0,54
BRDA:52,22,0,0
BRDA:67,23,0,59
BRDA:68,24,0,0
BRDA:69,25,0,41
BRDA:71,26,0,18
BRDA:72,27,0,18
BRDA:72,28,0,0
BRDA:75,29,0,48
BRDA:76,30,0,59
BRDA:80,31,0,0
BRDA:99,32,0,49
BRDA:101,33,0,43
BRDA:102,34,0,0
BRDA:103,35,0,0
BRDA:108,36,0,6
BRDA:111,37,0,0
BRF:38
BRH:24
end_of_record
TN:
SF:tests/expectSuccess.ts
FN:1,expectSuccess
FNF:1
FNH:1
FNDA:59,expectSuccess
DA:1,1
DA:2,59
DA:3,0
DA:4,0
DA:5,59
DA:6,59
LF:6
LH:4
BRDA:1,0,0,59
BRDA:2,1,0,0
BRF:2
BRH:1
end_of_record
TN:
SF:tests/loggingConfiguration.ts
FN:14,WinstonLogger
FN:18,isEnabled
FN:32,logDebug
FN:36,logError
FN:40,logInformation
FN:46,<static_initializer>
FN:49,configure
FN:63,getParserLogger
FN:67,getCompilerLogger
FN:71,getExecutionLogger
FN:75,getMainLogger
FN:80,mainLogger
FN:89,addLogger
FN:102,logFileNames
FN:110,fullLogFile
FN:114,logFile
FN:118,findFiles
FN:129,initFolderAndRemoveOldFiles
FN:154,logFilesDirectory
FN:158,parseDate
FN:169,winstonLogger
FN:174,timestamp
FNF:22
FNH:19
FNDA:131,WinstonLogger
FNDA:126,isEnabled
FNDA:17067,logDebug
FNDA:199,logError
FNDA:571,logInformation
FNDA:26,<static_initializer>
FNDA:131,configure
FNDA:100,getParserLogger
FNDA:14,getCompilerLogger
FNDA:14,getExecutionLogger
FNDA:3,getMainLogger
FNDA:26,mainLogger
FNDA:78,addLogger
FNDA:26,logFileNames
FNDA:208,fullLogFile
FNDA:208,logFile
FNDA:0,findFiles
FNDA:0,initFolderAndRemoveOldFiles
FNDA:208,logFilesDirectory
FNDA:0,parseDate
FNDA:128,winstonLogger
FNDA:26,timestamp
DA:1,1
DA:2,1
DA:3,1
DA:4,1
DA:5,1
DA:6,1
DA:7,1
DA:8,1
DA:9,1
DA:10,1
DA:11,1
DA:12,1
DA:13,1
DA:14,1
DA:15,131
DA:16,131
DA:17,1
DA:18,1
DA:19,126
DA:20,126
DA:21,0
DA:22,0
DA:23,126
DA:24,0
DA:25,0
DA:26,126
DA:27,0
DA:28,0
DA:29,126
DA:30,126
DA:31,1
DA:32,1
DA:33,17067
DA:34,17067
DA:35,1
DA:36,1
DA:37,199
DA:38,199
DA:39,1
DA:40,1
DA:41,571
DA:42,571
DA:43,1
DA:44,1
DA:45,1
DA:46,1
DA:47,1
DA:48,1
DA:49,1
DA:50,131
DA:51,131
DA:52,26
DA:53,26
DA:54,26
DA:55,26
DA:56,26
DA:57,26
DA:58,26
DA:59,26
DA:60,26
DA:61,26
DA:62,1
DA:63,1
DA:64,100
DA:65,100
DA:66,1
DA:67,1
DA:68,14
DA:69,14
DA:70,1
DA:71,1
DA:72,14
DA:73,14
DA:74,1
DA:75,1
DA:76,3
DA:77,3
DA:78,3
DA:79,1
DA:80,1
DA:81,26
DA:82,26
DA:83,26
DA:84,26
DA:85,26
DA:86,26
DA:87,26
DA:88,1
DA:89,1
DA:90,78
DA:91,78
DA:92,78
DA:93,78
DA:94,78
DA:95,78
DA:96,78
DA:97,78
DA:98,78
DA:99,78
DA:100,78
DA:101,1
DA:102,1
DA:103,26
DA:104,26
DA:105,26
DA:106,26
DA:107,26
DA:108,26
DA:109,1
DA:110,1
DA:111,208
DA:112,208
DA:113,1
DA:114,1
DA:115,208
DA:116,208
DA:117,1
DA:118,1
DA:119,0
DA:120,0
DA:121,0
DA:122,0
DA:123,0
DA:124,0
DA:125,0
DA:126,0
DA:127,0
DA:128,1
DA:129,1
DA:130,0
DA:131,0
DA:132,0
DA:133,0
DA:134,0
DA:135,0
DA:136,0
DA:137,0
DA:138,0
DA:139,0
DA:140,0
DA:141,0
DA:142,0
DA:143,0
DA:144,0
DA:145,0
DA:146,0
DA:147,0
DA:148,0
DA:149,0
DA:150,0
DA:151,0
DA:152,0
DA:153,1
DA:154,1
DA:155,208
DA:156,208
DA:157,1
DA:158,1
DA:159,0
DA:160,0
DA:161,0
DA:162,0
DA:163,0
DA:164,0
DA:165,0
DA:166,0
DA:167,0
DA:168,1
DA:169,1
DA:170,128
DA:171,128
DA:172,128
DA:173,1
DA:174,1
DA:175,26
DA:176,26
DA:177,26
DA:178,26
DA:179,26
DA:180,26
DA:181,26
DA:182,26
DA:183,1
LF:183
LH:136
BRDA:14,0,0,131
BRDA:18,1,0,126
BRDA:20,2,0,0
BRDA:23,3,0,0
BRDA:26,4,0,0
BRDA:32,5,0,17067
BRDA:36,6,0,199
BRDA:40,7,0,571
BRDA:46,8,0,26
BRDA:49,9,0,131
BRDA:51,10,0,124
BRDA:51,11,0,105
BRDA:51,12,0,26
BRDA:63,13,0,100
BRDA:67,14,0,14
BRDA:71,15,0,14
BRDA:75,16,0,3
BRDA:80,17,0,26
BRDA:89,18,0,78
BRDA:102,19,0,26
BRDA:110,20,0,208
BRDA:114,21,0,208
BRDA:154,22,0,208
BRDA:169,23,0,128
BRDA:174,24,0,26
BRF:25
BRH:22
end_of_record
TN:
SF:tests/nodeFileSystem.ts
FN:7,combine
FN:11,fileExists
FN:15,getDirectoryName
FN:19,getFileName
FN:23,getFullPath
FN:27,readAllLines
FN:33,directoryExists
FN:37,getDirectories
FN:43,getDirectoryFiles
FN:49,isPathRooted
FN:53,currentFolder
FN:57,logFolders
FN:63,addFolder
FNF:13
FNH:10
FNDA:108,combine
FNDA:16,fileExists
FNDA:16,getDirectoryName
FNDA:137,getFileName
FNDA:171,getFullPath
FNDA:94,readAllLines
FNDA:2,directoryExists
FNDA:12,getDirectories
FNDA:12,getDirectoryFiles
FNDA:85,isPathRooted
FNDA:0,currentFolder
FNDA:0,logFolders
FNDA:0,addFolder
DA:1,1
DA:2,1
DA:3,1
DA:4,1
DA:5,1
DA:6,1
DA:7,1
DA:8,108
DA:9,108
DA:10,1
DA:11,1
DA:12,16
DA:13,16
DA:14,1
DA:15,1
DA:16,16
DA:17,16
DA:18,1
DA:19,1
DA:20,137
DA:21,137
DA:22,1
DA:23,1
DA:24,171
DA:25,171
DA:26,1
DA:27,1
DA:28,94
DA:29,94
DA:30,94
DA:31,94
DA:32,1
DA:33,1
DA:34,2
DA:35,2
DA:36,1
DA:37,1
DA:38,12
DA:39,12
DA:40,12
DA:41,12
DA:42,1
DA:43,1
DA:44,12
DA:45,12
DA:46,12
DA:47,12
DA:48,1
DA:49,1
DA:50,85
DA:51,85
DA:52,1
DA:53,1
DA:54,0
DA:55,0
DA:56,1
DA:57,1
DA:58,0
DA:59,0
DA:60,0
DA:61,0
DA:62,1
DA:63,1
DA:64,0
DA:65,0
DA:66,0
DA:67,0
DA:68,0
DA:69,0
DA:70,0
DA:71,1
LF:71
LH:58
BRDA:7,0,0,108
BRDA:11,1,0,16
BRDA:15,2,0,16
BRDA:19,3,0,137
BRDA:23,4,0,171
BRDA:27,5,0,94
BRDA:33,6,0,2
BRDA:37,7,0,12
BRDA:39,8,0,93
BRDA:40,9,0,10
BRDA:43,10,0,12
BRDA:45,11,0,93
BRDA:45,12,0,83
BRDA:45,13,0,95
BRDA:46,14,0,82
BRDA:49,15,0,85
BRF:16
BRH:16
end_of_record
TN:
SF:tests/parseFunctions.ts
FN:15,createParser
FN:23,parseNodes
FN:31,parseFunction
FN:36,parseTable
FN:41,parseScenario
FN:46,parseEnum
FN:51,parseNode
FNF:7
FNH:7
FNDA:46,createParser
FNDA:43,parseNodes
FNDA:2,parseFunction
FNDA:2,parseTable
FNDA:8,parseScenario
FNDA:2,parseEnum
FNDA:14,parseNode
DA:1,1
DA:2,1
DA:3,1
DA:4,1
DA:5,1
DA:6,1
DA:7,1
DA:8,1
DA:9,1
DA:10,1
DA:11,1
DA:12,1
DA:13,1
DA:14,1
DA:15,1
DA:16,46
DA:17,46
DA:18,46
DA:19,46
DA:20,46
DA:21,46
DA:22,1
DA:23,1
DA:24,43
DA:25,43
DA:26,43
DA:27,43
DA:28,43
DA:29,43
DA:30,1
DA:31,1
DA:32,2
DA:33,2
DA:34,2
DA:35,1
DA:36,1
DA:37,2
DA:38,2
DA:39,2
DA:40,1
DA:41,1
DA:42,8
DA:43,8
DA:44,8
DA:45,1
DA:46,1
DA:47,2
DA:48,2
DA:49,2
DA:50,1
DA:51,1
DA:52,14
DA:53,14
DA:54,14
DA:55,14
DA:56,14
DA:57,14
DA:58,14
DA:59,14
DA:60,0
DA:61,0
DA:62,14
DA:63,14
DA:64,14
LF:64
LH:62
BRDA:15,0,0,46
BRDA:23,1,0,43
BRDA:31,2,0,2
BRDA:36,3,0,2
BRDA:41,4,0,8
BRDA:46,5,0,2
BRDA:51,6,0,14
BRDA:55,7,0,0
BRDA:59,8,0,0
BRF:9
BRH:7
end_of_record
TN:
SF:tests/validateOfType.ts
FN:1,validateOfType
FNF:1
FNH:1
FNDA:202,validateOfType
DA:1,1
DA:2,202
DA:3,202
DA:4,0
DA:5,0
DA:6,0
DA:7,202
DA:8,202
DA:9,202
LF:9
LH:6
BRDA:1,0,0,202
BRDA:3,1,0,0
BRF:2
BRH:1
end_of_record
TN:
SF:tests/compiler/compileFunction.ts
FN:8,compileFunction
FNF:1
FNH:1
FNDA:11,compileFunction
DA:1,1
DA:2,1
DA:3,1
DA:4,1
DA:5,1
DA:6,1
DA:7,1
DA:8,1
DA:9,11
DA:10,11
DA:11,11
DA:12,11
DA:13,11
DA:14,11
DA:15,11
DA:16,0
DA:17,0
DA:18,11
DA:19,11
DA:20,11
DA:21,11
DA:22,11
DA:23,0
DA:24,0
DA:25,11
DA:26,11
LF:26
LH:22
BRDA:8,0,0,11
BRDA:15,1,0,0
BRDA:22,2,0,0
BRDA:14,3,0,18
BRF:4
BRH:2
end_of_record
TN:
SF:tests/dependencyGraph/buildDependencyGraph.ts
FN:5,buildDependencyGraph
FNF:1
FNH:1
FNDA:15,buildDependencyGraph
DA:1,1
DA:2,1
DA:3,1
DA:4,1
DA:5,1
DA:6,15
DA:7,15
DA:8,15
DA:9,15
LF:9
LH:9
BRDA:5,0,0,15
BRDA:7,1,0,13
BRF:2
BRH:2
end_of_record
TN:
SF:tests/parser/testTokenCharacter.ts
FN:4,<static_initializer>
FNF:1
FNH:1
FNDA:1,<static_initializer>
DA:1,1
DA:2,1
DA:3,1
DA:4,1
DA:5,1
LF:5
LH:5
BRDA:4,0,0,1
BRF:1
BRH:1
end_of_record
TN:
SF:tests/parser/tokenFactory.ts
FN:5,string
FNF:1
FNH:1
FNDA:11,string
DA:1,1
DA:2,1
DA:3,1
DA:4,1
DA:5,1
DA:6,11
DA:7,11
DA:8,1
LF:8
LH:8
BRDA:5,0,0,11
BRF:1
BRH:1
end_of_record
TN:
SF:tests/parser/tokenTestExtensions.ts
FN:5,validateStringLiteralToken
FNF:1
FNH:1
FNDA:7,validateStringLiteralToken
DA:1,1
DA:2,1
DA:3,1
DA:4,1
DA:5,1
DA:6,7
DA:7,7
LF:7
LH:7
BRDA:5,0,0,7
BRDA:6,1,0,7
BRF:2
BRH:2
end_of_record
TN:
SF:tests/parser/variableTypeExtensions.ts
FN:6,shouldBePrimitiveType
FNF:1
FNH:1
FNDA:4,shouldBePrimitiveType
DA:1,1
DA:2,1
DA:3,1
DA:4,1
DA:5,1
DA:6,1
DA:7,4
DA:8,4
DA:9,4
DA:10,4
DA:11,4
LF:11
LH:11
BRDA:6,0,0,4
BRF:1
BRH:1
end_of_record
TN:
SF:tests/parser/expressionParser/expressionTestExtensions.ts
FN:14,validateVariableExpression
FN:19,validateNumericLiteralExpression
FN:26,validateQuotedLiteralExpression
FN:33,validateBooleanLiteralExpression
FN:41,validateDateTimeLiteralExpression
FN:48,validateIdentifierExpression
FN:53,validateMemberAccessExpression
FNF:7
FNH:7
FNDA:35,validateVariableExpression
FNDA:27,validateNumericLiteralExpression
FNDA:3,validateQuotedLiteralExpression
FNDA:3,validateBooleanLiteralExpression
FNDA:3,validateDateTimeLiteralExpression
FNDA:5,validateIdentifierExpression
FNDA:1,validateMemberAccessExpression
DA:1,1
DA:2,1
DA:3,1
DA:4,1
DA:5,1
DA:6,1
DA:7,1
DA:8,1
DA:9,1
DA:10,1
DA:11,1
DA:12,1
DA:13,1
DA:14,1
DA:15,35
DA:16,35
DA:17,35
DA:18,1
DA:19,1
DA:20,27
DA:21,27
DA:22,27
DA:23,27
DA:24,27
DA:25,1
DA:26,1
DA:27,3
DA:28,3
DA:29,3
DA:30,3
DA:31,3
DA:32,1
DA:33,1
DA:34,3
DA:35,3
DA:36,3
DA:37,3
DA:38,3
DA:39,1
DA:40,1
DA:41,1
DA:42,3
DA:43,3
DA:44,3
DA:45,3
DA:46,3
DA:47,1
DA:48,1
DA:49,5
DA:50,5
DA:51,5
DA:52,1
DA:53,1
DA:54,1
DA:55,1
DA:56,1
LF:56
LH:56
BRDA:14,0,0,35
BRDA:15,1,0,35
BRDA:19,2,0,27
BRDA:20,3,0,27
BRDA:21,4,0,27
BRDA:26,5,0,3
BRDA:27,6,0,3
BRDA:28,7,0,3
BRDA:33,8,0,3
BRDA:34,9,0,3
BRDA:35,10,0,3
BRDA:41,11,0,3
BRDA:43,12,0,3
BRDA:44,13,0,3
BRDA:48,14,0,5
BRDA:50,15,0,5
BRDA:53,16,0,1
BRDA:55,17,0,1
BRF:18
BRH:18
end_of_record
TN:
SF:tests/parser/expressionParser/parseExpression.ts
FN:8,parseExpression
FN:25,parseExpressionExpectException
FNF:2
FNH:2
FNDA:59,parseExpression
FNDA:7,parseExpressionExpectException
DA:1,1
DA:2,1
DA:3,1
DA:4,1
DA:5,1
DA:6,1
DA:7,1
DA:8,1
DA:9,59
DA:10,59
DA:11,59
DA:12,59
DA:13,59
DA:14,59
DA:15,59
DA:16,59
DA:17,0
DA:18,0
DA:19,59
DA:20,59
DA:21,59
DA:22,59
DA:23,59
DA:24,1
DA:25,1
DA:26,7
DA:27,7
DA:28,7
DA:29,7
DA:30,7
DA:31,7
DA:32,7
DA:33,7
DA:34,0
DA:35,0
DA:36,7
DA:37,7
DA:38,7
DA:39,0
DA:40,0
DA:41,7
DA:42,7
LF:42
LH:36
BRDA:8,0,0,59
BRDA:16,1,0,0
BRDA:25,2,0,7
BRDA:33,3,0,0
BRDA:38,4,0,0
BRF:5
BRH:2
end_of_record
TN:
SF:tests/specifications/createRunner.ts
FN:7,createRunner
FNF:1
FNH:1
FNDA:3,createRunner
DA:1,1
DA:2,1
DA:3,1
DA:4,1
DA:5,1
DA:6,1
DA:7,1
DA:8,3
DA:9,3
DA:10,3
DA:11,3
DA:12,3
DA:13,3
DA:14,3
LF:14
LH:14
BRDA:7,0,0,3
BRF:1
BRH:1
end_of_record
TN:
SF:tests/tokenizer/tokenize.ts
FN:12,tokenize
FN:30,tokenizeExpectError
FNF:2
FNH:2
FNDA:39,tokenize
FNDA:5,tokenizeExpectError
DA:1,1
DA:2,1
DA:3,1
DA:4,1
DA:5,1
DA:6,1
DA:7,1
DA:8,1
DA:9,1
DA:10,1
DA:11,1
DA:12,1
DA:13,39
DA:14,39
DA:15,39
DA:16,39
DA:17,39
DA:18,39
DA:19,0
DA:20,0
DA:21,39
DA:22,39
DA:23,39
DA:24,39
DA:25,39
DA:26,39
DA:27,39
DA:28,39
DA:29,1
DA:30,1
DA:31,5
DA:32,5
DA:33,5
DA:34,5
DA:35,5
DA:36,5
DA:37,0
DA:38,0
DA:39,5
DA:40,5
LF:40
LH:36
BRDA:12,0,0,39
BRDA:18,1,0,0
BRDA:30,2,0,5
BRDA:36,3,0,0
BRF:4
BRH:2
end_of_record
