TN:
SF:jest.config.ts
FN:1,(empty-report)
FNF:1
FNH:0
FNDA:0,(empty-report)
DA:1,0
DA:2,0
DA:3,0
DA:4,0
DA:5,0
DA:6,0
DA:7,0
DA:8,0
DA:9,0
DA:10,0
DA:11,0
DA:12,0
DA:13,0
DA:14,0
DA:15,0
DA:16,0
DA:17,0
DA:18,0
DA:19,0
DA:20,0
DA:21,0
DA:22,0
DA:23,0
DA:24,0
DA:25,0
DA:26,0
DA:27,0
DA:28,0
LF:28
LH:0
BRDA:1,0,0,0
BRF:1
BRH:0
end_of_record
TN:
SF:src/compileCode.ts
FN:1,(empty-report)
FNF:1
FNH:0
FNDA:0,(empty-report)
DA:1,0
DA:2,0
DA:3,0
DA:4,0
DA:5,0
DA:6,0
DA:7,0
DA:8,0
DA:9,0
DA:10,0
DA:11,0
DA:12,0
DA:13,0
DA:14,0
DA:15,0
DA:16,0
LF:16
LH:0
BRDA:1,0,0,0
BRF:1
BRH:0
end_of_record
TN:
SF:src/index.ts
FN:1,(empty-report)
FNF:1
FNH:0
FNDA:0,(empty-report)
DA:1,0
DA:2,0
DA:3,0
DA:4,0
DA:5,0
DA:6,0
DA:7,0
LF:7
LH:0
BRDA:1,0,0,0
BRF:1
BRH:0
end_of_record
TN:
SF:src/compiler/IRootTokenWriter.ts
FN:1,(empty-report)
FNF:1
FNH:0
FNDA:0,(empty-report)
DA:1,0
DA:2,0
DA:3,0
DA:4,0
DA:5,0
DA:6,0
LF:6
LH:0
BRDA:1,0,0,0
BRF:1
BRH:0
end_of_record
TN:
SF:src/compiler/compilerResult.ts
FN:15,CompilerResult
FN:23,getFunction
FN:27,getEnumType
FN:31,createContext
FNF:4
FNH:2
FNDA:226,CompilerResult
FNDA:226,getFunction
FNDA:0,getEnumType
FNDA:0,createContext
DA:1,1
DA:2,1
DA:3,1
DA:4,1
DA:5,1
DA:6,1
DA:7,1
DA:8,1
DA:9,1
DA:10,1
DA:11,1
DA:12,1
DA:13,1
DA:14,1
DA:15,1
DA:16,226
DA:17,226
DA:18,226
DA:19,226
DA:20,226
DA:21,226
DA:22,1
DA:23,1
DA:24,226
DA:25,226
DA:26,1
DA:27,1
DA:28,0
DA:29,0
DA:30,1
DA:31,1
DA:32,0
DA:33,0
DA:34,1
LF:34
LH:30
BRDA:15,0,0,226
BRDA:23,1,0,226
BRF:2
BRH:2
end_of_record
TN:
SF:src/compiler/executableFunction.ts
FN:13,ExecutableFunction
FN:19,run
FN:26,getParameters
FN:40,getParameterSetter
FN:51,create
FNF:5
FNH:5
FNDA:245,ExecutableFunction
FNDA:250,run
FNDA:250,getParameters
FNDA:210,getParameterSetter
FNDA:245,create
DA:1,1
DA:2,1
DA:3,1
DA:4,1
DA:5,1
DA:6,1
DA:7,1
DA:8,1
DA:9,1
DA:10,1
DA:11,1
DA:12,1
DA:13,1
DA:14,245
DA:15,245
DA:16,245
DA:17,245
DA:18,1
DA:19,1
DA:20,250
DA:21,250
DA:22,250
DA:23,250
DA:24,250
DA:25,1
DA:26,1
DA:27,250
DA:28,250
DA:29,250
DA:30,240
DA:31,240
DA:32,210
DA:33,210
DA:34,210
DA:35,210
DA:36,210
DA:37,240
DA:38,240
DA:39,1
DA:40,1
DA:41,210
DA:42,210
DA:43,210
DA:44,0
DA:45,0
DA:46,0
DA:47,210
DA:48,210
DA:49,210
DA:50,1
DA:51,1
DA:52,245
DA:53,245
DA:54,245
DA:55,245
DA:56,245
DA:57,245
DA:58,245
DA:59,245
DA:60,245
DA:61,245
DA:62,245
DA:63,1
LF:63
LH:60
BRDA:13,0,0,245
BRDA:19,1,0,250
BRDA:26,2,0,250
BRDA:29,3,0,10
BRDA:29,4,0,240
BRDA:31,5,0,210
BRDA:40,6,0,210
BRDA:43,7,0,0
BRDA:48,8,0,210
BRDA:51,9,0,245
BRF:10
BRH:9
end_of_record
TN:
SF:src/compiler/generatedType.ts
FN:16,GeneratedType
FNF:1
FNH:1
FNDA:384,GeneratedType
DA:1,1
DA:2,1
DA:3,1
DA:4,1
DA:5,1
DA:6,1
DA:7,1
DA:8,1
DA:9,1
DA:10,1
DA:11,1
DA:12,1
DA:13,1
DA:14,1
DA:15,1
DA:16,1
DA:17,384
DA:18,384
DA:19,384
DA:20,384
DA:21,384
DA:22,1
LF:22
LH:22
BRDA:3,0,0,4
BRDA:16,1,0,384
BRF:2
BRH:2
end_of_record
TN:
SF:src/compiler/lexyCompiler.ts
FN:16,LexyCompiler
FN:21,compile
FN:33,generateCode
FN:37,generateType
FNF:4
FNH:4
FNDA:13,LexyCompiler
FNDA:226,compile
FNDA:226,generateCode
FNDA:384,generateType
DA:1,1
DA:2,1
DA:3,1
DA:4,1
DA:5,1
DA:6,1
DA:7,1
DA:8,1
DA:9,1
DA:10,1
DA:11,1
DA:12,1
DA:13,1
DA:14,1
DA:15,1
DA:16,1
DA:17,13
DA:18,13
DA:19,13
DA:20,1
DA:21,1
DA:22,226
DA:23,226
DA:24,226
DA:25,226
DA:26,226
DA:27,226
DA:28,0
DA:29,0
DA:30,0
DA:31,226
DA:32,1
DA:33,1
DA:34,226
DA:35,226
DA:36,1
DA:37,1
DA:38,384
DA:39,384
DA:40,384
DA:41,384
DA:42,384
DA:43,1
LF:43
LH:40
BRDA:16,0,0,13
BRDA:21,1,0,226
BRDA:27,2,0,0
BRDA:33,3,0,226
BRDA:34,4,0,384
BRDA:37,5,0,384
BRDA:39,6,0,0
BRF:7
BRH:5
end_of_record
TN:
SF:src/compiler/javaScript/classNames.ts
FN:6,functionClassName
FN:10,tableClassName
FN:14,enumClassName
FN:18,typeClassName
FN:22,normalize
FN:34,validCharacter
FNF:6
FNH:6
FNDA:282,functionClassName
FNDA:111,tableClassName
FNDA:274,enumClassName
FNDA:87,typeClassName
FNDA:754,normalize
FNDA:11044,validCharacter
DA:1,1
DA:2,1
DA:3,1
DA:4,1
DA:5,1
DA:6,1
DA:7,282
DA:8,282
DA:9,1
DA:10,1
DA:11,111
DA:12,111
DA:13,1
DA:14,1
DA:15,274
DA:16,274
DA:17,1
DA:18,1
DA:19,87
DA:20,87
DA:21,1
DA:22,1
DA:23,754
DA:24,754
DA:25,11044
DA:26,11044
DA:27,11044
DA:28,11044
DA:29,11044
DA:30,754
DA:31,754
DA:32,754
DA:33,1
DA:34,11044
DA:35,11044
DA:36,11044
LF:36
LH:36
BRDA:6,0,0,282
BRDA:10,1,0,111
BRDA:14,2,0,274
BRDA:18,3,0,87
BRDA:22,4,0,754
BRDA:23,5,0,0
BRDA:24,6,0,11044
BRDA:34,7,0,11044
BRDA:35,8,0,0
BRF:9
BRH:7
end_of_record
TN:
SF:src/compiler/javaScript/compilationEnvironment.ts
FN:20,<instance_members_initializer>
FN:30,CompilationEnvironment
FN:42,initialize
FN:48,addType
FN:52,result
FN:56,initializeType
FNF:6
FNH:6
FNDA:226,<instance_members_initializer>
FNDA:226,CompilationEnvironment
FNDA:226,initialize
FNDA:384,addType
FNDA:226,result
FNDA:384,initializeType
DA:1,1
DA:2,1
DA:3,1
DA:4,1
DA:5,1
DA:6,1
DA:7,1
DA:8,1
DA:9,1
DA:10,1
DA:11,1
DA:12,1
DA:13,1
DA:14,1
DA:15,1
DA:16,1
DA:17,1
DA:18,1
DA:19,1
DA:20,1
DA:21,226
DA:22,226
DA:23,226
DA:24,1
DA:25,1
DA:26,1
DA:27,1
DA:28,1
DA:29,1
DA:30,1
DA:31,226
DA:32,226
DA:33,226
DA:34,226
DA:35,226
DA:36,226
DA:37,226
DA:38,226
DA:39,226
DA:40,226
DA:41,1
DA:42,1
DA:43,226
DA:44,384
DA:45,384
DA:46,226
DA:47,1
DA:48,1
DA:49,384
DA:50,384
DA:51,1
DA:52,1
DA:53,226
DA:54,226
DA:55,1
DA:56,1
DA:57,384
DA:58,384
DA:59,384
DA:60,384
DA:61,384
DA:62,384
DA:63,384
DA:64,384
DA:65,384
DA:66,0
DA:67,0
DA:68,0
DA:69,384
DA:70,384
DA:71,384
DA:72,245
DA:73,245
DA:74,245
DA:75,245
DA:76,384
DA:77,61
DA:78,61
DA:79,61
DA:80,384
DA:81,51
DA:82,51
DA:83,51
DA:84,384
DA:85,27
DA:86,27
DA:87,27
DA:88,384
DA:89,0
DA:90,0
DA:91,384
DA:92,384
DA:93,1
LF:93
LH:88
BRDA:20,0,0,226
BRDA:30,1,0,226
BRDA:42,2,0,226
BRDA:43,3,0,384
BRDA:48,4,0,384
BRDA:52,5,0,226
BRDA:56,6,0,384
BRDA:65,7,0,0
BRDA:71,8,0,245
BRDA:76,9,0,61
BRDA:80,10,0,51
BRDA:84,11,0,27
BRDA:88,12,0,0
BRF:13
BRH:11
end_of_record
TN:
SF:src/compiler/javaScript/javaScriptCode.ts
FN:13,getWriter
FNF:1
FNH:1
FNDA:384,getWriter
DA:1,1
DA:2,1
DA:3,1
DA:4,1
DA:5,1
DA:6,1
DA:7,1
DA:8,1
DA:9,1
DA:10,1
DA:11,1
DA:12,1
DA:13,1
DA:14,384
DA:15,384
DA:16,245
DA:17,384
DA:18,384
DA:19,61
DA:20,384
DA:21,384
DA:22,51
DA:23,384
DA:24,384
DA:25,27
DA:26,384
DA:27,384
DA:28,0
DA:29,0
DA:30,0
DA:31,0
DA:32,0
DA:33,384
DA:34,0
DA:35,384
DA:36,0
DA:37,1
LF:37
LH:30
BRDA:13,0,0,384
BRDA:15,1,0,245
BRDA:18,2,0,61
BRDA:21,3,0,51
BRDA:24,4,0,27
BRDA:27,5,0,0
BRDA:33,6,0,0
BRDA:35,7,0,0
BRF:8
BRH:5
end_of_record
TN:
SF:src/compiler/javaScript/lexyCodeConstants.ts
FN:3,<static_initializer>
FNF:1
FNH:1
FNDA:4,<static_initializer>
DA:1,1
DA:2,1
DA:3,1
DA:4,4
DA:5,4
DA:6,4
DA:7,4
DA:8,4
DA:9,4
DA:10,4
DA:11,4
DA:12,4
DA:13,4
DA:14,4
DA:15,4
DA:16,4
DA:17,4
DA:18,4
DA:19,4
DA:20,4
DA:21,1
DA:22,1
LF:22
LH:22
BRDA:3,0,0,4
BRF:1
BRH:1
end_of_record
TN:
SF:src/compiler/javaScript/types.ts
FN:59,translateType
FN:92,translateComplexType
FNF:2
FNH:2
FNDA:83,translateType
FNDA:33,translateComplexType
DA:1,1
DA:2,1
DA:3,1
DA:4,1
DA:5,1
DA:6,1
DA:7,1
DA:8,1
DA:9,1
DA:10,1
DA:11,1
DA:12,1
DA:13,1
DA:14,1
DA:15,1
DA:16,1
DA:17,1
DA:18,1
DA:19,1
DA:20,1
DA:21,1
DA:22,1
DA:23,1
DA:24,1
DA:25,1
DA:26,1
DA:27,1
DA:28,1
DA:29,1
DA:30,1
DA:31,1
DA:32,1
DA:33,1
DA:34,1
DA:35,1
DA:36,1
DA:37,1
DA:38,1
DA:39,1
DA:40,1
DA:41,1
DA:42,1
DA:43,1
DA:44,1
DA:45,1
DA:46,1
DA:47,1
DA:48,1
DA:49,1
DA:50,1
DA:51,1
DA:52,1
DA:53,1
DA:54,1
DA:55,1
DA:56,1
DA:57,1
DA:58,1
DA:59,1
DA:60,83
DA:61,83
DA:62,83
DA:63,0
DA:64,0
DA:65,0
DA:66,0
DA:67,83
DA:68,70
DA:69,70
DA:70,70
DA:71,70
DA:72,83
DA:73,0
DA:74,0
DA:75,0
DA:76,0
DA:77,83
DA:78,13
DA:79,13
DA:80,13
DA:81,13
DA:82,83
DA:83,0
DA:84,0
DA:85,0
DA:86,0
DA:87,83
DA:88,0
DA:89,83
DA:90,83
DA:91,1
DA:92,1
DA:93,33
DA:94,33
DA:95,14
DA:96,14
DA:97,33
DA:98,12
DA:99,12
DA:100,33
DA:101,7
DA:102,7
DA:103,33
DA:104,0
DA:105,0
DA:106,33
DA:107,33
LF:107
LH:92
BRDA:59,0,0,83
BRDA:62,1,0,0
BRDA:67,2,0,70
BRDA:69,3,0,0
BRDA:72,4,0,0
BRDA:77,5,0,13
BRDA:79,6,0,0
BRDA:82,7,0,0
BRDA:87,8,0,0
BRDA:92,9,0,33
BRDA:94,10,0,14
BRDA:97,11,0,12
BRDA:100,12,0,7
BRDA:103,13,0,0
BRF:14
BRH:7
end_of_record
TN:
SF:src/compiler/javaScript/builtInFunctions/absFunctionCall.ts
FN:5,<instance_members_initializer>
FNF:1
FNH:1
FNDA:2,<instance_members_initializer>
DA:1,1
DA:2,1
DA:3,1
DA:4,1
DA:5,1
DA:6,1
DA:7,1
LF:7
LH:7
BRDA:5,0,0,2
BRF:1
BRH:1
end_of_record
TN:
SF:src/compiler/javaScript/builtInFunctions/createFunctionCall.ts
FN:26,renderFunctionCall
FN:32,createFunctionCall
FNF:2
FNH:2
FNDA:84,renderFunctionCall
FNDA:84,createFunctionCall
DA:1,1
DA:2,1
DA:3,1
DA:4,1
DA:5,1
DA:6,1
DA:7,1
DA:8,1
DA:9,1
DA:10,1
DA:11,1
DA:12,1
DA:13,1
DA:14,1
DA:15,1
DA:16,1
DA:17,1
DA:18,1
DA:19,1
DA:20,1
DA:21,1
DA:22,1
DA:23,1
DA:24,1
DA:25,1
DA:26,1
DA:27,84
DA:28,84
DA:29,84
DA:30,84
DA:31,1
DA:32,84
DA:33,84
DA:34,84
DA:35,84
DA:36,26
DA:37,84
DA:38,20
DA:39,84
DA:40,3
DA:41,84
DA:42,2
DA:43,84
DA:44,3
DA:45,84
DA:46,5
DA:47,84
DA:48,84
DA:49,2
DA:50,84
DA:51,2
DA:52,84
DA:53,84
DA:54,2
DA:55,84
DA:56,1
DA:57,84
DA:58,1
DA:59,84
DA:60,1
DA:61,84
DA:62,1
DA:63,84
DA:64,1
DA:65,84
DA:66,84
DA:67,1
DA:68,84
DA:69,1
DA:70,84
DA:71,1
DA:72,84
DA:73,2
DA:74,84
DA:75,2
DA:76,84
DA:77,4
DA:78,84
DA:79,84
DA:80,3
DA:81,84
DA:82,84
DA:83,0
DA:84,84
DA:85,84
LF:85
LH:84
BRDA:26,0,0,84
BRDA:28,1,0,0
BRDA:32,2,0,84
BRDA:35,3,0,26
BRDA:37,4,0,20
BRDA:39,5,0,3
BRDA:41,6,0,2
BRDA:43,7,0,3
BRDA:45,8,0,5
BRDA:48,9,0,2
BRDA:50,10,0,2
BRDA:53,11,0,2
BRDA:55,12,0,1
BRDA:57,13,0,1
BRDA:59,14,0,1
BRDA:61,15,0,1
BRDA:63,16,0,1
BRDA:66,17,0,1
BRDA:68,18,0,1
BRDA:70,19,0,1
BRDA:72,20,0,2
BRDA:74,21,0,2
BRDA:76,22,0,4
BRDA:79,23,0,3
BRDA:82,24,0,0
BRF:25
BRH:23
end_of_record
TN:
SF:src/compiler/javaScript/builtInFunctions/dayFunctionCall.ts
FN:5,<instance_members_initializer>
FNF:1
FNH:1
FNDA:1,<instance_members_initializer>
DA:1,1
DA:2,1
DA:3,1
DA:4,1
DA:5,1
DA:6,1
DA:7,1
LF:7
LH:7
BRDA:5,0,0,1
BRF:1
BRH:1
end_of_record
TN:
SF:src/compiler/javaScript/builtInFunctions/daysFunctionCall.ts
FN:5,<instance_members_initializer>
FNF:1
FNH:1
FNDA:1,<instance_members_initializer>
DA:1,1
DA:2,1
DA:3,1
DA:4,1
DA:5,1
DA:6,1
DA:7,1
LF:7
LH:7
BRDA:5,0,0,1
BRF:1
BRH:1
end_of_record
TN:
SF:src/compiler/javaScript/builtInFunctions/endStartDateFunctionCall.ts
FN:8,renderArguments
FNF:1
FNH:1
FNDA:11,renderArguments
DA:1,1
DA:2,1
DA:3,1
DA:4,1
DA:5,1
DA:6,1
DA:7,1
DA:8,1
DA:9,11
DA:10,11
DA:11,11
DA:12,11
DA:13,1
LF:13
LH:13
BRDA:8,0,0,11
BRF:1
BRH:1
end_of_record
TN:
SF:src/compiler/javaScript/builtInFunctions/functionCall.ts
FNF:0
FNH:0
DA:1,1
DA:2,1
DA:3,1
DA:4,1
DA:5,1
DA:6,1
LF:6
LH:6
BRF:0
BRH:0
end_of_record
TN:
SF:src/compiler/javaScript/builtInFunctions/hourFunctionCall.ts
FN:5,<instance_members_initializer>
FNF:1
FNH:1
FNDA:1,<instance_members_initializer>
DA:1,1
DA:2,1
DA:3,1
DA:4,1
DA:5,1
DA:6,1
DA:7,1
LF:7
LH:7
BRDA:5,0,0,1
BRF:1
BRH:1
end_of_record
TN:
SF:src/compiler/javaScript/builtInFunctions/hoursFunctionCall.ts
FN:5,<instance_members_initializer>
FNF:1
FNH:1
FNDA:2,<instance_members_initializer>
DA:1,1
DA:2,1
DA:3,1
DA:4,1
DA:5,1
DA:6,1
DA:7,1
LF:7
LH:7
BRDA:5,0,0,2
BRF:1
BRH:1
end_of_record
TN:
SF:src/compiler/javaScript/builtInFunctions/intFunctionCall.ts
FN:5,<instance_members_initializer>
FNF:1
FNH:1
FNDA:3,<instance_members_initializer>
DA:1,1
DA:2,1
DA:3,1
DA:4,1
DA:5,1
DA:6,1
DA:7,1
LF:7
LH:7
BRDA:5,0,0,3
BRF:1
BRH:1
end_of_record
TN:
SF:src/compiler/javaScript/builtInFunctions/lexyFunctionCall.ts
FN:9,renderExpression
FN:16,renderFunction
FNF:2
FNH:2
FNDA:3,renderExpression
FNDA:4,renderFunction
DA:1,1
DA:2,1
DA:3,1
DA:4,1
DA:5,1
DA:6,1
DA:7,1
DA:8,1
DA:9,1
DA:10,3
DA:11,3
DA:12,3
DA:13,3
DA:14,3
DA:15,1
DA:16,1
DA:17,4
DA:18,4
DA:19,4
DA:20,1
LF:20
LH:20
BRDA:9,0,0,3
BRDA:16,1,0,4
BRF:2
BRH:2
end_of_record
TN:
SF:src/compiler/javaScript/builtInFunctions/lookUpFunctionCall.ts
FN:8,renderExpression
FNF:1
FNH:1
FNDA:26,renderExpression
DA:1,1
DA:2,1
DA:3,1
DA:4,1
DA:5,1
DA:6,1
DA:7,1
DA:8,1
DA:9,26
DA:10,26
DA:11,26
DA:12,26
DA:13,26
DA:14,26
DA:15,26
DA:16,26
DA:17,1
LF:17
LH:17
BRDA:8,0,0,26
BRF:1
BRH:1
end_of_record
TN:
SF:src/compiler/javaScript/builtInFunctions/lookUpRowFunctionCall.ts
FN:8,renderExpression
FNF:1
FNH:1
FNDA:20,renderExpression
DA:1,1
DA:2,1
DA:3,1
DA:4,1
DA:5,1
DA:6,1
DA:7,1
DA:8,1
DA:9,20
DA:10,20
DA:11,20
DA:12,20
DA:13,20
DA:14,20
DA:15,20
DA:16,20
DA:17,1
LF:17
LH:17
BRDA:8,0,0,20
BRF:1
BRH:1
end_of_record
TN:
SF:src/compiler/javaScript/builtInFunctions/methodFunctionCall.ts
FN:11,renderExpression
FNF:1
FNH:1
FNDA:31,renderExpression
DA:1,1
DA:2,1
DA:3,1
DA:4,1
DA:5,1
DA:6,1
DA:7,1
DA:8,1
DA:9,1
DA:10,1
DA:11,1
DA:12,31
DA:13,31
DA:14,31
DA:15,31
DA:16,31
DA:17,1
DA:18,1
DA:19,1
LF:19
LH:19
BRDA:11,0,0,31
BRF:1
BRH:1
end_of_record
TN:
SF:src/compiler/javaScript/builtInFunctions/minuteFunctionCall.ts
FN:5,<instance_members_initializer>
FNF:1
FNH:1
FNDA:1,<instance_members_initializer>
DA:1,1
DA:2,1
DA:3,1
DA:4,1
DA:5,1
DA:6,1
DA:7,1
LF:7
LH:7
BRDA:5,0,0,1
BRF:1
BRH:1
end_of_record
TN:
SF:src/compiler/javaScript/builtInFunctions/minutesFunctionCall.ts
FN:5,<instance_members_initializer>
FNF:1
FNH:1
FNDA:2,<instance_members_initializer>
DA:1,1
DA:2,1
DA:3,1
DA:4,1
DA:5,1
DA:6,1
DA:7,1
LF:7
LH:7
BRDA:5,0,0,2
BRF:1
BRH:1
end_of_record
TN:
SF:src/compiler/javaScript/builtInFunctions/monthFunctionCall.ts
FN:5,<instance_members_initializer>
FNF:1
FNH:1
FNDA:1,<instance_members_initializer>
DA:1,1
DA:2,1
DA:3,1
DA:4,1
DA:5,1
DA:6,1
DA:7,1
LF:7
LH:7
BRDA:5,0,0,1
BRF:1
BRH:1
end_of_record
TN:
SF:src/compiler/javaScript/builtInFunctions/monthsFunctionCall.ts
FN:5,<instance_members_initializer>
FNF:1
FNH:1
FNDA:1,<instance_members_initializer>
DA:1,1
DA:2,1
DA:3,1
DA:4,1
DA:5,1
DA:6,1
DA:7,1
LF:7
LH:7
BRDA:5,0,0,1
BRF:1
BRH:1
end_of_record
TN:
SF:src/compiler/javaScript/builtInFunctions/noArgumentFunctionCall.ts
FN:11,renderExpression
FNF:1
FNH:1
FNDA:4,renderExpression
DA:1,1
DA:2,1
DA:3,1
DA:4,1
DA:5,1
DA:6,1
DA:7,1
DA:8,1
DA:9,1
DA:10,1
DA:11,1
DA:12,4
DA:13,4
DA:14,4
DA:15,1
LF:15
LH:15
BRDA:11,0,0,4
BRF:1
BRH:1
end_of_record
TN:
SF:src/compiler/javaScript/builtInFunctions/nowFunctionCall.ts
FN:6,<instance_members_initializer>
FNF:1
FNH:1
FNDA:2,<instance_members_initializer>
DA:1,1
DA:2,1
DA:3,1
DA:4,1
DA:5,1
DA:6,1
DA:7,1
DA:8,1
LF:8
LH:8
BRDA:6,0,0,2
BRF:1
BRH:1
end_of_record
TN:
SF:src/compiler/javaScript/builtInFunctions/powerFunctionCall.ts
FN:7,<instance_members_initializer>
FN:10,renderArguments
FNF:2
FNH:2
FNDA:3,<instance_members_initializer>
FNDA:3,renderArguments
DA:1,1
DA:2,1
DA:3,1
DA:4,1
DA:5,1
DA:6,1
DA:7,1
DA:8,1
DA:9,1
DA:10,1
DA:11,3
DA:12,3
DA:13,3
DA:14,3
DA:15,1
LF:15
LH:15
BRDA:7,0,0,3
BRDA:10,1,0,3
BRF:2
BRH:2
end_of_record
TN:
SF:src/compiler/javaScript/builtInFunctions/roundFunctionCall.ts
FN:7,<instance_members_initializer>
FN:10,renderArguments
FNF:2
FNH:2
FNDA:5,<instance_members_initializer>
FNDA:5,renderArguments
DA:1,1
DA:2,1
DA:3,1
DA:4,1
DA:5,1
DA:6,1
DA:7,1
DA:8,1
DA:9,1
DA:10,1
DA:11,5
DA:12,5
DA:13,5
DA:14,5
DA:15,1
LF:15
LH:15
BRDA:7,0,0,5
BRDA:10,1,0,5
BRF:2
BRH:2
end_of_record
TN:
SF:src/compiler/javaScript/builtInFunctions/secondFunctionCall.ts
FN:5,<instance_members_initializer>
FNF:1
FNH:1
FNDA:1,<instance_members_initializer>
DA:1,1
DA:2,1
DA:3,1
DA:4,1
DA:5,1
DA:6,1
DA:7,1
LF:7
LH:7
BRDA:5,0,0,1
BRF:1
BRH:1
end_of_record
TN:
SF:src/compiler/javaScript/builtInFunctions/secondsFunctionCall.ts
FN:5,<instance_members_initializer>
FNF:1
FNH:1
FNDA:4,<instance_members_initializer>
DA:1,1
DA:2,1
DA:3,1
DA:4,1
DA:5,1
DA:6,1
DA:7,1
LF:7
LH:7
BRDA:5,0,0,4
BRF:1
BRH:1
end_of_record
TN:
SF:src/compiler/javaScript/builtInFunctions/singleArgumentFunctionCall.ts
FN:9,renderArguments
FNF:1
FNH:1
FNDA:12,renderArguments
DA:1,1
DA:2,1
DA:3,1
DA:4,1
DA:5,1
DA:6,1
DA:7,1
DA:8,1
DA:9,1
DA:10,12
DA:11,12
DA:12,1
LF:12
LH:12
BRDA:9,0,0,12
BRF:1
BRH:1
end_of_record
TN:
SF:src/compiler/javaScript/builtInFunctions/todayFunctionCall.ts
FN:5,<instance_members_initializer>
FNF:1
FNH:1
FNDA:2,<instance_members_initializer>
DA:1,1
DA:2,1
DA:3,1
DA:4,1
DA:5,1
DA:6,1
DA:7,1
LF:7
LH:7
BRDA:5,0,0,2
BRF:1
BRH:1
end_of_record
TN:
SF:src/compiler/javaScript/builtInFunctions/yearFunctionCall.ts
FN:5,<instance_members_initializer>
FNF:1
FNH:1
FNDA:2,<instance_members_initializer>
DA:1,1
DA:2,1
DA:3,1
DA:4,1
DA:5,1
DA:6,1
DA:7,1
LF:7
LH:7
BRDA:5,0,0,2
BRF:1
BRH:1
end_of_record
TN:
SF:src/compiler/javaScript/builtInFunctions/yearsFunctionCall.ts
FN:5,<instance_members_initializer>
FNF:1
FNH:1
FNDA:1,<instance_members_initializer>
DA:1,1
DA:2,1
DA:3,1
DA:4,1
DA:5,1
DA:6,1
DA:7,1
LF:7
LH:7
BRDA:5,0,0,1
BRF:1
BRH:1
end_of_record
TN:
SF:src/compiler/javaScript/lineExpressionExceptions/ILineExpressionException.ts
FN:1,(empty-report)
FNF:1
FNH:0
FNDA:0,(empty-report)
DA:1,0
DA:2,0
DA:3,0
DA:4,0
DA:5,0
DA:6,0
DA:7,0
LF:7
LH:0
BRDA:1,0,0,0
BRF:1
BRH:0
end_of_record
TN:
SF:src/compiler/javaScript/lineExpressionExceptions/extractFunctionExpressionStatementException.ts
FN:18,matches
FN:25,render
FN:36,renderExtract
FN:42,renderMapping
FNF:4
FNH:4
FNDA:577,matches
FNDA:5,render
FNDA:6,renderExtract
FNDA:7,renderMapping
DA:1,1
DA:2,1
DA:3,1
DA:4,1
DA:5,1
DA:6,1
DA:7,1
DA:8,1
DA:9,1
DA:10,1
DA:11,1
DA:12,1
DA:13,1
DA:14,1
DA:15,1
DA:16,1
DA:17,1
DA:18,1
DA:19,577
DA:20,577
DA:21,6
DA:22,6
DA:23,6
DA:24,1
DA:25,1
DA:26,5
DA:27,5
DA:28,5
DA:29,5
DA:30,5
DA:31,5
DA:32,5
DA:33,5
DA:34,5
DA:35,1
DA:36,1
DA:37,6
DA:38,7
DA:39,7
DA:40,6
DA:41,1
DA:42,1
DA:43,7
DA:44,7
DA:45,2
DA:46,7
DA:47,5
DA:48,5
DA:49,0
DA:50,0
DA:51,0
DA:52,0
DA:53,7
DA:54,7
DA:55,7
DA:56,7
DA:57,1
LF:57
LH:53
BRDA:18,0,0,577
BRDA:20,1,0,571
BRDA:20,2,0,6
BRDA:25,3,0,5
BRDA:27,4,0,0
BRDA:30,5,0,0
BRDA:31,6,0,0
BRDA:36,7,0,6
BRDA:37,8,0,7
BRDA:42,9,0,7
BRDA:44,10,0,2
BRDA:46,11,0,5
BRDA:48,12,0,0
BRF:13
BRH:9
end_of_record
TN:
SF:src/compiler/javaScript/lineExpressionExceptions/fillFunctionExpressionStatementException.ts
FN:18,matches
FN:28,render
FN:41,renderFill
FNF:3
FNH:3
FNDA:581,matches
FNDA:4,render
FNDA:5,renderFill
DA:1,1
DA:2,1
DA:3,1
DA:4,1
DA:5,1
DA:6,1
DA:7,1
DA:8,1
DA:9,1
DA:10,1
DA:11,1
DA:12,1
DA:13,1
DA:14,1
DA:15,1
DA:16,1
DA:17,1
DA:18,1
DA:19,581
DA:20,581
DA:21,107
DA:22,107
DA:23,561
DA:24,29
DA:25,29
DA:26,29
DA:27,1
DA:28,1
DA:29,4
DA:30,4
DA:31,4
DA:32,4
DA:33,4
DA:34,4
DA:35,4
DA:36,4
DA:37,4
DA:38,4
DA:39,4
DA:40,1
DA:41,1
DA:42,5
DA:43,5
DA:44,5
DA:45,5
DA:46,5
DA:47,6
DA:48,6
DA:49,6
DA:50,1
DA:51,6
DA:52,0
DA:53,5
DA:54,5
DA:55,5
DA:56,0
DA:57,0
DA:58,6
DA:59,6
DA:60,6
DA:61,5
DA:62,1
LF:62
LH:59
BRDA:18,0,0,581
BRDA:20,1,0,474
BRDA:20,2,0,573
BRDA:20,3,0,561
BRDA:20,4,0,107
BRDA:23,5,0,78
BRDA:23,6,0,29
BRDA:28,7,0,4
BRDA:30,8,0,0
BRDA:33,9,0,0
BRDA:36,10,0,0
BRDA:41,11,0,5
BRDA:46,12,0,6
BRDA:49,13,0,1
BRDA:51,14,0,5
BRDA:51,15,0,0
BRDA:55,16,0,0
BRF:17
BRH:12
end_of_record
TN:
SF:src/compiler/javaScript/lineExpressionExceptions/matchesLineExpressionException.ts
FN:16,matchesLineExpressionException
FNF:1
FNH:1
FNDA:585,matchesLineExpressionException
DA:1,1
DA:2,1
DA:3,1
DA:4,1
DA:5,1
DA:6,1
DA:7,1
DA:8,1
DA:9,1
DA:10,1
DA:11,1
DA:12,1
DA:13,1
DA:14,1
DA:15,1
DA:16,1
DA:17,585
DA:18,585
LF:18
LH:18
BRDA:16,0,0,585
BRDA:17,1,0,2315
BRF:2
BRH:2
end_of_record
TN:
SF:src/compiler/javaScript/lineExpressionExceptions/newFunctionExpressionStatementException.ts
FN:12,matches
FN:23,render
FNF:2
FNH:2
FNDA:585,matches
FNDA:4,render
DA:1,1
DA:2,1
DA:3,1
DA:4,1
DA:5,1
DA:6,1
DA:7,1
DA:8,1
DA:9,1
DA:10,1
DA:11,1
DA:12,1
DA:13,585
DA:14,585
DA:15,111
DA:16,111
DA:17,565
DA:18,33
DA:19,33
DA:20,33
DA:21,1
DA:22,1
DA:23,1
DA:24,4
DA:25,4
DA:26,4
DA:27,4
DA:28,4
DA:29,4
DA:30,4
DA:31,4
DA:32,4
DA:33,4
DA:34,4
DA:35,4
DA:36,4
DA:37,4
DA:38,4
DA:39,1
LF:39
LH:39
BRDA:12,0,0,585
BRDA:14,1,0,474
BRDA:14,2,0,577
BRDA:14,3,0,565
BRDA:14,4,0,111
BRDA:17,5,0,78
BRDA:17,6,0,33
BRDA:23,7,0,4
BRDA:25,8,0,0
BRDA:26,9,0,0
BRDA:29,10,0,0
BRDA:32,11,0,0
BRF:12
BRH:8
end_of_record
TN:
SF:src/compiler/javaScript/lineExpressionExceptions/simpleLexyFunctionFunctionExpressionStatementException.ts
FN:18,matches
FN:26,render
FN:50,renderRunFunction
FNF:3
FNH:3
FNDA:572,matches
FNDA:1,render
FNDA:1,renderRunFunction
DA:1,1
DA:2,1
DA:3,1
DA:4,1
DA:5,1
DA:6,1
DA:7,1
DA:8,1
DA:9,1
DA:10,1
DA:11,1
DA:12,1
DA:13,1
DA:14,1
DA:15,1
DA:16,1
DA:17,1
DA:18,1
DA:19,572
DA:20,572
DA:21,1
DA:22,1
DA:23,1
DA:24,1
DA:25,1
DA:26,1
DA:27,1
DA:28,1
DA:29,1
DA:30,1
DA:31,1
DA:32,1
DA:33,1
DA:34,1
DA:35,1
DA:36,1
DA:37,1
DA:38,1
DA:39,1
DA:40,1
DA:41,1
DA:42,1
DA:43,1
DA:44,1
DA:45,1
DA:46,1
DA:47,1
DA:48,1
DA:49,1
DA:50,1
DA:51,1
DA:52,1
DA:53,1
DA:54,1
DA:55,1
DA:56,1
DA:57,1
DA:58,1
LF:58
LH:58
BRDA:18,0,0,572
BRDA:20,1,0,571
BRDA:20,2,0,1
BRDA:26,3,0,1
BRDA:28,4,0,0
BRDA:31,5,0,0
BRDA:50,6,0,1
BRF:7
BRH:5
end_of_record
TN:
SF:src/compiler/javaScript/renderers/customVariableIdentifier.ts
FN:9,customVariableIdentifier
FNF:1
FNH:1
FNDA:31,customVariableIdentifier
DA:1,1
DA:2,1
DA:3,1
DA:4,1
DA:5,1
DA:6,1
DA:7,1
DA:8,1
DA:9,1
DA:10,31
DA:11,31
DA:12,31
DA:13,31
DA:14,31
DA:15,0
DA:16,0
DA:17,0
DA:18,31
DA:19,0
DA:20,0
DA:21,0
DA:22,31
DA:23,31
DA:24,31
DA:25,31
DA:26,31
DA:27,0
DA:28,0
LF:28
LH:20
BRDA:9,0,0,31
BRDA:10,1,0,0
BRDA:14,2,0,0
BRDA:18,3,0,0
BRDA:24,4,0,0
BRDA:26,5,0,0
BRF:6
BRH:1
end_of_record
TN:
SF:src/compiler/javaScript/renderers/rendeLogCalls.ts
FN:10,getUsedVariables
FN:15,getReadVariables
FN:19,getWriteVariables
FN:23,renderLogVariablesParameter
FN:31,renderLogVariablesParameters
FN:39,logLineAndVariables
FN:47,logAssignmentVariables
FNF:7
FNH:7
FNDA:1249,getUsedVariables
FNDA:664,getReadVariables
FNDA:585,getWriteVariables
FNDA:909,renderLogVariablesParameter
FNDA:1249,renderLogVariablesParameters
FNDA:664,logLineAndVariables
FNDA:585,logAssignmentVariables
DA:1,1
DA:2,1
DA:3,1
DA:4,1
DA:5,1
DA:6,1
DA:7,1
DA:8,1
DA:9,1
DA:10,1249
DA:11,1249
DA:12,1249
DA:13,1249
DA:14,1
DA:15,664
DA:16,664
DA:17,664
DA:18,1
DA:19,585
DA:20,585
DA:21,585
DA:22,1
DA:23,909
DA:24,909
DA:25,909
DA:26,909
DA:27,21
DA:28,21
DA:29,909
DA:30,1
DA:31,1249
DA:32,1249
DA:33,1240
DA:34,909
DA:35,909
DA:36,909
DA:37,888
DA:38,1
DA:39,1
DA:40,664
DA:41,664
DA:42,664
DA:43,664
DA:44,664
DA:45,664
DA:46,1
DA:47,1
DA:48,585
DA:49,585
DA:50,585
DA:51,585
DA:52,585
LF:52
LH:52
BRDA:10,0,0,1249
BRDA:12,1,0,1820
BRDA:12,2,0,910
BRDA:15,3,0,664
BRDA:19,4,0,585
BRDA:23,5,0,909
BRDA:26,6,0,21
BRDA:31,7,0,1249
BRDA:32,8,0,1247
BRDA:32,9,0,361
BRDA:32,10,0,1240
BRDA:32,11,0,888
BRDA:33,12,0,909
BRDA:36,13,0,888
BRDA:39,14,0,664
BRDA:47,15,0,585
BRF:16
BRH:16
end_of_record
TN:
SF:src/compiler/javaScript/renderers/renderExpression.ts
FN:35,renderExpressionLine
FN:53,renderExpressions
FN:66,renderValueExpression
FN:68,render
FN:89,renderExpression
FN:91,render
FN:137,renderMemberAccessExpression
FN:142,renderIdentifierExpression
FN:147,renderLiteralExpression
FN:148,format
FN:168,renderAssignmentExpression
FN:174,renderBinaryExpression
FN:180,operatorString
FN:214,renderBracketedExpression
FN:220,renderIfExpression
FN:235,renderParenthesizedExpression
FN:241,renderCaseExpression
FN:257,renderSwitchExpression
FN:267,renderVariableDeclarationExpression
FN:277,renderFunctionCallExpression
FNF:20
FNH:19
FNDA:585,renderExpressionLine
FNDA:360,renderExpressions
FNDA:928,renderValueExpression
FNDA:928,render
FNDA:1802,renderExpression
FNDA:1802,render
FNDA:143,renderMemberAccessExpression
FNDA:703,renderIdentifierExpression
FNDA:1201,renderLiteralExpression
FNDA:1608,format
FNDA:416,renderAssignmentExpression
FNDA:26,renderBinaryExpression
FNDA:26,operatorString
FNDA:0,renderBracketedExpression
FNDA:36,renderIfExpression
FNDA:2,renderParenthesizedExpression
FNDA:49,renderCaseExpression
FNDA:16,renderSwitchExpression
FNDA:103,renderVariableDeclarationExpression
FNDA:84,renderFunctionCallExpression
DA:1,1
DA:2,1
DA:3,1
DA:4,1
DA:5,1
DA:6,1
DA:7,1
DA:8,1
DA:9,1
DA:10,1
DA:11,1
DA:12,1
DA:13,1
DA:14,1
DA:15,1
DA:16,1
DA:17,1
DA:18,1
DA:19,1
DA:20,1
DA:21,1
DA:22,1
DA:23,1
DA:24,1
DA:25,1
DA:26,1
DA:27,1
DA:28,1
DA:29,1
DA:30,1
DA:31,1
DA:32,1
DA:33,1
DA:34,1
DA:35,585
DA:36,585
DA:37,585
DA:38,585
DA:39,585
DA:40,585
DA:41,585
DA:42,14
DA:43,585
DA:44,571
DA:45,571
DA:46,519
DA:47,519
DA:48,571
DA:49,585
DA:50,585
DA:51,585
DA:52,1
DA:53,1
DA:54,360
DA:55,360
DA:56,115
DA:57,115
DA:58,360
DA:59,585
DA:60,585
DA:61,360
DA:62,115
DA:63,115
DA:64,360
DA:65,1
DA:66,1
DA:67,928
DA:68,928
DA:69,928
DA:70,928
DA:71,928
DA:72,928
DA:73,928
DA:74,928
DA:75,928
DA:76,904
DA:77,928
DA:78,928
DA:79,0
DA:80,928
DA:81,928
DA:82,24
DA:83,928
DA:84,928
DA:85,0
DA:86,928
DA:87,928
DA:88,1
DA:89,1
DA:90,1802
DA:91,1802
DA:92,1802
DA:93,1802
DA:94,1802
DA:95,1802
DA:96,1802
DA:97,1802
DA:98,1802
DA:99,416
DA:100,1802
DA:101,1802
DA:102,26
DA:103,1802
DA:104,1802
DA:105,0
DA:106,1802
DA:107,1802
DA:108,36
DA:109,1802
DA:110,1802
DA:111,297
DA:112,1802
DA:113,1802
DA:114,703
DA:115,1802
DA:116,1802
DA:117,2
DA:118,1802
DA:119,1802
DA:120,16
DA:121,1802
DA:122,1802
DA:123,119
DA:124,1802
DA:125,1802
DA:126,103
DA:127,1802
DA:128,84
DA:129,84
DA:130,84
DA:131,84
DA:132,84
DA:133,0
DA:134,0
DA:135,0
DA:136,1
DA:137,143
DA:138,143
DA:139,143
DA:140,143
DA:141,1
DA:142,703
DA:143,703
DA:144,703
DA:145,703
DA:146,1
DA:147,1201
DA:148,1201
DA:149,1608
DA:150,1608
DA:151,64
DA:152,64
DA:153,1608
DA:154,1608
DA:155,1201
DA:156,1201
DA:157,307
DA:158,1201
DA:159,268
DA:160,268
DA:161,268
DA:162,268
DA:163,894
DA:164,626
DA:165,626
DA:166,1201
DA:167,1
DA:168,416
DA:169,416
DA:170,416
DA:171,416
DA:172,416
DA:173,1
DA:174,26
DA:175,26
DA:176,26
DA:177,26
DA:178,26
DA:179,1
DA:180,26
DA:181,26
DA:182,26
DA:183,8
DA:184,26
DA:185,2
DA:186,26
DA:187,3
DA:188,26
DA:189,3
DA:190,26
DA:191,2
DA:192,26
DA:193,0
DA:194,26
DA:195,0
DA:196,26
DA:197,0
DA:198,26
DA:199,0
DA:200,26
DA:201,3
DA:202,26
DA:203,3
DA:204,26
DA:205,2
DA:206,26
DA:207,0
DA:208,26
DA:209,26
DA:210,0
DA:211,26
DA:212,26
DA:213,1
DA:214,0
DA:215,0
DA:216,0
DA:217,0
DA:218,0
DA:219,1
DA:220,36
DA:221,36
DA:222,36
DA:223,36
DA:224,36
DA:225,36
DA:226,36
DA:227,30
DA:228,30
DA:229,30
DA:230,30
DA:231,36
DA:232,36
DA:233,36
DA:234,1
DA:235,2
DA:236,2
DA:237,2
DA:238,2
DA:239,2
DA:240,1
DA:241,49
DA:242,49
DA:243,49
DA:244,14
DA:245,49
DA:246,35
DA:247,35
DA:248,35
DA:249,35
DA:250,49
DA:251,49
DA:252,49
DA:253,49
DA:254,49
DA:255,49
DA:256,1
DA:257,16
DA:258,16
DA:259,16
DA:260,16
DA:261,16
DA:262,49
DA:263,49
DA:264,16
DA:265,16
DA:266,1
DA:267,103
DA:268,103
DA:269,103
DA:270,67
DA:271,103
DA:272,36
DA:273,36
DA:274,103
DA:275,1
DA:276,1
DA:277,84
DA:278,84
DA:279,84
LF:279
LH:262
BRDA:35,0,0,585
BRDA:41,1,0,14
BRDA:43,2,0,571
BRDA:45,3,0,519
BRDA:53,4,0,360
BRDA:54,5,0,4
BRDA:54,6,0,356
BRDA:55,7,0,115
BRDA:57,8,0,356
BRDA:58,9,0,585
BRDA:60,10,0,356
BRDA:61,11,0,115
BRDA:66,12,0,928
BRDA:75,13,0,904
BRDA:78,14,0,0
BRDA:81,15,0,24
BRDA:84,16,0,0
BRDA:68,17,0,928
BRDA:70,18,0,0
BRDA:89,19,0,1802
BRDA:98,20,0,416
BRDA:101,21,0,26
BRDA:104,22,0,0
BRDA:107,23,0,36
BRDA:110,24,0,297
BRDA:113,25,0,703
BRDA:116,26,0,2
BRDA:119,27,0,16
BRDA:122,28,0,119
BRDA:125,29,0,103
BRDA:127,30,0,1741
BRDA:127,31,0,84
BRDA:132,32,0,0
BRDA:91,33,0,1802
BRDA:93,34,0,0
BRDA:137,35,0,143
BRDA:138,36,0,0
BRDA:142,37,0,703
BRDA:143,38,0,0
BRDA:147,39,0,1201
BRDA:156,40,0,307
BRDA:158,41,0,894
BRDA:158,42,0,268
BRDA:161,43,0,0
BRDA:163,44,0,626
BRDA:148,45,0,1608
BRDA:150,46,0,64
BRDA:168,47,0,416
BRDA:174,48,0,26
BRDA:180,49,0,26
BRDA:182,50,0,8
BRDA:184,51,0,2
BRDA:186,52,0,3
BRDA:188,53,0,3
BRDA:190,54,0,2
BRDA:192,55,0,0
BRDA:194,56,0,0
BRDA:196,57,0,0
BRDA:198,58,0,0
BRDA:200,59,0,3
BRDA:202,60,0,3
BRDA:204,61,0,2
BRDA:206,62,0,0
BRDA:209,63,0,0
BRDA:220,64,0,36
BRDA:226,65,0,30
BRDA:235,66,0,2
BRDA:241,67,0,49
BRDA:243,68,0,14
BRDA:245,69,0,35
BRDA:257,70,0,16
BRDA:261,71,0,49
BRDA:267,72,0,103
BRDA:269,73,0,67
BRDA:271,74,0,36
BRDA:277,75,0,84
BRF:76
BRH:61
end_of_record
TN:
SF:src/compiler/javaScript/renderers/renderVariableClass.ts
FN:24,createVariableClass
FN:41,renderVariableDefinition
FN:48,renderDefaultExpression
FN:58,renderTypeDefaultExpression
FN:74,renderPrimitiveTypeDefaultExpression
FN:98,renderDefaultExpressionSyntax
FN:121,renderValidationFunction
FN:135,renderResultValidation
FN:159,renderResultsPrimitiveTypeValidation
FN:164,validatePrimitiveTypeMethodName
FNF:10
FNH:10
FNDA:517,createVariableClass
FNDA:693,renderVariableDefinition
FNDA:693,renderDefaultExpression
FNDA:873,renderTypeDefaultExpression
FNDA:758,renderPrimitiveTypeDefaultExpression
FNDA:115,renderDefaultExpressionSyntax
FNDA:517,renderValidationFunction
FNDA:693,renderResultValidation
FNDA:586,renderResultsPrimitiveTypeValidation
FNDA:586,validatePrimitiveTypeMethodName
DA:1,1
DA:2,1
DA:3,1
DA:4,1
DA:5,1
DA:6,1
DA:7,1
DA:8,1
DA:9,1
DA:10,1
DA:11,1
DA:12,1
DA:13,1
DA:14,1
DA:15,1
DA:16,1
DA:17,1
DA:18,1
DA:19,1
DA:20,1
DA:21,1
DA:22,1
DA:23,1
DA:24,1
DA:25,517
DA:26,517
DA:27,517
DA:28,517
DA:29,517
DA:30,517
DA:31,467
DA:32,693
DA:33,693
DA:34,467
DA:35,517
DA:36,517
DA:37,517
DA:38,517
DA:39,517
DA:40,1
DA:41,693
DA:42,693
DA:43,693
DA:44,693
DA:45,693
DA:46,693
DA:47,1
DA:48,693
DA:49,693
DA:50,693
DA:51,693
DA:52,95
DA:53,693
DA:54,598
DA:55,598
DA:56,693
DA:57,1
DA:58,1
DA:59,873
DA:60,873
DA:61,873
DA:62,873
DA:63,758
DA:64,758
DA:65,758
DA:66,115
DA:67,115
DA:68,115
DA:69,115
DA:70,115
DA:71,0
DA:72,0
DA:73,1
DA:74,758
DA:75,758
DA:76,758
DA:77,758
DA:78,339
DA:79,339
DA:80,758
DA:81,758
DA:82,129
DA:83,129
DA:84,758
DA:85,758
DA:86,167
DA:87,167
DA:88,758
DA:89,758
DA:90,123
DA:91,123
DA:92,758
DA:93,758
DA:94,0
DA:95,758
DA:96,758
DA:97,1
DA:98,115
DA:99,115
DA:100,115
DA:101,115
DA:102,31
DA:103,31
DA:104,115
DA:105,70
DA:106,70
DA:107,70
DA:108,70
DA:109,115
DA:110,14
DA:111,14
DA:112,14
DA:113,14
DA:114,14
DA:115,14
DA:116,115
DA:117,0
DA:118,115
DA:119,0
DA:120,1
DA:121,517
DA:122,517
DA:123,517
DA:124,517
DA:125,517
DA:126,467
DA:127,693
DA:128,693
DA:129,693
DA:130,467
DA:131,517
DA:132,517
DA:133,517
DA:134,1
DA:135,693
DA:136,693
DA:137,693
DA:138,693
DA:139,29
DA:140,29
DA:141,29
DA:142,693
DA:143,72
DA:144,72
DA:145,72
DA:146,693
DA:147,586
DA:148,586
DA:149,586
DA:150,693
DA:151,6
DA:152,6
DA:153,6
DA:154,693
DA:155,0
DA:156,693
DA:157,693
DA:158,1
DA:159,586
DA:160,586
DA:161,586
DA:162,586
DA:163,1
DA:164,586
DA:165,586
DA:166,586
DA:167,586
DA:168,586
DA:169,586
DA:170,586
DA:171,586
DA:172,0
DA:173,586
DA:174,586
LF:174
LH:167
BRDA:24,0,0,517
BRDA:30,1,0,467
BRDA:31,2,0,693
BRDA:41,3,0,693
BRDA:48,4,0,693
BRDA:51,5,0,95
BRDA:53,6,0,598
BRDA:58,7,0,873
BRDA:62,8,0,758
BRDA:65,9,0,115
BRDA:70,10,0,0
BRDA:74,11,0,758
BRDA:77,12,0,339
BRDA:81,13,0,129
BRDA:85,14,0,167
BRDA:89,15,0,123
BRDA:93,16,0,0
BRDA:98,17,0,115
BRDA:101,18,0,31
BRDA:104,19,0,70
BRDA:106,20,0,0
BRDA:109,21,0,14
BRDA:111,22,0,0
BRDA:116,23,0,0
BRDA:118,24,0,0
BRDA:121,25,0,517
BRDA:125,26,0,467
BRDA:126,27,0,693
BRDA:135,28,0,693
BRDA:138,29,0,29
BRDA:142,30,0,72
BRDA:146,31,0,586
BRDA:150,32,0,6
BRDA:154,33,0,0
BRDA:159,34,0,586
BRDA:164,35,0,586
BRDA:166,36,0,121
BRDA:167,37,0,221
BRDA:168,38,0,319
BRDA:171,39,0,0
BRF:40
BRH:32
end_of_record
TN:
SF:src/compiler/javaScript/renderers/renderVariableReference.ts
FN:7,renderVariableReference
FN:23,fromSource
FNF:2
FNH:2
FNDA:1755,renderVariableReference
FNDA:1755,fromSource
DA:1,1
DA:2,1
DA:3,1
DA:4,1
DA:5,1
DA:6,1
DA:7,1
DA:8,1755
DA:9,1755
DA:10,1755
DA:11,1755
DA:12,1755
DA:13,1755
DA:14,1755
DA:15,1755
DA:16,1755
DA:17,261
DA:18,261
DA:19,261
DA:20,261
DA:21,1755
DA:22,1
DA:23,1755
DA:24,1755
DA:25,1755
DA:26,498
DA:27,1755
DA:28,1755
DA:29,663
DA:30,1755
DA:31,1755
DA:32,1755
DA:33,594
DA:34,1755
DA:35,1755
DA:36,1755
DA:37,0
DA:38,1755
DA:39,1755
LF:39
LH:38
BRDA:7,0,0,1755
BRDA:8,1,0,0
BRDA:16,2,0,261
BRDA:23,3,0,1755
BRDA:25,4,0,498
BRDA:28,5,0,663
BRDA:31,6,0,509
BRDA:32,7,0,594
BRDA:35,8,0,0
BRDA:36,9,0,0
BRF:10
BRH:7
end_of_record
TN:
SF:src/compiler/javaScript/renderers/translateParentVariableClassName.ts
FN:6,translateParentVariableClassName
FNF:1
FNH:1
FNDA:1755,translateParentVariableClassName
DA:1,1
DA:2,1
DA:3,1
DA:4,1
DA:5,1
DA:6,1
DA:7,1755
DA:8,1755
DA:9,1755
DA:10,0
DA:11,1755
DA:12,71
DA:13,1755
DA:14,7
DA:15,1755
DA:16,7
DA:17,1755
DA:18,1670
DA:19,1755
DA:20,1755
LF:20
LH:19
BRDA:6,0,0,1755
BRDA:8,1,0,85
BRDA:9,2,0,0
BRDA:11,3,0,71
BRDA:13,4,0,7
BRDA:15,5,0,7
BRDA:17,6,0,1670
BRF:7
BRH:6
end_of_record
TN:
SF:src/compiler/javaScript/writers/codeWriter.ts
FN:12,<instance_members_initializer>
FN:17,get currentLine
FN:21,CodeWriter
FN:25,startLine
FN:33,endLine
FN:42,writeLine
FN:51,write
FN:55,writeEnvironment
FN:63,openScope
FN:72,openInlineScope
FN:77,closeScope
FN:86,openBrackets
FN:91,closeBrackets
FN:100,toString
FN:104,indentString
FN:108,identifierFromEnvironment
FN:113,renderExpression
FNF:17
FNH:17
FNDA:384,<instance_members_initializer>
FNDA:1158,get currentLine
FNDA:384,CodeWriter
FNDA:3058,startLine
FNDA:3047,endLine
FNDA:13300,writeLine
FNDA:7284,write
FNDA:224,writeEnvironment
FNDA:2574,openScope
FNDA:138,openInlineScope
FNDA:2712,closeScope
FNDA:51,openBrackets
FNDA:51,closeBrackets
FNDA:384,toString
FNDA:14521,indentString
FNDA:116,identifierFromEnvironment
FNDA:191,renderExpression
DA:1,1
DA:2,1
DA:3,1
DA:4,1
DA:5,1
DA:6,1
DA:7,1
DA:8,1
DA:9,1
DA:10,1
DA:11,1
DA:12,1
DA:13,384
DA:14,384
DA:15,1
DA:16,1
DA:17,1
DA:18,1158
DA:19,1158
DA:20,1
DA:21,1
DA:22,384
DA:23,384
DA:24,1
DA:25,1
DA:26,3058
DA:27,2473
DA:28,3058
DA:29,585
DA:30,585
DA:31,3058
DA:32,1
DA:33,1
DA:34,3047
DA:35,3047
DA:36,3047
DA:37,0
DA:38,0
DA:39,3047
DA:40,3047
DA:41,1
DA:42,1
DA:43,13300
DA:44,1837
DA:45,13300
DA:46,11463
DA:47,11463
DA:48,13300
DA:49,13300
DA:50,1
DA:51,1
DA:52,7284
DA:53,7284
DA:54,1
DA:55,1
DA:56,224
DA:57,169
DA:58,224
DA:59,55
DA:60,55
DA:61,224
DA:62,1
DA:63,1
DA:64,2574
DA:65,2513
DA:66,2574
DA:67,61
DA:68,61
DA:69,2574
DA:70,2574
DA:71,1
DA:72,1
DA:73,138
DA:74,138
DA:75,138
DA:76,1
DA:77,1
DA:78,2712
DA:79,2712
DA:80,374
DA:81,2712
DA:82,2338
DA:83,2338
DA:84,2712
DA:85,1
DA:86,1
DA:87,51
DA:88,51
DA:89,51
DA:90,1
DA:91,1
DA:92,51
DA:93,51
DA:94,0
DA:95,51
DA:96,51
DA:97,51
DA:98,51
DA:99,1
DA:100,1
DA:101,384
DA:102,384
DA:103,1
DA:104,1
DA:105,14521
DA:106,14521
DA:107,1
DA:108,1
DA:109,116
DA:110,116
DA:111,116
DA:112,1
DA:113,1
DA:114,191
DA:115,191
DA:116,1
LF:116
LH:113
BRDA:12,0,0,384
BRDA:17,1,0,1158
BRDA:21,2,0,384
BRDA:25,3,0,3058
BRDA:26,4,0,2473
BRDA:28,5,0,585
BRDA:33,6,0,3047
BRDA:36,7,0,0
BRDA:42,8,0,13300
BRDA:43,9,0,1837
BRDA:45,10,0,11463
BRDA:51,11,0,7284
BRDA:55,12,0,224
BRDA:56,13,0,169
BRDA:58,14,0,55
BRDA:63,15,0,2574
BRDA:64,16,0,2513
BRDA:66,17,0,61
BRDA:72,18,0,138
BRDA:77,19,0,2712
BRDA:79,20,0,374
BRDA:81,21,0,2338
BRDA:86,22,0,51
BRDA:91,23,0,51
BRDA:93,24,0,0
BRDA:100,25,0,384
BRDA:104,26,0,14521
BRDA:108,27,0,116
BRDA:109,28,0,0
BRDA:113,29,0,191
BRF:30
BRH:27
end_of_record
TN:
SF:src/compiler/javaScript/writers/enumWriter.ts
FN:12,createCode
FN:29,renderValidationFunction
FNF:2
FNH:2
FNDA:61,createCode
FNDA:61,renderValidationFunction
DA:1,1
DA:2,1
DA:3,1
DA:4,1
DA:5,1
DA:6,1
DA:7,1
DA:8,1
DA:9,1
DA:10,1
DA:11,1
DA:12,1
DA:13,61
DA:14,61
DA:15,61
DA:16,61
DA:17,61
DA:18,61
DA:19,61
DA:20,61
DA:21,198
DA:22,198
DA:23,61
DA:24,61
DA:25,61
DA:26,61
DA:27,61
DA:28,1
DA:29,1
DA:30,61
DA:31,61
DA:32,61
DA:33,61
DA:34,61
DA:35,61
DA:36,61
DA:37,61
DA:38,61
DA:39,61
DA:40,61
DA:41,61
DA:42,61
DA:43,61
DA:44,61
DA:45,198
DA:46,198
DA:47,137
DA:48,197
DA:49,61
DA:50,61
DA:51,198
DA:52,61
DA:53,61
DA:54,61
DA:55,61
DA:56,61
DA:57,61
DA:58,1
LF:58
LH:58
BRDA:12,0,0,61
BRDA:14,1,0,0
BRDA:20,2,0,198
BRDA:29,3,0,61
BRDA:44,4,0,198
BRDA:46,5,0,197
BRDA:46,6,0,137
BRDA:48,7,0,61
BRF:8
BRH:7
end_of_record
TN:
SF:src/compiler/javaScript/writers/functionWriter.ts
FN:14,createCode
FN:23,createFunction
FN:47,renderRunFunction
FN:68,renderCode
FN:72,renderResults
FN:76,renderValidateParametersMethod
FNF:6
FNH:6
FNDA:245,createCode
FNDA:245,createFunction
FNDA:245,renderRunFunction
FNDA:245,renderCode
FNDA:245,renderResults
FNDA:245,renderValidateParametersMethod
DA:1,1
DA:2,1
DA:3,1
DA:4,1
DA:5,1
DA:6,1
DA:7,1
DA:8,1
DA:9,1
DA:10,1
DA:11,1
DA:12,1
DA:13,1
DA:14,1
DA:15,245
DA:16,245
DA:17,245
DA:18,245
DA:19,245
DA:20,245
DA:21,245
DA:22,1
DA:23,1
DA:24,245
DA:25,245
DA:26,245
DA:27,245
DA:28,245
DA:29,245
DA:30,245
DA:31,245
DA:32,245
DA:33,245
DA:34,245
DA:35,245
DA:36,245
DA:37,245
DA:38,245
DA:39,245
DA:40,245
DA:41,245
DA:42,245
DA:43,245
DA:44,245
DA:45,245
DA:46,1
DA:47,1
DA:48,245
DA:49,245
DA:50,245
DA:51,245
DA:52,245
DA:53,245
DA:54,245
DA:55,245
DA:56,245
DA:57,245
DA:58,245
DA:59,245
DA:60,245
DA:61,245
DA:62,245
DA:63,245
DA:64,245
DA:65,245
DA:66,245
DA:67,1
DA:68,1
DA:69,245
DA:70,245
DA:71,1
DA:72,1
DA:73,245
DA:74,245
DA:75,1
DA:76,1
DA:77,245
DA:78,245
DA:79,245
DA:80,245
DA:81,245
DA:82,245
DA:83,245
DA:84,245
DA:85,245
DA:86,1
LF:86
LH:86
BRDA:14,0,0,245
BRDA:16,1,0,0
BRDA:23,2,0,245
BRDA:33,3,0,195
BRDA:47,4,0,245
BRDA:54,5,0,195
BRDA:68,6,0,245
BRDA:69,7,0,241
BRDA:72,8,0,245
BRDA:76,9,0,245
BRF:10
BRH:9
end_of_record
TN:
SF:src/compiler/javaScript/writers/tableWriter.ts
FN:15,createCode
FN:38,renderRowClass
FN:64,renderValues
FNF:3
FNH:3
FNDA:51,createCode
FNDA:51,renderRowClass
FNDA:51,renderValues
DA:1,1
DA:2,1
DA:3,1
DA:4,1
DA:5,1
DA:6,1
DA:7,1
DA:8,1
DA:9,1
DA:10,1
DA:11,1
DA:12,1
DA:13,1
DA:14,1
DA:15,1
DA:16,51
DA:17,51
DA:18,51
DA:19,51
DA:20,51
DA:21,51
DA:22,51
DA:23,51
DA:24,51
DA:25,51
DA:26,51
DA:27,51
DA:28,51
DA:29,51
DA:30,51
DA:31,51
DA:32,51
DA:33,51
DA:34,51
DA:35,51
DA:36,51
DA:37,1
DA:38,1
DA:39,51
DA:40,51
DA:41,51
DA:42,51
DA:43,239
DA:44,239
DA:45,239
DA:46,239
DA:47,51
DA:48,51
DA:49,239
DA:50,239
DA:51,239
DA:52,188
DA:53,188
DA:54,239
DA:55,51
DA:56,51
DA:57,239
DA:58,239
DA:59,51
DA:60,51
DA:61,51
DA:62,51
DA:63,1
DA:64,1
DA:65,51
DA:66,51
DA:67,192
DA:68,192
DA:69,928
DA:70,928
DA:71,928
DA:72,736
DA:73,736
DA:74,928
DA:75,192
DA:76,192
DA:77,51
DA:78,51
DA:79,1
LF:79
LH:79
BRDA:15,0,0,51
BRDA:17,1,0,0
BRDA:38,2,0,51
BRDA:42,3,0,239
BRDA:48,4,0,239
BRDA:50,5,0,0
BRDA:51,6,0,188
BRDA:56,7,0,239
BRDA:64,8,0,51
BRDA:66,9,0,192
BRDA:68,10,0,928
BRDA:71,11,0,736
BRF:12
BRH:10
end_of_record
TN:
SF:src/compiler/javaScript/writers/typeWriter.ts
FN:13,createCode
FNF:1
FNH:1
FNDA:27,createCode
DA:1,1
DA:2,1
DA:3,1
DA:4,1
DA:5,1
DA:6,1
DA:7,1
DA:8,1
DA:9,1
DA:10,1
DA:11,1
DA:12,1
DA:13,1
DA:14,27
DA:15,27
DA:16,27
DA:17,27
DA:18,27
DA:19,27
DA:20,27
DA:21,27
DA:22,27
DA:23,27
DA:24,27
DA:25,1
LF:25
LH:25
BRDA:13,0,0,27
BRF:1
BRH:1
end_of_record
TN:
SF:src/dependencyGraph/dependencies.ts
FN:12,<instance_members_initializer>
FN:18,get hasCircularReferences
FN:22,get circularReferences
FN:26,Dependencies
FN:30,build
FN:34,nodeAndDependencies
FN:40,processNodes
FN:46,processNode
FN:55,newDependencyNode
FN:63,getDependencies
FN:69,processDependencies
FN:78,validateDependency
FN:93,dependencyExists
FN:97,flatten
FN:103,flattenNodes
FNF:15
FNH:15
FNDA:621,<instance_members_initializer>
FNDA:106,get hasCircularReferences
FNDA:116,get circularReferences
FNDA:621,Dependencies
FNDA:621,build
FNDA:502,nodeAndDependencies
FNDA:621,processNodes
FNDA:12359,processNode
FNDA:12359,newDependencyNode
FNDA:12359,getDependencies
FNDA:210226,processDependencies
FNDA:9173,validateDependency
FNDA:9149,dependencyExists
FNDA:502,flatten
FNDA:832,flattenNodes
DA:1,1
DA:2,1
DA:3,1
DA:4,1
DA:5,1
DA:6,1
DA:7,1
DA:8,1
DA:9,1
DA:10,1
DA:11,1
DA:12,1
DA:13,621
DA:14,621
DA:15,621
DA:16,1
DA:17,1
DA:18,1
DA:19,106
DA:20,106
DA:21,1
DA:22,1
DA:23,116
DA:24,116
DA:25,1
DA:26,1
DA:27,621
DA:28,621
DA:29,1
DA:30,1
DA:31,621
DA:32,621
DA:33,1
DA:34,1
DA:35,502
DA:36,502
DA:37,502
DA:38,502
DA:39,1
DA:40,1
DA:41,621
DA:42,6702
DA:43,6702
DA:44,621
DA:45,1
DA:46,1
DA:47,12359
DA:48,12359
DA:49,12359
DA:50,5657
DA:51,5657
DA:52,12359
DA:53,12359
DA:54,1
DA:55,1
DA:56,12359
DA:57,12359
DA:58,12359
DA:59,12359
DA:60,12359
DA:61,12359
DA:62,1
DA:63,1
DA:64,12359
DA:65,12359
DA:66,12359
DA:67,12359
DA:68,1
DA:69,1
DA:70,210226
DA:71,210226
DA:72,36165
DA:73,210186
DA:74,9173
DA:75,9173
DA:76,36165
DA:77,1
DA:78,1
DA:79,9173
DA:80,9173
DA:81,9173
DA:82,24
DA:83,14
DA:84,14
DA:85,9173
DA:86,9149
DA:87,5657
DA:88,5657
DA:89,5657
DA:90,5657
DA:91,9173
DA:92,1
DA:93,1
DA:94,9149
DA:95,9149
DA:96,1
DA:97,1
DA:98,502
DA:99,502
DA:100,502
DA:101,502
DA:102,1
DA:103,1
DA:104,832
DA:105,330
DA:106,330
DA:107,330
DA:108,832
DA:109,1
LF:109
LH:109
BRDA:12,0,0,621
BRDA:18,1,0,106
BRDA:22,2,0,116
BRDA:26,3,0,621
BRDA:30,4,0,621
BRDA:34,5,0,502
BRDA:36,6,0,0
BRDA:35,7,0,5369
BRDA:40,8,0,621
BRDA:41,9,0,6702
BRDA:46,10,0,12359
BRDA:49,11,0,5657
BRDA:55,12,0,12359
BRDA:57,13,0,0
BRDA:63,14,0,12359
BRDA:65,15,0,210226
BRDA:69,16,0,210226
BRDA:70,17,0,36165
BRDA:71,18,0,174061
BRDA:71,19,0,210186
BRDA:71,20,0,36165
BRDA:73,21,0,9173
BRDA:75,22,0,36165
BRDA:78,23,0,9173
BRDA:79,24,0,0
BRDA:81,25,0,24
BRDA:82,26,0,14
BRDA:85,27,0,9149
BRDA:86,28,0,9143
BRDA:86,29,0,3492
BRDA:86,30,0,5657
BRDA:82,31,0,24
BRDA:93,32,0,9149
BRDA:94,33,0,5410
BRDA:94,34,0,3492
BRDA:97,35,0,502
BRDA:103,36,0,832
BRDA:104,37,0,330
BRF:38
BRH:35
end_of_record
TN:
SF:src/dependencyGraph/dependencyGraphFactory.ts
FN:6,create
FN:12,nodeAndDependencies
FNF:2
FNH:2
FNDA:119,create
FNDA:502,nodeAndDependencies
DA:1,1
DA:2,1
DA:3,1
DA:4,1
DA:5,1
DA:6,1
DA:7,119
DA:8,119
DA:9,119
DA:10,119
DA:11,1
DA:12,1
DA:13,502
DA:14,502
DA:15,502
DA:16,502
DA:17,1
LF:17
LH:17
BRDA:6,0,0,119
BRDA:12,1,0,502
BRF:2
BRH:2
end_of_record
TN:
SF:src/dependencyGraph/dependencyNode.ts
FN:5,<instance_members_initializer>
FN:12,get dependencies
FN:16,get node
FN:20,DependencyNode
FN:27,addDependency
FN:31,equals
FN:35,existsInLineage
FNF:7
FNH:6
FNDA:12359,<instance_members_initializer>
FNDA:864,get dependencies
FNDA:330,get node
FNDA:12359,DependencyNode
FNDA:5657,addDependency
FNDA:0,equals
FNDA:12733,existsInLineage
DA:1,1
DA:2,1
DA:3,1
DA:4,1
DA:5,1
DA:6,1
DA:7,1
DA:8,1
DA:9,1
DA:10,1
DA:11,1
DA:12,1
DA:13,864
DA:14,864
DA:15,1
DA:16,1
DA:17,330
DA:18,330
DA:19,1
DA:20,1
DA:21,12359
DA:22,12359
DA:23,12359
DA:24,12359
DA:25,12359
DA:26,1
DA:27,1
DA:28,5657
DA:29,5657
DA:30,1
DA:31,1
DA:32,0
DA:33,0
DA:34,1
DA:35,1
DA:36,12733
DA:37,12733
DA:38,12733
DA:39,1
LF:39
LH:37
BRDA:5,0,0,12359
BRDA:12,1,0,864
BRDA:16,2,0,330
BRDA:20,3,0,12359
BRDA:27,4,0,5657
BRDA:35,5,0,12733
BRDA:36,6,0,24
BRDA:36,7,0,24
BRDA:36,8,0,12709
BRDA:37,9,0,3560
BRF:10
BRH:10
end_of_record
TN:
SF:src/formatting/formatLine.ts
FN:1,formatLine
FNF:1
FNH:0
FNDA:0,formatLine
DA:1,1
DA:2,0
DA:3,0
LF:3
LH:1
BRF:0
BRH:0
end_of_record
TN:
SF:src/infrastructure/IFileSystem.ts
FN:1,(empty-report)
FNF:1
FNH:0
FNDA:0,(empty-report)
DA:1,0
DA:2,0
DA:3,0
DA:4,0
DA:5,0
DA:6,0
DA:7,0
DA:8,0
DA:9,0
DA:10,0
DA:11,0
DA:12,0
DA:13,0
DA:14,0
DA:15,0
DA:16,0
DA:17,0
DA:18,0
DA:19,0
DA:20,0
LF:20
LH:0
BRDA:1,0,0,0
BRF:1
BRH:0
end_of_record
TN:
SF:src/infrastructure/assert.ts
FN:2,notNull
FNF:1
FNH:1
FNDA:65981,notNull
DA:1,1
DA:2,1
DA:3,65981
DA:4,0
DA:5,0
DA:6,65981
DA:7,65981
DA:8,1
LF:8
LH:6
BRDA:2,0,0,65981
BRDA:3,1,0,0
BRF:2
BRH:1
end_of_record
TN:
SF:src/infrastructure/enumerableExtensions.ts
FN:1,any
FN:8,firstOrDefault
FN:18,singleOrDefault
FN:36,lastOrDefault
FN:47,forEach
FN:54,contains
FN:61,where
FN:71,whereSelect
FN:82,count
FN:92,sum
FN:101,unique
FNF:11
FNH:8
FNDA:10073,any
FNDA:10066,firstOrDefault
FNDA:0,singleOrDefault
FNDA:84,lastOrDefault
FNDA:0,forEach
FNDA:570,contains
FNDA:1727,where
FNDA:12,whereSelect
FNDA:0,count
FNDA:65,sum
FNDA:1249,unique
DA:1,1
DA:2,10073
DA:3,88661
DA:4,88661
DA:5,6228
DA:6,6228
DA:7,1
DA:8,1
DA:9,10066
DA:10,10066
DA:11,9982
DA:12,10052
DA:13,42012
DA:14,42012
DA:15,2756
DA:16,2756
DA:17,1
DA:18,1
DA:19,0
DA:20,0
DA:21,0
DA:22,0
DA:23,0
DA:24,0
DA:25,0
DA:26,0
DA:27,0
DA:28,0
DA:29,0
DA:30,0
DA:31,0
DA:32,0
DA:33,0
DA:34,0
DA:35,1
DA:36,1
DA:37,84
DA:38,84
DA:39,0
DA:40,0
DA:41,0
DA:42,0
DA:43,0
DA:44,0
DA:45,0
DA:46,1
DA:47,1
DA:48,0
DA:49,0
DA:50,0
DA:51,0
DA:52,0
DA:53,1
DA:54,1
DA:55,570
DA:56,2376
DA:57,2376
DA:58,560
DA:59,560
DA:60,1
DA:61,1
DA:62,1727
DA:63,1727
DA:64,75887
DA:65,1338
DA:66,1338
DA:67,75887
DA:68,1727
DA:69,1727
DA:70,1
DA:71,1
DA:72,12
DA:73,12
DA:74,10
DA:75,10
DA:76,10
DA:77,10
DA:78,10
DA:79,12
DA:80,12
DA:81,1
DA:82,1
DA:83,0
DA:84,0
DA:85,0
DA:86,0
DA:87,0
DA:88,0
DA:89,0
DA:90,0
DA:91,1
DA:92,1
DA:93,65
DA:94,65
DA:95,293
DA:96,293
DA:97,293
DA:98,65
DA:99,65
DA:100,1
DA:101,1
DA:102,1249
DA:103,1249
DA:104,1249
DA:105,910
DA:106,910
DA:107,909
DA:108,909
DA:109,909
DA:110,910
DA:111,1249
DA:112,1249
LF:112
LH:76
BRDA:1,0,0,10073
BRDA:2,1,0,88661
BRDA:3,2,0,88655
BRDA:3,3,0,3845
BRDA:4,4,0,6228
BRDA:8,5,0,10066
BRDA:10,6,0,84
BRDA:10,7,0,0
BRDA:10,8,0,10060
BRDA:10,9,0,10052
BRDA:10,10,0,9982
BRDA:12,11,0,42012
BRDA:13,12,0,7226
BRDA:14,13,0,2756
BRDA:36,14,0,84
BRDA:38,15,0,57
BRDA:38,16,0,27
BRDA:38,17,0,0
BRDA:54,18,0,570
BRDA:55,19,0,569
BRDA:55,20,0,2376
BRDA:56,21,0,10
BRDA:57,22,0,560
BRDA:61,23,0,1727
BRDA:63,24,0,75887
BRDA:64,25,0,1338
BRDA:71,26,0,12
BRDA:73,27,0,10
BRDA:92,28,0,65
BRDA:94,29,0,293
BRDA:101,30,0,1249
BRDA:104,31,0,910
BRDA:106,32,0,909
BRF:33
BRH:31
end_of_record
TN:
SF:src/infrastructure/formatting.ts
FN:1,format
FN:18,formatLine
FNF:2
FNH:0
FNDA:0,format
FNDA:0,formatLine
DA:1,1
DA:2,0
DA:3,0
DA:4,0
DA:5,0
DA:6,0
DA:7,0
DA:8,0
DA:9,0
DA:10,0
DA:11,0
DA:12,0
DA:13,0
DA:14,0
DA:15,0
DA:16,0
DA:17,1
DA:18,1
DA:19,0
DA:20,0
DA:21,0
DA:22,0
DA:23,0
DA:24,0
DA:25,0
DA:26,0
DA:27,0
DA:28,0
LF:28
LH:3
BRF:0
BRH:0
end_of_record
TN:
SF:src/infrastructure/logger.ts
FN:16,isEnabled
FN:20,logDebug
FN:24,logError
FN:28,logInformation
FNF:4
FNH:0
FNDA:0,isEnabled
FNDA:0,logDebug
FNDA:0,logError
FNDA:0,logInformation
DA:1,1
DA:2,1
DA:3,1
DA:4,1
DA:5,1
DA:6,1
DA:7,1
DA:8,1
DA:9,1
DA:10,1
DA:11,1
DA:12,1
DA:13,1
DA:14,1
DA:15,1
DA:16,1
DA:17,0
DA:18,0
DA:19,1
DA:20,1
DA:21,0
DA:22,0
DA:23,1
DA:24,1
DA:25,0
DA:26,0
DA:27,1
DA:28,1
DA:29,0
DA:30,0
DA:31,1
LF:31
LH:23
BRDA:1,0,0,24
BRF:1
BRH:1
end_of_record
TN:
SF:src/infrastructure/nameOf.ts
FN:1,(empty-report)
FNF:1
FNH:0
FNDA:0,(empty-report)
DA:1,0
LF:1
LH:0
BRDA:1,0,0,0
BRF:1
BRH:0
end_of_record
TN:
SF:src/infrastructure/replaceAll.ts
FN:1,escapeRegExp
FN:5,replaceAll
FNF:2
FNH:2
FNDA:664,escapeRegExp
FNDA:664,replaceAll
DA:1,1
DA:2,664
DA:3,664
DA:4,1
DA:5,1
DA:6,664
DA:7,664
LF:7
LH:7
BRDA:1,0,0,664
BRDA:5,1,0,664
BRF:2
BRH:2
end_of_record
TN:
SF:src/infrastructure/stack.ts
FN:9,<instance_members_initializer>
FN:11,Stack
FN:13,push
FN:20,pop
FN:24,peek
FN:28,size
FNF:6
FNH:5
FNDA:371,<instance_members_initializer>
FNDA:371,Stack
FNDA:364,push
FNDA:1073,pop
FNDA:0,peek
FNDA:3001,size
DA:1,1
DA:2,1
DA:3,1
DA:4,1
DA:5,1
DA:6,1
DA:7,1
DA:8,1
DA:9,1
DA:10,1
DA:11,1
DA:12,1
DA:13,1
DA:14,364
DA:15,0
DA:16,0
DA:17,364
DA:18,364
DA:19,1
DA:20,1
DA:21,1073
DA:22,1073
DA:23,1
DA:24,1
DA:25,0
DA:26,0
DA:27,1
DA:28,1
DA:29,3001
DA:30,3001
DA:31,1
LF:31
LH:27
BRDA:9,0,0,371
BRDA:11,1,0,371
BRDA:13,2,0,364
BRDA:14,3,0,0
BRDA:20,4,0,1073
BRDA:28,5,0,3001
BRF:6
BRH:5
end_of_record
TN:
SF:src/infrastructure/stringArrayBuilder.ts
FN:2,<instance_members_initializer>
FN:4,StringArrayBuilder
FN:8,add
FN:14,indentString
FN:18,list
FN:27,array
FN:31,new
FNF:7
FNH:0
FNDA:0,<instance_members_initializer>
FNDA:0,StringArrayBuilder
FNDA:0,add
FNDA:0,indentString
FNDA:0,list
FNDA:0,array
FNDA:0,new
DA:1,1
DA:2,1
DA:3,1
DA:4,1
DA:5,0
DA:6,0
DA:7,1
DA:8,1
DA:9,0
DA:10,0
DA:11,0
DA:12,0
DA:13,1
DA:14,1
DA:15,0
DA:16,0
DA:17,1
DA:18,1
DA:19,0
DA:20,0
DA:21,0
DA:22,0
DA:23,0
DA:24,0
DA:25,0
DA:26,1
DA:27,1
DA:28,0
DA:29,0
DA:30,1
DA:31,1
DA:32,0
DA:33,0
DA:34,1
LF:34
LH:15
BRF:0
BRH:0
end_of_record
TN:
SF:src/language/IHasNodeDependencies.ts
FN:4,instanceOfHasNodeDependencies
FN:8,asHasNodeDependencies
FNF:2
FNH:2
FNDA:210226,instanceOfHasNodeDependencies
FNDA:210226,asHasNodeDependencies
DA:1,1
DA:2,1
DA:3,1
DA:4,1
DA:5,210226
DA:6,210226
DA:7,1
DA:8,1
DA:9,210226
DA:10,210226
DA:11,1
DA:12,1
DA:13,1
DA:14,1
DA:15,1
LF:15
LH:15
BRDA:4,0,0,210226
BRDA:8,1,0,210226
BRDA:9,2,0,36165
BRDA:9,3,0,174061
BRF:4
BRH:4
end_of_record
TN:
SF:src/language/comments.ts
FN:11,<instance_members_initializer>
FN:15,Comments
FN:19,parse
FN:34,getChildren
FN:38,validate
FNF:5
FNH:2
FNDA:106,<instance_members_initializer>
FNDA:106,Comments
FNDA:0,parse
FNDA:0,getChildren
FNDA:0,validate
DA:1,1
DA:2,1
DA:3,1
DA:4,1
DA:5,1
DA:6,1
DA:7,1
DA:8,1
DA:9,1
DA:10,1
DA:11,1
DA:12,106
DA:13,1
DA:14,1
DA:15,1
DA:16,106
DA:17,106
DA:18,1
DA:19,1
DA:20,0
DA:21,0
DA:22,0
DA:23,0
DA:24,0
DA:25,0
DA:26,0
DA:27,0
DA:28,0
DA:29,0
DA:30,0
DA:31,0
DA:32,0
DA:33,1
DA:34,1
DA:35,0
DA:36,0
DA:37,1
DA:38,1
DA:39,0
DA:40,1
DA:41,1
LF:41
LH:25
BRDA:11,0,0,106
BRDA:15,1,0,106
BRF:2
BRH:2
end_of_record
TN:
SF:src/language/duplicateChecker.ts
FN:8,validate
FNF:1
FNH:1
FNDA:133,validate
DA:1,1
DA:2,1
DA:3,1
DA:4,1
DA:5,1
DA:6,1
DA:7,1
DA:8,1
DA:9,133
DA:10,133
DA:11,133
DA:12,133
DA:13,555
DA:14,555
DA:15,6
DA:16,6
DA:17,554
DA:18,549
DA:19,549
DA:20,555
DA:21,133
DA:22,1
LF:22
LH:22
BRDA:8,0,0,133
BRDA:12,1,0,555
BRDA:14,2,0,554
BRDA:14,3,0,6
BRDA:17,4,0,549
BRF:5
BRH:5
end_of_record
TN:
SF:src/language/include.ts
FN:11,<instance_members_initializer>
FN:16,get isProcessed
FN:20,Include
FN:25,isValid
FN:29,parse
FN:44,process
FNF:6
FNH:6
FNDA:15,<instance_members_initializer>
FNDA:33,get isProcessed
FNDA:15,Include
FNDA:507,isValid
FNDA:15,parse
FNDA:17,process
DA:1,1
DA:2,1
DA:3,1
DA:4,1
DA:5,1
DA:6,1
DA:7,1
DA:8,1
DA:9,1
DA:10,1
DA:11,1
DA:12,1
DA:13,1
DA:14,1
DA:15,1
DA:16,1
DA:17,33
DA:18,33
DA:19,1
DA:20,1
DA:21,15
DA:22,15
DA:23,15
DA:24,1
DA:25,1
DA:26,507
DA:27,507
DA:28,1
DA:29,1
DA:30,15
DA:31,15
DA:32,15
DA:33,0
DA:34,0
DA:35,0
DA:36,0
DA:37,15
DA:38,15
DA:39,15
DA:40,15
DA:41,15
DA:42,15
DA:43,1
DA:44,1
DA:45,17
DA:46,17
DA:47,1
DA:48,1
DA:49,1
DA:50,16
DA:51,16
DA:52,16
DA:53,16
DA:54,16
DA:55,17
DA:56,1
DA:57,1
DA:58,1
DA:59,15
DA:60,15
DA:61,15
DA:62,1
LF:62
LH:58
BRDA:11,0,0,15
BRDA:16,1,0,33
BRDA:20,2,0,15
BRDA:25,3,0,507
BRDA:29,4,0,15
BRDA:32,5,0,0
BRDA:39,6,0,0
BRDA:44,7,0,17
BRDA:46,8,0,1
BRDA:49,9,0,16
BRDA:55,10,0,1
BRDA:58,11,0,15
BRF:12
BRH:10
end_of_record
TN:
SF:src/language/node.ts
FN:20,get reference
FN:24,Node
FN:28,validateTree
FN:39,validateNodeTree
FNF:4
FNH:4
FNDA:4098,get reference
FNDA:9422,Node
FNDA:8531,validateTree
FNDA:5608,validateNodeTree
DA:1,1
DA:2,1
DA:3,1
DA:4,1
DA:5,1
DA:6,1
DA:7,1
DA:8,1
DA:9,1
DA:10,1
DA:11,1
DA:12,1
DA:13,1
DA:14,1
DA:15,1
DA:16,1
DA:17,1
DA:18,1
DA:19,1
DA:20,1
DA:21,4098
DA:22,4098
DA:23,1
DA:24,1
DA:25,9422
DA:26,9422
DA:27,1
DA:28,1
DA:29,8531
DA:30,8531
DA:31,8531
DA:32,8531
DA:33,8531
DA:34,8531
DA:35,1
DA:36,1
DA:37,1
DA:38,1
DA:39,1
DA:40,5608
DA:41,5608
DA:42,5608
DA:43,1
DA:44,1
DA:45,1
LF:45
LH:45
BRDA:20,0,0,4098
BRDA:24,1,0,9422
BRDA:28,2,0,8531
BRDA:31,3,0,8425
BRDA:39,4,0,5608
BRDA:40,5,0,0
BRF:6
BRH:5
end_of_record
TN:
SF:src/language/nodeType.ts
FNF:0
FNH:0
DA:1,1
DA:2,1
DA:3,1
DA:4,1
DA:5,1
DA:6,1
DA:7,1
DA:8,1
DA:9,1
DA:10,1
DA:11,1
DA:12,1
DA:13,1
DA:14,1
DA:15,1
DA:16,1
DA:17,1
DA:18,1
DA:19,1
DA:20,1
DA:21,1
DA:22,1
DA:23,1
DA:24,1
DA:25,1
DA:26,1
DA:27,1
DA:28,1
DA:29,1
DA:30,1
DA:31,1
DA:32,1
DA:33,1
DA:34,1
DA:35,1
DA:36,1
DA:37,1
DA:38,1
DA:39,1
DA:40,1
DA:41,1
DA:42,1
DA:43,1
DA:44,1
DA:45,1
DA:46,1
DA:47,1
DA:48,1
DA:49,1
DA:50,1
DA:51,1
DA:52,1
DA:53,1
DA:54,1
DA:55,1
DA:56,1
DA:57,1
DA:58,1
DA:59,1
DA:60,1
DA:61,1
DA:62,1
DA:63,1
DA:64,1
DA:65,1
DA:66,1
DA:67,1
DA:68,1
DA:69,1
DA:70,1
DA:71,1
DA:72,1
DA:73,1
DA:74,1
DA:75,1
DA:76,1
DA:77,1
LF:77
LH:77
BRDA:1,0,0,33
BRF:1
BRH:1
end_of_record
TN:
SF:src/language/nodesWalker.ts
FN:5,walkNodes
FN:11,walk
FN:19,walkWithBoolean
FN:31,walkWithResult
FN:39,walkWithResultNode
FN:48,walkWithResultNodes
FNF:6
FNH:2
FNDA:211624,walkNodes
FNDA:211612,walk
FNDA:0,walkWithBoolean
FNDA:0,walkWithResult
FNDA:0,walkWithResultNode
FNDA:0,walkWithResultNodes
DA:1,1
DA:2,1
DA:3,1
DA:4,1
DA:5,1
DA:6,211624
DA:7,198199
DA:8,198199
DA:9,211624
DA:10,1
DA:11,1
DA:12,211612
DA:13,211612
DA:14,211612
DA:15,211612
DA:16,211612
DA:17,211612
DA:18,1
DA:19,1
DA:20,0
DA:21,0
DA:22,0
DA:23,0
DA:24,0
DA:25,0
DA:26,0
DA:27,0
DA:28,0
DA:29,0
DA:30,1
DA:31,1
DA:32,0
DA:33,0
DA:34,0
DA:35,0
DA:36,0
DA:37,0
DA:38,1
DA:39,1
DA:40,0
DA:41,0
DA:42,0
DA:43,0
DA:44,0
DA:45,0
DA:46,0
DA:47,1
DA:48,1
DA:49,0
DA:50,0
DA:51,0
DA:52,0
DA:53,1
LF:53
LH:26
BRDA:5,0,0,211624
BRDA:6,1,0,198199
BRDA:11,2,0,211612
BRF:3
BRH:3
end_of_record
TN:
SF:src/language/parsableNode.ts
FN:7,instanceOfParsableNode
FN:11,asParsableNode
FN:21,ParsableNode
FN:25,<instance_members_initializer>
FNF:4
FNH:4
FNDA:1069,instanceOfParsableNode
FNDA:553,asParsableNode
FNDA:2117,ParsableNode
FNDA:2117,<instance_members_initializer>
DA:1,1
DA:2,1
DA:3,1
DA:4,1
DA:5,1
DA:6,1
DA:7,1
DA:8,1069
DA:9,1069
DA:10,1
DA:11,1
DA:12,553
DA:13,553
DA:14,1
DA:15,1
DA:16,1
DA:17,1
DA:18,1
DA:19,1
DA:20,1
DA:21,1
DA:22,2117
DA:23,2117
DA:24,1
DA:25,1
DA:26,1
DA:27,1
LF:27
LH:27
BRDA:7,0,0,1069
BRDA:11,1,0,553
BRDA:12,2,0,53
BRDA:12,3,0,500
BRDA:21,4,0,2117
BRDA:25,5,0,2117
BRF:6
BRH:6
end_of_record
TN:
SF:src/language/parsableNodeArray.ts
FN:5,<instance_members_initializer>
FN:7,ParsableNodeArray
FN:11,get
FN:22,set
FN:30,resize
FNF:5
FNH:4
FNDA:117,<instance_members_initializer>
FNDA:117,ParsableNodeArray
FNDA:4085,get
FNDA:4085,set
FNDA:0,resize
DA:1,1
DA:2,1
DA:3,1
DA:4,1
DA:5,1
DA:6,1
DA:7,1
DA:8,117
DA:9,117
DA:10,1
DA:11,1
DA:12,4085
DA:13,4085
DA:14,7822
DA:15,3747
DA:16,3747
DA:17,3747
DA:18,4085
DA:19,4085
DA:20,4085
DA:21,1
DA:22,1
DA:23,4085
DA:24,0
DA:25,0
DA:26,4085
DA:27,4085
DA:28,4085
DA:29,1
DA:30,1
DA:31,0
DA:32,0
DA:33,0
DA:34,1
LF:34
LH:29
BRDA:5,0,0,117
BRDA:7,1,0,117
BRDA:11,2,0,4085
BRDA:13,3,0,7822
BRDA:14,4,0,4075
BRDA:14,5,0,3747
BRDA:22,6,0,4085
BRDA:23,7,0,0
BRF:8
BRH:7
end_of_record
TN:
SF:src/language/rootNode.ts
FN:8,instanceOfRootNode
FN:12,asRootNode
FN:23,<instance_members_initializer>
FN:26,RootNode
FN:30,validateNodeTree
FNF:5
FNH:5
FNDA:17993,instanceOfRootNode
FNDA:17993,asRootNode
FNDA:776,<instance_members_initializer>
FNDA:776,RootNode
FNDA:2817,validateNodeTree
DA:1,1
DA:2,1
DA:3,1
DA:4,1
DA:5,1
DA:6,1
DA:7,1
DA:8,1
DA:9,17993
DA:10,17993
DA:11,1
DA:12,1
DA:13,17993
DA:14,17993
DA:15,1
DA:16,1
DA:17,1
DA:18,1
DA:19,1
DA:20,1
DA:21,1
DA:22,1
DA:23,1
DA:24,1
DA:25,1
DA:26,1
DA:27,776
DA:28,776
DA:29,1
DA:30,1
DA:31,2817
DA:32,2817
DA:33,2817
DA:34,2817
DA:35,670
DA:36,670
DA:37,2817
DA:38,2817
DA:39,2817
DA:40,2817
DA:41,2817
DA:42,2817
DA:43,2817
DA:44,2817
DA:45,1
LF:45
LH:45
BRDA:8,0,0,17993
BRDA:12,1,0,17993
BRDA:13,2,0,15846
BRDA:13,3,0,2147
BRDA:23,4,0,776
BRDA:26,5,0,776
BRDA:30,6,0,2817
BRDA:31,7,0,0
BRDA:34,8,0,670
BRF:9
BRH:8
end_of_record
TN:
SF:src/language/rootNodeList.ts
FN:36,RootNodeList
FN:40,get length
FN:44,asArray
FN:48,add
FN:52,containsEnum
FN:56,getNode
FN:61,contains
FN:65,getFunction
FN:70,getTable
FN:75,getCustomType
FN:80,getScenarios
FN:85,getEnum
FN:91,addIfNew
FN:95,first
FN:99,getType
FNF:15
FNH:11
FNDA:121,RootNodeList
FNDA:14,get length
FNDA:950,asArray
FNDA:491,add
FNDA:0,containsEnum
FNDA:4025,getNode
FNDA:0,contains
FNDA:459,getFunction
FNDA:501,getTable
FNDA:0,getCustomType
FNDA:65,getScenarios
FNDA:3348,getEnum
FNDA:0,addIfNew
FNDA:14,first
FNDA:501,getType
DA:1,1
DA:2,1
DA:3,1
DA:4,1
DA:5,1
DA:6,1
DA:7,1
DA:8,1
DA:9,1
DA:10,1
DA:11,1
DA:12,1
DA:13,1
DA:14,1
DA:15,1
DA:16,1
DA:17,1
DA:18,1
DA:19,1
DA:20,1
DA:21,1
DA:22,1
DA:23,1
DA:24,1
DA:25,1
DA:26,1
DA:27,1
DA:28,1
DA:29,1
DA:30,1
DA:31,1
DA:32,1
DA:33,1
DA:34,1
DA:35,1
DA:36,1
DA:37,121
DA:38,121
DA:39,1
DA:40,1
DA:41,14
DA:42,14
DA:43,1
DA:44,1
DA:45,950
DA:46,950
DA:47,1
DA:48,1
DA:49,491
DA:50,491
DA:51,1
DA:52,1
DA:53,0
DA:54,0
DA:55,1
DA:56,1
DA:57,4025
DA:58,4025
DA:59,4025
DA:60,1
DA:61,1
DA:62,0
DA:63,0
DA:64,1
DA:65,1
DA:66,459
DA:67,459
DA:68,459
DA:69,1
DA:70,1
DA:71,501
DA:72,501
DA:73,501
DA:74,1
DA:75,1
DA:76,0
DA:77,0
DA:78,0
DA:79,1
DA:80,1
DA:81,65
DA:82,65
DA:83,65
DA:84,1
DA:85,1
DA:86,3348
DA:87,3348
DA:88,3348
DA:89,3348
DA:90,1
DA:91,1
DA:92,0
DA:93,0
DA:94,1
DA:95,1
DA:96,14
DA:97,14
DA:98,1
DA:99,1
DA:100,501
DA:101,501
DA:102,501
DA:103,501
DA:104,487
DA:105,487
DA:106,499
DA:107,429
DA:108,429
DA:109,499
DA:110,175
DA:111,175
DA:112,489
DA:113,124
DA:114,124
DA:115,124
DA:116,1
LF:116
LH:107
BRDA:36,0,0,121
BRDA:37,1,0,0
BRDA:40,2,0,14
BRDA:44,3,0,950
BRDA:48,4,0,491
BRDA:56,5,0,4025
BRDA:57,6,0,0
BRDA:58,7,0,21372
BRDA:65,8,0,459
BRDA:67,9,0,2362
BRDA:67,10,0,958
BRDA:70,11,0,501
BRDA:72,12,0,666
BRDA:72,13,0,515
BRDA:80,14,0,65
BRDA:81,15,0,433
BRDA:82,16,0,293
BRDA:85,17,0,3348
BRDA:88,18,0,8500
BRDA:88,19,0,3174
BRDA:95,20,0,14
BRDA:99,21,0,501
BRDA:103,22,0,14
BRDA:103,23,0,499
BRDA:103,24,0,487
BRDA:106,25,0,58
BRDA:106,26,0,429
BRDA:109,27,0,254
BRDA:109,28,0,489
BRDA:109,29,0,175
BRDA:112,30,0,51
BRDA:112,31,0,124
BRF:32
BRH:30
end_of_record
TN:
SF:src/language/sourceCodeNode.ts
FN:27,<instance_members_initializer>
FN:36,SourceCodeNode
FN:42,parse
FN:55,parseRootNode
FN:89,invalidNode
FN:94,getChildren
FN:98,sortNode
FN:102,nodeImportance
FN:118,validate
FN:127,getDueIncludes
FNF:10
FNH:9
FNDA:106,<instance_members_initializer>
FNDA:106,SourceCodeNode
FNDA:507,parse
FNDA:507,parseRootNode
FNDA:0,invalidNode
FNDA:106,getChildren
FNDA:735,sortNode
FNDA:1470,nodeImportance
FNDA:106,validate
FNDA:117,getDueIncludes
DA:1,1
DA:2,1
DA:3,1
DA:4,1
DA:5,1
DA:6,1
DA:7,1
DA:8,1
DA:9,1
DA:10,1
DA:11,1
DA:12,1
DA:13,1
DA:14,1
DA:15,1
DA:16,1
DA:17,1
DA:18,1
DA:19,1
DA:20,1
DA:21,1
DA:22,1
DA:23,1
DA:24,1
DA:25,1
DA:26,1
DA:27,1
DA:28,106
DA:29,106
DA:30,106
DA:31,106
DA:32,106
DA:33,106
DA:34,1
DA:35,1
DA:36,1
DA:37,106
DA:38,106
DA:39,106
DA:40,106
DA:41,1
DA:42,1
DA:43,507
DA:44,507
DA:45,507
DA:46,507
DA:47,507
DA:48,507
DA:49,491
DA:50,491
DA:51,491
DA:52,491
DA:53,491
DA:54,1
DA:55,1
DA:56,507
DA:57,15
DA:58,15
DA:59,15
DA:60,15
DA:61,15
DA:62,15
DA:63,492
DA:64,492
DA:65,492
DA:66,492
DA:67,507
DA:68,1
DA:69,1
DA:70,1
DA:71,1
DA:72,491
DA:73,491
DA:74,507
DA:75,118
DA:76,507
DA:77,25
DA:78,507
DA:79,302
DA:80,507
DA:81,25
DA:82,507
DA:83,21
DA:84,507
DA:85,0
DA:86,507
DA:87,507
DA:88,1
DA:89,1
DA:90,0
DA:91,0
DA:92,0
DA:93,1
DA:94,1
DA:95,106
DA:96,106
DA:97,1
DA:98,1
DA:99,735
DA:100,735
DA:101,1
DA:102,1
DA:103,1470
DA:104,1470
DA:105,41
DA:106,1470
DA:107,1470
DA:108,83
DA:109,1470
DA:110,349
DA:111,1470
DA:112,997
DA:113,1470
DA:114,0
DA:115,1470
DA:116,1470
DA:117,1
DA:118,1
DA:119,106
DA:120,106
DA:121,106
DA:122,106
DA:123,106
DA:124,106
DA:125,106
DA:126,1
DA:127,1
DA:128,117
DA:129,117
DA:130,1
LF:130
LH:125
BRDA:27,0,0,106
BRDA:36,1,0,106
BRDA:42,2,0,507
BRDA:45,3,0,0
BRDA:48,4,0,16
BRDA:48,5,0,491
BRDA:55,6,0,507
BRDA:56,7,0,15
BRDA:62,8,0,492
BRDA:67,9,0,491
BRDA:67,10,0,1
BRDA:68,11,0,0
BRDA:71,12,0,491
BRDA:74,13,0,118
BRDA:76,14,0,25
BRDA:78,15,0,302
BRDA:80,16,0,25
BRDA:82,17,0,21
BRDA:84,18,0,0
BRDA:94,19,0,106
BRDA:98,20,0,735
BRDA:99,21,0,129
BRDA:99,22,0,606
BRDA:102,23,0,1470
BRDA:104,24,0,41
BRDA:106,25,0,39
BRDA:107,26,0,83
BRDA:109,27,0,349
BRDA:111,28,0,997
BRDA:113,29,0,0
BRDA:118,30,0,106
BRDA:121,31,0,5
BRDA:122,32,0,491
BRDA:123,33,0,5
BRDA:127,34,0,117
BRDA:128,35,0,33
BRF:36
BRH:32
end_of_record
TN:
SF:src/language/variableDefinition.ts
FN:21,instanceOfVariableDefinition
FN:25,asVariableDefinition
FN:31,<instance_members_initializer>
FN:40,get variableType
FN:44,VariableDefinition
FN:53,getDependencies
FN:58,parse
FN:102,getChildren
FN:106,validate
FNF:9
FNH:7
FNDA:0,instanceOfVariableDefinition
FNDA:0,asVariableDefinition
FNDA:621,<instance_members_initializer>
FNDA:18738,get variableType
FNDA:621,VariableDefinition
FNDA:17352,getDependencies
FNDA:622,parse
FNDA:18592,getChildren
FNDA:620,validate
DA:1,1
DA:2,1
DA:3,1
DA:4,1
DA:5,1
DA:6,1
DA:7,1
DA:8,1
DA:9,1
DA:10,1
DA:11,1
DA:12,1
DA:13,1
DA:14,1
DA:15,1
DA:16,1
DA:17,1
DA:18,1
DA:19,1
DA:20,1
DA:21,1
DA:22,0
DA:23,0
DA:24,1
DA:25,1
DA:26,0
DA:27,0
DA:28,1
DA:29,1
DA:30,1
DA:31,1
DA:32,621
DA:33,621
DA:34,621
DA:35,621
DA:36,621
DA:37,621
DA:38,1
DA:39,1
DA:40,1
DA:41,18738
DA:42,18738
DA:43,1
DA:44,1
DA:45,621
DA:46,621
DA:47,621
DA:48,621
DA:49,621
DA:50,621
DA:51,621
DA:52,1
DA:53,1
DA:54,17352
DA:55,17352
DA:56,17352
DA:57,1
DA:58,1
DA:59,622
DA:60,622
DA:61,622
DA:62,622
DA:63,622
DA:64,622
DA:65,622
DA:66,622
DA:67,622
DA:68,622
DA:69,0
DA:70,0
DA:71,0
DA:72,622
DA:73,622
DA:74,622
DA:75,622
DA:76,622
DA:77,622
DA:78,622
DA:79,622
DA:80,622
DA:81,89
DA:82,622
DA:83,0
DA:84,0
DA:85,0
DA:86,89
DA:87,575
DA:88,1
DA:89,1
DA:90,1
DA:91,1
DA:92,88
DA:93,88
DA:94,575
DA:95,0
DA:96,0
DA:97,0
DA:98,88
DA:99,88
DA:100,88
DA:101,1
DA:102,1
DA:103,18592
DA:104,18592
DA:105,1
DA:106,1
DA:107,620
DA:108,620
DA:109,620
DA:110,620
DA:111,620
DA:112,620
DA:113,1
LF:113
LH:100
BRDA:31,0,0,621
BRDA:40,1,0,18738
BRDA:44,2,0,621
BRDA:53,3,0,17352
BRDA:54,4,0,17332
BRDA:55,5,0,17332
BRDA:55,6,0,20
BRDA:58,7,0,622
BRDA:66,8,0,0
BRDA:68,9,0,6
BRDA:68,10,0,0
BRDA:75,11,0,0
BRDA:78,12,0,0
BRDA:80,13,0,533
BRDA:80,14,0,89
BRDA:82,15,0,575
BRDA:82,16,0,0
BRDA:85,17,0,89
BRDA:87,18,0,1
BRDA:91,19,0,88
BRDA:94,20,0,0
BRDA:97,21,0,88
BRDA:102,22,0,18592
BRDA:103,23,0,4034
BRDA:103,24,0,14558
BRDA:106,25,0,620
BRF:26
BRH:20
end_of_record
TN:
SF:src/language/variablePath.ts
FN:7,get parentIdentifier
FN:11,get hasChildIdentifiers
FN:15,get parts
FN:19,VariablePath
FN:23,fullPath
FN:27,lastPart
FN:31,toString
FN:35,childrenReference
FN:40,append
FNF:9
FNH:9
FNDA:7874,get parentIdentifier
FNDA:5432,get hasChildIdentifiers
FNDA:2015,get parts
FNDA:3614,VariablePath
FNDA:2004,fullPath
FNDA:107,lastPart
FNDA:19,toString
FNDA:794,childrenReference
FNDA:49,append
DA:1,1
DA:2,1
DA:3,1
DA:4,1
DA:5,1
DA:6,1
DA:7,1
DA:8,7874
DA:9,7874
DA:10,1
DA:11,1
DA:12,5432
DA:13,5432
DA:14,1
DA:15,1
DA:16,2015
DA:17,2015
DA:18,1
DA:19,1
DA:20,3614
DA:21,3614
DA:22,1
DA:23,1
DA:24,2004
DA:25,2004
DA:26,1
DA:27,1
DA:28,107
DA:29,107
DA:30,1
DA:31,1
DA:32,19
DA:33,19
DA:34,1
DA:35,1
DA:36,794
DA:37,794
DA:38,794
DA:39,1
DA:40,1
DA:41,49
DA:42,49
DA:43,49
DA:44,1
LF:44
LH:44
BRDA:7,0,0,7874
BRDA:11,1,0,5432
BRDA:15,2,0,2015
BRDA:19,3,0,3614
BRDA:23,4,0,2004
BRDA:27,5,0,107
BRDA:31,6,0,19
BRDA:35,7,0,794
BRDA:40,8,0,49
BRF:9
BRH:9
end_of_record
TN:
SF:src/language/variableReference.ts
FN:11,VariableReference
FN:19,toString
FNF:2
FNH:2
FNDA:3144,VariableReference
FNDA:2,toString
DA:1,1
DA:2,1
DA:3,1
DA:4,1
DA:5,1
DA:6,1
DA:7,1
DA:8,1
DA:9,1
DA:10,1
DA:11,1
DA:12,3144
DA:13,3144
DA:14,3144
DA:15,3144
DA:16,3144
DA:17,3144
DA:18,1
DA:19,1
DA:20,2
DA:21,2
DA:22,1
LF:22
LH:22
BRDA:11,0,0,3144
BRDA:19,1,0,2
BRF:2
BRH:2
end_of_record
TN:
SF:src/language/variableSource.ts
FNF:0
FNH:0
DA:1,1
DA:2,1
DA:3,1
DA:4,1
DA:5,1
DA:6,1
DA:7,1
LF:7
LH:7
BRDA:1,0,0,33
BRF:1
BRH:1
end_of_record
TN:
SF:src/language/variableTypes.ts
FN:1,(empty-report)
FNF:1
FNH:0
FNDA:0,(empty-report)
DA:1,0
LF:1
LH:0
BRDA:1,0,0,0
BRF:1
BRH:0
end_of_record
TN:
SF:src/language/enums/enumDefinition.ts
FN:14,instanceOfEnumDefinition
FN:18,asEnumDefinition
FN:26,<instance_members_initializer>
FN:29,get nodeName
FN:33,EnumDefinition
FN:38,parse
FN:42,parse
FN:49,getChildren
FN:53,validate
FN:67,containsMember
FNF:10
FNH:10
FNDA:12340,instanceOfEnumDefinition
FNDA:3840,asEnumDefinition
FNDA:28,<instance_members_initializer>
FNDA:16037,get nodeName
FNDA:28,EnumDefinition
FNDA:28,parse
FNDA:65,parse
FNDA:1750,getChildren
FNDA:28,validate
FNDA:7,containsMember
DA:1,1
DA:2,1
DA:3,1
DA:4,1
DA:5,1
DA:6,1
DA:7,1
DA:8,1
DA:9,1
DA:10,1
DA:11,1
DA:12,1
DA:13,1
DA:14,1
DA:15,12340
DA:16,12340
DA:17,1
DA:18,1
DA:19,3840
DA:20,3840
DA:21,1
DA:22,1
DA:23,1
DA:24,1
DA:25,1
DA:26,1
DA:27,1
DA:28,1
DA:29,1
DA:30,16037
DA:31,16037
DA:32,1
DA:33,1
DA:34,28
DA:35,28
DA:36,28
DA:37,1
DA:38,1
DA:39,28
DA:40,28
DA:41,1
DA:42,1
DA:43,65
DA:44,65
DA:45,65
DA:46,65
DA:47,65
DA:48,1
DA:49,1
DA:50,1750
DA:51,1750
DA:52,1
DA:53,1
DA:54,28
DA:55,1
DA:56,1
DA:57,1
DA:58,27
DA:59,27
DA:60,27
DA:61,27
DA:62,27
DA:63,27
DA:64,27
DA:65,27
DA:66,1
DA:67,1
DA:68,7
DA:69,7
DA:70,1
LF:70
LH:70
BRDA:14,0,0,12340
BRDA:15,1,0,11953
BRDA:18,2,0,3840
BRDA:19,3,0,3402
BRDA:19,4,0,438
BRDA:26,5,0,28
BRDA:29,6,0,16037
BRDA:33,7,0,28
BRDA:38,8,0,28
BRDA:42,9,0,65
BRDA:43,10,0,38
BRDA:43,11,0,27
BRDA:45,12,0,64
BRDA:49,13,0,1750
BRDA:53,14,0,28
BRDA:54,15,0,1
BRDA:57,16,0,27
BRDA:61,17,0,1
BRDA:62,18,0,64
BRDA:63,19,0,1
BRDA:67,20,0,7
BRDA:68,21,0,15
BRF:22
BRH:22
end_of_record
TN:
SF:src/language/enums/enumMember.ts
FN:11,instanceOfEnumMember
FN:15,asEnumMember
FN:21,<instance_members_initializer>
FN:26,EnumMember
FN:33,parse
FN:67,getChildren
FN:71,validate
FN:76,validateMemberName
FN:84,validateMemberValues
FNF:9
FNH:7
FNDA:0,instanceOfEnumMember
FNDA:0,asEnumMember
FNDA:64,<instance_members_initializer>
FNDA:64,EnumMember
FNDA:65,parse
FNDA:5037,getChildren
FNDA:64,validate
FNDA:64,validateMemberName
FNDA:64,validateMemberValues
DA:1,1
DA:2,1
DA:3,1
DA:4,1
DA:5,1
DA:6,1
DA:7,1
DA:8,1
DA:9,1
DA:10,1
DA:11,1
DA:12,0
DA:13,0
DA:14,1
DA:15,1
DA:16,0
DA:17,0
DA:18,1
DA:19,1
DA:20,1
DA:21,1
DA:22,1
DA:23,1
DA:24,1
DA:25,1
DA:26,1
DA:27,64
DA:28,64
DA:29,64
DA:30,64
DA:31,64
DA:32,1
DA:33,1
DA:34,65
DA:35,65
DA:36,65
DA:37,65
DA:38,65
DA:39,65
DA:40,65
DA:41,65
DA:42,65
DA:43,65
DA:44,65
DA:45,65
DA:46,65
DA:47,65
DA:48,65
DA:49,12
DA:50,65
DA:51,1
DA:52,1
DA:53,1
DA:54,11
DA:55,11
DA:56,11
DA:57,11
DA:58,11
DA:59,61
DA:60,11
DA:61,11
DA:62,61
DA:63,11
DA:64,11
DA:65,11
DA:66,1
DA:67,1
DA:68,5037
DA:69,5037
DA:70,1
DA:71,1
DA:72,64
DA:73,64
DA:74,64
DA:75,1
DA:76,1
DA:77,64
DA:78,0
DA:79,64
DA:80,0
DA:81,0
DA:82,64
DA:83,1
DA:84,1
DA:85,64
DA:86,11
DA:87,64
DA:88,0
DA:89,0
DA:90,11
DA:91,60
DA:92,1
DA:93,1
DA:94,64
DA:95,1
LF:95
LH:86
BRDA:21,0,0,64
BRDA:26,1,0,64
BRDA:33,2,0,65
BRDA:39,3,0,0
BRDA:44,4,0,0
BRDA:48,5,0,63
BRDA:48,6,0,53
BRDA:48,7,0,12
BRDA:50,8,0,61
BRDA:50,9,0,1
BRDA:53,10,0,11
BRDA:59,11,0,0
BRDA:59,12,0,11
BRDA:62,13,0,0
BRDA:62,14,0,11
BRDA:67,15,0,5037
BRDA:71,16,0,64
BRDA:76,17,0,64
BRDA:77,18,0,0
BRDA:79,19,0,0
BRDA:84,20,0,64
BRDA:85,21,0,62
BRDA:85,22,0,53
BRDA:85,23,0,11
BRDA:87,24,0,60
BRDA:87,25,0,0
BRDA:89,26,0,11
BRDA:91,27,0,1
BRF:28
BRH:21
end_of_record
TN:
SF:src/language/enums/enumName.ts
FN:11,<instance_members_initializer>
FN:15,get value
FN:19,EnumName
FN:24,getChildren
FN:28,validate
FN:36,parseName
FNF:6
FNH:6
FNDA:28,<instance_members_initializer>
FNDA:16735,get value
FNDA:28,EnumName
FNDA:1750,getChildren
FNDA:28,validate
FNDA:28,parseName
DA:1,1
DA:2,1
DA:3,1
DA:4,1
DA:5,1
DA:6,1
DA:7,1
DA:8,1
DA:9,1
DA:10,1
DA:11,1
DA:12,28
DA:13,1
DA:14,1
DA:15,1
DA:16,16735
DA:17,16735
DA:18,1
DA:19,1
DA:20,28
DA:21,28
DA:22,28
DA:23,1
DA:24,1
DA:25,1750
DA:26,1750
DA:27,1
DA:28,1
DA:29,28
DA:30,0
DA:31,28
DA:32,0
DA:33,0
DA:34,28
DA:35,1
DA:36,1
DA:37,28
DA:38,28
DA:39,1
LF:39
LH:36
BRDA:11,0,0,28
BRDA:15,1,0,16735
BRDA:19,2,0,28
BRDA:24,3,0,1750
BRDA:28,4,0,28
BRDA:29,5,0,0
BRDA:31,6,0,0
BRDA:36,7,0,28
BRF:8
BRH:6
end_of_record
TN:
SF:src/language/expressions/IChildExpression.ts
FN:4,instanceOfChildExpression
FN:8,asChildExpression
FN:17,instanceOfParentExpression
FN:21,asParentExpression
FNF:4
FNH:4
FNDA:553,instanceOfChildExpression
FNDA:553,asChildExpression
FNDA:19,instanceOfParentExpression
FNDA:19,asParentExpression
DA:1,1
DA:2,1
DA:3,1
DA:4,1
DA:5,553
DA:6,553
DA:7,1
DA:8,1
DA:9,553
DA:10,553
DA:11,1
DA:12,1
DA:13,1
DA:14,1
DA:15,1
DA:16,1
DA:17,1
DA:18,19
DA:19,19
DA:20,1
DA:21,1
DA:22,19
DA:23,19
DA:24,1
DA:25,1
DA:26,1
DA:27,1
DA:28,1
LF:28
LH:28
BRDA:4,0,0,553
BRDA:8,1,0,553
BRDA:9,2,0,19
BRDA:9,3,0,534
BRDA:17,4,0,19
BRDA:21,5,0,19
BRDA:22,6,0,18
BRDA:22,7,0,1
BRF:8
BRH:8
end_of_record
TN:
SF:src/language/expressions/IHasVariableReference.ts
FN:3,instanceOfHasVariableReference
FN:7,asHasVariableReference
FNF:2
FNH:2
FNDA:2586,instanceOfHasVariableReference
FNDA:2586,asHasVariableReference
DA:1,1
DA:2,1
DA:3,1
DA:4,2586
DA:5,2586
DA:6,1
DA:7,1
DA:8,2586
DA:9,2586
DA:10,1
DA:11,1
DA:12,1
DA:13,1
DA:14,1
LF:14
LH:14
BRDA:3,0,0,2586
BRDA:7,1,0,2586
BRDA:8,2,0,1950
BRDA:8,3,0,636
BRF:4
BRH:4
end_of_record
TN:
SF:src/language/expressions/argumentList.ts
FN:12,parse
FNF:1
FNH:1
FNDA:115,parse
DA:1,1
DA:2,1
DA:3,1
DA:4,1
DA:5,1
DA:6,1
DA:7,1
DA:8,1
DA:9,1
DA:10,1
DA:11,1
DA:12,1
DA:13,115
DA:14,105
DA:15,105
DA:16,105
DA:17,105
DA:18,105
DA:19,105
DA:20,105
DA:21,115
DA:22,382
DA:23,382
DA:24,143
DA:25,143
DA:26,143
DA:27,5
DA:28,5
DA:29,143
DA:30,5
DA:31,5
DA:32,143
DA:33,0
DA:34,0
DA:35,143
DA:36,0
DA:37,0
DA:38,143
DA:39,143
DA:40,143
DA:41,122
DA:42,0
DA:43,0
DA:44,122
DA:45,122
DA:46,122
DA:47,143
DA:48,21
DA:49,21
DA:50,382
DA:51,239
DA:52,239
DA:53,382
DA:54,105
DA:55,115
DA:56,0
DA:57,0
DA:58,105
DA:59,105
DA:60,105
DA:61,105
DA:62,105
DA:63,1
LF:63
LH:55
BRDA:12,0,0,115
BRDA:13,1,0,10
BRDA:13,2,0,105
BRDA:21,3,0,382
BRDA:23,4,0,143
BRDA:26,5,0,5
BRDA:29,6,0,5
BRDA:32,7,0,0
BRDA:35,8,0,0
BRDA:40,9,0,132
BRDA:40,10,0,132
BRDA:40,11,0,122
BRDA:41,12,0,0
BRDA:47,13,0,21
BRDA:50,14,0,239
BRDA:53,15,0,105
BRDA:55,16,0,0
BRDA:57,17,0,105
BRF:18
BRH:14
end_of_record
TN:
SF:src/language/expressions/argumentTokenParseResult.ts
FN:8,newArgumentTokenParseFailed
FN:20,newArgumentTokenParseSuccess
FNF:2
FNH:1
FNDA:0,newArgumentTokenParseFailed
FNDA:115,newArgumentTokenParseSuccess
DA:1,1
DA:2,1
DA:3,1
DA:4,1
DA:5,1
DA:6,1
DA:7,1
DA:8,1
DA:9,0
DA:10,0
DA:11,0
DA:12,0
DA:13,0
DA:14,1
DA:15,1
DA:16,1
DA:17,1
DA:18,1
DA:19,1
DA:20,1
DA:21,115
DA:22,115
DA:23,115
DA:24,115
DA:25,115
DA:26,1
DA:27,1
LF:27
LH:22
BRDA:20,0,0,115
BRF:1
BRH:1
end_of_record
TN:
SF:src/language/expressions/assignmentExpression.ts
FN:21,instanceOfAssignmentExpression
FN:25,asAssignmentExpression
FN:30,<instance_members_initializer>
FN:34,AssignmentExpression
FN:41,parse
FN:58,isValid
FN:65,getChildren
FN:72,validate
FN:88,deriveType
FN:92,usedVariables
FNF:10
FNH:9
FNDA:421,instanceOfAssignmentExpression
FNDA:421,asAssignmentExpression
FNDA:373,<instance_members_initializer>
FNDA:373,AssignmentExpression
FNDA:376,parse
FNDA:3633,isValid
FNDA:10945,getChildren
FNDA:368,validate
FNDA:0,deriveType
FNDA:832,usedVariables
DA:1,1
DA:2,1
DA:3,1
DA:4,1
DA:5,1
DA:6,1
DA:7,1
DA:8,1
DA:9,1
DA:10,1
DA:11,1
DA:12,1
DA:13,1
DA:14,1
DA:15,1
DA:16,1
DA:17,1
DA:18,1
DA:19,1
DA:20,1
DA:21,1
DA:22,421
DA:23,421
DA:24,1
DA:25,1
DA:26,421
DA:27,421
DA:28,1
DA:29,1
DA:30,1
DA:31,1
DA:32,1
DA:33,1
DA:34,1
DA:35,373
DA:36,373
DA:37,373
DA:38,373
DA:39,373
DA:40,1
DA:41,1
DA:42,376
DA:43,376
DA:44,376
DA:45,376
DA:46,376
DA:47,376
DA:48,376
DA:49,376
DA:50,373
DA:51,373
DA:52,373
DA:53,373
DA:54,373
DA:55,373
DA:56,373
DA:57,1
DA:58,1
DA:59,3633
DA:60,947
DA:61,947
DA:62,3633
DA:63,3633
DA:64,1
DA:65,1
DA:66,10945
DA:67,10945
DA:68,10945
DA:69,10945
DA:70,10945
DA:71,1
DA:72,1
DA:73,368
DA:74,368
DA:75,368
DA:76,3
DA:77,3
DA:78,3
DA:79,365
DA:80,365
DA:81,365
DA:82,368
DA:83,2
DA:84,2
DA:85,2
DA:86,368
DA:87,1
DA:88,1
DA:89,0
DA:90,0
DA:91,1
DA:92,1
DA:93,832
DA:94,832
DA:95,832
DA:96,832
DA:97,832
DA:98,832
DA:99,832
DA:100,1
LF:100
LH:98
BRDA:21,0,0,421
BRDA:25,1,0,421
BRDA:26,2,0,0
BRDA:30,3,0,373
BRDA:34,4,0,373
BRDA:41,5,0,376
BRDA:43,6,0,0
BRDA:46,7,0,0
BRDA:49,8,0,3
BRDA:49,9,0,373
BRDA:58,10,0,3633
BRDA:60,11,0,947
BRDA:61,12,0,96
BRDA:62,13,0,909
BRDA:65,14,0,10945
BRDA:72,15,0,368
BRDA:75,16,0,3
BRDA:78,17,0,365
BRDA:82,18,0,354
BRDA:82,19,0,2
BRDA:92,20,0,832
BRDA:94,21,0,0
BRF:22
BRH:18
end_of_record
TN:
SF:src/language/expressions/binaryExpression.ts
FN:21,OperatorEntry
FN:32,TokenIndex
FN:39,instanceOfBinaryExpression
FN:43,asBinaryExpression
FN:48,<static_initializer>
FN:68,<instance_members_initializer>
FN:73,BinaryExpression
FN:81,parse
FN:113,getLowestPriorityOperation
FN:127,isValid
FN:132,getCurrentLevelSupportedTokens
FN:166,isSupported
FN:176,getChildren
FN:183,validate
FN:192,deriveType
FNF:15
FNH:15
FNDA:429,OperatorEntry
FNDA:150,TokenIndex
FNDA:60,instanceOfBinaryExpression
FNDA:60,asBinaryExpression
FNDA:33,<static_initializer>
FNDA:65,<instance_members_initializer>
FNDA:65,BinaryExpression
FNDA:66,parse
FNDA:66,getLowestPriorityOperation
FNDA:183,isValid
FNDA:249,getCurrentLevelSupportedTokens
FNDA:275,isSupported
FNDA:1264,getChildren
FNDA:25,validate
FNDA:34,deriveType
DA:1,1
DA:2,1
DA:3,1
DA:4,1
DA:5,1
DA:6,1
DA:7,1
DA:8,1
DA:9,1
DA:10,1
DA:11,1
DA:12,1
DA:13,1
DA:14,1
DA:15,1
DA:16,1
DA:17,1
DA:18,1
DA:19,1
DA:20,1
DA:21,1
DA:22,429
DA:23,429
DA:24,429
DA:25,1
DA:26,1
DA:27,1
DA:28,1
DA:29,1
DA:30,1
DA:31,1
DA:32,1
DA:33,150
DA:34,150
DA:35,150
DA:36,150
DA:37,1
DA:38,1
DA:39,1
DA:40,60
DA:41,60
DA:42,1
DA:43,1
DA:44,60
DA:45,60
DA:46,1
DA:47,1
DA:48,1
DA:49,33
DA:50,33
DA:51,33
DA:52,33
DA:53,33
DA:54,33
DA:55,33
DA:56,33
DA:57,33
DA:58,33
DA:59,33
DA:60,33
DA:61,33
DA:62,33
DA:63,33
DA:64,33
DA:65,33
DA:66,1
DA:67,1
DA:68,1
DA:69,1
DA:70,1
DA:71,1
DA:72,1
DA:73,1
DA:74,65
DA:75,65
DA:76,65
DA:77,65
DA:78,65
DA:79,65
DA:80,1
DA:81,1
DA:82,66
DA:83,66
DA:84,66
DA:85,66
DA:86,66
DA:87,66
DA:88,66
DA:89,66
DA:90,0
DA:91,0
DA:92,0
DA:93,66
DA:94,66
DA:95,66
DA:96,1
DA:97,1
DA:98,1
DA:99,65
DA:100,65
DA:101,66
DA:102,65
DA:103,65
DA:104,66
DA:105,65
DA:106,65
DA:107,65
DA:108,65
DA:109,65
DA:110,65
DA:111,65
DA:112,1
DA:113,1
DA:114,66
DA:115,569
DA:116,569
DA:117,633
DA:118,633
DA:119,66
DA:120,66
DA:121,633
DA:122,503
DA:123,0
DA:124,0
DA:125,0
DA:126,1
DA:127,1
DA:128,183
DA:129,183
DA:130,183
DA:131,1
DA:132,1
DA:133,249
DA:134,249
DA:135,249
DA:136,249
DA:137,1205
DA:138,1205
DA:139,559
DA:140,559
DA:141,1205
DA:142,133
DA:143,133
DA:144,1205
DA:145,131
DA:146,131
DA:147,1205
DA:148,0
DA:149,0
DA:150,1205
DA:151,0
DA:152,0
DA:153,1205
DA:154,559
DA:155,1205
DA:156,275
DA:157,275
DA:158,1067
DA:159,150
DA:160,150
DA:161,1205
DA:162,249
DA:163,249
DA:164,249
DA:165,1
DA:166,1
DA:167,275
DA:168,2937
DA:169,2937
DA:170,150
DA:171,150
DA:172,2937
DA:173,125
DA:174,125
DA:175,1
DA:176,1
DA:177,1264
DA:178,1264
DA:179,1264
DA:180,1264
DA:181,1264
DA:182,1
DA:183,1
DA:184,25
DA:185,25
DA:186,25
DA:187,25
DA:188,25
DA:189,0
DA:190,25
DA:191,1
DA:192,1
DA:193,34
DA:194,34
DA:195,1
DA:196,1
DA:197,33
DA:198,33
DA:199,33
DA:200,33
DA:201,34
DA:202,34
DA:203,1
LF:203
LH:192
BRDA:21,0,0,429
BRDA:32,1,0,150
BRDA:39,2,0,60
BRDA:43,3,0,60
BRDA:44,4,0,0
BRDA:48,5,0,33
BRDA:68,6,0,65
BRDA:73,7,0,65
BRDA:81,8,0,66
BRDA:86,9,0,0
BRDA:89,10,0,0
BRDA:95,11,0,1
BRDA:98,12,0,65
BRDA:101,13,0,0
BRDA:101,14,0,65
BRDA:104,15,0,0
BRDA:104,16,0,65
BRDA:113,17,0,66
BRDA:114,18,0,569
BRDA:116,19,0,633
BRDA:118,20,0,66
BRDA:121,21,0,503
BRDA:122,22,0,0
BRDA:127,23,0,183
BRDA:132,24,0,249
BRDA:136,25,0,1205
BRDA:138,26,0,1176
BRDA:138,27,0,646
BRDA:138,28,0,559
BRDA:141,29,0,133
BRDA:144,30,0,131
BRDA:147,31,0,0
BRDA:150,32,0,0
BRDA:153,33,0,559
BRDA:155,34,0,284
BRDA:155,35,0,1067
BRDA:155,36,0,275
BRDA:158,37,0,150
BRDA:166,38,0,275
BRDA:167,39,0,2937
BRDA:169,40,0,150
BRDA:172,41,0,125
BRDA:176,42,0,1264
BRDA:183,43,0,25
BRDA:188,44,0,0
BRDA:192,45,0,34
BRDA:194,46,0,33
BRDA:194,47,0,1
BRDA:196,48,0,33
BRDA:201,49,0,33
BRDA:201,50,0,0
BRF:51
BRH:41
end_of_record
TN:
SF:src/language/expressions/bracketedExpression.ts
FN:17,instanceOfBracketedExpression
FN:21,asBracketedExpression
FN:27,<instance_members_initializer>
FN:31,BracketedExpression
FN:38,parse
FN:59,isValid
FN:65,findMatchingClosingBracket
FN:83,getChildren
FN:87,validate
FN:90,deriveType
FNF:10
FNH:7
FNDA:2,instanceOfBracketedExpression
FNDA:2,asBracketedExpression
FNDA:2,<instance_members_initializer>
FNDA:2,BracketedExpression
FNDA:4,parse
FNDA:2875,isValid
FNDA:4,findMatchingClosingBracket
FNDA:0,getChildren
FNDA:0,validate
FNDA:0,deriveType
DA:1,1
DA:2,1
DA:3,1
DA:4,1
DA:5,1
DA:6,1
DA:7,1
DA:8,1
DA:9,1
DA:10,1
DA:11,1
DA:12,1
DA:13,1
DA:14,1
DA:15,1
DA:16,1
DA:17,1
DA:18,2
DA:19,2
DA:20,1
DA:21,1
DA:22,2
DA:23,2
DA:24,1
DA:25,1
DA:26,1
DA:27,1
DA:28,1
DA:29,1
DA:30,1
DA:31,1
DA:32,2
DA:33,2
DA:34,2
DA:35,2
DA:36,2
DA:37,1
DA:38,1
DA:39,4
DA:40,4
DA:41,4
DA:42,4
DA:43,4
DA:44,4
DA:45,2
DA:46,2
DA:47,4
DA:48,2
DA:49,2
DA:50,2
DA:51,4
DA:52,2
DA:53,2
DA:54,2
DA:55,2
DA:56,2
DA:57,2
DA:58,1
DA:59,1
DA:60,2875
DA:61,200
DA:62,2875
DA:63,2875
DA:64,1
DA:65,1
DA:66,4
DA:67,4
DA:68,26
DA:69,26
DA:70,14
DA:71,14
DA:72,26
DA:73,5
DA:74,26
DA:75,3
DA:76,3
DA:77,3
DA:78,26
DA:79,2
DA:80,2
DA:81,2
DA:82,1
DA:83,1
DA:84,0
DA:85,0
DA:86,1
DA:87,1
DA:88,0
DA:89,1
DA:90,1
DA:91,0
DA:92,0
DA:93,1
LF:93
LH:88
BRDA:17,0,0,2
BRDA:21,1,0,2
BRDA:22,2,0,0
BRDA:27,3,0,2
BRDA:31,4,0,2
BRDA:38,5,0,4
BRDA:40,6,0,0
BRDA:44,7,0,2
BRDA:47,8,0,0
BRDA:47,9,0,2
BRDA:51,10,0,0
BRDA:51,11,0,2
BRDA:59,12,0,2875
BRDA:61,13,0,200
BRDA:62,14,0,162
BRDA:65,15,0,4
BRDA:67,16,0,26
BRDA:69,17,0,12
BRDA:69,18,0,14
BRDA:72,19,0,5
BRDA:74,20,0,9
BRDA:74,21,0,3
BRDA:76,22,0,2
BRDA:78,23,0,2
BRF:24
BRH:20
end_of_record
TN:
SF:src/language/expressions/caseExpression.ts
FN:17,instanceOfCaseExpression
FN:21,asCaseExpression
FN:29,<instance_members_initializer>
FN:36,get expressions
FN:40,CaseExpression
FN:48,parse
FN:55,getChildren
FN:59,parse
FN:79,parseDefaultCase
FN:88,isValid
FN:93,validate
FN:96,deriveType
FNF:12
FNH:12
FNDA:23,instanceOfCaseExpression
FNDA:23,asCaseExpression
FNDA:23,<instance_members_initializer>
FNDA:55,get expressions
FNDA:23,CaseExpression
FNDA:25,parse
FNDA:445,getChildren
FNDA:23,parse
FNDA:7,parseDefaultCase
FNDA:3431,isValid
FNDA:23,validate
FNDA:16,deriveType
DA:1,1
DA:2,1
DA:3,1
DA:4,1
DA:5,1
DA:6,1
DA:7,1
DA:8,1
DA:9,1
DA:10,1
DA:11,1
DA:12,1
DA:13,1
DA:14,1
DA:15,1
DA:16,1
DA:17,1
DA:18,23
DA:19,23
DA:20,1
DA:21,1
DA:22,23
DA:23,23
DA:24,1
DA:25,1
DA:26,1
DA:27,1
DA:28,1
DA:29,1
DA:30,23
DA:31,23
DA:32,23
DA:33,1
DA:34,1
DA:35,1
DA:36,1
DA:37,55
DA:38,55
DA:39,1
DA:40,1
DA:41,23
DA:42,23
DA:43,23
DA:44,23
DA:45,23
DA:46,23
DA:47,1
DA:48,1
DA:49,25
DA:50,25
DA:51,25
DA:52,25
DA:53,25
DA:54,1
DA:55,1
DA:56,445
DA:57,445
DA:58,1
DA:59,1
DA:60,23
DA:61,23
DA:62,23
DA:63,23
DA:64,16
DA:65,16
DA:66,23
DA:67,16
DA:68,16
DA:69,16
DA:70,23
DA:71,16
DA:72,16
DA:73,16
DA:74,16
DA:75,16
DA:76,16
DA:77,16
DA:78,1
DA:79,1
DA:80,7
DA:81,7
DA:82,7
DA:83,7
DA:84,7
DA:85,7
DA:86,7
DA:87,1
DA:88,1
DA:89,3431
DA:90,3431
DA:91,3431
DA:92,1
DA:93,1
DA:94,23
DA:95,1
DA:96,1
DA:97,16
DA:98,16
DA:99,1
LF:99
LH:99
BRDA:17,0,0,23
BRDA:21,1,0,23
BRDA:22,2,0,0
BRDA:29,3,0,23
BRDA:36,4,0,55
BRDA:40,5,0,23
BRDA:48,6,0,25
BRDA:50,7,0,0
BRDA:52,8,0,4
BRDA:52,9,0,21
BRDA:55,10,0,445
BRDA:56,11,0,310
BRDA:56,12,0,135
BRDA:59,13,0,23
BRDA:61,14,0,0
BRDA:63,15,0,7
BRDA:63,16,0,16
BRDA:66,17,0,0
BRDA:66,18,0,16
BRDA:70,19,0,0
BRDA:70,20,0,16
BRDA:79,21,0,7
BRDA:81,22,0,0
BRDA:88,23,0,3431
BRDA:90,24,0,3399
BRDA:93,25,0,23
BRDA:96,26,0,16
BRDA:97,27,0,0
BRF:28
BRH:21
end_of_record
TN:
SF:src/language/expressions/elseExpression.ts
FN:18,instanceOfElseExpression
FN:22,asElseExpression
FN:30,<instance_members_initializer>
FN:34,get falseExpressions
FN:38,ElseExpression
FN:43,validateParentExpression
FN:51,getChildren
FN:55,parse
FN:62,parse
FN:75,isValid
FN:79,validate
FN:82,deriveType
FNF:12
FNH:11
FNDA:18,instanceOfElseExpression
FNDA:18,asElseExpression
FNDA:19,<instance_members_initializer>
FNDA:30,get falseExpressions
FNDA:19,ElseExpression
FNDA:19,validateParentExpression
FNDA:826,getChildren
FNDA:19,parse
FNDA:19,parse
FNDA:3454,isValid
FNDA:18,validate
FNDA:0,deriveType
DA:1,1
DA:2,1
DA:3,1
DA:4,1
DA:5,1
DA:6,1
DA:7,1
DA:8,1
DA:9,1
DA:10,1
DA:11,1
DA:12,1
DA:13,1
DA:14,1
DA:15,1
DA:16,1
DA:17,1
DA:18,1
DA:19,18
DA:20,18
DA:21,1
DA:22,1
DA:23,18
DA:24,18
DA:25,1
DA:26,1
DA:27,1
DA:28,1
DA:29,1
DA:30,1
DA:31,19
DA:32,1
DA:33,1
DA:34,1
DA:35,30
DA:36,30
DA:37,1
DA:38,1
DA:39,19
DA:40,19
DA:41,19
DA:42,1
DA:43,1
DA:44,19
DA:45,1
DA:46,1
DA:47,1
DA:48,18
DA:49,18
DA:50,1
DA:51,1
DA:52,826
DA:53,826
DA:54,1
DA:55,1
DA:56,19
DA:57,19
DA:58,19
DA:59,19
DA:60,19
DA:61,1
DA:62,1
DA:63,19
DA:64,19
DA:65,19
DA:66,19
DA:67,19
DA:68,19
DA:69,19
DA:70,19
DA:71,19
DA:72,19
DA:73,19
DA:74,1
DA:75,1
DA:76,3454
DA:77,3454
DA:78,1
DA:79,1
DA:80,18
DA:81,1
DA:82,1
DA:83,0
DA:84,0
DA:85,1
LF:85
LH:83
BRDA:18,0,0,18
BRDA:22,1,0,18
BRDA:23,2,0,0
BRDA:30,3,0,19
BRDA:34,4,0,30
BRDA:38,5,0,19
BRDA:43,6,0,19
BRDA:44,7,0,18
BRDA:44,8,0,1
BRDA:47,9,0,18
BRDA:51,10,0,826
BRDA:55,11,0,19
BRDA:57,12,0,0
BRDA:59,13,0,2
BRDA:59,14,0,17
BRDA:62,15,0,19
BRDA:64,16,0,0
BRDA:66,17,0,0
BRDA:75,18,0,3454
BRDA:79,19,0,18
BRF:20
BRH:16
end_of_record
TN:
SF:src/language/expressions/expression.ts
FN:9,instanceOfExpression
FN:13,asExpression
FN:19,<instance_members_initializer>
FN:22,Expression
FN:27,toString
[...]
DA:323,1
DA:324,324
DA:325,27
DA:326,27
DA:327,297
DA:328,297
DA:329,1
LF:329
LH:269
BRDA:43,0,0,293
BRDA:53,1,0,293
BRDA:64,2,0,293
BRDA:65,3,0,7
BRDA:65,4,0,286
BRDA:68,5,0,293
BRDA:70,6,0,1
BRDA:70,7,0,0
BRDA:75,8,0,78
BRDA:75,9,0,215
BRDA:81,10,0,7
BRDA:83,11,0,208
BRDA:89,12,0,7
BRDA:90,13,0,0
BRDA:91,14,0,31
BRDA:97,15,0,239
BRDA:100,16,0,3
BRDA:100,17,0,236
BRDA:102,18,0,0
BRDA:102,19,0,236
BRDA:105,20,0,0
BRDA:107,21,0,236
BRDA:108,22,0,31
BRDA:112,23,0,293
BRDA:113,24,0,165
BRDA:115,25,0,290
BRDA:115,26,0,128
BRDA:116,27,0,113
BRDA:116,28,0,290
BRDA:116,29,0,113
BRDA:118,30,0,0
BRDA:122,31,0,15
BRDA:126,32,0,239
BRDA:129,33,0,3
BRDA:130,34,0,0
BRDA:137,35,0,215
BRDA:140,36,0,0
BRDA:154,37,0,236
BRDA:156,38,0,31
BRDA:159,39,0,202
BRDA:165,40,0,202
BRDA:166,41,0,264
BRDA:171,42,0,264
BRDA:173,43,0,0
BRDA:177,44,0,0
BRDA:183,45,0,31
BRDA:184,46,0,121
BRDA:186,47,0,0
BRDA:189,48,0,91
BRDA:189,49,0,61
BRDA:189,50,0,60
BRDA:196,51,0,121
BRDA:197,52,0,0
BRDA:198,53,0,180
BRDA:201,54,0,60
BRDA:206,55,0,0
BRDA:212,56,0,293
BRDA:213,57,0,6
BRDA:213,58,0,6
BRDA:213,59,0,287
BRDA:216,60,0,10
BRDA:217,61,0,10
BRDA:218,62,0,7
BRDA:219,63,0,0
BRDA:222,64,0,287
BRDA:227,65,0,72
BRDA:227,66,0,0
BRDA:230,67,0,287
BRDA:232,68,0,72
BRDA:232,69,0,215
BRDA:234,70,0,290
BRDA:234,71,0,72
BRDA:236,72,0,0
BRDA:239,73,0,72
BRDA:244,74,0,0
BRDA:249,75,0,72
BRDA:241,76,0,74
BRDA:242,77,0,87
BRDA:255,78,0,6
BRDA:256,79,0,0
BRDA:258,80,0,0
BRDA:267,81,0,9
BRDA:271,82,0,0
BRDA:280,83,0,0
BRDA:268,84,0,10
BRDA:270,85,0,13
BRDA:289,86,0,3
BRDA:290,87,0,0
BRDA:295,88,0,32
BRDA:296,89,0,0
BRDA:303,90,0,0
BRDA:299,91,0,243
BRDA:313,92,0,236
BRDA:314,93,0,231
BRDA:314,94,0,221
BRDA:314,95,0,5
BRDA:316,96,0,0
BRDA:319,97,0,5
BRDA:323,98,0,324
BRDA:324,99,0,27
BRDA:324,100,0,27
BRDA:326,101,0,297
BRF:102
BRH:78
end_of_record
TN:
SF:src/specifications/specificationFileRunner.ts
FN:27,<instance_members_initializer>
FN:31,get scenarioRunners
FN:35,SpecificationFileRunner
FN:42,initialize
FN:57,run
FN:69,getScenarioRunner
FN:77,countScenarioRunners
FN:81,validateHasScenarioCheckingRootErrors
FNF:8
FNH:8
FNDA:65,<instance_members_initializer>
FNDA:193,get scenarioRunners
FNDA:65,SpecificationFileRunner
FNDA:65,initialize
FNDA:65,run
FNDA:293,getScenarioRunner
FNDA:65,countScenarioRunners
FNDA:65,validateHasScenarioCheckingRootErrors
DA:1,1
DA:2,1
DA:3,1
DA:4,1
DA:5,1
DA:6,1
DA:7,1
DA:8,1
DA:9,1
DA:10,1
DA:11,1
DA:12,1
DA:13,1
DA:14,1
DA:15,1
DA:16,1
DA:17,1
DA:18,1
DA:19,1
DA:20,1
DA:21,1
DA:22,1
DA:23,1
DA:24,1
DA:25,1
DA:26,1
DA:27,1
DA:28,65
DA:29,1
DA:30,1
DA:31,1
DA:32,193
DA:33,193
DA:34,1
DA:35,1
DA:36,65
DA:37,65
DA:38,65
DA:39,65
DA:40,65
DA:41,1
DA:42,1
DA:43,65
DA:44,65
DA:45,65
DA:46,65
DA:47,0
DA:48,0
DA:49,65
DA:50,65
DA:51,65
DA:52,65
DA:53,65
DA:54,65
DA:55,65
DA:56,1
DA:57,1
DA:58,65
DA:59,65
DA:60,65
DA:61,65
DA:62,65
DA:63,60
DA:64,60
DA:65,60
DA:66,60
DA:67,60
DA:68,1
DA:69,1
DA:70,293
DA:71,293
DA:72,293
DA:73,0
DA:74,0
DA:75,293
DA:76,1
DA:77,1
DA:78,65
DA:79,65
DA:80,1
DA:81,1
DA:82,65
DA:83,3
DA:84,3
DA:85,3
DA:86,3
DA:87,64
DA:88,0
DA:89,0
DA:90,0
DA:91,0
DA:92,65
DA:93,1
LF:93
LH:85
BRDA:27,0,0,65
BRDA:31,1,0,193
BRDA:35,2,0,65
BRDA:42,3,0,65
BRDA:46,4,0,0
BRDA:53,5,0,293
BRDA:57,6,0,65
BRDA:58,7,0,0
BRDA:62,8,0,5
BRDA:62,9,0,60
BRDA:66,10,0,293
BRDA:69,11,0,293
BRDA:72,12,0,0
BRDA:77,13,0,65
BRDA:78,14,0,293
BRDA:81,15,0,65
BRDA:82,16,0,62
BRDA:82,17,0,64
BRDA:82,18,0,3
BRDA:87,19,0,0
BRDA:85,20,0,3
BRF:21
BRH:17
end_of_record
TN:
SF:src/specifications/specificationRunnerContext.ts
FN:33,<instance_members_initializer>
FN:40,get logEntries
FN:44,SpecificationRunnerContext
FN:49,get failed
FN:53,get fileRunners
FN:57,fail
FN:70,logGlobal
FN:76,logTimeSpent
FN:86,success
FN:93,add
FN:97,failedScenariosRunners
FN:106,countScenarios
FN:112,formatGlobalLog
FNF:13
FNH:9
FNDA:2,<instance_members_initializer>
FNDA:0,get logEntries
FNDA:2,SpecificationRunnerContext
FNDA:4,get failed
FNDA:69,get fileRunners
FNDA:0,fail
FNDA:65,logGlobal
FNDA:2,logTimeSpent
FNDA:314,success
FNDA:65,add
FNDA:0,failedScenariosRunners
FNDA:2,countScenarios
FNDA:0,formatGlobalLog
DA:1,1
DA:2,1
DA:3,1
DA:4,1
DA:5,1
DA:6,1
DA:7,1
DA:8,1
DA:9,1
DA:10,1
DA:11,1
DA:12,1
DA:13,1
DA:14,1
DA:15,1
DA:16,1
DA:17,1
DA:18,1
DA:19,1
DA:20,1
DA:21,1
DA:22,1
DA:23,1
DA:24,1
DA:25,1
DA:26,1
DA:27,1
DA:28,1
DA:29,1
DA:30,1
DA:31,1
DA:32,1
DA:33,1
DA:34,2
DA:35,2
DA:36,2
DA:37,2
DA:38,1
DA:39,1
DA:40,1
DA:41,0
DA:42,0
DA:43,1
DA:44,1
DA:45,2
DA:46,2
DA:47,2
DA:48,1
DA:49,1
DA:50,4
DA:51,4
DA:52,1
DA:53,1
DA:54,69
DA:55,69
DA:56,1
DA:57,1
DA:58,0
DA:59,0
DA:60,0
DA:61,0
DA:62,0
DA:63,0
DA:64,0
DA:65,0
DA:66,0
DA:67,0
DA:68,0
DA:69,1
DA:70,1
DA:71,65
DA:72,65
DA:73,65
DA:74,65
DA:75,1
DA:76,1
DA:77,2
DA:78,2
DA:79,2
DA:80,2
DA:81,2
DA:82,2
DA:83,2
DA:84,2
DA:85,1
DA:86,1
DA:87,314
DA:88,314
DA:89,314
DA:90,314
DA:91,314
DA:92,1
DA:93,1
DA:94,65
DA:95,65
DA:96,1
DA:97,1
DA:98,0
DA:99,0
DA:100,0
DA:101,0
DA:102,0
DA:103,0
DA:104,0
DA:105,1
DA:106,1
DA:107,2
DA:108,2
DA:109,2
DA:110,2
DA:111,1
DA:112,1
DA:113,0
DA:114,0
DA:115,1
LF:115
LH:93
BRDA:33,0,0,2
BRDA:44,1,0,2
BRDA:49,2,0,4
BRDA:53,3,0,69
BRDA:70,4,0,65
BRDA:76,5,0,2
BRDA:86,6,0,314
BRDA:87,7,0,31
BRDA:87,8,0,283
BRDA:93,9,0,65
BRDA:106,10,0,2
BRDA:108,11,0,65
BRF:12
BRH:12
end_of_record
TN:
SF:src/specifications/specificationsLogEntry.ts
FN:13,SpecificationsLogEntry
FN:23,toString
FNF:2
FNH:1
FNDA:381,SpecificationsLogEntry
FNDA:0,toString
DA:1,1
DA:2,1
DA:3,1
DA:4,1
DA:5,1
DA:6,1
DA:7,1
DA:8,1
DA:9,1
DA:10,1
DA:11,1
DA:12,1
DA:13,1
DA:14,381
DA:15,381
DA:16,381
DA:17,381
DA:18,381
DA:19,381
DA:20,381
DA:21,381
DA:22,1
DA:23,1
DA:24,0
DA:25,0
DA:26,0
DA:27,0
DA:28,1
LF:28
LH:24
BRDA:13,0,0,381
BRF:1
BRH:1
end_of_record
TN:
SF:src/specifications/specificationsRunner.ts
FN:22,SpecificationsRunner
FN:29,run
FN:35,runAll
FN:41,runScenarios
FN:55,failed
FN:63,getRunners
FN:71,addFolder
FN:83,createFileRunner
FN:89,getAbsoluteFolder
FNF:9
FNH:8
FNDA:2,SpecificationsRunner
FNDA:1,run
FNDA:1,runAll
FNDA:2,runScenarios
FNDA:0,failed
FNDA:1,getRunners
FNDA:10,addFolder
FNDA:65,createFileRunner
FNDA:1,getAbsoluteFolder
DA:1,1
DA:2,1
DA:3,1
DA:4,1
DA:5,1
DA:6,1
DA:7,1
DA:8,1
DA:9,1
DA:10,1
DA:11,1
DA:12,1
DA:13,1
DA:14,1
DA:15,1
DA:16,1
DA:17,1
DA:18,1
DA:19,1
DA:20,1
DA:21,1
DA:22,1
DA:23,2
DA:24,2
DA:25,2
DA:26,2
DA:27,2
DA:28,1
DA:29,1
DA:30,1
DA:31,1
DA:32,1
DA:33,1
DA:34,1
DA:35,1
DA:36,1
DA:37,1
DA:38,1
DA:39,1
DA:40,1
DA:41,1
DA:42,2
DA:43,2
DA:44,2
DA:45,2
DA:46,2
DA:47,2
DA:48,2
DA:49,2
DA:50,2
DA:51,2
DA:52,2
DA:53,2
DA:54,1
DA:55,1
DA:56,0
DA:57,0
DA:58,0
DA:59,0
DA:60,0
DA:61,0
DA:62,1
DA:63,1
DA:64,1
DA:65,1
DA:66,1
DA:67,1
DA:68,1
DA:69,1
DA:70,1
DA:71,1
DA:72,10
DA:73,10
DA:74,10
DA:75,10
DA:76,10
DA:77,10
DA:78,10
DA:79,10
DA:80,10
DA:81,10
DA:82,1
DA:83,1
DA:84,65
DA:85,65
DA:86,65
DA:87,65
DA:88,1
DA:89,1
DA:90,1
DA:91,0
DA:92,1
DA:93,1
DA:94,0
DA:95,0
DA:96,1
DA:97,1
DA:98,1
DA:99,1
LF:99
LH:90
BRDA:22,0,0,2
BRDA:29,1,0,1
BRDA:35,2,0,1
BRDA:41,3,0,2
BRDA:45,4,0,0
BRDA:52,5,0,0
BRDA:47,6,0,65
BRDA:63,7,0,1
BRDA:71,8,0,10
BRDA:76,9,0,64
BRDA:80,10,0,9
BRDA:83,11,0,65
BRDA:89,12,0,1
BRDA:91,13,0,0
BRDA:93,14,0,0
BRF:15
BRH:11
end_of_record
TN:
SF:src/specifications/typeConverter.ts
FN:1,(empty-report)
FNF:1
FNH:0
FNDA:0,(empty-report)
DA:1,0
DA:2,0
DA:3,0
DA:4,0
DA:5,0
DA:6,0
DA:7,0
DA:8,0
DA:9,0
DA:10,0
DA:11,0
DA:12,0
DA:13,0
DA:14,0
DA:15,0
DA:16,0
DA:17,0
DA:18,0
DA:19,0
DA:20,0
DA:21,0
DA:22,0
DA:23,0
DA:24,0
DA:25,0
DA:26,0
DA:27,0
DA:28,0
DA:29,0
DA:30,0
DA:31,0
DA:32,0
DA:33,0
DA:34,0
DA:35,0
DA:36,0
DA:37,0
DA:38,0
DA:39,0
DA:40,0
DA:41,0
DA:42,0
DA:43,0
DA:44,0
DA:45,0
DA:46,0
DA:47,0
DA:48,0
DA:49,0
LF:49
LH:0
BRDA:1,0,0,0
BRF:1
BRH:0
end_of_record
TN:
SF:src/specifications/validateExecutionLogging.ts
FN:9,validateEntry
FN:11,addLog
FN:15,getName
FN:25,validateEntryMessage
FN:34,validateVariable
FN:35,notEqual
FN:45,validateValueVariable
FN:64,getActualValue
FN:72,validateVariables
FN:96,validateEntries
FN:105,validateExecutionLogging
FNF:11
FNH:10
FNDA:39,validateEntry
FNDA:0,addLog
FNDA:55,getName
FNDA:39,validateEntryMessage
FNDA:55,validateVariable
FNDA:50,notEqual
FNDA:50,validateValueVariable
FNDA:55,getActualValue
FNDA:44,validateVariables
FNDA:44,validateEntries
FNDA:5,validateExecutionLogging
DA:1,1
DA:2,1
DA:3,1
DA:4,1
DA:5,1
DA:6,1
DA:7,1
DA:8,1
DA:9,39
DA:10,39
DA:11,39
DA:12,0
DA:13,0
DA:14,39
DA:15,39
DA:16,55
DA:17,55
DA:18,5
DA:19,5
DA:20,50
DA:21,50
DA:22,55
DA:23,55
DA:24,39
DA:25,39
DA:26,39
DA:27,0
DA:28,0
DA:29,0
DA:30,0
DA:31,0
DA:32,39
DA:33,39
DA:34,39
DA:35,55
DA:36,50
DA:37,4
DA:38,0
DA:39,0
DA:40,4
DA:41,4
DA:42,46
DA:43,46
DA:44,55
DA:45,55
DA:46,50
DA:47,50
DA:48,50
DA:49,50
DA:50,0
DA:51,0
DA:52,0
DA:53,0
DA:54,50
DA:55,55
DA:56,55
DA:57,55
DA:58,5
DA:59,55
DA:60,50
DA:61,50
DA:62,55
DA:63,39
DA:64,39
DA:65,55
DA:66,55
DA:67,38
DA:68,38
DA:69,55
DA:70,55
DA:71,39
DA:72,39
DA:73,44
DA:74,55
DA:75,55
DA:76,55
DA:77,55
DA:78,0
DA:79,55
DA:80,55
DA:81,55
DA:82,55
DA:83,44
DA:84,39
DA:85,39
DA:86,0
DA:87,39
DA:88,0
DA:89,39
DA:90,39
DA:91,39
DA:92,39
DA:93,39
DA:94,39
DA:95,1
DA:96,44
DA:97,44
DA:98,44
DA:99,39
DA:100,39
DA:101,39
DA:102,39
DA:103,44
DA:104,1
DA:105,1
DA:106,5
DA:107,5
DA:108,5
DA:109,5
LF:109
LH:93
BRDA:9,0,0,39
BRDA:85,1,0,0
BRDA:85,2,0,0
BRDA:87,3,0,0
BRDA:15,4,0,55
BRDA:17,5,0,5
BRDA:18,6,0,0
BRDA:19,7,0,50
BRDA:22,8,0,13
BRDA:22,9,0,37
BRDA:25,10,0,39
BRDA:26,11,0,0
BRDA:34,12,0,55
BRDA:57,13,0,5
BRDA:59,14,0,50
BRDA:35,15,0,50
BRDA:36,16,0,4
BRDA:37,17,0,0
BRDA:41,18,0,46
BRDA:45,19,0,50
BRDA:49,20,0,0
BRDA:64,21,0,55
BRDA:65,22,0,0
BRDA:66,23,0,38
BRDA:68,24,0,17
BRDA:69,25,0,17
BRDA:69,26,0,0
BRDA:72,27,0,44
BRDA:73,28,0,55
BRDA:77,29,0,0
BRDA:96,30,0,44
BRDA:98,31,0,39
BRDA:99,32,0,0
BRDA:100,33,0,0
BRDA:105,34,0,5
BRDA:108,35,0,0
BRF:36
BRH:23
end_of_record
TN:
SF:tests/expectSuccess.ts
FN:1,expectSuccess
FNF:1
FNH:1
FNDA:59,expectSuccess
DA:1,1
DA:2,59
DA:3,0
DA:4,0
DA:5,59
DA:6,59
LF:6
LH:4
BRDA:1,0,0,59
BRDA:2,1,0,0
BRF:2
BRH:1
end_of_record
TN:
SF:tests/loggingConfiguration.ts
FN:14,WinstonLogger
FN:18,isEnabled
FN:32,logDebug
FN:36,logError
FN:40,logInformation
FN:46,<static_initializer>
FN:49,configure
FN:63,getParserLogger
FN:67,getCompilerLogger
FN:71,getExecutionLogger
FN:75,getMainLogger
FN:80,mainLogger
FN:89,addLogger
FN:102,logFileNames
FN:110,fullLogFile
FN:114,logFile
FN:118,findFiles
FN:129,initFolderAndRemoveOldFiles
FN:154,logFilesDirectory
FN:158,parseDate
FN:169,winstonLogger
FN:174,timestamp
FNF:22
FNH:19
FNDA:125,WinstonLogger
FNDA:106,isEnabled
FNDA:12888,logDebug
FNDA:158,logError
FNDA:457,logInformation
FNDA:24,<static_initializer>
FNDA:125,configure
FNDA:97,getParserLogger
FNDA:13,getCompilerLogger
FNDA:13,getExecutionLogger
FNDA:2,getMainLogger
FNDA:24,mainLogger
FNDA:72,addLogger
FNDA:24,logFileNames
FNDA:192,fullLogFile
FNDA:192,logFile
FNDA:0,findFiles
FNDA:0,initFolderAndRemoveOldFiles
FNDA:192,logFilesDirectory
FNDA:0,parseDate
FNDA:123,winstonLogger
FNDA:24,timestamp
DA:1,1
DA:2,1
DA:3,1
DA:4,1
DA:5,1
DA:6,1
DA:7,1
DA:8,1
DA:9,1
DA:10,1
DA:11,1
DA:12,1
DA:13,1
DA:14,1
DA:15,125
DA:16,125
DA:17,1
DA:18,1
DA:19,106
DA:20,106
DA:21,0
DA:22,0
DA:23,106
DA:24,0
DA:25,0
DA:26,106
DA:27,0
DA:28,0
DA:29,106
DA:30,106
DA:31,1
DA:32,1
DA:33,12888
DA:34,12888
DA:35,1
DA:36,1
DA:37,158
DA:38,158
DA:39,1
DA:40,1
DA:41,457
DA:42,457
DA:43,1
DA:44,1
DA:45,1
DA:46,1
DA:47,1
DA:48,1
DA:49,1
DA:50,125
DA:51,125
DA:52,24
DA:53,24
DA:54,24
DA:55,24
DA:56,24
DA:57,24
DA:58,24
DA:59,24
DA:60,24
DA:61,24
DA:62,1
DA:63,1
DA:64,97
DA:65,97
DA:66,1
DA:67,1
DA:68,13
DA:69,13
DA:70,1
DA:71,1
DA:72,13
DA:73,13
DA:74,1
DA:75,1
DA:76,2
DA:77,2
DA:78,2
DA:79,1
DA:80,1
DA:81,24
DA:82,24
DA:83,24
DA:84,24
DA:85,24
DA:86,24
DA:87,24
DA:88,1
DA:89,1
DA:90,72
DA:91,72
DA:92,72
DA:93,72
DA:94,72
DA:95,72
DA:96,72
DA:97,72
DA:98,72
DA:99,72
DA:100,72
DA:101,1
DA:102,1
DA:103,24
DA:104,24
DA:105,24
DA:106,24
DA:107,24
DA:108,24
DA:109,1
DA:110,1
DA:111,192
DA:112,192
DA:113,1
DA:114,1
DA:115,192
DA:116,192
DA:117,1
DA:118,1
DA:119,0
DA:120,0
DA:121,0
DA:122,0
DA:123,0
DA:124,0
DA:125,0
DA:126,0
DA:127,0
DA:128,1
DA:129,1
DA:130,0
DA:131,0
DA:132,0
DA:133,0
DA:134,0
DA:135,0
DA:136,0
DA:137,0
DA:138,0
DA:139,0
DA:140,0
DA:141,0
DA:142,0
DA:143,0
DA:144,0
DA:145,0
DA:146,0
DA:147,0
DA:148,0
DA:149,0
DA:150,0
DA:151,0
DA:152,0
DA:153,1
DA:154,1
DA:155,192
DA:156,192
DA:157,1
DA:158,1
DA:159,0
DA:160,0
DA:161,0
DA:162,0
DA:163,0
DA:164,0
DA:165,0
DA:166,0
DA:167,0
DA:168,1
DA:169,1
DA:170,123
DA:171,123
DA:172,123
DA:173,1
DA:174,1
DA:175,24
DA:176,24
DA:177,24
DA:178,24
DA:179,24
DA:180,24
DA:181,24
DA:182,24
DA:183,1
LF:183
LH:136
BRDA:14,0,0,125
BRDA:18,1,0,106
BRDA:20,2,0,0
BRDA:23,3,0,0
BRDA:26,4,0,0
BRDA:32,5,0,12888
BRDA:36,6,0,158
BRDA:40,7,0,457
BRDA:46,8,0,24
BRDA:49,9,0,125
BRDA:51,10,0,119
BRDA:51,11,0,101
BRDA:51,12,0,24
BRDA:63,13,0,97
BRDA:67,14,0,13
BRDA:71,15,0,13
BRDA:75,16,0,2
BRDA:80,17,0,24
BRDA:89,18,0,72
BRDA:102,19,0,24
BRDA:110,20,0,192
BRDA:114,21,0,192
BRDA:154,22,0,192
BRDA:169,23,0,123
BRDA:174,24,0,24
BRF:25
BRH:22
end_of_record
TN:
SF:tests/nodeFileSystem.ts
FN:6,combine
FN:10,fileExists
FN:14,getDirectoryName
FN:18,getFileName
FN:22,getFullPath
FN:26,readAllLines
FN:32,directoryExists
FN:36,getDirectories
FN:42,getDirectoryFiles
FN:48,isPathRooted
FN:52,currentFolder
FN:56,logFolders
FN:62,addFolder
FNF:13
FNH:10
FNDA:89,combine
FNDA:16,fileExists
FNDA:16,getDirectoryName
FNDA:117,getFileName
FNDA:150,getFullPath
FNDA:76,readAllLines
FNDA:1,directoryExists
FNDA:10,getDirectories
FNDA:10,getDirectoryFiles
FNDA:66,isPathRooted
FNDA:0,currentFolder
FNDA:0,logFolders
FNDA:0,addFolder
DA:1,1
DA:2,1
DA:3,1
DA:4,1
DA:5,1
DA:6,1
DA:7,89
DA:8,89
DA:9,1
DA:10,1
DA:11,16
DA:12,16
DA:13,1
DA:14,1
DA:15,16
DA:16,16
DA:17,1
DA:18,1
DA:19,117
DA:20,117
DA:21,1
DA:22,1
DA:23,150
DA:24,150
DA:25,1
DA:26,1
DA:27,76
DA:28,76
DA:29,76
DA:30,76
DA:31,1
DA:32,1
DA:33,1
DA:34,1
DA:35,1
DA:36,1
DA:37,10
DA:38,10
DA:39,10
DA:40,10
DA:41,1
DA:42,1
DA:43,10
DA:44,10
DA:45,10
DA:46,10
DA:47,1
DA:48,1
DA:49,66
DA:50,66
DA:51,1
DA:52,1
DA:53,0
DA:54,0
DA:55,1
DA:56,1
DA:57,0
DA:58,0
DA:59,0
DA:60,0
DA:61,1
DA:62,1
DA:63,0
DA:64,0
DA:65,0
DA:66,0
DA:67,0
DA:68,0
DA:69,0
DA:70,1
LF:70
LH:57
BRDA:6,0,0,89
BRDA:10,1,0,16
BRDA:14,2,0,16
BRDA:18,3,0,117
BRDA:22,4,0,150
BRDA:26,5,0,76
BRDA:32,6,0,1
BRDA:36,7,0,10
BRDA:38,8,0,74
BRDA:39,9,0,9
BRDA:42,10,0,10
BRDA:44,11,0,74
BRDA:44,12,0,65
BRDA:45,13,0,64
BRDA:48,14,0,66
BRF:15
BRH:15
end_of_record
TN:
SF:tests/parseFunctions.ts
FN:15,createParser
FN:23,parseNodes
FN:31,parseFunction
FN:36,parseTable
FN:41,parseScenario
FN:46,parseEnum
FN:51,parseNode
FNF:7
FNH:7
FNDA:43,createParser
FNDA:41,parseNodes
FNDA:2,parseFunction
FNDA:2,parseTable
FNDA:8,parseScenario
FNDA:2,parseEnum
FNDA:14,parseNode
DA:1,1
DA:2,1
DA:3,1
DA:4,1
DA:5,1
DA:6,1
DA:7,1
DA:8,1
DA:9,1
DA:10,1
DA:11,1
DA:12,1
DA:13,1
DA:14,1
DA:15,1
DA:16,43
DA:17,43
DA:18,43
DA:19,43
DA:20,43
DA:21,43
DA:22,1
DA:23,1
DA:24,41
DA:25,41
DA:26,41
DA:27,41
DA:28,41
DA:29,41
DA:30,1
DA:31,1
DA:32,2
DA:33,2
DA:34,2
DA:35,1
DA:36,1
DA:37,2
DA:38,2
DA:39,2
DA:40,1
DA:41,1
DA:42,8
DA:43,8
DA:44,8
DA:45,1
DA:46,1
DA:47,2
DA:48,2
DA:49,2
DA:50,1
DA:51,1
DA:52,14
DA:53,14
DA:54,14
DA:55,14
DA:56,14
DA:57,14
DA:58,14
DA:59,14
DA:60,0
DA:61,0
DA:62,14
DA:63,14
DA:64,14
LF:64
LH:62
BRDA:15,0,0,43
BRDA:23,1,0,41
BRDA:31,2,0,2
BRDA:36,3,0,2
BRDA:41,4,0,8
BRDA:46,5,0,2
BRDA:51,6,0,14
BRDA:55,7,0,0
BRDA:59,8,0,0
BRF:9
BRH:7
end_of_record
TN:
SF:tests/validateOfType.ts
FN:1,validateOfType
FNF:1
FNH:1
FNDA:202,validateOfType
DA:1,1
DA:2,202
DA:3,202
DA:4,0
DA:5,0
DA:6,0
DA:7,202
DA:8,202
DA:9,202
LF:9
LH:6
BRDA:1,0,0,202
BRDA:3,1,0,0
BRF:2
BRH:1
end_of_record
TN:
SF:tests/compiler/compileFunction.ts
FN:8,compileFunction
FNF:1
FNH:1
FNDA:11,compileFunction
DA:1,1
DA:2,1
DA:3,1
DA:4,1
DA:5,1
DA:6,1
DA:7,1
DA:8,1
DA:9,11
DA:10,11
DA:11,11
DA:12,11
DA:13,11
DA:14,11
DA:15,11
DA:16,0
DA:17,0
DA:18,11
DA:19,11
DA:20,11
DA:21,11
DA:22,11
DA:23,0
DA:24,0
DA:25,11
DA:26,11
LF:26
LH:22
BRDA:8,0,0,11
BRDA:15,1,0,0
BRDA:22,2,0,0
BRDA:14,3,0,18
BRF:4
BRH:2
end_of_record
TN:
SF:tests/dependencyGraph/buildDependencyGraph.ts
FN:5,buildDependencyGraph
FNF:1
FNH:1
FNDA:13,buildDependencyGraph
DA:1,1
DA:2,1
DA:3,1
DA:4,1
DA:5,1
DA:6,13
DA:7,13
DA:8,13
DA:9,13
LF:9
LH:9
BRDA:5,0,0,13
BRDA:7,1,0,11
BRF:2
BRH:2
end_of_record
TN:
SF:tests/parser/testTokenCharacter.ts
FN:4,<static_initializer>
FNF:1
FNH:1
FNDA:1,<static_initializer>
DA:1,1
DA:2,1
DA:3,1
DA:4,1
DA:5,1
LF:5
LH:5
BRDA:4,0,0,1
BRF:1
BRH:1
end_of_record
TN:
SF:tests/parser/tokenFactory.ts
FN:5,string
FNF:1
FNH:1
FNDA:11,string
DA:1,1
DA:2,1
DA:3,1
DA:4,1
DA:5,1
DA:6,11
DA:7,11
DA:8,1
LF:8
LH:8
BRDA:5,0,0,11
BRF:1
BRH:1
end_of_record
TN:
SF:tests/parser/tokenTestExtensions.ts
FN:5,validateStringLiteralToken
FNF:1
FNH:1
FNDA:7,validateStringLiteralToken
DA:1,1
DA:2,1
DA:3,1
DA:4,1
DA:5,1
DA:6,7
DA:7,7
LF:7
LH:7
BRDA:5,0,0,7
BRDA:6,1,0,7
BRF:2
BRH:2
end_of_record
TN:
SF:tests/parser/variableTypeExtensions.ts
FN:6,shouldBePrimitiveType
FNF:1
FNH:1
FNDA:4,shouldBePrimitiveType
DA:1,1
DA:2,1
DA:3,1
DA:4,1
DA:5,1
DA:6,1
DA:7,4
DA:8,4
DA:9,4
DA:10,4
DA:11,4
LF:11
LH:11
BRDA:6,0,0,4
BRF:1
BRH:1
end_of_record
TN:
SF:tests/parser/expressionParser/expressionTestExtensions.ts
FN:14,validateVariableExpression
FN:19,validateNumericLiteralExpression
FN:26,validateQuotedLiteralExpression
FN:33,validateBooleanLiteralExpression
FN:41,validateDateTimeLiteralExpression
FN:48,validateIdentifierExpression
FN:53,validateMemberAccessExpression
FNF:7
FNH:7
FNDA:35,validateVariableExpression
FNDA:27,validateNumericLiteralExpression
FNDA:3,validateQuotedLiteralExpression
FNDA:3,validateBooleanLiteralExpression
FNDA:3,validateDateTimeLiteralExpression
FNDA:5,validateIdentifierExpression
FNDA:1,validateMemberAccessExpression
DA:1,1
DA:2,1
DA:3,1
DA:4,1
DA:5,1
DA:6,1
DA:7,1
DA:8,1
DA:9,1
DA:10,1
DA:11,1
DA:12,1
DA:13,1
DA:14,1
DA:15,35
DA:16,35
DA:17,35
DA:18,1
DA:19,1
DA:20,27
DA:21,27
DA:22,27
DA:23,27
DA:24,27
DA:25,1
DA:26,1
DA:27,3
DA:28,3
DA:29,3
DA:30,3
DA:31,3
DA:32,1
DA:33,1
DA:34,3
DA:35,3
DA:36,3
DA:37,3
DA:38,3
DA:39,1
DA:40,1
DA:41,1
DA:42,3
DA:43,3
DA:44,3
DA:45,3
DA:46,3
DA:47,1
DA:48,1
DA:49,5
DA:50,5
DA:51,5
DA:52,1
DA:53,1
DA:54,1
DA:55,1
DA:56,1
LF:56
LH:56
BRDA:14,0,0,35
BRDA:15,1,0,35
BRDA:19,2,0,27
BRDA:20,3,0,27
BRDA:21,4,0,27
BRDA:26,5,0,3
BRDA:27,6,0,3
BRDA:28,7,0,3
BRDA:33,8,0,3
BRDA:34,9,0,3
BRDA:35,10,0,3
BRDA:41,11,0,3
BRDA:43,12,0,3
BRDA:44,13,0,3
BRDA:48,14,0,5
BRDA:50,15,0,5
BRDA:53,16,0,1
BRDA:55,17,0,1
BRF:18
BRH:18
end_of_record
TN:
SF:tests/parser/expressionParser/parseExpression.ts
FN:8,parseExpression
FN:25,parseExpressionExpectException
FNF:2
FNH:2
FNDA:59,parseExpression
FNDA:7,parseExpressionExpectException
DA:1,1
DA:2,1
DA:3,1
DA:4,1
DA:5,1
DA:6,1
DA:7,1
DA:8,1
DA:9,59
DA:10,59
DA:11,59
DA:12,59
DA:13,59
DA:14,59
DA:15,59
DA:16,59
DA:17,0
DA:18,0
DA:19,59
DA:20,59
DA:21,59
DA:22,59
DA:23,59
DA:24,1
DA:25,1
DA:26,7
DA:27,7
DA:28,7
DA:29,7
DA:30,7
DA:31,7
DA:32,7
DA:33,7
DA:34,0
DA:35,0
DA:36,7
DA:37,7
DA:38,7
DA:39,0
DA:40,0
DA:41,7
DA:42,7
LF:42
LH:36
BRDA:8,0,0,59
BRDA:16,1,0,0
BRDA:25,2,0,7
BRDA:33,3,0,0
BRDA:38,4,0,0
BRF:5
BRH:2
end_of_record
TN:
SF:tests/specifications/createRunner.ts
FN:7,createRunner
FNF:1
FNH:1
FNDA:2,createRunner
DA:1,1
DA:2,1
DA:3,1
DA:4,1
DA:5,1
DA:6,1
DA:7,1
DA:8,2
DA:9,2
DA:10,2
DA:11,2
DA:12,2
DA:13,2
DA:14,2
LF:14
LH:14
BRDA:7,0,0,2
BRF:1
BRH:1
end_of_record
TN:
SF:tests/tokenizer/tokenize.ts
FN:12,tokenize
FN:30,tokenizeExpectError
FNF:2
FNH:2
FNDA:39,tokenize
FNDA:5,tokenizeExpectError
DA:1,1
DA:2,1
DA:3,1
DA:4,1
DA:5,1
DA:6,1
DA:7,1
DA:8,1
DA:9,1
DA:10,1
DA:11,1
DA:12,1
DA:13,39
DA:14,39
DA:15,39
DA:16,39
DA:17,39
DA:18,39
DA:19,0
DA:20,0
DA:21,39
DA:22,39
DA:23,39
DA:24,39
DA:25,39
DA:26,39
DA:27,39
DA:28,39
DA:29,1
DA:30,1
DA:31,5
DA:32,5
DA:33,5
DA:34,5
DA:35,5
DA:36,5
DA:37,0
DA:38,0
DA:39,5
DA:40,5
LF:40
LH:36
BRDA:12,0,0,39
BRDA:18,1,0,0
BRDA:30,2,0,5
BRDA:36,3,0,0
BRF:4
BRH:2
end_of_record
